2021-04-26 10:23:31,024 INFO notifyConnectTimeout:200

2021-04-26 10:23:31,037 INFO notifySocketTimeout:8000

2021-04-26 10:23:31,038 INFO isHealthCheck:true

2021-04-26 10:23:31,038 INFO maxHealthCheckFailCount:12

2021-04-26 10:23:31,039 INFO maxContent:10485760

2021-04-26 10:23:31,040 INFO spring.datasource.platform:""

2021-04-26 10:23:36,577 INFO use local db service for init

2021-04-26 10:23:37,416 WARN Lexical error at line 4, column 66.  Encountered: <EOF> after : "".

2021-04-26 10:23:37,421 WARN Syntax error: Encountered "*" at line 1, column 1.

2021-04-26 10:23:37,483 WARN Table/View 'CONFIG_INFO' already exists in Schema 'NACOS'.

2021-04-26 10:23:37,551 WARN Table/View 'HIS_CONFIG_INFO' already exists in Schema 'NACOS'.

2021-04-26 10:23:37,588 WARN Table/View 'CONFIG_INFO_BETA' already exists in Schema 'NACOS'.

2021-04-26 10:23:37,602 WARN Table/View 'CONFIG_INFO_TAG' already exists in Schema 'NACOS'.

2021-04-26 10:23:37,616 WARN Table/View 'CONFIG_INFO_AGGR' already exists in Schema 'NACOS'.

2021-04-26 10:23:37,629 WARN Table/View 'APP_LIST' already exists in Schema 'NACOS'.

2021-04-26 10:23:37,642 WARN Table/View 'APP_CONFIGDATA_RELATION_SUBS' already exists in Schema 'NACOS'.

2021-04-26 10:23:37,656 WARN Table/View 'APP_CONFIGDATA_RELATION_PUBS' already exists in Schema 'NACOS'.

2021-04-26 10:23:37,669 WARN Table/View 'CONFIG_TAGS_RELATION' already exists in Schema 'NACOS'.

2021-04-26 10:23:37,688 WARN Table/View 'GROUP_CAPACITY' already exists in Schema 'NACOS'.

2021-04-26 10:23:37,700 WARN Table/View 'TENANT_CAPACITY' already exists in Schema 'NACOS'.

2021-04-26 10:23:37,711 WARN Table/View 'TENANT_INFO' already exists in Schema 'NACOS'.

2021-04-26 10:23:37,727 WARN Table/View 'USERS' already exists in Schema 'NACOS'.

2021-04-26 10:23:37,739 WARN Table/View 'ROLES' already exists in Schema 'NACOS'.

2021-04-26 10:23:37,749 WARN Table/View 'PERMISSIONS' already exists in Schema 'NACOS'.

2021-04-26 10:23:37,816 WARN The statement was aborted because it would have caused a duplicate key value in a unique or primary key constraint or unique index identified by 'SQL210423163027510' defined on 'USERS'.

2021-04-26 10:23:37,827 WARN The statement was aborted because it would have caused a duplicate key value in a unique or primary key constraint or unique index identified by 'UK_USERNAME_ROLE' defined on 'ROLES'.

2021-04-26 10:23:37,828 WARN Lexical error at line 4, column 13.  Encountered: "`" (96), after : "".

2021-04-26 10:23:37,828 WARN Lexical error at line 1, column 13.  Encountered: "`" (96), after : "".

2021-04-26 10:23:37,829 WARN Lexical error at line 1, column 13.  Encountered: "`" (96), after : "".

2021-04-26 10:23:37,829 WARN Lexical error at line 1, column 13.  Encountered: "`" (96), after : "".

2021-04-26 10:23:37,830 INFO use StandaloneDatabaseOperateImpl

2021-04-26 10:23:38,832 WARN DumpService start

2021-04-26 10:23:38,840 INFO start clear all config-info.

2021-04-26 10:23:38,842 WARN clear all config-info failed.

2021-04-26 10:23:38,842 WARN clear all config-info-tenant failed.

2021-04-26 10:23:39,145 INFO [all-dump] 359610657391255552 / 359610657391255552

2021-04-26 10:23:39,145 INFO start clear all config-info-beta.

2021-04-26 10:23:39,147 WARN clear all config-info-beta failed.

2021-04-26 10:23:39,148 WARN clear all config-info-beta-tenant failed.

2021-04-26 10:23:39,173 INFO start clear all config-info-tag.

2021-04-26 10:23:39,174 WARN clear all config-info-tag failed.

2021-04-26 10:23:39,175 WARN clear all config-info-tag-tenant failed.

