2021-04-26 10:23:38,187 INFO raft peers changed: [Member{ip='172.30.0.2', port=8848, state=UP, extendInfo={raftPort=7848}}]

2021-04-26 10:23:38,220 INFO initializing Raft sub-system

2021-04-26 10:23:38,223 INFO finish loading all datums, size: 0 cost 3 ms.

2021-04-26 10:23:38,227 INFO cache loaded, datum count: 0, current term: 0

2021-04-26 10:23:38,227 INFO finish to load data from disk, cost: 7 ms.

2021-04-26 10:23:38,230 INFO timer started: leader timeout ms: 15000, heart-beat timeout ms: 5000

2021-04-26 10:23:38,281 INFO leader timeout, start voting,leader: {"ip":"172.30.0.2:8848","term":0,"leaderDueMs":17845,"heartbeatDueMs":4500,"state":"FOLLOWER"}, term: 0

2021-04-26 10:23:38,341 INFO add listener: com.alibaba.nacos.naming.domains.meta.

2021-04-26 10:23:38,794 INFO add listener: com.alibaba.nacos.naming.domains.meta.00-00---000-NACOS_SWITCH_DOMAIN-000---00-00

2021-04-26 10:23:40,583 INFO raft peers changed: [Member{ip='172.30.0.2', port=8848, state=UP, extendInfo={lastRefreshTime=1619403820582, raftMetaData=com.alibaba.nacos.consistency.ProtocolMetaData@2933d485, raftPort=7848, version=2.0.0}}]

2021-04-26 10:23:43,197 WARN start to close old raft protocol!!!

2021-04-26 10:23:43,197 WARN stop old raft protocol task for notifier

2021-04-26 10:23:43,197 WARN stop old raft protocol task for master task

2021-04-26 10:23:43,197 WARN stop old raft protocol task for heartbeat task

2021-04-26 10:23:43,197 WARN clean old cache datum for old raft

2021-04-26 10:23:43,197 WARN start to close old raft protocol!!!

2021-04-26 10:23:43,197 WARN stop old raft protocol task for notifier

2021-04-26 10:23:43,197 WARN stop old raft protocol task for master task

2021-04-26 10:23:43,197 WARN stop old raft protocol task for heartbeat task

2021-04-26 10:23:43,197 WARN clean old cache datum for old raft

2021-04-26 10:23:43,197 WARN start to move old raft protocol metadata

2021-04-26 10:23:43,200 WARN start to move old raft protocol metadata

