2021-04-26 10:23:40,310 INFO Connection check task start

2021-04-26 10:23:40,321 INFO Total count =0, sdkCount=0,clusterCount=0, currentLimit=-1, toExpelCount=0

2021-04-26 10:23:40,322 INFO Check over limit for ip limit rule, over limit ip count=0

2021-04-26 10:23:40,322 INFO Out dated connection ,size=0

2021-04-26 10:23:40,323 INFO Connection check task end

2021-04-26 10:23:43,303 INFO Connection check task start

2021-04-26 10:23:43,307 INFO Total count =0, sdkCount=0,clusterCount=0, currentLimit=-1, toExpelCount=0

2021-04-26 10:23:43,309 INFO Check over limit for ip limit rule, over limit ip count=0

2021-04-26 10:23:43,310 INFO Out dated connection ,size=0

2021-04-26 10:23:43,312 INFO Connection check task end

2021-04-26 10:23:46,314 INFO Connection check task start

2021-04-26 10:23:46,318 INFO Total count =0, sdkCount=0,clusterCount=0, currentLimit=-1, toExpelCount=0

2021-04-26 10:23:46,319 INFO Check over limit for ip limit rule, over limit ip count=0

2021-04-26 10:23:46,321 INFO Out dated connection ,size=0

2021-04-26 10:23:46,322 INFO Connection check task end

2021-04-26 10:23:49,325 INFO Connection check task start

2021-04-26 10:23:49,328 INFO Total count =0, sdkCount=0,clusterCount=0, currentLimit=-1, toExpelCount=0

2021-04-26 10:23:49,330 INFO Check over limit for ip limit rule, over limit ip count=0

2021-04-26 10:23:49,331 INFO Out dated connection ,size=0

2021-04-26 10:23:49,333 INFO Connection check task end

2021-04-26 10:23:52,334 INFO Connection check task start

2021-04-26 10:23:52,336 INFO Total count =0, sdkCount=0,clusterCount=0, currentLimit=-1, toExpelCount=0

2021-04-26 10:23:52,336 INFO Check over limit for ip limit rule, over limit ip count=0

2021-04-26 10:23:52,337 INFO Out dated connection ,size=0

2021-04-26 10:23:52,337 INFO Connection check task end

2021-04-26 10:23:55,339 INFO Connection check task start

2021-04-26 10:23:55,342 INFO Total count =0, sdkCount=0,clusterCount=0, currentLimit=-1, toExpelCount=0

2021-04-26 10:23:55,345 INFO Check over limit for ip limit rule, over limit ip count=0

2021-04-26 10:23:55,346 INFO Out dated connection ,size=0

2021-04-26 10:23:55,348 INFO Connection check task end

2021-04-26 10:23:58,349 INFO Connection check task start

2021-04-26 10:23:58,352 INFO Total count =0, sdkCount=0,clusterCount=0, currentLimit=-1, toExpelCount=0

2021-04-26 10:23:58,353 INFO Check over limit for ip limit rule, over limit ip count=0

2021-04-26 10:23:58,355 INFO Out dated connection ,size=0

2021-04-26 10:23:58,355 INFO Connection check task end

2021-04-26 10:24:01,357 INFO Connection check task start

2021-04-26 10:24:01,360 INFO Total count =0, sdkCount=0,clusterCount=0, currentLimit=-1, toExpelCount=0

2021-04-26 10:24:01,361 INFO Check over limit for ip limit rule, over limit ip count=0

2021-04-26 10:24:01,362 INFO Out dated connection ,size=0

2021-04-26 10:24:01,363 INFO Connection check task end

2021-04-26 10:24:04,365 INFO Connection check task start

2021-04-26 10:24:04,369 INFO Total count =0, sdkCount=0,clusterCount=0, currentLimit=-1, toExpelCount=0

2021-04-26 10:24:04,370 INFO Check over limit for ip limit rule, over limit ip count=0

2021-04-26 10:24:04,370 INFO Out dated connection ,size=0

2021-04-26 10:24:04,371 INFO Connection check task end

2021-04-26 10:24:07,377 INFO Connection check task start

2021-04-26 10:24:07,381 INFO Total count =0, sdkCount=0,clusterCount=0, currentLimit=-1, toExpelCount=0

2021-04-26 10:24:07,382 INFO Check over limit for ip limit rule, over limit ip count=0

2021-04-26 10:24:07,383 INFO Out dated connection ,size=0

2021-04-26 10:24:07,384 INFO Connection check task end

2021-04-26 10:24:10,385 INFO Connection check task start

2021-04-26 10:24:10,388 INFO Total count =0, sdkCount=0,clusterCount=0, currentLimit=-1, toExpelCount=0

2021-04-26 10:24:10,390 INFO Check over limit for ip limit rule, over limit ip count=0

2021-04-26 10:24:10,392 INFO Out dated connection ,size=0

2021-04-26 10:24:10,393 INFO Connection check task end

2021-04-26 10:24:13,378 INFO Connection check task start

2021-04-26 10:24:13,381 INFO Total count =0, sdkCount=0,clusterCount=0, currentLimit=-1, toExpelCount=0

2021-04-26 10:24:13,383 INFO Check over limit for ip limit rule, over limit ip count=0

2021-04-26 10:24:13,384 INFO Out dated connection ,size=0

2021-04-26 10:24:13,385 INFO Connection check task end

2021-04-26 10:24:16,387 INFO Connection check task start

2021-04-26 10:24:16,389 INFO Total count =0, sdkCount=0,clusterCount=0, currentLimit=-1, toExpelCount=0

2021-04-26 10:24:16,390 INFO Check over limit for ip limit rule, over limit ip count=0

2021-04-26 10:24:16,390 INFO Out dated connection ,size=0

2021-04-26 10:24:16,391 INFO Connection check task end

2021-04-26 10:24:19,397 INFO Connection check task start

2021-04-26 10:24:19,400 INFO Total count =0, sdkCount=0,clusterCount=0, currentLimit=-1, toExpelCount=0

2021-04-26 10:24:19,402 INFO Check over limit for ip limit rule, over limit ip count=0

2021-04-26 10:24:19,403 INFO Out dated connection ,size=0

2021-04-26 10:24:19,404 INFO Connection check task end

