2021-04-26 11:26:51,020 INFO notifyConnectTimeout:200

2021-04-26 11:26:51,032 INFO notifySocketTimeout:8000

2021-04-26 11:26:51,035 INFO isHealthCheck:true

2021-04-26 11:26:51,037 INFO maxHealthCheckFailCount:12

2021-04-26 11:26:51,040 INFO maxContent:10485760

2021-04-26 11:26:51,045 INFO spring.datasource.platform:""

2021-04-26 11:27:04,027 INFO use local db service for init

2021-04-26 11:27:05,488 WARN Lexical error at line 4, column 66.  Encountered: <EOF> after : "".

2021-04-26 11:27:05,493 WARN Syntax error: Encountered "*" at line 1, column 1.

2021-04-26 11:27:06,469 WARN Lexical error at line 4, column 13.  Encountered: "`" (96), after : "".

2021-04-26 11:27:06,471 WARN Lexical error at line 1, column 13.  Encountered: "`" (96), after : "".

2021-04-26 11:27:06,473 WARN Lexical error at line 1, column 13.  Encountered: "`" (96), after : "".

2021-04-26 11:27:06,474 WARN Lexical error at line 1, column 13.  Encountered: "`" (96), after : "".

2021-04-26 11:27:06,475 WARN use local db service for reopenDerby

2021-04-26 11:27:07,518 WARN Lexical error at line 4, column 66.  Encountered: <EOF> after : "".

2021-04-26 11:27:07,522 WARN Syntax error: Encountered "*" at line 1, column 1.

2021-04-26 11:27:08,173 WARN Lexical error at line 4, column 13.  Encountered: "`" (96), after : "".

2021-04-26 11:27:08,174 WARN Lexical error at line 1, column 13.  Encountered: "`" (96), after : "".

2021-04-26 11:27:08,176 WARN Lexical error at line 1, column 13.  Encountered: "`" (96), after : "".

2021-04-26 11:27:08,177 WARN Lexical error at line 1, column 13.  Encountered: "`" (96), after : "".

2021-04-26 11:27:08,532 INFO use DistributedTransactionServicesImpl

2021-04-26 11:27:13,543 WARN DumpService start

2021-04-26 11:27:13,562 INFO start clear all config-info.

2021-04-26 11:27:13,565 WARN clear all config-info failed.

2021-04-26 11:27:13,567 WARN clear all config-info-tenant failed.

2021-04-26 11:27:13,931 INFO start clear all config-info-beta.

2021-04-26 11:27:13,933 WARN clear all config-info-beta failed.

2021-04-26 11:27:13,935 WARN clear all config-info-beta-tenant failed.

2021-04-26 11:27:14,058 INFO start clear all config-info-tag.

2021-04-26 11:27:14,060 WARN clear all config-info-tag failed.

2021-04-26 11:27:14,063 WARN clear all config-info-tag-tenant failed.

2021-04-26 11:27:14,161 WARN initialDelay:153

