2021-04-26 11:26:51,060 INFO The server IP list of Nacos is [192.168.100.11:8848, 192.168.100.12:8848, 192.168.100.13:8848]

2021-04-26 11:26:51,089 INFO Starting Nacos v2.0.0 on nacos3 with PID 28 (/home/nacos/target/nacos-server.jar started by root in /home/nacos)

2021-04-26 11:26:51,103 INFO No active profile set, falling back to default profiles: default

2021-04-26 11:26:52,074 INFO Nacos is starting...

2021-04-26 11:26:53,077 INFO Nacos is starting...

2021-04-26 11:26:54,081 INFO Nacos is starting...

2021-04-26 11:26:55,093 INFO Nacos is starting...

2021-04-26 11:26:56,103 INFO Nacos is starting...

2021-04-26 11:26:57,113 INFO Nacos is starting...

2021-04-26 11:26:58,137 INFO Nacos is starting...

2021-04-26 11:26:59,174 INFO Nacos is starting...

2021-04-26 11:27:00,177 INFO Nacos is starting...

2021-04-26 11:27:00,350 INFO Bean 'org.springframework.security.access.expression.method.DefaultMethodSecurityExpressionHandler@6d2260db' of type [org.springframework.security.access.expression.method.DefaultMethodSecurityExpressionHandler] is not eligible for getting processed by all BeanPostProcessors (for example: not eligible for auto-proxying)

2021-04-26 11:27:00,362 INFO Bean 'methodSecurityMetadataSource' of type [org.springframework.security.access.method.DelegatingMethodSecurityMetadataSource] is not eligible for getting processed by all BeanPostProcessors (for example: not eligible for auto-proxying)

2021-04-26 11:27:01,147 INFO Tomcat initialized with port(s): 8848 (http)

2021-04-26 11:27:01,188 INFO Initializing ProtocolHandler ["http-nio-8848"]

2021-04-26 11:27:01,183 INFO Nacos is starting...

2021-04-26 11:27:01,254 INFO Starting service [Tomcat]

2021-04-26 11:27:01,266 INFO Starting Servlet engine: [Apache Tomcat/9.0.38]

2021-04-26 11:27:01,659 INFO At least one JAR was scanned for TLDs yet contained no TLDs. Enable debug logging for this logger for a complete list of JARs that were scanned but no TLDs were found in them. Skipping unneeded JARs during scanning can improve startup time and JSP compilation time.

2021-04-26 11:27:01,718 INFO Initializing Spring embedded WebApplicationContext

2021-04-26 11:27:01,719 INFO Root WebApplicationContext: initialization completed in 10409 ms

2021-04-26 11:27:02,314 INFO Nacos is starting...

2021-04-26 11:27:02,479 INFO Nacos-related cluster resource initialization

2021-04-26 11:27:02,514 INFO The cluster resource is initialized

2021-04-26 11:27:03,320 INFO Nacos is starting...

2021-04-26 11:27:04,324 INFO Nacos is starting...

2021-04-26 11:27:04,347 INFO HikariPool-1 - Starting...

2021-04-26 11:27:04,354 WARN Registered driver with driverClassName=org.apache.derby.jdbc.EmbeddedDriver was not found, trying direct instantiation.

2021-04-26 11:27:05,327 INFO Nacos is starting...

2021-04-26 11:27:05,382 INFO HikariPool-1 - Driver does not support get/set network timeout for connections. (Feature not implemented: No details.)

2021-04-26 11:27:05,398 INFO HikariPool-1 - Start completed.

2021-04-26 11:27:06,329 INFO Nacos is starting...

2021-04-26 11:27:06,863 INFO HikariPool-2 - Starting...

2021-04-26 11:27:06,865 WARN Registered driver with driverClassName=org.apache.derby.jdbc.EmbeddedDriver was not found, trying direct instantiation.

2021-04-26 11:27:07,331 INFO Nacos is starting...

2021-04-26 11:27:07,511 INFO HikariPool-2 - Driver does not support get/set network timeout for connections. (Feature not implemented: No details.)

2021-04-26 11:27:07,516 INFO HikariPool-2 - Start completed.

2021-04-26 11:27:08,333 INFO Nacos is starting...

2021-04-26 11:27:09,349 INFO Nacos is starting...

2021-04-26 11:27:10,362 INFO Nacos is starting...

2021-04-26 11:27:11,098 INFO Reflections took 45 ms to scan 1 urls, producing 5 keys and 10 values 

2021-04-26 11:27:11,135 INFO Reflections took 5 ms to scan 1 urls, producing 4 keys and 21 values 

2021-04-26 11:27:11,158 INFO Reflections took 8 ms to scan 1 urls, producing 5 keys and 19 values 

2021-04-26 11:27:11,171 INFO Reflections took 2 ms to scan 1 urls, producing 2 keys and 12 values 

2021-04-26 11:27:11,407 INFO Nacos is starting...

2021-04-26 11:27:12,408 INFO Nacos is starting...

2021-04-26 11:27:13,411 INFO Nacos is starting...

2021-04-26 11:27:14,430 INFO Nacos is starting...

2021-04-26 11:27:14,858 INFO Reflections took 49 ms to scan 2 urls, producing 3 keys and 6 values 

2021-04-26 11:27:14,946 INFO Reflections took 75 ms to scan 2 urls, producing 4 keys and 9 values 

2021-04-26 11:27:15,044 INFO Reflections took 86 ms to scan 2 urls, producing 3 keys and 10 values 

2021-04-26 11:27:15,081 INFO Reflections took 16 ms to scan 1 urls, producing 2 keys and 2 values 

2021-04-26 11:27:15,123 INFO Reflections took 33 ms to scan 2 urls, producing 1 keys and 5 values 

2021-04-26 11:27:15,212 INFO Reflections took 86 ms to scan 2 urls, producing 1 keys and 7 values 

2021-04-26 11:27:15,262 INFO Reflections took 48 ms to scan 2 urls, producing 2 keys and 8 values 

2021-04-26 11:27:15,268 INFO Reflections took 2 ms to scan 1 urls, producing 1 keys and 1 values 

2021-04-26 11:27:15,441 INFO Nacos is starting...

2021-04-26 11:27:16,486 INFO Nacos is starting...

2021-04-26 11:27:17,508 INFO Nacos is starting...

2021-04-26 11:27:18,520 INFO Nacos is starting...

2021-04-26 11:27:18,931 INFO Initializing ExecutorService 'applicationTaskExecutor'

2021-04-26 11:27:19,523 INFO Adding welcome page: class path resource [static/index.html]

2021-04-26 11:27:19,523 INFO Nacos is starting...

2021-04-26 11:27:20,526 INFO Nacos is starting...

2021-04-26 11:27:20,939 INFO Creating filter chain: Ant [pattern='/**'], []

2021-04-26 11:27:21,030 INFO Creating filter chain: any request, [org.springframework.security.web.context.request.async.WebAsyncManagerIntegrationFilter@1fde0371, org.springframework.security.web.context.SecurityContextPersistenceFilter@3e7c4815, org.springframework.security.web.header.HeaderWriterFilter@1cec219f, org.springframework.security.web.csrf.CsrfFilter@64469d8, org.springframework.security.web.authentication.logout.LogoutFilter@aa4d8cc, org.springframework.security.web.savedrequest.RequestCacheAwareFilter@c35af2a, org.springframework.security.web.servletapi.SecurityContextHolderAwareRequestFilter@474c9131, org.springframework.security.web.authentication.AnonymousAuthenticationFilter@70c0a3d5, org.springframework.security.web.session.SessionManagementFilter@6629ad09, org.springframework.security.web.access.ExceptionTranslationFilter@4c18621b]

2021-04-26 11:27:21,487 INFO Initializing ExecutorService 'taskScheduler'

2021-04-26 11:27:21,535 INFO Nacos is starting...

2021-04-26 11:27:21,851 INFO Exposing 16 endpoint(s) beneath base path '/actuator'

2021-04-26 11:27:22,538 INFO Nacos is starting...

2021-04-26 11:27:23,559 INFO Nacos is starting...

2021-04-26 11:27:24,061 INFO Starting ProtocolHandler ["http-nio-8848"]

2021-04-26 11:27:24,424 INFO Tomcat started on port(s): 8848 (http) with context path '/nacos'

2021-04-26 11:27:24,472 INFO Started Nacos in 36.735 seconds (JVM running for 38.022)

2021-04-26 11:27:24,474 INFO Nacos started successfully in cluster mode. use embedded storage

2021-04-26 11:27:25,524 INFO Initializing Spring DispatcherServlet 'dispatcherServlet'

2021-04-26 11:27:25,526 INFO Initializing Servlet 'dispatcherServlet'

2021-04-26 11:27:25,616 INFO Completed initialization in 89 ms

2021-04-26 11:27:29,959 INFO [Cluster-192.168.100.11:8848]RpcClient init label, labels={source=cluster}

2021-04-26 11:27:29,962 INFO [Cluster-192.168.100.11:8848]RpcClient init, ServerListFactory =com.alibaba.nacos.core.cluster.remote.ClusterRpcClientProxy$1

2021-04-26 11:27:29,964 INFO [Cluster-192.168.100.11:8848] Try to connect to server on start up, server: {serverIp='192.168.100.11', server main port=8848}

2021-04-26 11:27:30,128 INFO [Cluster-192.168.100.11:8848] Success to connect to server [192.168.100.11:8848] on start up,connectionId=1619407649985_192.168.100.13_50624

2021-04-26 11:27:30,131 INFO [Cluster-192.168.100.11:8848]Register server push request handler:com.alibaba.nacos.common.remote.client.RpcClient$ConnectResetRequestHandler

2021-04-26 11:27:30,133 INFO [Cluster-192.168.100.11:8848]Register server push request handler:com.alibaba.nacos.common.remote.client.RpcClient$4

2021-04-26 11:27:30,799 INFO [Cluster-192.168.100.12:8848]RpcClient init label, labels={source=cluster}

2021-04-26 11:27:30,803 INFO [Cluster-192.168.100.12:8848]RpcClient init, ServerListFactory =com.alibaba.nacos.core.cluster.remote.ClusterRpcClientProxy$1

2021-04-26 11:27:30,804 INFO [Cluster-192.168.100.12:8848] Try to connect to server on start up, server: {serverIp='192.168.100.12', server main port=8848}

2021-04-26 11:27:30,923 INFO [Cluster-192.168.100.12:8848] Success to connect to server [192.168.100.12:8848] on start up,connectionId=1619407650811_192.168.100.13_33142

2021-04-26 11:27:30,924 INFO [Cluster-192.168.100.12:8848]Register server push request handler:com.alibaba.nacos.common.remote.client.RpcClient$ConnectResetRequestHandler

2021-04-26 11:27:30,925 INFO [Cluster-192.168.100.12:8848]Register server push request handler:com.alibaba.nacos.common.remote.client.RpcClient$4

