2021-04-26 11:26:50,932 INFO notifyConnectTimeout:200

2021-04-26 11:26:50,943 INFO notifySocketTimeout:8000

2021-04-26 11:26:50,944 INFO isHealthCheck:true

2021-04-26 11:26:50,946 INFO maxHealthCheckFailCount:12

2021-04-26 11:26:50,949 INFO maxContent:10485760

2021-04-26 11:26:50,955 INFO spring.datasource.platform:""

2021-04-26 11:27:04,036 INFO use local db service for init

2021-04-26 11:27:05,375 WARN Lexical error at line 4, column 66.  Encountered: <EOF> after : "".

2021-04-26 11:27:05,382 WARN Syntax error: Encountered "*" at line 1, column 1.

2021-04-26 11:27:06,236 WARN Lexical error at line 4, column 13.  Encountered: "`" (96), after : "".

2021-04-26 11:27:06,237 WARN Lexical error at line 1, column 13.  Encountered: "`" (96), after : "".

2021-04-26 11:27:06,238 WARN Lexical error at line 1, column 13.  Encountered: "`" (96), after : "".

2021-04-26 11:27:06,240 WARN Lexical error at line 1, column 13.  Encountered: "`" (96), after : "".

2021-04-26 11:27:06,240 WARN use local db service for reopenDerby

2021-04-26 11:27:07,275 WARN Lexical error at line 4, column 66.  Encountered: <EOF> after : "".

2021-04-26 11:27:07,278 WARN Syntax error: Encountered "*" at line 1, column 1.

2021-04-26 11:27:07,961 WARN Lexical error at line 4, column 13.  Encountered: "`" (96), after : "".

2021-04-26 11:27:07,962 WARN Lexical error at line 1, column 13.  Encountered: "`" (96), after : "".

2021-04-26 11:27:07,964 WARN Lexical error at line 1, column 13.  Encountered: "`" (96), after : "".

2021-04-26 11:27:07,965 WARN Lexical error at line 1, column 13.  Encountered: "`" (96), after : "".

2021-04-26 11:27:08,312 INFO use DistributedTransactionServicesImpl

2021-04-26 11:27:13,601 WARN DumpService start

2021-04-26 11:27:13,606 INFO start clear all config-info.

2021-04-26 11:27:13,609 WARN clear all config-info failed.

2021-04-26 11:27:13,610 WARN clear all config-info-tenant failed.

2021-04-26 11:27:13,805 INFO start clear all config-info-beta.

2021-04-26 11:27:13,807 WARN clear all config-info-beta failed.

2021-04-26 11:27:13,812 WARN clear all config-info-beta-tenant failed.

2021-04-26 11:27:13,898 INFO start clear all config-info-tag.

2021-04-26 11:27:13,900 WARN clear all config-info-tag failed.

2021-04-26 11:27:13,901 WARN clear all config-info-tag-tenant failed.

2021-04-26 11:27:13,999 WARN initialDelay:350

