2021-04-26 11:26:50,970 INFO The server IP list of Nacos is [192.168.100.11:8848, 192.168.100.12:8848, 192.168.100.13:8848]

2021-04-26 11:26:50,981 INFO Starting Nacos v2.0.0 on nacos2 with PID 28 (/home/nacos/target/nacos-server.jar started by root in /home/nacos)

2021-04-26 11:26:50,983 INFO No active profile set, falling back to default profiles: default

2021-04-26 11:26:51,976 INFO Nacos is starting...

2021-04-26 11:26:52,983 INFO Nacos is starting...

2021-04-26 11:26:54,004 INFO Nacos is starting...

2021-04-26 11:26:55,014 INFO Nacos is starting...

2021-04-26 11:26:56,040 INFO Nacos is starting...

2021-04-26 11:26:57,076 INFO Nacos is starting...

2021-04-26 11:26:58,083 INFO Nacos is starting...

2021-04-26 11:26:59,113 INFO Nacos is starting...

2021-04-26 11:27:00,117 INFO Nacos is starting...

2021-04-26 11:27:00,336 INFO Bean 'org.springframework.security.access.expression.method.DefaultMethodSecurityExpressionHandler@1af1347d' of type [org.springframework.security.access.expression.method.DefaultMethodSecurityExpressionHandler] is not eligible for getting processed by all BeanPostProcessors (for example: not eligible for auto-proxying)

2021-04-26 11:27:00,346 INFO Bean 'methodSecurityMetadataSource' of type [org.springframework.security.access.method.DelegatingMethodSecurityMetadataSource] is not eligible for getting processed by all BeanPostProcessors (for example: not eligible for auto-proxying)

2021-04-26 11:27:01,123 INFO Nacos is starting...

2021-04-26 11:27:01,150 INFO Tomcat initialized with port(s): 8848 (http)

2021-04-26 11:27:01,182 INFO Initializing ProtocolHandler ["http-nio-8848"]

2021-04-26 11:27:01,254 INFO Starting service [Tomcat]

2021-04-26 11:27:01,256 INFO Starting Servlet engine: [Apache Tomcat/9.0.38]

2021-04-26 11:27:01,654 INFO At least one JAR was scanned for TLDs yet contained no TLDs. Enable debug logging for this logger for a complete list of JARs that were scanned but no TLDs were found in them. Skipping unneeded JARs during scanning can improve startup time and JSP compilation time.

2021-04-26 11:27:01,703 INFO Initializing Spring embedded WebApplicationContext

2021-04-26 11:27:01,704 INFO Root WebApplicationContext: initialization completed in 10585 ms

2021-04-26 11:27:02,125 INFO Nacos is starting...

2021-04-26 11:27:02,484 INFO Nacos-related cluster resource initialization

2021-04-26 11:27:02,515 INFO The cluster resource is initialized

2021-04-26 11:27:03,143 INFO Nacos is starting...

2021-04-26 11:27:04,166 INFO Nacos is starting...

2021-04-26 11:27:04,347 INFO HikariPool-1 - Starting...

2021-04-26 11:27:04,354 WARN Registered driver with driverClassName=org.apache.derby.jdbc.EmbeddedDriver was not found, trying direct instantiation.

2021-04-26 11:27:05,170 INFO Nacos is starting...

2021-04-26 11:27:05,262 INFO HikariPool-1 - Driver does not support get/set network timeout for connections. (Feature not implemented: No details.)

2021-04-26 11:27:05,269 INFO HikariPool-1 - Start completed.

2021-04-26 11:27:06,171 INFO Nacos is starting...

2021-04-26 11:27:06,624 INFO HikariPool-2 - Starting...

2021-04-26 11:27:06,625 WARN Registered driver with driverClassName=org.apache.derby.jdbc.EmbeddedDriver was not found, trying direct instantiation.

2021-04-26 11:27:07,174 INFO Nacos is starting...

2021-04-26 11:27:07,272 INFO HikariPool-2 - Driver does not support get/set network timeout for connections. (Feature not implemented: No details.)

2021-04-26 11:27:07,273 INFO HikariPool-2 - Start completed.

2021-04-26 11:27:08,176 INFO Nacos is starting...

2021-04-26 11:27:09,162 INFO Nacos is starting...

2021-04-26 11:27:10,194 INFO Nacos is starting...

2021-04-26 11:27:10,299 INFO Reflections took 85 ms to scan 1 urls, producing 5 keys and 10 values 

2021-04-26 11:27:10,477 INFO Reflections took 6 ms to scan 1 urls, producing 4 keys and 21 values 

2021-04-26 11:27:10,521 INFO Reflections took 4 ms to scan 1 urls, producing 5 keys and 19 values 

2021-04-26 11:27:10,737 INFO Reflections took 1 ms to scan 1 urls, producing 2 keys and 12 values 

2021-04-26 11:27:11,204 INFO Nacos is starting...

2021-04-26 11:27:12,206 INFO Nacos is starting...

2021-04-26 11:27:13,212 INFO Nacos is starting...

2021-04-26 11:27:14,216 INFO Nacos is starting...

2021-04-26 11:27:14,952 INFO Reflections took 94 ms to scan 2 urls, producing 3 keys and 6 values 

2021-04-26 11:27:15,013 INFO Reflections took 45 ms to scan 2 urls, producing 4 keys and 9 values 

2021-04-26 11:27:15,087 INFO Reflections took 66 ms to scan 2 urls, producing 3 keys and 10 values 

2021-04-26 11:27:15,094 INFO Reflections took 2 ms to scan 1 urls, producing 2 keys and 2 values 

2021-04-26 11:27:15,138 INFO Reflections took 39 ms to scan 2 urls, producing 1 keys and 5 values 

2021-04-26 11:27:15,178 INFO Reflections took 38 ms to scan 2 urls, producing 1 keys and 7 values 

2021-04-26 11:27:15,223 INFO Nacos is starting...

2021-04-26 11:27:15,234 INFO Reflections took 48 ms to scan 2 urls, producing 2 keys and 8 values 

2021-04-26 11:27:15,239 INFO Reflections took 3 ms to scan 1 urls, producing 1 keys and 1 values 

2021-04-26 11:27:16,230 INFO Nacos is starting...

2021-04-26 11:27:17,236 INFO Nacos is starting...

2021-04-26 11:27:18,242 INFO Nacos is starting...

2021-04-26 11:27:18,674 INFO Initializing ExecutorService 'applicationTaskExecutor'

2021-04-26 11:27:19,244 INFO Nacos is starting...

2021-04-26 11:27:19,389 INFO Adding welcome page: class path resource [static/index.html]

2021-04-26 11:27:20,249 INFO Nacos is starting...

2021-04-26 11:27:21,036 INFO Creating filter chain: Ant [pattern='/**'], []

2021-04-26 11:27:21,400 INFO Nacos is starting...

2021-04-26 11:27:22,403 INFO Nacos is starting...

2021-04-26 11:27:23,407 INFO Nacos is starting...

2021-04-26 11:27:23,916 INFO Creating filter chain: any request, [org.springframework.security.web.context.request.async.WebAsyncManagerIntegrationFilter@29f85fe1, org.springframework.security.web.context.SecurityContextPersistenceFilter@73d3e555, org.springframework.security.web.header.HeaderWriterFilter@bbf9e07, org.springframework.security.web.csrf.CsrfFilter@2af46afd, org.springframework.security.web.authentication.logout.LogoutFilter@3a08078c, org.springframework.security.web.savedrequest.RequestCacheAwareFilter@44924587, org.springframework.security.web.servletapi.SecurityContextHolderAwareRequestFilter@4487c0c2, org.springframework.security.web.authentication.AnonymousAuthenticationFilter@43a0a32d, org.springframework.security.web.session.SessionManagementFilter@2b289ac9, org.springframework.security.web.access.ExceptionTranslationFilter@31ceba99]

2021-04-26 11:27:24,456 INFO Nacos is starting...

2021-04-26 11:27:24,830 INFO Initializing ExecutorService 'taskScheduler'

2021-04-26 11:27:24,935 INFO Exposing 16 endpoint(s) beneath base path '/actuator'

2021-04-26 11:27:25,279 INFO Starting ProtocolHandler ["http-nio-8848"]

2021-04-26 11:27:25,463 INFO Nacos is starting...

2021-04-26 11:27:25,754 INFO Tomcat started on port(s): 8848 (http) with context path '/nacos'

2021-04-26 11:27:25,812 INFO Started Nacos in 38.216 seconds (JVM running for 39.366)

2021-04-26 11:27:25,819 INFO Initializing Spring DispatcherServlet 'dispatcherServlet'

2021-04-26 11:27:25,820 INFO Nacos started successfully in cluster mode. use embedded storage

2021-04-26 11:27:25,821 INFO Initializing Servlet 'dispatcherServlet'

2021-04-26 11:27:25,940 INFO Completed initialization in 113 ms

2021-04-26 11:27:29,514 INFO [Cluster-192.168.100.13:8848]RpcClient init label, labels={source=cluster}

2021-04-26 11:27:29,518 INFO [Cluster-192.168.100.13:8848]RpcClient init, ServerListFactory =com.alibaba.nacos.core.cluster.remote.ClusterRpcClientProxy$1

2021-04-26 11:27:29,521 INFO [Cluster-192.168.100.13:8848] Try to connect to server on start up, server: {serverIp='192.168.100.13', server main port=8848}

2021-04-26 11:27:29,740 INFO [Cluster-192.168.100.13:8848] Success to connect to server [192.168.100.13:8848] on start up,connectionId=1619407649581_192.168.100.12_40396

2021-04-26 11:27:29,742 INFO [Cluster-192.168.100.13:8848]Register server push request handler:com.alibaba.nacos.common.remote.client.RpcClient$ConnectResetRequestHandler

2021-04-26 11:27:29,743 INFO [Cluster-192.168.100.13:8848]Register server push request handler:com.alibaba.nacos.common.remote.client.RpcClient$4

2021-04-26 11:27:31,927 INFO [Cluster-192.168.100.11:8848]RpcClient init label, labels={source=cluster}

2021-04-26 11:27:31,934 INFO [Cluster-192.168.100.11:8848]RpcClient init, ServerListFactory =com.alibaba.nacos.core.cluster.remote.ClusterRpcClientProxy$1

2021-04-26 11:27:31,935 INFO [Cluster-192.168.100.11:8848] Try to connect to server on start up, server: {serverIp='192.168.100.11', server main port=8848}

2021-04-26 11:27:32,055 INFO [Cluster-192.168.100.11:8848] Success to connect to server [192.168.100.11:8848] on start up,connectionId=1619407651946_192.168.100.12_32846

2021-04-26 11:27:32,056 INFO [Cluster-192.168.100.11:8848]Register server push request handler:com.alibaba.nacos.common.remote.client.RpcClient$ConnectResetRequestHandler

2021-04-26 11:27:32,058 INFO [Cluster-192.168.100.11:8848]Register server push request handler:com.alibaba.nacos.common.remote.client.RpcClient$4

