2021-04-26 11:27:09,425 INFO [DISTRO-INIT] waiting distro data storage register...

2021-04-26 11:27:10,428 INFO [DISTRO-INIT] waiting distro data storage register...

2021-04-26 11:27:11,434 INFO [DISTRO-INIT] waiting distro data storage register...

2021-04-26 11:27:12,436 INFO [DISTRO-INIT] waiting distro data storage register...

2021-04-26 11:27:13,441 INFO [DISTRO-INIT] waiting distro data storage register...

2021-04-26 11:27:14,443 INFO [DISTRO-INIT] waiting distro data storage register...

2021-04-26 11:27:15,446 INFO [DISTRO-INIT] waiting distro data storage register...

2021-04-26 11:27:16,458 INFO [DISTRO-INIT] waiting distro data storage register...

2021-04-26 11:27:17,461 INFO [DISTRO-INIT] waiting distro data storage register...

2021-04-26 11:27:18,463 INFO [DISTRO-INIT] load snapshot com.alibaba.nacos.naming.iplist. from 192.168.100.11:8848

2021-04-26 11:27:18,476 ERROR [DISTRO-INIT] load snapshot com.alibaba.nacos.naming.iplist. from 192.168.100.11:8848 failed.

com.alibaba.nacos.core.distributed.distro.exception.DistroException: [DISTRO-EXCEPTION]Get snapshot from 192.168.100.11:8848 failed.
	at com.alibaba.nacos.naming.consistency.ephemeral.distro.component.DistroHttpAgent.getDatumSnapshot(DistroHttpAgent.java:101)
	at com.alibaba.nacos.core.distributed.distro.task.load.DistroLoadDataTask.loadAllDataSnapshotFromRemote(DistroLoadDataTask.java:103)
	at com.alibaba.nacos.core.distributed.distro.task.load.DistroLoadDataTask.load(DistroLoadDataTask.java:87)
	at com.alibaba.nacos.core.distributed.distro.task.load.DistroLoadDataTask.run(DistroLoadDataTask.java:63)
	at java.util.concurrent.Executors$RunnableAdapter.call(Executors.java:511)
	at java.util.concurrent.FutureTask.run(FutureTask.java:266)
	at java.util.concurrent.ScheduledThreadPoolExecutor$ScheduledFutureTask.access$201(ScheduledThreadPoolExecutor.java:180)
	at java.util.concurrent.ScheduledThreadPoolExecutor$ScheduledFutureTask.run(ScheduledThreadPoolExecutor.java:293)
	at java.util.concurrent.ThreadPoolExecutor.runWorker(ThreadPoolExecutor.java:1149)
	at java.util.concurrent.ThreadPoolExecutor$Worker.run(ThreadPoolExecutor.java:624)
	at java.lang.Thread.run(Thread.java:748)
Caused by: java.io.IOException: failed to req API: http://192.168.100.11:8848/nacos/v1/ns/distro/datums. code: 500 msg: org.apache.http.conn.HttpHostConnectException: Connect to 192.168.100.11:8848 [/192.168.100.11] failed: Connection refused (Connection refused)
	at com.alibaba.nacos.naming.misc.NamingProxy.getAllData(NamingProxy.java:150)
	at com.alibaba.nacos.naming.consistency.ephemeral.distro.component.DistroHttpAgent.getDatumSnapshot(DistroHttpAgent.java:98)
	... 10 common frames omitted
2021-04-26 11:27:18,478 INFO [DISTRO-INIT] load snapshot com.alibaba.nacos.naming.iplist. from 192.168.100.13:8848

2021-04-26 11:27:18,501 ERROR [DISTRO-INIT] load snapshot com.alibaba.nacos.naming.iplist. from 192.168.100.13:8848 failed.

com.alibaba.nacos.core.distributed.distro.exception.DistroException: [DISTRO-EXCEPTION]Get snapshot from 192.168.100.13:8848 failed.
	at com.alibaba.nacos.naming.consistency.ephemeral.distro.component.DistroHttpAgent.getDatumSnapshot(DistroHttpAgent.java:101)
	at com.alibaba.nacos.core.distributed.distro.task.load.DistroLoadDataTask.loadAllDataSnapshotFromRemote(DistroLoadDataTask.java:103)
	at com.alibaba.nacos.core.distributed.distro.task.load.DistroLoadDataTask.load(DistroLoadDataTask.java:87)
	at com.alibaba.nacos.core.distributed.distro.task.load.DistroLoadDataTask.run(DistroLoadDataTask.java:63)
	at java.util.concurrent.Executors$RunnableAdapter.call(Executors.java:511)
	at java.util.concurrent.FutureTask.run(FutureTask.java:266)
	at java.util.concurrent.ScheduledThreadPoolExecutor$ScheduledFutureTask.access$201(ScheduledThreadPoolExecutor.java:180)
	at java.util.concurrent.ScheduledThreadPoolExecutor$ScheduledFutureTask.run(ScheduledThreadPoolExecutor.java:293)
	at java.util.concurrent.ThreadPoolExecutor.runWorker(ThreadPoolExecutor.java:1149)
	at java.util.concurrent.ThreadPoolExecutor$Worker.run(ThreadPoolExecutor.java:624)
	at java.lang.Thread.run(Thread.java:748)
Caused by: java.io.IOException: failed to req API: http://192.168.100.13:8848/nacos/v1/ns/distro/datums. code: 500 msg: org.apache.http.conn.HttpHostConnectException: Connect to 192.168.100.13:8848 [/192.168.100.13] failed: Connection refused (Connection refused)
	at com.alibaba.nacos.naming.misc.NamingProxy.getAllData(NamingProxy.java:150)
	at com.alibaba.nacos.naming.consistency.ephemeral.distro.component.DistroHttpAgent.getDatumSnapshot(DistroHttpAgent.java:98)
	... 10 common frames omitted
2021-04-26 11:27:18,502 INFO [DISTRO-INIT] load snapshot Nacos:Naming:v2:ClientData from 192.168.100.11:8848

2021-04-26 11:27:18,504 ERROR [DISTRO-INIT] load snapshot Nacos:Naming:v2:ClientData from 192.168.100.11:8848 failed.

com.alibaba.nacos.core.distributed.distro.exception.DistroException: [DISTRO-EXCEPTION][DISTRO] Cancel get snapshot caused by target server 192.168.100.11:8848 unhealthy
	at com.alibaba.nacos.naming.consistency.ephemeral.distro.v2.DistroClientTransportAgent.getDatumSnapshot(DistroClientTransportAgent.java:168)
	at com.alibaba.nacos.core.distributed.distro.task.load.DistroLoadDataTask.loadAllDataSnapshotFromRemote(DistroLoadDataTask.java:103)
	at com.alibaba.nacos.core.distributed.distro.task.load.DistroLoadDataTask.load(DistroLoadDataTask.java:87)
	at com.alibaba.nacos.core.distributed.distro.task.load.DistroLoadDataTask.run(DistroLoadDataTask.java:63)
	at java.util.concurrent.Executors$RunnableAdapter.call(Executors.java:511)
	at java.util.concurrent.FutureTask.run(FutureTask.java:266)
	at java.util.concurrent.ScheduledThreadPoolExecutor$ScheduledFutureTask.access$201(ScheduledThreadPoolExecutor.java:180)
	at java.util.concurrent.ScheduledThreadPoolExecutor$ScheduledFutureTask.run(ScheduledThreadPoolExecutor.java:293)
	at java.util.concurrent.ThreadPoolExecutor.runWorker(ThreadPoolExecutor.java:1149)
	at java.util.concurrent.ThreadPoolExecutor$Worker.run(ThreadPoolExecutor.java:624)
	at java.lang.Thread.run(Thread.java:748)
2021-04-26 11:27:18,504 INFO [DISTRO-INIT] load snapshot Nacos:Naming:v2:ClientData from 192.168.100.13:8848

2021-04-26 11:27:18,506 ERROR [DISTRO-INIT] load snapshot Nacos:Naming:v2:ClientData from 192.168.100.13:8848 failed.

com.alibaba.nacos.core.distributed.distro.exception.DistroException: [DISTRO-EXCEPTION][DISTRO] Cancel get snapshot caused by target server 192.168.100.13:8848 unhealthy
	at com.alibaba.nacos.naming.consistency.ephemeral.distro.v2.DistroClientTransportAgent.getDatumSnapshot(DistroClientTransportAgent.java:168)
	at com.alibaba.nacos.core.distributed.distro.task.load.DistroLoadDataTask.loadAllDataSnapshotFromRemote(DistroLoadDataTask.java:103)
	at com.alibaba.nacos.core.distributed.distro.task.load.DistroLoadDataTask.load(DistroLoadDataTask.java:87)
	at com.alibaba.nacos.core.distributed.distro.task.load.DistroLoadDataTask.run(DistroLoadDataTask.java:63)
	at java.util.concurrent.Executors$RunnableAdapter.call(Executors.java:511)
	at java.util.concurrent.FutureTask.run(FutureTask.java:266)
	at java.util.concurrent.ScheduledThreadPoolExecutor$ScheduledFutureTask.access$201(ScheduledThreadPoolExecutor.java:180)
	at java.util.concurrent.ScheduledThreadPoolExecutor$ScheduledFutureTask.run(ScheduledThreadPoolExecutor.java:293)
	at java.util.concurrent.ThreadPoolExecutor.runWorker(ThreadPoolExecutor.java:1149)
	at java.util.concurrent.ThreadPoolExecutor$Worker.run(ThreadPoolExecutor.java:624)
	at java.lang.Thread.run(Thread.java:748)
2021-04-26 11:27:19,400 WARN data storage DistroDataStorageImpl has not finished initial step, do not send verify data

2021-04-26 11:27:19,402 WARN data storage DistroClientDataProcessor has not finished initial step, do not send verify data

2021-04-26 11:27:24,403 WARN data storage DistroDataStorageImpl has not finished initial step, do not send verify data

2021-04-26 11:27:24,404 WARN data storage DistroClientDataProcessor has not finished initial step, do not send verify data

2021-04-26 11:27:29,406 WARN data storage DistroDataStorageImpl has not finished initial step, do not send verify data

2021-04-26 11:27:29,408 WARN data storage DistroClientDataProcessor has not finished initial step, do not send verify data

2021-04-26 11:27:34,410 WARN data storage DistroDataStorageImpl has not finished initial step, do not send verify data

2021-04-26 11:27:34,412 WARN data storage DistroClientDataProcessor has not finished initial step, do not send verify data

2021-04-26 11:27:39,393 WARN data storage DistroDataStorageImpl has not finished initial step, do not send verify data

2021-04-26 11:27:39,396 WARN data storage DistroClientDataProcessor has not finished initial step, do not send verify data

2021-04-26 11:27:44,397 WARN data storage DistroDataStorageImpl has not finished initial step, do not send verify data

2021-04-26 11:27:44,399 WARN data storage DistroClientDataProcessor has not finished initial step, do not send verify data

2021-04-26 11:27:49,399 WARN data storage DistroDataStorageImpl has not finished initial step, do not send verify data

2021-04-26 11:27:49,402 WARN data storage DistroClientDataProcessor has not finished initial step, do not send verify data

2021-04-26 11:27:54,403 WARN data storage DistroDataStorageImpl has not finished initial step, do not send verify data

2021-04-26 11:27:54,405 WARN data storage DistroClientDataProcessor has not finished initial step, do not send verify data

2021-04-26 11:27:59,406 WARN data storage DistroDataStorageImpl has not finished initial step, do not send verify data

2021-04-26 11:27:59,409 WARN data storage DistroClientDataProcessor has not finished initial step, do not send verify data

2021-04-26 11:28:04,410 WARN data storage DistroDataStorageImpl has not finished initial step, do not send verify data

2021-04-26 11:28:04,413 WARN data storage DistroClientDataProcessor has not finished initial step, do not send verify data

2021-04-26 11:28:09,393 WARN data storage DistroDataStorageImpl has not finished initial step, do not send verify data

2021-04-26 11:28:09,396 WARN data storage DistroClientDataProcessor has not finished initial step, do not send verify data

2021-04-26 11:28:14,397 WARN data storage DistroDataStorageImpl has not finished initial step, do not send verify data

2021-04-26 11:28:14,399 WARN data storage DistroClientDataProcessor has not finished initial step, do not send verify data

2021-04-26 11:28:18,466 INFO [DISTRO-INIT] load snapshot com.alibaba.nacos.naming.iplist. from 192.168.100.11:8848

2021-04-26 11:28:18,480 INFO [DISTRO-INIT] load snapshot com.alibaba.nacos.naming.iplist. from 192.168.100.11:8848 result: true

2021-04-26 11:28:18,481 INFO [DISTRO-INIT] load snapshot Nacos:Naming:v2:ClientData from 192.168.100.11:8848

2021-04-26 11:28:18,493 INFO [DISTRO-INIT] load snapshot Nacos:Naming:v2:ClientData from 192.168.100.11:8848 result: true

2021-04-26 11:28:18,494 INFO [DISTRO-INIT] load snapshot data success

