2021-04-26 11:27:15,234 INFO Connection check task start

2021-04-26 11:27:15,247 INFO Total count =0, sdkCount=0,clusterCount=0, currentLimit=-1, toExpelCount=0

2021-04-26 11:27:15,247 INFO Check over limit for ip limit rule, over limit ip count=0

2021-04-26 11:27:15,251 INFO Out dated connection ,size=0

2021-04-26 11:27:15,258 INFO Connection check task end

2021-04-26 11:27:18,262 INFO Connection check task start

2021-04-26 11:27:18,280 INFO Total count =0, sdkCount=0,clusterCount=0, currentLimit=-1, toExpelCount=0

2021-04-26 11:27:18,281 INFO Check over limit for ip limit rule, over limit ip count=0

2021-04-26 11:27:18,290 INFO Out dated connection ,size=0

2021-04-26 11:27:18,291 INFO Connection check task end

2021-04-26 11:27:21,396 INFO Connection check task start

2021-04-26 11:27:21,398 INFO Total count =0, sdkCount=0,clusterCount=0, currentLimit=-1, toExpelCount=0

2021-04-26 11:27:21,401 INFO Check over limit for ip limit rule, over limit ip count=0

2021-04-26 11:27:21,403 INFO Out dated connection ,size=0

2021-04-26 11:27:21,408 INFO Connection check task end

2021-04-26 11:27:24,412 INFO Connection check task start

2021-04-26 11:27:24,424 INFO Total count =0, sdkCount=0,clusterCount=0, currentLimit=-1, toExpelCount=0

2021-04-26 11:27:24,425 INFO Check over limit for ip limit rule, over limit ip count=0

2021-04-26 11:27:24,431 INFO Out dated connection ,size=0

2021-04-26 11:27:24,438 INFO Connection check task end

2021-04-26 11:27:27,442 INFO Connection check task start

2021-04-26 11:27:27,444 INFO Total count =0, sdkCount=0,clusterCount=0, currentLimit=-1, toExpelCount=0

2021-04-26 11:27:27,445 INFO Check over limit for ip limit rule, over limit ip count=0

2021-04-26 11:27:27,446 INFO Out dated connection ,size=0

2021-04-26 11:27:27,449 INFO Connection check task end

2021-04-26 11:27:30,450 INFO Connection check task start

2021-04-26 11:27:30,453 INFO Total count =0, sdkCount=0,clusterCount=0, currentLimit=-1, toExpelCount=0

2021-04-26 11:27:30,454 INFO Check over limit for ip limit rule, over limit ip count=0

2021-04-26 11:27:30,455 INFO Out dated connection ,size=0

2021-04-26 11:27:30,456 INFO Connection check task end

2021-04-26 11:27:30,811 INFO Connection transportReady,connectionId = 1619407650811_192.168.100.13_33142 

2021-04-26 11:27:30,843 INFO new connection registered successfully, connectionId = 1619407650811_192.168.100.13_33142,connection=com.alibaba.nacos.core.remote.grpc.GrpcConnection@51bee7b5[streamObserver=io.grpc.stub.ServerCalls$ServerCallStreamObserverImpl@bb9b17,channel=[id: 0x858cb859, L:/192.168.100.12:9849 - R:/192.168.100.13:33142],traced=false,abilities=<null>,metaInfo=com.alibaba.nacos.core.remote.ConnectionMeta@6f3ff25c[connectType=GRPC,clientIp=192.168.100.13,remoteIp=192.168.100.13,remotePort=33142,localPort=9849,version=Nacos-Java-Client:v2.0.0,connectionId=1619407650811_192.168.100.13_33142,createTime=Mon Apr 26 11:27:30 CST 2021,lastActiveTime=1619407650832,appName=-,tenant=<null>,labels={source=cluster}]] 

2021-04-26 11:27:32,823 INFO Connection transportReady,connectionId = 1619407652823_192.168.100.11_38848 

2021-04-26 11:27:32,832 INFO new connection registered successfully, connectionId = 1619407652823_192.168.100.11_38848,connection=com.alibaba.nacos.core.remote.grpc.GrpcConnection@4c971f1e[streamObserver=io.grpc.stub.ServerCalls$ServerCallStreamObserverImpl@48a89254,channel=[id: 0xd18dba47, L:/192.168.100.12:9849 - R:/192.168.100.11:38848],traced=false,abilities=<null>,metaInfo=com.alibaba.nacos.core.remote.ConnectionMeta@daa1525[connectType=GRPC,clientIp=192.168.100.11,remoteIp=192.168.100.11,remotePort=38848,localPort=9849,version=Nacos-Java-Client:v2.0.0,connectionId=1619407652823_192.168.100.11_38848,createTime=Mon Apr 26 11:27:32 CST 2021,lastActiveTime=1619407652832,appName=-,tenant=<null>,labels={source=cluster}]] 

2021-04-26 11:27:33,456 INFO Connection check task start

2021-04-26 11:27:33,458 INFO Total count =2, sdkCount=0,clusterCount=2, currentLimit=-1, toExpelCount=0

2021-04-26 11:27:33,461 INFO Check over limit for ip limit rule, over limit ip count=0

2021-04-26 11:27:33,462 INFO Out dated connection ,size=0

2021-04-26 11:27:33,463 INFO Connection check task end

2021-04-26 11:27:36,465 INFO Connection check task start

2021-04-26 11:27:36,468 INFO Total count =2, sdkCount=0,clusterCount=2, currentLimit=-1, toExpelCount=0

2021-04-26 11:27:36,469 INFO Check over limit for ip limit rule, over limit ip count=0

2021-04-26 11:27:36,469 INFO Out dated connection ,size=0

2021-04-26 11:27:36,470 INFO Connection check task end

2021-04-26 11:27:39,451 INFO Connection check task start

2021-04-26 11:27:39,453 INFO Total count =2, sdkCount=0,clusterCount=2, currentLimit=-1, toExpelCount=0

2021-04-26 11:27:39,455 INFO Check over limit for ip limit rule, over limit ip count=0

2021-04-26 11:27:39,456 INFO Out dated connection ,size=0

2021-04-26 11:27:39,457 INFO Connection check task end

2021-04-26 11:27:42,458 INFO Connection check task start

2021-04-26 11:27:42,460 INFO Total count =2, sdkCount=0,clusterCount=2, currentLimit=-1, toExpelCount=0

2021-04-26 11:27:42,461 INFO Check over limit for ip limit rule, over limit ip count=0

2021-04-26 11:27:42,462 INFO Out dated connection ,size=0

2021-04-26 11:27:42,463 INFO Connection check task end

2021-04-26 11:27:45,463 INFO Connection check task start

2021-04-26 11:27:45,465 INFO Total count =2, sdkCount=0,clusterCount=2, currentLimit=-1, toExpelCount=0

2021-04-26 11:27:45,466 INFO Check over limit for ip limit rule, over limit ip count=0

2021-04-26 11:27:45,467 INFO Out dated connection ,size=0

2021-04-26 11:27:45,468 INFO Connection check task end

2021-04-26 11:27:48,469 INFO Connection check task start

2021-04-26 11:27:48,471 INFO Total count =2, sdkCount=0,clusterCount=2, currentLimit=-1, toExpelCount=0

2021-04-26 11:27:48,472 INFO Check over limit for ip limit rule, over limit ip count=0

2021-04-26 11:27:48,473 INFO Out dated connection ,size=0

2021-04-26 11:27:48,473 INFO Connection check task end

2021-04-26 11:27:51,475 INFO Connection check task start

2021-04-26 11:27:51,477 INFO Total count =2, sdkCount=0,clusterCount=2, currentLimit=-1, toExpelCount=0

2021-04-26 11:27:51,478 INFO Check over limit for ip limit rule, over limit ip count=0

2021-04-26 11:27:51,479 INFO Out dated connection ,size=0

2021-04-26 11:27:51,480 INFO Connection check task end

2021-04-26 11:27:54,481 INFO Connection check task start

2021-04-26 11:27:54,484 INFO Total count =2, sdkCount=0,clusterCount=2, currentLimit=-1, toExpelCount=0

2021-04-26 11:27:54,485 INFO Check over limit for ip limit rule, over limit ip count=0

2021-04-26 11:27:54,487 INFO Out dated connection ,size=0

2021-04-26 11:27:54,488 INFO Connection check task end

2021-04-26 11:27:57,489 INFO Connection check task start

2021-04-26 11:27:57,490 INFO Total count =2, sdkCount=0,clusterCount=2, currentLimit=-1, toExpelCount=0

2021-04-26 11:27:57,491 INFO Check over limit for ip limit rule, over limit ip count=0

2021-04-26 11:27:57,491 INFO Out dated connection ,size=0

2021-04-26 11:27:57,492 INFO Connection check task end

2021-04-26 11:28:00,492 INFO Connection check task start

2021-04-26 11:28:00,495 INFO Total count =2, sdkCount=0,clusterCount=2, currentLimit=-1, toExpelCount=0

2021-04-26 11:28:00,496 INFO Check over limit for ip limit rule, over limit ip count=0

2021-04-26 11:28:00,496 INFO Out dated connection ,size=0

2021-04-26 11:28:00,497 INFO Connection check task end

2021-04-26 11:28:03,499 INFO Connection check task start

2021-04-26 11:28:03,501 INFO Total count =2, sdkCount=0,clusterCount=2, currentLimit=-1, toExpelCount=0

2021-04-26 11:28:03,502 INFO Check over limit for ip limit rule, over limit ip count=0

2021-04-26 11:28:03,502 INFO Out dated connection ,size=0

2021-04-26 11:28:03,503 INFO Connection check task end

2021-04-26 11:28:06,503 INFO Connection check task start

2021-04-26 11:28:06,506 INFO Total count =2, sdkCount=0,clusterCount=2, currentLimit=-1, toExpelCount=0

2021-04-26 11:28:06,507 INFO Check over limit for ip limit rule, over limit ip count=0

2021-04-26 11:28:06,508 INFO Out dated connection ,size=0

2021-04-26 11:28:06,510 INFO Connection check task end

2021-04-26 11:28:09,489 INFO Connection check task start

2021-04-26 11:28:09,491 INFO Total count =2, sdkCount=0,clusterCount=2, currentLimit=-1, toExpelCount=0

2021-04-26 11:28:09,492 INFO Check over limit for ip limit rule, over limit ip count=0

2021-04-26 11:28:09,492 INFO Out dated connection ,size=0

2021-04-26 11:28:09,493 INFO Connection check task end

2021-04-26 11:28:12,494 INFO Connection check task start

2021-04-26 11:28:12,496 INFO Total count =2, sdkCount=0,clusterCount=2, currentLimit=-1, toExpelCount=0

2021-04-26 11:28:12,496 INFO Check over limit for ip limit rule, over limit ip count=0

2021-04-26 11:28:12,497 INFO Out dated connection ,size=0

2021-04-26 11:28:12,497 INFO Connection check task end

2021-04-26 11:28:15,498 INFO Connection check task start

2021-04-26 11:28:15,500 INFO Total count =2, sdkCount=0,clusterCount=2, currentLimit=-1, toExpelCount=0

2021-04-26 11:28:15,501 INFO Check over limit for ip limit rule, over limit ip count=0

2021-04-26 11:28:15,501 INFO Out dated connection ,size=0

2021-04-26 11:28:15,502 INFO Connection check task end

2021-04-26 11:28:18,503 INFO Connection check task start

2021-04-26 11:28:18,504 INFO Total count =2, sdkCount=0,clusterCount=2, currentLimit=-1, toExpelCount=0

2021-04-26 11:28:18,505 INFO Check over limit for ip limit rule, over limit ip count=0

2021-04-26 11:28:18,505 INFO Out dated connection ,size=0

2021-04-26 11:28:18,506 INFO Connection check task end

2021-04-26 11:28:21,507 INFO Connection check task start

2021-04-26 11:28:21,509 INFO Total count =2, sdkCount=0,clusterCount=2, currentLimit=-1, toExpelCount=0

2021-04-26 11:28:21,510 INFO Check over limit for ip limit rule, over limit ip count=0

2021-04-26 11:28:21,511 INFO Out dated connection ,size=0

2021-04-26 11:28:21,511 INFO Connection check task end

2021-04-26 11:28:24,512 INFO Connection check task start

2021-04-26 11:28:24,513 INFO Total count =2, sdkCount=0,clusterCount=2, currentLimit=-1, toExpelCount=0

2021-04-26 11:28:24,514 INFO Check over limit for ip limit rule, over limit ip count=0

2021-04-26 11:28:24,514 INFO Out dated connection ,size=0

2021-04-26 11:28:24,514 INFO Connection check task end

2021-04-26 11:28:27,515 INFO Connection check task start

2021-04-26 11:28:27,518 INFO Total count =2, sdkCount=0,clusterCount=2, currentLimit=-1, toExpelCount=0

2021-04-26 11:28:27,519 INFO Check over limit for ip limit rule, over limit ip count=0

2021-04-26 11:28:27,519 INFO Out dated connection ,size=0

2021-04-26 11:28:27,520 INFO Connection check task end

2021-04-26 11:28:30,521 INFO Connection check task start

2021-04-26 11:28:30,522 INFO Total count =2, sdkCount=0,clusterCount=2, currentLimit=-1, toExpelCount=0

2021-04-26 11:28:30,523 INFO Check over limit for ip limit rule, over limit ip count=0

2021-04-26 11:28:30,524 INFO Out dated connection ,size=0

2021-04-26 11:28:30,524 INFO Connection check task end

2021-04-26 11:28:33,525 INFO Connection check task start

2021-04-26 11:28:33,526 INFO Total count =2, sdkCount=0,clusterCount=2, currentLimit=-1, toExpelCount=0

2021-04-26 11:28:33,527 INFO Check over limit for ip limit rule, over limit ip count=0

2021-04-26 11:28:33,528 INFO Out dated connection ,size=0

2021-04-26 11:28:33,528 INFO Connection check task end

2021-04-26 11:28:36,529 INFO Connection check task start

2021-04-26 11:28:36,532 INFO Total count =2, sdkCount=0,clusterCount=2, currentLimit=-1, toExpelCount=0

2021-04-26 11:28:36,532 INFO Check over limit for ip limit rule, over limit ip count=0

2021-04-26 11:28:36,533 INFO Out dated connection ,size=0

2021-04-26 11:28:36,534 INFO Connection check task end

2021-04-26 11:28:39,513 INFO Connection check task start

2021-04-26 11:28:39,515 INFO Total count =2, sdkCount=0,clusterCount=2, currentLimit=-1, toExpelCount=0

2021-04-26 11:28:39,516 INFO Check over limit for ip limit rule, over limit ip count=0

2021-04-26 11:28:39,517 INFO Out dated connection ,size=0

2021-04-26 11:28:39,518 INFO Connection check task end

2021-04-26 11:28:42,519 INFO Connection check task start

2021-04-26 11:28:42,521 INFO Total count =2, sdkCount=0,clusterCount=2, currentLimit=-1, toExpelCount=0

2021-04-26 11:28:42,521 INFO Check over limit for ip limit rule, over limit ip count=0

2021-04-26 11:28:42,523 INFO Out dated connection ,size=0

2021-04-26 11:28:42,523 INFO Connection check task end

2021-04-26 11:28:45,524 INFO Connection check task start

2021-04-26 11:28:45,526 INFO Total count =2, sdkCount=0,clusterCount=2, currentLimit=-1, toExpelCount=0

2021-04-26 11:28:45,527 INFO Check over limit for ip limit rule, over limit ip count=0

2021-04-26 11:28:45,528 INFO Out dated connection ,size=0

2021-04-26 11:28:45,529 INFO Connection check task end

2021-04-26 11:28:48,529 INFO Connection check task start

2021-04-26 11:28:48,531 INFO Total count =2, sdkCount=0,clusterCount=2, currentLimit=-1, toExpelCount=0

2021-04-26 11:28:48,531 INFO Check over limit for ip limit rule, over limit ip count=0

2021-04-26 11:28:48,532 INFO Out dated connection ,size=0

2021-04-26 11:28:48,532 INFO Connection check task end

2021-04-26 11:28:51,533 INFO Connection check task start

2021-04-26 11:28:51,535 INFO Total count =2, sdkCount=0,clusterCount=2, currentLimit=-1, toExpelCount=0

2021-04-26 11:28:51,536 INFO Check over limit for ip limit rule, over limit ip count=0

2021-04-26 11:28:51,536 INFO Out dated connection ,size=0

2021-04-26 11:28:51,536 INFO Connection check task end

2021-04-26 11:28:54,537 INFO Connection check task start

2021-04-26 11:28:54,539 INFO Total count =2, sdkCount=0,clusterCount=2, currentLimit=-1, toExpelCount=0

2021-04-26 11:28:54,540 INFO Check over limit for ip limit rule, over limit ip count=0

2021-04-26 11:28:54,541 INFO Out dated connection ,size=0

2021-04-26 11:28:54,542 INFO Connection check task end

2021-04-26 11:28:57,543 INFO Connection check task start

2021-04-26 11:28:57,544 INFO Total count =2, sdkCount=0,clusterCount=2, currentLimit=-1, toExpelCount=0

2021-04-26 11:28:57,545 INFO Check over limit for ip limit rule, over limit ip count=0

2021-04-26 11:28:57,546 INFO Out dated connection ,size=0

2021-04-26 11:28:57,547 INFO Connection check task end

2021-04-26 11:29:00,547 INFO Connection check task start

2021-04-26 11:29:00,550 INFO Total count =2, sdkCount=0,clusterCount=2, currentLimit=-1, toExpelCount=0

2021-04-26 11:29:00,550 INFO Check over limit for ip limit rule, over limit ip count=0

2021-04-26 11:29:00,551 INFO Out dated connection ,size=0

2021-04-26 11:29:00,552 INFO Connection check task end

2021-04-26 11:29:03,553 INFO Connection check task start

2021-04-26 11:29:03,555 INFO Total count =2, sdkCount=0,clusterCount=2, currentLimit=-1, toExpelCount=0

2021-04-26 11:29:03,556 INFO Check over limit for ip limit rule, over limit ip count=0

2021-04-26 11:29:03,556 INFO Out dated connection ,size=0

2021-04-26 11:29:03,557 INFO Connection check task end

2021-04-26 11:29:06,558 INFO Connection check task start

2021-04-26 11:29:06,560 INFO Total count =2, sdkCount=0,clusterCount=2, currentLimit=-1, toExpelCount=0

2021-04-26 11:29:06,561 INFO Check over limit for ip limit rule, over limit ip count=0

2021-04-26 11:29:06,562 INFO Out dated connection ,size=0

2021-04-26 11:29:06,563 INFO Connection check task end

2021-04-26 11:29:09,542 INFO Connection check task start

2021-04-26 11:29:09,544 INFO Total count =2, sdkCount=0,clusterCount=2, currentLimit=-1, toExpelCount=0

2021-04-26 11:29:09,545 INFO Check over limit for ip limit rule, over limit ip count=0

2021-04-26 11:29:09,545 INFO Out dated connection ,size=0

2021-04-26 11:29:09,546 INFO Connection check task end

2021-04-26 11:29:12,546 INFO Connection check task start

2021-04-26 11:29:12,548 INFO Total count =2, sdkCount=0,clusterCount=2, currentLimit=-1, toExpelCount=0

2021-04-26 11:29:12,549 INFO Check over limit for ip limit rule, over limit ip count=0

2021-04-26 11:29:12,549 INFO Out dated connection ,size=0

2021-04-26 11:29:12,550 INFO Connection check task end

2021-04-26 11:29:15,551 INFO Connection check task start

2021-04-26 11:29:15,553 INFO Total count =2, sdkCount=0,clusterCount=2, currentLimit=-1, toExpelCount=0

2021-04-26 11:29:15,555 INFO Check over limit for ip limit rule, over limit ip count=0

2021-04-26 11:29:15,556 INFO Out dated connection ,size=0

2021-04-26 11:29:15,557 INFO Connection check task end

2021-04-26 11:29:18,557 INFO Connection check task start

2021-04-26 11:29:18,559 INFO Total count =2, sdkCount=0,clusterCount=2, currentLimit=-1, toExpelCount=0

2021-04-26 11:29:18,560 INFO Check over limit for ip limit rule, over limit ip count=0

2021-04-26 11:29:18,561 INFO Out dated connection ,size=0

2021-04-26 11:29:18,561 INFO Connection check task end

2021-04-26 11:29:21,562 INFO Connection check task start

2021-04-26 11:29:21,563 INFO Total count =2, sdkCount=0,clusterCount=2, currentLimit=-1, toExpelCount=0

2021-04-26 11:29:21,564 INFO Check over limit for ip limit rule, over limit ip count=0

2021-04-26 11:29:21,564 INFO Out dated connection ,size=0

2021-04-26 11:29:21,565 INFO Connection check task end

2021-04-26 11:29:24,565 INFO Connection check task start

2021-04-26 11:29:24,567 INFO Total count =2, sdkCount=0,clusterCount=2, currentLimit=-1, toExpelCount=0

2021-04-26 11:29:24,568 INFO Check over limit for ip limit rule, over limit ip count=0

2021-04-26 11:29:24,568 INFO Out dated connection ,size=0

2021-04-26 11:29:24,569 INFO Connection check task end

2021-04-26 11:29:27,570 INFO Connection check task start

2021-04-26 11:29:27,571 INFO Total count =2, sdkCount=0,clusterCount=2, currentLimit=-1, toExpelCount=0

2021-04-26 11:29:27,572 INFO Check over limit for ip limit rule, over limit ip count=0

2021-04-26 11:29:27,572 INFO Out dated connection ,size=0

2021-04-26 11:29:27,573 INFO Connection check task end

2021-04-26 11:29:30,574 INFO Connection check task start

2021-04-26 11:29:30,575 INFO Total count =2, sdkCount=0,clusterCount=2, currentLimit=-1, toExpelCount=0

2021-04-26 11:29:30,576 INFO Check over limit for ip limit rule, over limit ip count=0

2021-04-26 11:29:30,577 INFO Out dated connection ,size=0

2021-04-26 11:29:30,578 INFO Connection check task end

2021-04-26 11:29:33,578 INFO Connection check task start

2021-04-26 11:29:33,580 INFO Total count =2, sdkCount=0,clusterCount=2, currentLimit=-1, toExpelCount=0

2021-04-26 11:29:33,580 INFO Check over limit for ip limit rule, over limit ip count=0

2021-04-26 11:29:33,581 INFO Out dated connection ,size=0

2021-04-26 11:29:33,582 INFO Connection check task end

2021-04-26 11:29:36,582 INFO Connection check task start

2021-04-26 11:29:36,584 INFO Total count =2, sdkCount=0,clusterCount=2, currentLimit=-1, toExpelCount=0

2021-04-26 11:29:36,584 INFO Check over limit for ip limit rule, over limit ip count=0

2021-04-26 11:29:36,584 INFO Out dated connection ,size=0

2021-04-26 11:29:36,585 INFO Connection check task end

2021-04-26 11:29:39,565 INFO Connection check task start

2021-04-26 11:29:39,567 INFO Total count =2, sdkCount=0,clusterCount=2, currentLimit=-1, toExpelCount=0

2021-04-26 11:29:39,568 INFO Check over limit for ip limit rule, over limit ip count=0

2021-04-26 11:29:39,569 INFO Out dated connection ,size=0

2021-04-26 11:29:39,570 INFO Connection check task end

2021-04-26 11:29:42,571 INFO Connection check task start

2021-04-26 11:29:42,573 INFO Total count =2, sdkCount=0,clusterCount=2, currentLimit=-1, toExpelCount=0

2021-04-26 11:29:42,574 INFO Check over limit for ip limit rule, over limit ip count=0

2021-04-26 11:29:42,574 INFO Out dated connection ,size=0

2021-04-26 11:29:42,575 INFO Connection check task end

2021-04-26 11:29:45,576 INFO Connection check task start

2021-04-26 11:29:45,578 INFO Total count =2, sdkCount=0,clusterCount=2, currentLimit=-1, toExpelCount=0

2021-04-26 11:29:45,579 INFO Check over limit for ip limit rule, over limit ip count=0

2021-04-26 11:29:45,580 INFO Out dated connection ,size=0

2021-04-26 11:29:45,581 INFO Connection check task end

2021-04-26 11:29:48,582 INFO Connection check task start

2021-04-26 11:29:48,584 INFO Total count =2, sdkCount=0,clusterCount=2, currentLimit=-1, toExpelCount=0

2021-04-26 11:29:48,584 INFO Check over limit for ip limit rule, over limit ip count=0

2021-04-26 11:29:48,585 INFO Out dated connection ,size=0

2021-04-26 11:29:48,585 INFO Connection check task end

2021-04-26 11:29:51,587 INFO Connection check task start

2021-04-26 11:29:51,588 INFO Total count =2, sdkCount=0,clusterCount=2, currentLimit=-1, toExpelCount=0

2021-04-26 11:29:51,590 INFO Check over limit for ip limit rule, over limit ip count=0

2021-04-26 11:29:51,590 INFO Out dated connection ,size=0

2021-04-26 11:29:51,591 INFO Connection check task end

2021-04-26 11:29:54,592 INFO Connection check task start

2021-04-26 11:29:54,594 INFO Total count =2, sdkCount=0,clusterCount=2, currentLimit=-1, toExpelCount=0

2021-04-26 11:29:54,595 INFO Check over limit for ip limit rule, over limit ip count=0

2021-04-26 11:29:54,596 INFO Out dated connection ,size=0

2021-04-26 11:29:54,596 INFO Connection check task end

2021-04-26 11:29:57,597 INFO Connection check task start

2021-04-26 11:29:57,599 INFO Total count =2, sdkCount=0,clusterCount=2, currentLimit=-1, toExpelCount=0

2021-04-26 11:29:57,600 INFO Check over limit for ip limit rule, over limit ip count=0

2021-04-26 11:29:57,600 INFO Out dated connection ,size=0

2021-04-26 11:29:57,601 INFO Connection check task end

2021-04-26 11:30:00,602 INFO Connection check task start

2021-04-26 11:30:00,604 INFO Total count =2, sdkCount=0,clusterCount=2, currentLimit=-1, toExpelCount=0

2021-04-26 11:30:00,605 INFO Check over limit for ip limit rule, over limit ip count=0

2021-04-26 11:30:00,605 INFO Out dated connection ,size=0

2021-04-26 11:30:00,606 INFO Connection check task end

2021-04-26 11:30:03,607 INFO Connection check task start

2021-04-26 11:30:03,608 INFO Total count =2, sdkCount=0,clusterCount=2, currentLimit=-1, toExpelCount=0

2021-04-26 11:30:03,609 INFO Check over limit for ip limit rule, over limit ip count=0

2021-04-26 11:30:03,610 INFO Out dated connection ,size=0

2021-04-26 11:30:03,611 INFO Connection check task end

2021-04-26 11:30:06,612 INFO Connection check task start

2021-04-26 11:30:06,614 INFO Total count =2, sdkCount=0,clusterCount=2, currentLimit=-1, toExpelCount=0

2021-04-26 11:30:06,614 INFO Check over limit for ip limit rule, over limit ip count=0

2021-04-26 11:30:06,616 INFO Out dated connection ,size=0

2021-04-26 11:30:06,616 INFO Connection check task end

2021-04-26 11:30:09,596 INFO Connection check task start

2021-04-26 11:30:09,598 INFO Total count =2, sdkCount=0,clusterCount=2, currentLimit=-1, toExpelCount=0

2021-04-26 11:30:09,599 INFO Check over limit for ip limit rule, over limit ip count=0

2021-04-26 11:30:09,600 INFO Out dated connection ,size=0

2021-04-26 11:30:09,601 INFO Connection check task end

2021-04-26 11:30:12,601 INFO Connection check task start

2021-04-26 11:30:12,603 INFO Total count =2, sdkCount=0,clusterCount=2, currentLimit=-1, toExpelCount=0

2021-04-26 11:30:12,603 INFO Check over limit for ip limit rule, over limit ip count=0

2021-04-26 11:30:12,604 INFO Out dated connection ,size=0

2021-04-26 11:30:12,605 INFO Connection check task end

2021-04-26 11:30:15,606 INFO Connection check task start

2021-04-26 11:30:15,607 INFO Total count =2, sdkCount=0,clusterCount=2, currentLimit=-1, toExpelCount=0

2021-04-26 11:30:15,608 INFO Check over limit for ip limit rule, over limit ip count=0

2021-04-26 11:30:15,609 INFO Out dated connection ,size=0

2021-04-26 11:30:15,610 INFO Connection check task end

2021-04-26 11:30:18,611 INFO Connection check task start

2021-04-26 11:30:18,612 INFO Total count =2, sdkCount=0,clusterCount=2, currentLimit=-1, toExpelCount=0

2021-04-26 11:30:18,613 INFO Check over limit for ip limit rule, over limit ip count=0

2021-04-26 11:30:18,614 INFO Out dated connection ,size=0

2021-04-26 11:30:18,615 INFO Connection check task end

2021-04-26 11:30:21,615 INFO Connection check task start

2021-04-26 11:30:21,617 INFO Total count =2, sdkCount=0,clusterCount=2, currentLimit=-1, toExpelCount=0

2021-04-26 11:30:21,618 INFO Check over limit for ip limit rule, over limit ip count=0

2021-04-26 11:30:21,619 INFO Out dated connection ,size=0

2021-04-26 11:30:21,620 INFO Connection check task end

2021-04-26 11:30:24,621 INFO Connection check task start

2021-04-26 11:30:24,623 INFO Total count =2, sdkCount=0,clusterCount=2, currentLimit=-1, toExpelCount=0

2021-04-26 11:30:24,623 INFO Check over limit for ip limit rule, over limit ip count=0

2021-04-26 11:30:24,624 INFO Out dated connection ,size=0

2021-04-26 11:30:24,624 INFO Connection check task end

2021-04-26 11:30:27,626 INFO Connection check task start

2021-04-26 11:30:27,628 INFO Total count =2, sdkCount=0,clusterCount=2, currentLimit=-1, toExpelCount=0

2021-04-26 11:30:27,629 INFO Check over limit for ip limit rule, over limit ip count=0

2021-04-26 11:30:27,630 INFO Out dated connection ,size=0

2021-04-26 11:30:27,630 INFO Connection check task end

2021-04-26 11:30:30,631 INFO Connection check task start

2021-04-26 11:30:30,634 INFO Total count =2, sdkCount=0,clusterCount=2, currentLimit=-1, toExpelCount=0

2021-04-26 11:30:30,634 INFO Check over limit for ip limit rule, over limit ip count=0

2021-04-26 11:30:30,635 INFO Out dated connection ,size=0

2021-04-26 11:30:30,636 INFO Connection check task end

2021-04-26 11:30:33,636 INFO Connection check task start

2021-04-26 11:30:33,638 INFO Total count =2, sdkCount=0,clusterCount=2, currentLimit=-1, toExpelCount=0

2021-04-26 11:30:33,639 INFO Check over limit for ip limit rule, over limit ip count=0

2021-04-26 11:30:33,640 INFO Out dated connection ,size=0

2021-04-26 11:30:33,641 INFO Connection check task end

2021-04-26 11:30:36,641 INFO Connection check task start

2021-04-26 11:30:36,644 INFO Total count =2, sdkCount=0,clusterCount=2, currentLimit=-1, toExpelCount=0

2021-04-26 11:30:36,644 INFO Check over limit for ip limit rule, over limit ip count=0

2021-04-26 11:30:36,645 INFO Out dated connection ,size=0

2021-04-26 11:30:36,645 INFO Connection check task end

2021-04-26 11:30:39,626 INFO Connection check task start

2021-04-26 11:30:39,628 INFO Total count =2, sdkCount=0,clusterCount=2, currentLimit=-1, toExpelCount=0

2021-04-26 11:30:39,629 INFO Check over limit for ip limit rule, over limit ip count=0

2021-04-26 11:30:39,629 INFO Out dated connection ,size=0

2021-04-26 11:30:39,630 INFO Connection check task end

2021-04-26 11:30:42,631 INFO Connection check task start

2021-04-26 11:30:42,633 INFO Total count =2, sdkCount=0,clusterCount=2, currentLimit=-1, toExpelCount=0

2021-04-26 11:30:42,633 INFO Check over limit for ip limit rule, over limit ip count=0

2021-04-26 11:30:42,634 INFO Out dated connection ,size=0

2021-04-26 11:30:42,634 INFO Connection check task end

2021-04-26 11:30:45,635 INFO Connection check task start

2021-04-26 11:30:45,637 INFO Total count =2, sdkCount=0,clusterCount=2, currentLimit=-1, toExpelCount=0

2021-04-26 11:30:45,638 INFO Check over limit for ip limit rule, over limit ip count=0

2021-04-26 11:30:45,640 INFO Out dated connection ,size=0

2021-04-26 11:30:45,641 INFO Connection check task end

2021-04-26 11:30:48,641 INFO Connection check task start

2021-04-26 11:30:48,643 INFO Total count =2, sdkCount=0,clusterCount=2, currentLimit=-1, toExpelCount=0

2021-04-26 11:30:48,644 INFO Check over limit for ip limit rule, over limit ip count=0

2021-04-26 11:30:48,645 INFO Out dated connection ,size=0

2021-04-26 11:30:48,645 INFO Connection check task end

