
         ,--.
       ,--.'|
   ,--,:  : |                                           Nacos 2.0.0
,`--.'`|  ' :                       ,---.               Running in cluster mode, All function modules
|   :  :  | |                      '   ,'\   .--.--.    Port: 8848
:   |   \ | :  ,--.--.     ,---.  /   /   | /  /    '   Pid: 28
|   : '  '; | /       \   /     \.   ; ,. :|  :  /`./   Console: http://192.168.100.12:8848/nacos/index.html
'   ' ;.    ;.--.  .-. | /    / ''   | |: :|  :  ;_
|   | | \   | \__\/: . ..    ' / '   | .; : \  \    `.      https://nacos.io
'   : |  ; .' ," .--.; |'   ; :__|   :    |  `----.   \
|   | '`--'  /  /  ,.  |'   | '.'|\   \  /  /  /`--'  /
'   : |     ;  :   .'   \   :    : `----'  '--'.     /
;   |.'     |  ,     .-./\   \  /            `--'---'
'---'        `--`---'     `----'

2021-04-26 11:26:50,970 INFO The server IP list of Nacos is [192.168.100.11:8848, 192.168.100.12:8848, 192.168.100.13:8848]

2021-04-26 11:26:51,976 INFO Nacos is starting...

2021-04-26 11:26:52,983 INFO Nacos is starting...

2021-04-26 11:26:54,004 INFO Nacos is starting...

2021-04-26 11:26:55,014 INFO Nacos is starting...

2021-04-26 11:26:56,040 INFO Nacos is starting...

2021-04-26 11:26:57,076 INFO Nacos is starting...

2021-04-26 11:26:58,083 INFO Nacos is starting...

2021-04-26 11:26:59,113 INFO Nacos is starting...

2021-04-26 11:27:00,117 INFO Nacos is starting...

2021-04-26 11:27:01,123 INFO Nacos is starting...

2021-04-26 11:27:02,125 INFO Nacos is starting...

2021-04-26 11:27:03,143 INFO Nacos is starting...

2021-04-26 11:27:04,166 INFO Nacos is starting...

2021-04-26 11:27:05,170 INFO Nacos is starting...

2021-04-26 11:27:06,171 INFO Nacos is starting...

2021-04-26 11:27:07,174 INFO Nacos is starting...

2021-04-26 11:27:08,176 INFO Nacos is starting...

2021-04-26 11:27:09,162 INFO Nacos is starting...

2021-04-26 11:27:10,194 INFO Nacos is starting...

2021-04-26 11:27:11,204 INFO Nacos is starting...

2021-04-26 11:27:12,206 INFO Nacos is starting...

2021-04-26 11:27:13,212 INFO Nacos is starting...

2021-04-26 11:27:14,216 INFO Nacos is starting...

2021-04-26 11:27:15,223 INFO Nacos is starting...

2021-04-26 11:27:16,230 INFO Nacos is starting...

2021-04-26 11:27:17,236 INFO Nacos is starting...

2021-04-26 11:27:18,242 INFO Nacos is starting...

2021-04-26 11:27:19,244 INFO Nacos is starting...

2021-04-26 11:27:20,249 INFO Nacos is starting...

2021-04-26 11:27:21,400 INFO Nacos is starting...

2021-04-26 11:27:22,403 INFO Nacos is starting...

2021-04-26 11:27:23,407 INFO Nacos is starting...

2021-04-26 11:27:24,456 INFO Nacos is starting...

2021-04-26 11:27:25,463 INFO Nacos is starting...

2021-04-26 11:27:25,820 INFO Nacos started successfully in cluster mode. use embedded storage

