2021-04-26 11:26:51,309 INFO The server IP list of Nacos is [192.168.100.11:8848, 192.168.100.12:8848, 192.168.100.13:8848]

2021-04-26 11:26:51,324 INFO Starting Nacos v2.0.0 on nacos1 with PID 29 (/home/nacos/target/nacos-server.jar started by root in /home/nacos)

2021-04-26 11:26:51,331 INFO No active profile set, falling back to default profiles: default

2021-04-26 11:26:52,315 INFO Nacos is starting...

2021-04-26 11:26:53,324 INFO Nacos is starting...

2021-04-26 11:26:54,334 INFO Nacos is starting...

2021-04-26 11:26:55,343 INFO Nacos is starting...

2021-04-26 11:26:56,385 INFO Nacos is starting...

2021-04-26 11:26:57,413 INFO Nacos is starting...

2021-04-26 11:26:58,465 INFO Nacos is starting...

2021-04-26 11:26:59,468 INFO Nacos is starting...

2021-04-26 11:27:00,486 INFO Nacos is starting...

2021-04-26 11:27:00,616 INFO Bean 'org.springframework.security.access.expression.method.DefaultMethodSecurityExpressionHandler@5987e932' of type [org.springframework.security.access.expression.method.DefaultMethodSecurityExpressionHandler] is not eligible for getting processed by all BeanPostProcessors (for example: not eligible for auto-proxying)

2021-04-26 11:27:00,634 INFO Bean 'methodSecurityMetadataSource' of type [org.springframework.security.access.method.DelegatingMethodSecurityMetadataSource] is not eligible for getting processed by all BeanPostProcessors (for example: not eligible for auto-proxying)

2021-04-26 11:27:01,423 INFO Tomcat initialized with port(s): 8848 (http)

2021-04-26 11:27:01,458 INFO Initializing ProtocolHandler ["http-nio-8848"]

2021-04-26 11:27:01,477 INFO Starting service [Tomcat]

2021-04-26 11:27:01,478 INFO Starting Servlet engine: [Apache Tomcat/9.0.38]

2021-04-26 11:27:01,495 INFO Nacos is starting...

2021-04-26 11:27:01,729 INFO At least one JAR was scanned for TLDs yet contained no TLDs. Enable debug logging for this logger for a complete list of JARs that were scanned but no TLDs were found in them. Skipping unneeded JARs during scanning can improve startup time and JSP compilation time.

2021-04-26 11:27:01,810 INFO Initializing Spring embedded WebApplicationContext

2021-04-26 11:27:01,814 INFO Root WebApplicationContext: initialization completed in 10228 ms

2021-04-26 11:27:02,497 INFO Nacos is starting...

2021-04-26 11:27:02,507 INFO Nacos-related cluster resource initialization

2021-04-26 11:27:02,566 INFO The cluster resource is initialized

2021-04-26 11:27:03,504 INFO Nacos is starting...

2021-04-26 11:27:04,384 INFO HikariPool-1 - Starting...

2021-04-26 11:27:04,394 WARN Registered driver with driverClassName=org.apache.derby.jdbc.EmbeddedDriver was not found, trying direct instantiation.

2021-04-26 11:27:04,505 INFO Nacos is starting...

2021-04-26 11:27:05,363 INFO HikariPool-1 - Driver does not support get/set network timeout for connections. (Feature not implemented: No details.)

2021-04-26 11:27:05,367 INFO HikariPool-1 - Start completed.

2021-04-26 11:27:05,508 INFO Nacos is starting...

2021-04-26 11:27:06,510 INFO Nacos is starting...

2021-04-26 11:27:06,698 INFO HikariPool-2 - Starting...

2021-04-26 11:27:06,699 WARN Registered driver with driverClassName=org.apache.derby.jdbc.EmbeddedDriver was not found, trying direct instantiation.

2021-04-26 11:27:07,381 INFO HikariPool-2 - Driver does not support get/set network timeout for connections. (Feature not implemented: No details.)

2021-04-26 11:27:07,382 INFO HikariPool-2 - Start completed.

2021-04-26 11:27:07,512 INFO Nacos is starting...

2021-04-26 11:27:08,514 INFO Nacos is starting...

2021-04-26 11:27:09,504 INFO Nacos is starting...

2021-04-26 11:27:10,507 INFO Nacos is starting...

2021-04-26 11:27:10,895 INFO Reflections took 73 ms to scan 1 urls, producing 5 keys and 10 values 

2021-04-26 11:27:10,966 INFO Reflections took 17 ms to scan 1 urls, producing 4 keys and 21 values 

2021-04-26 11:27:11,001 INFO Reflections took 9 ms to scan 1 urls, producing 5 keys and 19 values 

2021-04-26 11:27:11,023 INFO Reflections took 1 ms to scan 1 urls, producing 2 keys and 12 values 

2021-04-26 11:27:11,536 INFO Nacos is starting...

2021-04-26 11:27:12,540 INFO Nacos is starting...

2021-04-26 11:27:13,546 INFO Nacos is starting...

2021-04-26 11:27:14,561 INFO Nacos is starting...

2021-04-26 11:27:14,748 INFO Reflections took 33 ms to scan 2 urls, producing 3 keys and 6 values 

2021-04-26 11:27:14,821 INFO Reflections took 69 ms to scan 2 urls, producing 4 keys and 9 values 

2021-04-26 11:27:14,891 INFO Reflections took 65 ms to scan 2 urls, producing 3 keys and 10 values 

2021-04-26 11:27:14,901 INFO Reflections took 2 ms to scan 1 urls, producing 2 keys and 2 values 

2021-04-26 11:27:14,945 INFO Reflections took 35 ms to scan 2 urls, producing 1 keys and 5 values 

2021-04-26 11:27:15,080 INFO Reflections took 48 ms to scan 2 urls, producing 1 keys and 7 values 

2021-04-26 11:27:15,122 INFO Reflections took 40 ms to scan 2 urls, producing 2 keys and 8 values 

2021-04-26 11:27:15,129 INFO Reflections took 1 ms to scan 1 urls, producing 1 keys and 1 values 

2021-04-26 11:27:15,563 INFO Nacos is starting...

2021-04-26 11:27:16,564 INFO Nacos is starting...

2021-04-26 11:27:17,572 INFO Nacos is starting...

2021-04-26 11:27:18,590 INFO Nacos is starting...

2021-04-26 11:27:19,024 INFO Initializing ExecutorService 'applicationTaskExecutor'

2021-04-26 11:27:19,601 INFO Nacos is starting...

2021-04-26 11:27:19,716 INFO Adding welcome page: class path resource [static/index.html]

2021-04-26 11:27:20,613 INFO Nacos is starting...

2021-04-26 11:27:21,413 INFO Creating filter chain: Ant [pattern='/**'], []

2021-04-26 11:27:21,553 INFO Creating filter chain: any request, [org.springframework.security.web.context.request.async.WebAsyncManagerIntegrationFilter@74d3b638, org.springframework.security.web.context.SecurityContextPersistenceFilter@295bf2a, org.springframework.security.web.header.HeaderWriterFilter@28737371, org.springframework.security.web.csrf.CsrfFilter@5e1fc2aa, org.springframework.security.web.authentication.logout.LogoutFilter@44924587, org.springframework.security.web.savedrequest.RequestCacheAwareFilter@6ff6efdc, org.springframework.security.web.servletapi.SecurityContextHolderAwareRequestFilter@73d3e555, org.springframework.security.web.authentication.AnonymousAuthenticationFilter@4487c0c2, org.springframework.security.web.session.SessionManagementFilter@760245e1, org.springframework.security.web.access.ExceptionTranslationFilter@382c90c2]

2021-04-26 11:27:21,645 INFO Nacos is starting...

2021-04-26 11:27:22,652 INFO Nacos is starting...

2021-04-26 11:27:23,661 INFO Nacos is starting...

2021-04-26 11:27:23,801 INFO Initializing ExecutorService 'taskScheduler'

2021-04-26 11:27:23,966 INFO Exposing 16 endpoint(s) beneath base path '/actuator'

2021-04-26 11:27:24,661 INFO Starting ProtocolHandler ["http-nio-8848"]

2021-04-26 11:27:24,697 INFO Nacos is starting...

2021-04-26 11:27:24,884 INFO Tomcat started on port(s): 8848 (http) with context path '/nacos'

2021-04-26 11:27:24,907 INFO Started Nacos in 37.331 seconds (JVM running for 38.461)

2021-04-26 11:27:24,922 INFO Nacos started successfully in cluster mode. use embedded storage

2021-04-26 11:27:25,161 INFO Initializing Spring DispatcherServlet 'dispatcherServlet'

2021-04-26 11:27:25,163 INFO Initializing Servlet 'dispatcherServlet'

2021-04-26 11:27:25,195 INFO Completed initialization in 32 ms

2021-04-26 11:27:31,522 INFO [Cluster-192.168.100.13:8848]RpcClient init label, labels={source=cluster}

2021-04-26 11:27:31,527 INFO [Cluster-192.168.100.13:8848]RpcClient init, ServerListFactory =com.alibaba.nacos.core.cluster.remote.ClusterRpcClientProxy$1

2021-04-26 11:27:31,532 INFO [Cluster-192.168.100.13:8848] Try to connect to server on start up, server: {serverIp='192.168.100.13', server main port=8848}

2021-04-26 11:27:31,697 INFO [Cluster-192.168.100.13:8848] Success to connect to server [192.168.100.13:8848] on start up,connectionId=1619407651575_192.168.100.11_41792

2021-04-26 11:27:31,702 INFO [Cluster-192.168.100.13:8848]Register server push request handler:com.alibaba.nacos.common.remote.client.RpcClient$ConnectResetRequestHandler

2021-04-26 11:27:31,704 INFO [Cluster-192.168.100.13:8848]Register server push request handler:com.alibaba.nacos.common.remote.client.RpcClient$4

2021-04-26 11:27:32,801 INFO [Cluster-192.168.100.12:8848]RpcClient init label, labels={source=cluster}

2021-04-26 11:27:32,806 INFO [Cluster-192.168.100.12:8848]RpcClient init, ServerListFactory =com.alibaba.nacos.core.cluster.remote.ClusterRpcClientProxy$1

2021-04-26 11:27:32,808 INFO [Cluster-192.168.100.12:8848] Try to connect to server on start up, server: {serverIp='192.168.100.12', server main port=8848}

2021-04-26 11:27:32,931 INFO [Cluster-192.168.100.12:8848] Success to connect to server [192.168.100.12:8848] on start up,connectionId=1619407652823_192.168.100.11_38848

2021-04-26 11:27:32,934 INFO [Cluster-192.168.100.12:8848]Register server push request handler:com.alibaba.nacos.common.remote.client.RpcClient$ConnectResetRequestHandler

2021-04-26 11:27:32,935 INFO [Cluster-192.168.100.12:8848]Register server push request handler:com.alibaba.nacos.common.remote.client.RpcClient$4

