2021-04-26 11:27:09,944 INFO open empty service auto clean job, initialDelay : 50000 ms, period : 30000 ms

2021-04-26 11:27:09,960 INFO listen for service meta change

2021-04-26 11:27:10,148 INFO upgrade check result false

2021-04-26 11:27:11,347 WARN Exception while request: http://192.168.100.12:8848/nacos/v1/ns/operator/cluster/state, caused: {}

org.apache.http.conn.HttpHostConnectException: Connect to 192.168.100.12:8848 [/192.168.100.12] failed: Connection refused (Connection refused)
	at org.apache.http.impl.conn.DefaultHttpClientConnectionOperator.connect(DefaultHttpClientConnectionOperator.java:156)
	at org.apache.http.impl.conn.PoolingHttpClientConnectionManager.connect(PoolingHttpClientConnectionManager.java:376)
	at org.apache.http.impl.execchain.MainClientExec.establishRoute(MainClientExec.java:393)
	at org.apache.http.impl.execchain.MainClientExec.execute(MainClientExec.java:236)
	at org.apache.http.impl.execchain.ProtocolExec.execute(ProtocolExec.java:186)
	at org.apache.http.impl.execchain.RetryExec.execute(RetryExec.java:89)
	at org.apache.http.impl.execchain.RedirectExec.execute(RedirectExec.java:110)
	at org.apache.http.impl.client.InternalHttpClient.doExecute(InternalHttpClient.java:185)
	at org.apache.http.impl.client.CloseableHttpClient.execute(CloseableHttpClient.java:83)
	at org.apache.http.impl.client.CloseableHttpClient.execute(CloseableHttpClient.java:108)
	at com.alibaba.nacos.common.http.client.request.DefaultHttpClientRequest.execute(DefaultHttpClientRequest.java:55)
	at com.alibaba.nacos.common.http.client.NacosRestTemplate.execute(NacosRestTemplate.java:482)
	at com.alibaba.nacos.common.http.client.NacosRestTemplate.exchange(NacosRestTemplate.java:447)
	at com.alibaba.nacos.naming.misc.HttpClient.request(HttpClient.java:116)
	at com.alibaba.nacos.naming.misc.HttpClient.httpGet(HttpClient.java:79)
	at com.alibaba.nacos.naming.misc.NamingProxy.reqCommon(NamingProxy.java:306)
	at com.alibaba.nacos.naming.cluster.ServerListManager$ServerInfoUpdater.run(ServerListManager.java:173)
	at java.util.concurrent.Executors$RunnableAdapter.call(Executors.java:511)
	at java.util.concurrent.FutureTask.runAndReset(FutureTask.java:308)
	at java.util.concurrent.ScheduledThreadPoolExecutor$ScheduledFutureTask.access$301(ScheduledThreadPoolExecutor.java:180)
	at java.util.concurrent.ScheduledThreadPoolExecutor$ScheduledFutureTask.run(ScheduledThreadPoolExecutor.java:294)
	at java.util.concurrent.ThreadPoolExecutor.runWorker(ThreadPoolExecutor.java:1149)
	at java.util.concurrent.ThreadPoolExecutor$Worker.run(ThreadPoolExecutor.java:624)
	at java.lang.Thread.run(Thread.java:748)
Caused by: java.net.ConnectException: Connection refused (Connection refused)
	at java.net.PlainSocketImpl.socketConnect(Native Method)
	at java.net.AbstractPlainSocketImpl.doConnect(AbstractPlainSocketImpl.java:350)
	at java.net.AbstractPlainSocketImpl.connectToAddress(AbstractPlainSocketImpl.java:206)
	at java.net.AbstractPlainSocketImpl.connect(AbstractPlainSocketImpl.java:188)
	at java.net.SocksSocketImpl.connect(SocksSocketImpl.java:392)
	at java.net.Socket.connect(Socket.java:607)
	at org.apache.http.conn.socket.PlainConnectionSocketFactory.connectSocket(PlainConnectionSocketFactory.java:75)
	at org.apache.http.impl.conn.DefaultHttpClientConnectionOperator.connect(DefaultHttpClientConnectionOperator.java:142)
	... 23 common frames omitted
2021-04-26 11:27:11,348 WARN NamingProxy

java.io.IOException: failed to req API:http://192.168.100.12:8848/nacos/v1/ns/operator/cluster/state. code:500 msg: org.apache.http.conn.HttpHostConnectException: Connect to 192.168.100.12:8848 [/192.168.100.12] failed: Connection refused (Connection refused)
	at com.alibaba.nacos.naming.misc.NamingProxy.reqCommon(NamingProxy.java:321)
	at com.alibaba.nacos.naming.cluster.ServerListManager$ServerInfoUpdater.run(ServerListManager.java:173)
	at java.util.concurrent.Executors$RunnableAdapter.call(Executors.java:511)
	at java.util.concurrent.FutureTask.runAndReset(FutureTask.java:308)
	at java.util.concurrent.ScheduledThreadPoolExecutor$ScheduledFutureTask.access$301(ScheduledThreadPoolExecutor.java:180)
	at java.util.concurrent.ScheduledThreadPoolExecutor$ScheduledFutureTask.run(ScheduledThreadPoolExecutor.java:294)
	at java.util.concurrent.ThreadPoolExecutor.runWorker(ThreadPoolExecutor.java:1149)
	at java.util.concurrent.ThreadPoolExecutor$Worker.run(ThreadPoolExecutor.java:624)
	at java.lang.Thread.run(Thread.java:748)
2021-04-26 11:27:13,175 WARN [STATUS-SYNCHRONIZE] failed to request serverStatus, remote server: 192.168.100.12:8848

java.net.ConnectException: Connection refused
	at sun.nio.ch.SocketChannelImpl.checkConnect(Native Method)
	at sun.nio.ch.SocketChannelImpl.finishConnect(SocketChannelImpl.java:716)
	at org.apache.http.impl.nio.reactor.DefaultConnectingIOReactor.processEvent(DefaultConnectingIOReactor.java:174)
	at org.apache.http.impl.nio.reactor.DefaultConnectingIOReactor.processEvents(DefaultConnectingIOReactor.java:148)
	at org.apache.http.impl.nio.reactor.AbstractMultiworkerIOReactor.execute(AbstractMultiworkerIOReactor.java:351)
	at org.apache.http.impl.nio.conn.PoolingNHttpClientConnectionManager.execute(PoolingNHttpClientConnectionManager.java:194)
	at org.apache.http.impl.nio.client.CloseableHttpAsyncClientBase$1.run(CloseableHttpAsyncClientBase.java:64)
	at java.lang.Thread.run(Thread.java:748)
2021-04-26 11:27:13,175 WARN [STATUS-SYNCHRONIZE] failed to request serverStatus, remote server: 192.168.100.13:8848

java.net.ConnectException: Connection refused
	at sun.nio.ch.SocketChannelImpl.checkConnect(Native Method)
	at sun.nio.ch.SocketChannelImpl.finishConnect(SocketChannelImpl.java:716)
	at org.apache.http.impl.nio.reactor.DefaultConnectingIOReactor.processEvent(DefaultConnectingIOReactor.java:174)
	at org.apache.http.impl.nio.reactor.DefaultConnectingIOReactor.processEvents(DefaultConnectingIOReactor.java:148)
	at org.apache.http.impl.nio.reactor.AbstractMultiworkerIOReactor.execute(AbstractMultiworkerIOReactor.java:351)
	at org.apache.http.impl.nio.conn.PoolingNHttpClientConnectionManager.execute(PoolingNHttpClientConnectionManager.java:194)
	at org.apache.http.impl.nio.client.CloseableHttpAsyncClientBase$1.run(CloseableHttpAsyncClientBase.java:64)
	at java.lang.Thread.run(Thread.java:748)
2021-04-26 11:27:15,079 INFO upgrade check result false

2021-04-26 11:27:15,156 WARN Exception while request: http://192.168.100.13:8848/nacos/v1/ns/operator/cluster/state, caused: {}

org.apache.http.conn.HttpHostConnectException: Connect to 192.168.100.13:8848 [/192.168.100.13] failed: Connection refused (Connection refused)
	at org.apache.http.impl.conn.DefaultHttpClientConnectionOperator.connect(DefaultHttpClientConnectionOperator.java:156)
	at org.apache.http.impl.conn.PoolingHttpClientConnectionManager.connect(PoolingHttpClientConnectionManager.java:376)
	at org.apache.http.impl.execchain.MainClientExec.establishRoute(MainClientExec.java:393)
	at org.apache.http.impl.execchain.MainClientExec.execute(MainClientExec.java:236)
	at org.apache.http.impl.execchain.ProtocolExec.execute(ProtocolExec.java:186)
	at org.apache.http.impl.execchain.RetryExec.execute(RetryExec.java:89)
	at org.apache.http.impl.execchain.RedirectExec.execute(RedirectExec.java:110)
	at org.apache.http.impl.client.InternalHttpClient.doExecute(InternalHttpClient.java:185)
	at org.apache.http.impl.client.CloseableHttpClient.execute(CloseableHttpClient.java:83)
	at org.apache.http.impl.client.CloseableHttpClient.execute(CloseableHttpClient.java:108)
	at com.alibaba.nacos.common.http.client.request.DefaultHttpClientRequest.execute(DefaultHttpClientRequest.java:55)
	at com.alibaba.nacos.common.http.client.NacosRestTemplate.execute(NacosRestTemplate.java:482)
	at com.alibaba.nacos.common.http.client.NacosRestTemplate.exchange(NacosRestTemplate.java:447)
	at com.alibaba.nacos.naming.misc.HttpClient.request(HttpClient.java:116)
	at com.alibaba.nacos.naming.misc.HttpClient.httpGet(HttpClient.java:79)
	at com.alibaba.nacos.naming.misc.NamingProxy.reqCommon(NamingProxy.java:306)
	at com.alibaba.nacos.naming.cluster.ServerListManager$ServerInfoUpdater.run(ServerListManager.java:173)
	at java.util.concurrent.Executors$RunnableAdapter.call(Executors.java:511)
	at java.util.concurrent.FutureTask.runAndReset(FutureTask.java:308)
	at java.util.concurrent.ScheduledThreadPoolExecutor$ScheduledFutureTask.access$301(ScheduledThreadPoolExecutor.java:180)
	at java.util.concurrent.ScheduledThreadPoolExecutor$ScheduledFutureTask.run(ScheduledThreadPoolExecutor.java:294)
	at java.util.concurrent.ThreadPoolExecutor.runWorker(ThreadPoolExecutor.java:1149)
	at java.util.concurrent.ThreadPoolExecutor$Worker.run(ThreadPoolExecutor.java:624)
	at java.lang.Thread.run(Thread.java:748)
Caused by: java.net.ConnectException: Connection refused (Connection refused)
	at java.net.PlainSocketImpl.socketConnect(Native Method)
	at java.net.AbstractPlainSocketImpl.doConnect(AbstractPlainSocketImpl.java:350)
	at java.net.AbstractPlainSocketImpl.connectToAddress(AbstractPlainSocketImpl.java:206)
	at java.net.AbstractPlainSocketImpl.connect(AbstractPlainSocketImpl.java:188)
	at java.net.SocksSocketImpl.connect(SocksSocketImpl.java:392)
	at java.net.Socket.connect(Socket.java:607)
	at org.apache.http.conn.socket.PlainConnectionSocketFactory.connectSocket(PlainConnectionSocketFactory.java:75)
	at org.apache.http.impl.conn.DefaultHttpClientConnectionOperator.connect(DefaultHttpClientConnectionOperator.java:142)
	... 23 common frames omitted
2021-04-26 11:27:15,156 WARN NamingProxy

java.io.IOException: failed to req API:http://192.168.100.13:8848/nacos/v1/ns/operator/cluster/state. code:500 msg: org.apache.http.conn.HttpHostConnectException: Connect to 192.168.100.13:8848 [/192.168.100.13] failed: Connection refused (Connection refused)
	at com.alibaba.nacos.naming.misc.NamingProxy.reqCommon(NamingProxy.java:321)
	at com.alibaba.nacos.naming.cluster.ServerListManager$ServerInfoUpdater.run(ServerListManager.java:173)
	at java.util.concurrent.Executors$RunnableAdapter.call(Executors.java:511)
	at java.util.concurrent.FutureTask.runAndReset(FutureTask.java:308)
	at java.util.concurrent.ScheduledThreadPoolExecutor$ScheduledFutureTask.access$301(ScheduledThreadPoolExecutor.java:180)
	at java.util.concurrent.ScheduledThreadPoolExecutor$ScheduledFutureTask.run(ScheduledThreadPoolExecutor.java:294)
	at java.util.concurrent.ThreadPoolExecutor.runWorker(ThreadPoolExecutor.java:1149)
	at java.util.concurrent.ThreadPoolExecutor$Worker.run(ThreadPoolExecutor.java:624)
	at java.lang.Thread.run(Thread.java:748)
2021-04-26 11:27:15,176 WARN [STATUS-SYNCHRONIZE] failed to request serverStatus, remote server: 192.168.100.12:8848

java.net.ConnectException: Connection refused
	at sun.nio.ch.SocketChannelImpl.checkConnect(Native Method)
	at sun.nio.ch.SocketChannelImpl.finishConnect(SocketChannelImpl.java:716)
	at org.apache.http.impl.nio.reactor.DefaultConnectingIOReactor.processEvent(DefaultConnectingIOReactor.java:174)
	at org.apache.http.impl.nio.reactor.DefaultConnectingIOReactor.processEvents(DefaultConnectingIOReactor.java:148)
	at org.apache.http.impl.nio.reactor.AbstractMultiworkerIOReactor.execute(AbstractMultiworkerIOReactor.java:351)
	at org.apache.http.impl.nio.conn.PoolingNHttpClientConnectionManager.execute(PoolingNHttpClientConnectionManager.java:194)
	at org.apache.http.impl.nio.client.CloseableHttpAsyncClientBase$1.run(CloseableHttpAsyncClientBase.java:64)
	at java.lang.Thread.run(Thread.java:748)
2021-04-26 11:27:15,176 WARN [STATUS-SYNCHRONIZE] failed to request serverStatus, remote server: 192.168.100.13:8848

java.net.ConnectException: Connection refused
	at sun.nio.ch.SocketChannelImpl.checkConnect(Native Method)
	at sun.nio.ch.SocketChannelImpl.finishConnect(SocketChannelImpl.java:716)
	at org.apache.http.impl.nio.reactor.DefaultConnectingIOReactor.processEvent(DefaultConnectingIOReactor.java:174)
	at org.apache.http.impl.nio.reactor.DefaultConnectingIOReactor.processEvents(DefaultConnectingIOReactor.java:148)
	at org.apache.http.impl.nio.reactor.AbstractMultiworkerIOReactor.execute(AbstractMultiworkerIOReactor.java:351)
	at org.apache.http.impl.nio.conn.PoolingNHttpClientConnectionManager.execute(PoolingNHttpClientConnectionManager.java:194)
	at org.apache.http.impl.nio.client.CloseableHttpAsyncClientBase$1.run(CloseableHttpAsyncClientBase.java:64)
	at java.lang.Thread.run(Thread.java:748)
2021-04-26 11:27:15,843 INFO Check whether close double write

2021-04-26 11:27:17,179 WARN Exception while request: http://192.168.100.12:8848/nacos/v1/ns/operator/cluster/state, caused: {}

org.apache.http.conn.HttpHostConnectException: Connect to 192.168.100.12:8848 [/192.168.100.12] failed: Connection refused (Connection refused)
	at org.apache.http.impl.conn.DefaultHttpClientConnectionOperator.connect(DefaultHttpClientConnectionOperator.java:156)
	at org.apache.http.impl.conn.PoolingHttpClientConnectionManager.connect(PoolingHttpClientConnectionManager.java:376)
	at org.apache.http.impl.execchain.MainClientExec.establishRoute(MainClientExec.java:393)
	at org.apache.http.impl.execchain.MainClientExec.execute(MainClientExec.java:236)
	at org.apache.http.impl.execchain.ProtocolExec.execute(ProtocolExec.java:186)
	at org.apache.http.impl.execchain.RetryExec.execute(RetryExec.java:89)
	at org.apache.http.impl.execchain.RedirectExec.execute(RedirectExec.java:110)
	at org.apache.http.impl.client.InternalHttpClient.doExecute(InternalHttpClient.java:185)
	at org.apache.http.impl.client.CloseableHttpClient.execute(CloseableHttpClient.java:83)
	at org.apache.http.impl.client.CloseableHttpClient.execute(CloseableHttpClient.java:108)
	at com.alibaba.nacos.common.http.client.request.DefaultHttpClientRequest.execute(DefaultHttpClientRequest.java:55)
	at com.alibaba.nacos.common.http.client.NacosRestTemplate.execute(NacosRestTemplate.java:482)
	at com.alibaba.nacos.common.http.client.NacosRestTemplate.exchange(NacosRestTemplate.java:447)
	at com.alibaba.nacos.naming.misc.HttpClient.request(HttpClient.java:116)
	at com.alibaba.nacos.naming.misc.HttpClient.httpGet(HttpClient.java:79)
	at com.alibaba.nacos.naming.misc.NamingProxy.reqCommon(NamingProxy.java:306)
	at com.alibaba.nacos.naming.cluster.ServerListManager$ServerInfoUpdater.run(ServerListManager.java:173)
	at java.util.concurrent.Executors$RunnableAdapter.call(Executors.java:511)
	at java.util.concurrent.FutureTask.runAndReset(FutureTask.java:308)
	at java.util.concurrent.ScheduledThreadPoolExecutor$ScheduledFutureTask.access$301(ScheduledThreadPoolExecutor.java:180)
	at java.util.concurrent.ScheduledThreadPoolExecutor$ScheduledFutureTask.run(ScheduledThreadPoolExecutor.java:294)
	at java.util.concurrent.ThreadPoolExecutor.runWorker(ThreadPoolExecutor.java:1149)
	at java.util.concurrent.ThreadPoolExecutor$Worker.run(ThreadPoolExecutor.java:624)
	at java.lang.Thread.run(Thread.java:748)
Caused by: java.net.ConnectException: Connection refused (Connection refused)
	at java.net.PlainSocketImpl.socketConnect(Native Method)
	at java.net.AbstractPlainSocketImpl.doConnect(AbstractPlainSocketImpl.java:350)
	at java.net.AbstractPlainSocketImpl.connectToAddress(AbstractPlainSocketImpl.java:206)
	at java.net.AbstractPlainSocketImpl.connect(AbstractPlainSocketImpl.java:188)
	at java.net.SocksSocketImpl.connect(SocksSocketImpl.java:392)
	at java.net.Socket.connect(Socket.java:607)
	at org.apache.http.conn.socket.PlainConnectionSocketFactory.connectSocket(PlainConnectionSocketFactory.java:75)
	at org.apache.http.impl.conn.DefaultHttpClientConnectionOperator.connect(DefaultHttpClientConnectionOperator.java:142)
	... 23 common frames omitted
2021-04-26 11:27:17,180 WARN NamingProxy

java.io.IOException: failed to req API:http://192.168.100.12:8848/nacos/v1/ns/operator/cluster/state. code:500 msg: org.apache.http.conn.HttpHostConnectException: Connect to 192.168.100.12:8848 [/192.168.100.12] failed: Connection refused (Connection refused)
	at com.alibaba.nacos.naming.misc.NamingProxy.reqCommon(NamingProxy.java:321)
	at com.alibaba.nacos.naming.cluster.ServerListManager$ServerInfoUpdater.run(ServerListManager.java:173)
	at java.util.concurrent.Executors$RunnableAdapter.call(Executors.java:511)
	at java.util.concurrent.FutureTask.runAndReset(FutureTask.java:308)
	at java.util.concurrent.ScheduledThreadPoolExecutor$ScheduledFutureTask.access$301(ScheduledThreadPoolExecutor.java:180)
	at java.util.concurrent.ScheduledThreadPoolExecutor$ScheduledFutureTask.run(ScheduledThreadPoolExecutor.java:294)
	at java.util.concurrent.ThreadPoolExecutor.runWorker(ThreadPoolExecutor.java:1149)
	at java.util.concurrent.ThreadPoolExecutor$Worker.run(ThreadPoolExecutor.java:624)
	at java.lang.Thread.run(Thread.java:748)
2021-04-26 11:27:17,183 WARN [STATUS-SYNCHRONIZE] failed to request serverStatus, remote server: 192.168.100.12:8848

java.net.ConnectException: Connection refused
	at sun.nio.ch.SocketChannelImpl.checkConnect(Native Method)
	at sun.nio.ch.SocketChannelImpl.finishConnect(SocketChannelImpl.java:716)
	at org.apache.http.impl.nio.reactor.DefaultConnectingIOReactor.processEvent(DefaultConnectingIOReactor.java:174)
	at org.apache.http.impl.nio.reactor.DefaultConnectingIOReactor.processEvents(DefaultConnectingIOReactor.java:148)
	at org.apache.http.impl.nio.reactor.AbstractMultiworkerIOReactor.execute(AbstractMultiworkerIOReactor.java:351)
	at org.apache.http.impl.nio.conn.PoolingNHttpClientConnectionManager.execute(PoolingNHttpClientConnectionManager.java:194)
	at org.apache.http.impl.nio.client.CloseableHttpAsyncClientBase$1.run(CloseableHttpAsyncClientBase.java:64)
	at java.lang.Thread.run(Thread.java:748)
2021-04-26 11:27:17,186 WARN [STATUS-SYNCHRONIZE] failed to request serverStatus, remote server: 192.168.100.13:8848

java.net.ConnectException: Connection refused
	at sun.nio.ch.SocketChannelImpl.checkConnect(Native Method)
	at sun.nio.ch.SocketChannelImpl.finishConnect(SocketChannelImpl.java:716)
	at org.apache.http.impl.nio.reactor.DefaultConnectingIOReactor.processEvent(DefaultConnectingIOReactor.java:174)
	at org.apache.http.impl.nio.reactor.DefaultConnectingIOReactor.processEvents(DefaultConnectingIOReactor.java:148)
	at org.apache.http.impl.nio.reactor.AbstractMultiworkerIOReactor.execute(AbstractMultiworkerIOReactor.java:351)
	at org.apache.http.impl.nio.conn.PoolingNHttpClientConnectionManager.execute(PoolingNHttpClientConnectionManager.java:194)
	at org.apache.http.impl.nio.client.CloseableHttpAsyncClientBase$1.run(CloseableHttpAsyncClientBase.java:64)
	at java.lang.Thread.run(Thread.java:748)
2021-04-26 11:27:17,902 WARN Exception while request: http://192.168.100.12:8848/nacos/v1/ns/distro/datums, caused: {}

org.apache.http.conn.HttpHostConnectException: Connect to 192.168.100.12:8848 [/192.168.100.12] failed: Connection refused (Connection refused)
	at org.apache.http.impl.conn.DefaultHttpClientConnectionOperator.connect(DefaultHttpClientConnectionOperator.java:156)
	at org.apache.http.impl.conn.PoolingHttpClientConnectionManager.connect(PoolingHttpClientConnectionManager.java:376)
	at org.apache.http.impl.execchain.MainClientExec.establishRoute(MainClientExec.java:393)
	at org.apache.http.impl.execchain.MainClientExec.execute(MainClientExec.java:236)
	at org.apache.http.impl.execchain.ProtocolExec.execute(ProtocolExec.java:186)
	at org.apache.http.impl.execchain.RetryExec.execute(RetryExec.java:89)
	at org.apache.http.impl.execchain.RedirectExec.execute(RedirectExec.java:110)
	at org.apache.http.impl.client.InternalHttpClient.doExecute(InternalHttpClient.java:185)
	at org.apache.http.impl.client.CloseableHttpClient.execute(CloseableHttpClient.java:83)
	at org.apache.http.impl.client.CloseableHttpClient.execute(CloseableHttpClient.java:108)
	at com.alibaba.nacos.common.http.client.request.DefaultHttpClientRequest.execute(DefaultHttpClientRequest.java:55)
	at com.alibaba.nacos.common.http.client.NacosRestTemplate.execute(NacosRestTemplate.java:482)
	at com.alibaba.nacos.common.http.client.NacosRestTemplate.exchange(NacosRestTemplate.java:447)
	at com.alibaba.nacos.naming.misc.HttpClient.request(HttpClient.java:116)
	at com.alibaba.nacos.naming.misc.HttpClient.httpGet(HttpClient.java:79)
	at com.alibaba.nacos.naming.misc.NamingProxy.getAllData(NamingProxy.java:140)
	at com.alibaba.nacos.naming.consistency.ephemeral.distro.component.DistroHttpAgent.getDatumSnapshot(DistroHttpAgent.java:98)
	at com.alibaba.nacos.core.distributed.distro.task.load.DistroLoadDataTask.loadAllDataSnapshotFromRemote(DistroLoadDataTask.java:103)
	at com.alibaba.nacos.core.distributed.distro.task.load.DistroLoadDataTask.load(DistroLoadDataTask.java:87)
	at com.alibaba.nacos.core.distributed.distro.task.load.DistroLoadDataTask.run(DistroLoadDataTask.java:63)
	at java.util.concurrent.Executors$RunnableAdapter.call(Executors.java:511)
	at java.util.concurrent.FutureTask.run(FutureTask.java:266)
	at java.util.concurrent.ScheduledThreadPoolExecutor$ScheduledFutureTask.access$201(ScheduledThreadPoolExecutor.java:180)
	at java.util.concurrent.ScheduledThreadPoolExecutor$ScheduledFutureTask.run(ScheduledThreadPoolExecutor.java:293)
	at java.util.concurrent.ThreadPoolExecutor.runWorker(ThreadPoolExecutor.java:1149)
	at java.util.concurrent.ThreadPoolExecutor$Worker.run(ThreadPoolExecutor.java:624)
	at java.lang.Thread.run(Thread.java:748)
Caused by: java.net.ConnectException: Connection refused (Connection refused)
	at java.net.PlainSocketImpl.socketConnect(Native Method)
	at java.net.AbstractPlainSocketImpl.doConnect(AbstractPlainSocketImpl.java:350)
	at java.net.AbstractPlainSocketImpl.connectToAddress(AbstractPlainSocketImpl.java:206)
	at java.net.AbstractPlainSocketImpl.connect(AbstractPlainSocketImpl.java:188)
	at java.net.SocksSocketImpl.connect(SocksSocketImpl.java:392)
	at java.net.Socket.connect(Socket.java:607)
	at org.apache.http.conn.socket.PlainConnectionSocketFactory.connectSocket(PlainConnectionSocketFactory.java:75)
	at org.apache.http.impl.conn.DefaultHttpClientConnectionOperator.connect(DefaultHttpClientConnectionOperator.java:142)
	... 26 common frames omitted
2021-04-26 11:27:17,911 WARN Exception while request: http://192.168.100.13:8848/nacos/v1/ns/distro/datums, caused: {}

org.apache.http.conn.HttpHostConnectException: Connect to 192.168.100.13:8848 [/192.168.100.13] failed: Connection refused (Connection refused)
	at org.apache.http.impl.conn.DefaultHttpClientConnectionOperator.connect(DefaultHttpClientConnectionOperator.java:156)
	at org.apache.http.impl.conn.PoolingHttpClientConnectionManager.connect(PoolingHttpClientConnectionManager.java:376)
	at org.apache.http.impl.execchain.MainClientExec.establishRoute(MainClientExec.java:393)
	at org.apache.http.impl.execchain.MainClientExec.execute(MainClientExec.java:236)
	at org.apache.http.impl.execchain.ProtocolExec.execute(ProtocolExec.java:186)
	at org.apache.http.impl.execchain.RetryExec.execute(RetryExec.java:89)
	at org.apache.http.impl.execchain.RedirectExec.execute(RedirectExec.java:110)
	at org.apache.http.impl.client.InternalHttpClient.doExecute(InternalHttpClient.java:185)
	at org.apache.http.impl.client.CloseableHttpClient.execute(CloseableHttpClient.java:83)
	at org.apache.http.impl.client.CloseableHttpClient.execute(CloseableHttpClient.java:108)
	at com.alibaba.nacos.common.http.client.request.DefaultHttpClientRequest.execute(DefaultHttpClientRequest.java:55)
	at com.alibaba.nacos.common.http.client.NacosRestTemplate.execute(NacosRestTemplate.java:482)
	at com.alibaba.nacos.common.http.client.NacosRestTemplate.exchange(NacosRestTemplate.java:447)
	at com.alibaba.nacos.naming.misc.HttpClient.request(HttpClient.java:116)
	at com.alibaba.nacos.naming.misc.HttpClient.httpGet(HttpClient.java:79)
	at com.alibaba.nacos.naming.misc.NamingProxy.getAllData(NamingProxy.java:140)
	at com.alibaba.nacos.naming.consistency.ephemeral.distro.component.DistroHttpAgent.getDatumSnapshot(DistroHttpAgent.java:98)
	at com.alibaba.nacos.core.distributed.distro.task.load.DistroLoadDataTask.loadAllDataSnapshotFromRemote(DistroLoadDataTask.java:103)
	at com.alibaba.nacos.core.distributed.distro.task.load.DistroLoadDataTask.load(DistroLoadDataTask.java:87)
	at com.alibaba.nacos.core.distributed.distro.task.load.DistroLoadDataTask.run(DistroLoadDataTask.java:63)
	at java.util.concurrent.Executors$RunnableAdapter.call(Executors.java:511)
	at java.util.concurrent.FutureTask.run(FutureTask.java:266)
	at java.util.concurrent.ScheduledThreadPoolExecutor$ScheduledFutureTask.access$201(ScheduledThreadPoolExecutor.java:180)
	at java.util.concurrent.ScheduledThreadPoolExecutor$ScheduledFutureTask.run(ScheduledThreadPoolExecutor.java:293)
	at java.util.concurrent.ThreadPoolExecutor.runWorker(ThreadPoolExecutor.java:1149)
	at java.util.concurrent.ThreadPoolExecutor$Worker.run(ThreadPoolExecutor.java:624)
	at java.lang.Thread.run(Thread.java:748)
Caused by: java.net.ConnectException: Connection refused (Connection refused)
	at java.net.PlainSocketImpl.socketConnect(Native Method)
	at java.net.AbstractPlainSocketImpl.doConnect(AbstractPlainSocketImpl.java:350)
	at java.net.AbstractPlainSocketImpl.connectToAddress(AbstractPlainSocketImpl.java:206)
	at java.net.AbstractPlainSocketImpl.connect(AbstractPlainSocketImpl.java:188)
	at java.net.SocksSocketImpl.connect(SocksSocketImpl.java:392)
	at java.net.Socket.connect(Socket.java:607)
	at org.apache.http.conn.socket.PlainConnectionSocketFactory.connectSocket(PlainConnectionSocketFactory.java:75)
	at org.apache.http.impl.conn.DefaultHttpClientConnectionOperator.connect(DefaultHttpClientConnectionOperator.java:142)
	... 26 common frames omitted
2021-04-26 11:27:19,197 WARN [STATUS-SYNCHRONIZE] failed to request serverStatus, remote server: 192.168.100.13:8848

java.net.ConnectException: Connection refused
	at sun.nio.ch.SocketChannelImpl.checkConnect(Native Method)
	at sun.nio.ch.SocketChannelImpl.finishConnect(SocketChannelImpl.java:716)
	at org.apache.http.impl.nio.reactor.DefaultConnectingIOReactor.processEvent(DefaultConnectingIOReactor.java:174)
	at org.apache.http.impl.nio.reactor.DefaultConnectingIOReactor.processEvents(DefaultConnectingIOReactor.java:148)
	at org.apache.http.impl.nio.reactor.AbstractMultiworkerIOReactor.execute(AbstractMultiworkerIOReactor.java:351)
	at org.apache.http.impl.nio.conn.PoolingNHttpClientConnectionManager.execute(PoolingNHttpClientConnectionManager.java:194)
	at org.apache.http.impl.nio.client.CloseableHttpAsyncClientBase$1.run(CloseableHttpAsyncClientBase.java:64)
	at java.lang.Thread.run(Thread.java:748)
2021-04-26 11:27:19,207 WARN [STATUS-SYNCHRONIZE] failed to request serverStatus, remote server: 192.168.100.12:8848

java.net.ConnectException: Connection refused
	at sun.nio.ch.SocketChannelImpl.checkConnect(Native Method)
	at sun.nio.ch.SocketChannelImpl.finishConnect(SocketChannelImpl.java:716)
	at org.apache.http.impl.nio.reactor.DefaultConnectingIOReactor.processEvent(DefaultConnectingIOReactor.java:174)
	at org.apache.http.impl.nio.reactor.DefaultConnectingIOReactor.processEvents(DefaultConnectingIOReactor.java:148)
	at org.apache.http.impl.nio.reactor.AbstractMultiworkerIOReactor.execute(AbstractMultiworkerIOReactor.java:351)
	at org.apache.http.impl.nio.conn.PoolingNHttpClientConnectionManager.execute(PoolingNHttpClientConnectionManager.java:194)
	at org.apache.http.impl.nio.client.CloseableHttpAsyncClientBase$1.run(CloseableHttpAsyncClientBase.java:64)
	at java.lang.Thread.run(Thread.java:748)
2021-04-26 11:27:20,092 INFO upgrade check result false

2021-04-26 11:27:21,166 WARN Exception while request: http://192.168.100.13:8848/nacos/v1/ns/operator/cluster/state, caused: {}

org.apache.http.conn.HttpHostConnectException: Connect to 192.168.100.13:8848 [/192.168.100.13] failed: Connection refused (Connection refused)
	at org.apache.http.impl.conn.DefaultHttpClientConnectionOperator.connect(DefaultHttpClientConnectionOperator.java:156)
	at org.apache.http.impl.conn.PoolingHttpClientConnectionManager.connect(PoolingHttpClientConnectionManager.java:376)
	at org.apache.http.impl.execchain.MainClientExec.establishRoute(MainClientExec.java:393)
	at org.apache.http.impl.execchain.MainClientExec.execute(MainClientExec.java:236)
	at org.apache.http.impl.execchain.ProtocolExec.execute(ProtocolExec.java:186)
	at org.apache.http.impl.execchain.RetryExec.execute(RetryExec.java:89)
	at org.apache.http.impl.execchain.RedirectExec.execute(RedirectExec.java:110)
	at org.apache.http.impl.client.InternalHttpClient.doExecute(InternalHttpClient.java:185)
	at org.apache.http.impl.client.CloseableHttpClient.execute(CloseableHttpClient.java:83)
	at org.apache.http.impl.client.CloseableHttpClient.execute(CloseableHttpClient.java:108)
	at com.alibaba.nacos.common.http.client.request.DefaultHttpClientRequest.execute(DefaultHttpClientRequest.java:55)
	at com.alibaba.nacos.common.http.client.NacosRestTemplate.execute(NacosRestTemplate.java:482)
	at com.alibaba.nacos.common.http.client.NacosRestTemplate.exchange(NacosRestTemplate.java:447)
	at com.alibaba.nacos.naming.misc.HttpClient.request(HttpClient.java:116)
	at com.alibaba.nacos.naming.misc.HttpClient.httpGet(HttpClient.java:79)
	at com.alibaba.nacos.naming.misc.NamingProxy.reqCommon(NamingProxy.java:306)
	at com.alibaba.nacos.naming.cluster.ServerListManager$ServerInfoUpdater.run(ServerListManager.java:173)
	at java.util.concurrent.Executors$RunnableAdapter.call(Executors.java:511)
	at java.util.concurrent.FutureTask.runAndReset(FutureTask.java:308)
	at java.util.concurrent.ScheduledThreadPoolExecutor$ScheduledFutureTask.access$301(ScheduledThreadPoolExecutor.java:180)
	at java.util.concurrent.ScheduledThreadPoolExecutor$ScheduledFutureTask.run(ScheduledThreadPoolExecutor.java:294)
	at java.util.concurrent.ThreadPoolExecutor.runWorker(ThreadPoolExecutor.java:1149)
	at java.util.concurrent.ThreadPoolExecutor$Worker.run(ThreadPoolExecutor.java:624)
	at java.lang.Thread.run(Thread.java:748)
Caused by: java.net.ConnectException: Connection refused (Connection refused)
	at java.net.PlainSocketImpl.socketConnect(Native Method)
	at java.net.AbstractPlainSocketImpl.doConnect(AbstractPlainSocketImpl.java:350)
	at java.net.AbstractPlainSocketImpl.connectToAddress(AbstractPlainSocketImpl.java:206)
	at java.net.AbstractPlainSocketImpl.connect(AbstractPlainSocketImpl.java:188)
	at java.net.SocksSocketImpl.connect(SocksSocketImpl.java:392)
	at java.net.Socket.connect(Socket.java:607)
	at org.apache.http.conn.socket.PlainConnectionSocketFactory.connectSocket(PlainConnectionSocketFactory.java:75)
	at org.apache.http.impl.conn.DefaultHttpClientConnectionOperator.connect(DefaultHttpClientConnectionOperator.java:142)
	... 23 common frames omitted
2021-04-26 11:27:21,166 WARN NamingProxy

java.io.IOException: failed to req API:http://192.168.100.13:8848/nacos/v1/ns/operator/cluster/state. code:500 msg: org.apache.http.conn.HttpHostConnectException: Connect to 192.168.100.13:8848 [/192.168.100.13] failed: Connection refused (Connection refused)
	at com.alibaba.nacos.naming.misc.NamingProxy.reqCommon(NamingProxy.java:321)
	at com.alibaba.nacos.naming.cluster.ServerListManager$ServerInfoUpdater.run(ServerListManager.java:173)
	at java.util.concurrent.Executors$RunnableAdapter.call(Executors.java:511)
	at java.util.concurrent.FutureTask.runAndReset(FutureTask.java:308)
	at java.util.concurrent.ScheduledThreadPoolExecutor$ScheduledFutureTask.access$301(ScheduledThreadPoolExecutor.java:180)
	at java.util.concurrent.ScheduledThreadPoolExecutor$ScheduledFutureTask.run(ScheduledThreadPoolExecutor.java:294)
	at java.util.concurrent.ThreadPoolExecutor.runWorker(ThreadPoolExecutor.java:1149)
	at java.util.concurrent.ThreadPoolExecutor$Worker.run(ThreadPoolExecutor.java:624)
	at java.lang.Thread.run(Thread.java:748)
2021-04-26 11:27:21,244 WARN [STATUS-SYNCHRONIZE] failed to request serverStatus, remote server: 192.168.100.13:8848

java.net.ConnectException: Connection refused
	at sun.nio.ch.SocketChannelImpl.checkConnect(Native Method)
	at sun.nio.ch.SocketChannelImpl.finishConnect(SocketChannelImpl.java:716)
	at org.apache.http.impl.nio.reactor.DefaultConnectingIOReactor.processEvent(DefaultConnectingIOReactor.java:174)
	at org.apache.http.impl.nio.reactor.DefaultConnectingIOReactor.processEvents(DefaultConnectingIOReactor.java:148)
	at org.apache.http.impl.nio.reactor.AbstractMultiworkerIOReactor.execute(AbstractMultiworkerIOReactor.java:351)
	at org.apache.http.impl.nio.conn.PoolingNHttpClientConnectionManager.execute(PoolingNHttpClientConnectionManager.java:194)
	at org.apache.http.impl.nio.client.CloseableHttpAsyncClientBase$1.run(CloseableHttpAsyncClientBase.java:64)
	at java.lang.Thread.run(Thread.java:748)
2021-04-26 11:27:21,244 WARN [STATUS-SYNCHRONIZE] failed to request serverStatus, remote server: 192.168.100.12:8848

java.net.ConnectException: Connection refused
	at sun.nio.ch.SocketChannelImpl.checkConnect(Native Method)
	at sun.nio.ch.SocketChannelImpl.finishConnect(SocketChannelImpl.java:716)
	at org.apache.http.impl.nio.reactor.DefaultConnectingIOReactor.processEvent(DefaultConnectingIOReactor.java:174)
	at org.apache.http.impl.nio.reactor.DefaultConnectingIOReactor.processEvents(DefaultConnectingIOReactor.java:148)
	at org.apache.http.impl.nio.reactor.AbstractMultiworkerIOReactor.execute(AbstractMultiworkerIOReactor.java:351)
	at org.apache.http.impl.nio.conn.PoolingNHttpClientConnectionManager.execute(PoolingNHttpClientConnectionManager.java:194)
	at org.apache.http.impl.nio.client.CloseableHttpAsyncClientBase$1.run(CloseableHttpAsyncClientBase.java:64)
	at java.lang.Thread.run(Thread.java:748)
2021-04-26 11:27:23,215 WARN Exception while request: http://192.168.100.12:8848/nacos/v1/ns/operator/cluster/state, caused: {}

org.apache.http.conn.HttpHostConnectException: Connect to 192.168.100.12:8848 [/192.168.100.12] failed: Connection refused (Connection refused)
	at org.apache.http.impl.conn.DefaultHttpClientConnectionOperator.connect(DefaultHttpClientConnectionOperator.java:156)
	at org.apache.http.impl.conn.PoolingHttpClientConnectionManager.connect(PoolingHttpClientConnectionManager.java:376)
	at org.apache.http.impl.execchain.MainClientExec.establishRoute(MainClientExec.java:393)
	at org.apache.http.impl.execchain.MainClientExec.execute(MainClientExec.java:236)
	at org.apache.http.impl.execchain.ProtocolExec.execute(ProtocolExec.java:186)
	at org.apache.http.impl.execchain.RetryExec.execute(RetryExec.java:89)
	at org.apache.http.impl.execchain.RedirectExec.execute(RedirectExec.java:110)
	at org.apache.http.impl.client.InternalHttpClient.doExecute(InternalHttpClient.java:185)
	at org.apache.http.impl.client.CloseableHttpClient.execute(CloseableHttpClient.java:83)
	at org.apache.http.impl.client.CloseableHttpClient.execute(CloseableHttpClient.java:108)
	at com.alibaba.nacos.common.http.client.request.DefaultHttpClientRequest.execute(DefaultHttpClientRequest.java:55)
	at com.alibaba.nacos.common.http.client.NacosRestTemplate.execute(NacosRestTemplate.java:482)
	at com.alibaba.nacos.common.http.client.NacosRestTemplate.exchange(NacosRestTemplate.java:447)
	at com.alibaba.nacos.naming.misc.HttpClient.request(HttpClient.java:116)
	at com.alibaba.nacos.naming.misc.HttpClient.httpGet(HttpClient.java:79)
	at com.alibaba.nacos.naming.misc.NamingProxy.reqCommon(NamingProxy.java:306)
	at com.alibaba.nacos.naming.cluster.ServerListManager$ServerInfoUpdater.run(ServerListManager.java:173)
	at java.util.concurrent.Executors$RunnableAdapter.call(Executors.java:511)
	at java.util.concurrent.FutureTask.runAndReset(FutureTask.java:308)
	at java.util.concurrent.ScheduledThreadPoolExecutor$ScheduledFutureTask.access$301(ScheduledThreadPoolExecutor.java:180)
	at java.util.concurrent.ScheduledThreadPoolExecutor$ScheduledFutureTask.run(ScheduledThreadPoolExecutor.java:294)
	at java.util.concurrent.ThreadPoolExecutor.runWorker(ThreadPoolExecutor.java:1149)
	at java.util.concurrent.ThreadPoolExecutor$Worker.run(ThreadPoolExecutor.java:624)
	at java.lang.Thread.run(Thread.java:748)
Caused by: java.net.ConnectException: Connection refused (Connection refused)
	at java.net.PlainSocketImpl.socketConnect(Native Method)
	at java.net.AbstractPlainSocketImpl.doConnect(AbstractPlainSocketImpl.java:350)
	at java.net.AbstractPlainSocketImpl.connectToAddress(AbstractPlainSocketImpl.java:206)
	at java.net.AbstractPlainSocketImpl.connect(AbstractPlainSocketImpl.java:188)
	at java.net.SocksSocketImpl.connect(SocksSocketImpl.java:392)
	at java.net.Socket.connect(Socket.java:607)
	at org.apache.http.conn.socket.PlainConnectionSocketFactory.connectSocket(PlainConnectionSocketFactory.java:75)
	at org.apache.http.impl.conn.DefaultHttpClientConnectionOperator.connect(DefaultHttpClientConnectionOperator.java:142)
	... 23 common frames omitted
2021-04-26 11:27:23,216 WARN NamingProxy

java.io.IOException: failed to req API:http://192.168.100.12:8848/nacos/v1/ns/operator/cluster/state. code:500 msg: org.apache.http.conn.HttpHostConnectException: Connect to 192.168.100.12:8848 [/192.168.100.12] failed: Connection refused (Connection refused)
	at com.alibaba.nacos.naming.misc.NamingProxy.reqCommon(NamingProxy.java:321)
	at com.alibaba.nacos.naming.cluster.ServerListManager$ServerInfoUpdater.run(ServerListManager.java:173)
	at java.util.concurrent.Executors$RunnableAdapter.call(Executors.java:511)
	at java.util.concurrent.FutureTask.runAndReset(FutureTask.java:308)
	at java.util.concurrent.ScheduledThreadPoolExecutor$ScheduledFutureTask.access$301(ScheduledThreadPoolExecutor.java:180)
	at java.util.concurrent.ScheduledThreadPoolExecutor$ScheduledFutureTask.run(ScheduledThreadPoolExecutor.java:294)
	at java.util.concurrent.ThreadPoolExecutor.runWorker(ThreadPoolExecutor.java:1149)
	at java.util.concurrent.ThreadPoolExecutor$Worker.run(ThreadPoolExecutor.java:624)
	at java.lang.Thread.run(Thread.java:748)
2021-04-26 11:27:23,296 WARN [STATUS-SYNCHRONIZE] failed to request serverStatus, remote server: 192.168.100.13:8848

java.net.ConnectException: Connection refused
	at sun.nio.ch.SocketChannelImpl.checkConnect(Native Method)
	at sun.nio.ch.SocketChannelImpl.finishConnect(SocketChannelImpl.java:716)
	at org.apache.http.impl.nio.reactor.DefaultConnectingIOReactor.processEvent(DefaultConnectingIOReactor.java:174)
	at org.apache.http.impl.nio.reactor.DefaultConnectingIOReactor.processEvents(DefaultConnectingIOReactor.java:148)
	at org.apache.http.impl.nio.reactor.AbstractMultiworkerIOReactor.execute(AbstractMultiworkerIOReactor.java:351)
	at org.apache.http.impl.nio.conn.PoolingNHttpClientConnectionManager.execute(PoolingNHttpClientConnectionManager.java:194)
	at org.apache.http.impl.nio.client.CloseableHttpAsyncClientBase$1.run(CloseableHttpAsyncClientBase.java:64)
	at java.lang.Thread.run(Thread.java:748)
2021-04-26 11:27:23,318 WARN [STATUS-SYNCHRONIZE] failed to request serverStatus, remote server: 192.168.100.12:8848

java.net.ConnectException: Connection refused
	at sun.nio.ch.SocketChannelImpl.checkConnect(Native Method)
	at sun.nio.ch.SocketChannelImpl.finishConnect(SocketChannelImpl.java:716)
	at org.apache.http.impl.nio.reactor.DefaultConnectingIOReactor.processEvent(DefaultConnectingIOReactor.java:174)
	at org.apache.http.impl.nio.reactor.DefaultConnectingIOReactor.processEvents(DefaultConnectingIOReactor.java:148)
	at org.apache.http.impl.nio.reactor.AbstractMultiworkerIOReactor.execute(AbstractMultiworkerIOReactor.java:351)
	at org.apache.http.impl.nio.conn.PoolingNHttpClientConnectionManager.execute(PoolingNHttpClientConnectionManager.java:194)
	at org.apache.http.impl.nio.client.CloseableHttpAsyncClientBase$1.run(CloseableHttpAsyncClientBase.java:64)
	at java.lang.Thread.run(Thread.java:748)
2021-04-26 11:27:25,077 INFO upgrade check result false

2021-04-26 11:27:25,630 INFO receive config info: unknown#192.168.100.13:8848#1619407645420#3


2021-04-26 11:27:25,631 INFO receive config info: unknown#192.168.100.12:8848#1619407645408#3


2021-04-26 11:27:27,430 INFO receive config info: unknown#192.168.100.12:8848#1619407647414#3


2021-04-26 11:27:27,469 INFO receive config info: unknown#192.168.100.13:8848#1619407647434#3


2021-04-26 11:27:29,431 INFO receive config info: unknown#192.168.100.12:8848#1619407649421#3


2021-04-26 11:27:29,467 INFO receive config info: unknown#192.168.100.13:8848#1619407649452#3


2021-04-26 11:27:30,077 INFO upgrade check result false

2021-04-26 11:27:31,429 INFO receive config info: unknown#192.168.100.12:8848#1619407651425#3


2021-04-26 11:27:31,497 INFO member change, new members [Member{ip='192.168.100.13', port=8848, state=UP, extendInfo={lastRefreshTime=1619407651497, naming={voteFor=192.168.100.13:8848, ip=192.168.100.13:8848, heartbeatDueMs=5000, term=2, leaderDueMs=16843, state=LEADER}, raftMetaData={metaDataMap={nacos_config={leader=192.168.100.12:7848, raftGroupMember=[192.168.100.13:7848, 192.168.100.11:7848, 192.168.100.12:7848], term=1}, naming_instance_metadata={leader=192.168.100.12:7848, raftGroupMember=[192.168.100.13:7848, 192.168.100.11:7848, 192.168.100.12:7848], term=1}, naming_persistent_service={leader=192.168.100.12:7848, raftGroupMember=[192.168.100.13:7848, 192.168.100.11:7848, 192.168.100.12:7848], term=1}, naming_persistent_service_v2={leader=192.168.100.11:7848, raftGroupMember=[192.168.100.13:7848, 192.168.100.11:7848, 192.168.100.12:7848], term=1}, naming_service_metadata={leader=192.168.100.13:7848, raftGroupMember=[192.168.100.13:7848, 192.168.100.11:7848, 192.168.100.12:7848], term=2}}}, raftPort=7848, readyToUpgrade=true, version=2.0.0}}, Member{ip='192.168.100.12', port=8848, state=UP, extendInfo={lastRefreshTime=1619407651430, naming={voteFor=192.168.100.13:8848, ip=192.168.100.12:8848, heartbeatDueMs=2000, term=2, leaderDueMs=15318, state=FOLLOWER}, raftPort=7848, site=unknown, weight=3}}, Member{ip='192.168.100.11', port=8848, state=UP, extendInfo={lastRefreshTime=1619407648988, raftMetaData=com.alibaba.nacos.consistency.ProtocolMetaData@49a0f4b8, raftPort=7848, readyToUpgrade=true, version=2.0.0}}]

2021-04-26 11:27:31,706 INFO [NACOS-DISTRO] healthy server list changed, old: [192.168.100.11:8848, 192.168.100.12:8848, 192.168.100.13:8848], new: [192.168.100.11:8848, 192.168.100.12:8848, 192.168.100.13:8848]

2021-04-26 11:27:32,797 INFO member change, new members [Member{ip='192.168.100.13', port=8848, state=UP, extendInfo={lastRefreshTime=1619407651497, naming={voteFor=192.168.100.13:8848, ip=192.168.100.13:8848, heartbeatDueMs=5000, term=2, leaderDueMs=16843, state=LEADER}, raftMetaData={metaDataMap={nacos_config={leader=192.168.100.12:7848, raftGroupMember=[192.168.100.13:7848, 192.168.100.11:7848, 192.168.100.12:7848], term=1}, naming_instance_metadata={leader=192.168.100.12:7848, raftGroupMember=[192.168.100.13:7848, 192.168.100.11:7848, 192.168.100.12:7848], term=1}, naming_persistent_service={leader=192.168.100.12:7848, raftGroupMember=[192.168.100.13:7848, 192.168.100.11:7848, 192.168.100.12:7848], term=1}, naming_persistent_service_v2={leader=192.168.100.11:7848, raftGroupMember=[192.168.100.13:7848, 192.168.100.11:7848, 192.168.100.12:7848], term=1}, naming_service_metadata={leader=192.168.100.13:7848, raftGroupMember=[192.168.100.13:7848, 192.168.100.11:7848, 192.168.100.12:7848], term=2}}}, raftPort=7848, readyToUpgrade=true, version=2.0.0}}, Member{ip='192.168.100.12', port=8848, state=UP, extendInfo={lastRefreshTime=1619407652797, naming={voteFor=192.168.100.13:8848, ip=192.168.100.12:8848, heartbeatDueMs=5000, term=2, leaderDueMs=17804, state=FOLLOWER}, raftMetaData={metaDataMap={nacos_config={leader=192.168.100.12:7848, raftGroupMember=[192.168.100.13:7848, 192.168.100.11:7848, 192.168.100.12:7848], term=1}, naming_instance_metadata={leader=192.168.100.12:7848, raftGroupMember=[192.168.100.13:7848, 192.168.100.11:7848, 192.168.100.12:7848], term=1}, naming_persistent_service={leader=192.168.100.12:7848, raftGroupMember=[192.168.100.13:7848, 192.168.100.11:7848, 192.168.100.12:7848], term=1}, naming_persistent_service_v2={leader=192.168.100.11:7848, raftGroupMember=[192.168.100.13:7848, 192.168.100.11:7848, 192.168.100.12:7848], term=1}, naming_service_metadata={leader=192.168.100.13:7848, raftGroupMember=[192.168.100.13:7848, 192.168.100.11:7848, 192.168.100.12:7848], term=2}}}, raftPort=7848, readyToUpgrade=true, version=2.0.0}}, Member{ip='192.168.100.11', port=8848, state=UP, extendInfo={lastRefreshTime=1619407652077, naming={voteFor=192.168.100.13:8848, ip=192.168.100.11:8848, heartbeatDueMs=5000, term=2, leaderDueMs=16549, state=FOLLOWER}, raftMetaData=com.alibaba.nacos.consistency.ProtocolMetaData@49a0f4b8, raftPort=7848, readyToUpgrade=true, version=2.0.0}}]

2021-04-26 11:27:32,936 INFO [NACOS-DISTRO] healthy server list changed, old: [192.168.100.11:8848, 192.168.100.12:8848, 192.168.100.13:8848], new: [192.168.100.11:8848, 192.168.100.12:8848, 192.168.100.13:8848]

2021-04-26 11:27:35,077 INFO upgrade check result true

2021-04-26 11:27:35,077 INFO Upgrade to 2.0.X

