
         ,--.
       ,--.'|
   ,--,:  : |                                           Nacos 2.0.0
,`--.'`|  ' :                       ,---.               Running in cluster mode, All function modules
|   :  :  | |                      '   ,'\   .--.--.    Port: 8848
:   |   \ | :  ,--.--.     ,---.  /   /   | /  /    '   Pid: 29
|   : '  '; | /       \   /     \.   ; ,. :|  :  /`./   Console: http://nacos2:8848/nacos/index.html
'   ' ;.    ;.--.  .-. | /    / ''   | |: :|  :  ;_
|   | | \   | \__\/: . ..    ' / '   | .; : \  \    `.      https://nacos.io
'   : |  ; .' ," .--.; |'   ; :__|   :    |  `----.   \
|   | '`--'  /  /  ,.  |'   | '.'|\   \  /  /  /`--'  /
'   : |     ;  :   .'   \   :    : `----'  '--'.     /
;   |.'     |  ,     .-./\   \  /            `--'---'
'---'        `--`---'     `----'

2021-04-26 11:04:26,694 INFO The server IP list of Nacos is [nacos1:8848, nacos2:8848, nacos3:8848]

2021-04-26 11:04:27,697 INFO Nacos is starting...

2021-04-26 11:04:28,699 INFO Nacos is starting...

2021-04-26 11:04:29,701 INFO Nacos is starting...

2021-04-26 11:04:30,716 INFO Nacos is starting...

2021-04-26 11:04:31,732 INFO Nacos is starting...

2021-04-26 11:04:32,735 INFO Nacos is starting...

2021-04-26 11:04:33,737 INFO Nacos is starting...

2021-04-26 11:04:34,739 INFO Nacos is starting...

2021-04-26 11:04:35,740 INFO Nacos is starting...

2021-04-26 11:04:36,741 INFO Nacos is starting...

2021-04-26 11:04:37,317 WARN There are no [com.alibaba.nacos.config.server.model.event.LocalDataChangeEvent] publishers for this event, please register

2021-04-26 11:04:37,324 WARN There are no [com.alibaba.nacos.config.server.model.event.LocalDataChangeEvent] publishers for this event, please register

2021-04-26 11:04:37,747 INFO Nacos is starting...

2021-04-26 11:04:38,748 INFO Nacos is starting...

2021-04-26 11:04:39,751 INFO Nacos is starting...

2021-04-26 11:04:40,732 INFO Nacos is starting...

2021-04-26 11:04:41,360 INFO Nacos started successfully in cluster mode. use embedded storage

