2021-04-26 11:27:15,452 INFO Connection check task start

2021-04-26 11:27:15,460 INFO Total count =0, sdkCount=0,clusterCount=0, currentLimit=-1, toExpelCount=0

2021-04-26 11:27:15,462 INFO Check over limit for ip limit rule, over limit ip count=0

2021-04-26 11:27:15,467 INFO Out dated connection ,size=0

2021-04-26 11:27:15,476 INFO Connection check task end

2021-04-26 11:27:18,483 INFO Connection check task start

2021-04-26 11:27:18,496 INFO Total count =0, sdkCount=0,clusterCount=0, currentLimit=-1, toExpelCount=0

2021-04-26 11:27:18,498 INFO Check over limit for ip limit rule, over limit ip count=0

2021-04-26 11:27:18,501 INFO Out dated connection ,size=0

2021-04-26 11:27:18,502 INFO Connection check task end

2021-04-26 11:27:21,506 INFO Connection check task start

2021-04-26 11:27:21,510 INFO Total count =0, sdkCount=0,clusterCount=0, currentLimit=-1, toExpelCount=0

2021-04-26 11:27:21,513 INFO Check over limit for ip limit rule, over limit ip count=0

2021-04-26 11:27:21,517 INFO Out dated connection ,size=0

2021-04-26 11:27:21,522 INFO Connection check task end

2021-04-26 11:27:24,532 INFO Connection check task start

2021-04-26 11:27:24,544 INFO Total count =0, sdkCount=0,clusterCount=0, currentLimit=-1, toExpelCount=0

2021-04-26 11:27:24,545 INFO Check over limit for ip limit rule, over limit ip count=0

2021-04-26 11:27:24,546 INFO Out dated connection ,size=0

2021-04-26 11:27:24,546 INFO Connection check task end

2021-04-26 11:27:27,548 INFO Connection check task start

2021-04-26 11:27:27,726 INFO Total count =0, sdkCount=0,clusterCount=0, currentLimit=-1, toExpelCount=0

2021-04-26 11:27:27,729 INFO Check over limit for ip limit rule, over limit ip count=0

2021-04-26 11:27:27,729 INFO Out dated connection ,size=0

2021-04-26 11:27:27,730 INFO Connection check task end

2021-04-26 11:27:29,581 INFO Connection transportReady,connectionId = 1619407649581_192.168.100.12_40396 

2021-04-26 11:27:29,678 INFO new connection registered successfully, connectionId = 1619407649581_192.168.100.12_40396,connection=com.alibaba.nacos.core.remote.grpc.GrpcConnection@6fe2bef6[streamObserver=io.grpc.stub.ServerCalls$ServerCallStreamObserverImpl@3ed99e34,channel=[id: 0xc08e3699, L:/192.168.100.13:9849 - R:/192.168.100.12:40396],traced=false,abilities=<null>,metaInfo=com.alibaba.nacos.core.remote.ConnectionMeta@559db4cb[connectType=GRPC,clientIp=192.168.100.12,remoteIp=192.168.100.12,remotePort=40396,localPort=9849,version=Nacos-Java-Client:v2.0.0,connectionId=1619407649581_192.168.100.12_40396,createTime=Mon Apr 26 11:27:29 CST 2021,lastActiveTime=1619407649655,appName=-,tenant=<null>,labels={source=cluster}]] 

2021-04-26 11:27:30,731 INFO Connection check task start

2021-04-26 11:27:30,733 INFO Total count =1, sdkCount=0,clusterCount=1, currentLimit=-1, toExpelCount=0

2021-04-26 11:27:30,734 INFO Check over limit for ip limit rule, over limit ip count=0

2021-04-26 11:27:30,735 INFO Out dated connection ,size=0

2021-04-26 11:27:30,736 INFO Connection check task end

2021-04-26 11:27:31,575 INFO Connection transportReady,connectionId = 1619407651575_192.168.100.11_41792 

2021-04-26 11:27:31,597 INFO new connection registered successfully, connectionId = 1619407651575_192.168.100.11_41792,connection=com.alibaba.nacos.core.remote.grpc.GrpcConnection@369a51d[streamObserver=io.grpc.stub.ServerCalls$ServerCallStreamObserverImpl@75621a8,channel=[id: 0xa40b1e8a, L:/192.168.100.13:9849 - R:/192.168.100.11:41792],traced=false,abilities=<null>,metaInfo=com.alibaba.nacos.core.remote.ConnectionMeta@4254af26[connectType=GRPC,clientIp=192.168.100.11,remoteIp=192.168.100.11,remotePort=41792,localPort=9849,version=Nacos-Java-Client:v2.0.0,connectionId=1619407651575_192.168.100.11_41792,createTime=Mon Apr 26 11:27:31 CST 2021,lastActiveTime=1619407651597,appName=-,tenant=<null>,labels={source=cluster}]] 

2021-04-26 11:27:33,737 INFO Connection check task start

2021-04-26 11:27:33,740 INFO Total count =2, sdkCount=0,clusterCount=2, currentLimit=-1, toExpelCount=0

2021-04-26 11:27:33,741 INFO Check over limit for ip limit rule, over limit ip count=0

2021-04-26 11:27:33,741 INFO Out dated connection ,size=0

2021-04-26 11:27:33,742 INFO Connection check task end

2021-04-26 11:27:36,743 INFO Connection check task start

2021-04-26 11:27:36,745 INFO Total count =2, sdkCount=0,clusterCount=2, currentLimit=-1, toExpelCount=0

2021-04-26 11:27:36,746 INFO Check over limit for ip limit rule, over limit ip count=0

2021-04-26 11:27:36,747 INFO Out dated connection ,size=0

2021-04-26 11:27:36,747 INFO Connection check task end

2021-04-26 11:27:39,728 INFO Connection check task start

2021-04-26 11:27:39,730 INFO Total count =2, sdkCount=0,clusterCount=2, currentLimit=-1, toExpelCount=0

2021-04-26 11:27:39,731 INFO Check over limit for ip limit rule, over limit ip count=0

2021-04-26 11:27:39,732 INFO Out dated connection ,size=0

2021-04-26 11:27:39,733 INFO Connection check task end

2021-04-26 11:27:42,734 INFO Connection check task start

2021-04-26 11:27:42,736 INFO Total count =2, sdkCount=0,clusterCount=2, currentLimit=-1, toExpelCount=0

2021-04-26 11:27:42,737 INFO Check over limit for ip limit rule, over limit ip count=0

2021-04-26 11:27:42,738 INFO Out dated connection ,size=0

2021-04-26 11:27:42,739 INFO Connection check task end

2021-04-26 11:27:45,740 INFO Connection check task start

2021-04-26 11:27:45,743 INFO Total count =2, sdkCount=0,clusterCount=2, currentLimit=-1, toExpelCount=0

2021-04-26 11:27:45,744 INFO Check over limit for ip limit rule, over limit ip count=0

2021-04-26 11:27:45,745 INFO Out dated connection ,size=0

2021-04-26 11:27:45,746 INFO Connection check task end

2021-04-26 11:27:48,746 INFO Connection check task start

2021-04-26 11:27:48,749 INFO Total count =2, sdkCount=0,clusterCount=2, currentLimit=-1, toExpelCount=0

2021-04-26 11:27:48,750 INFO Check over limit for ip limit rule, over limit ip count=0

2021-04-26 11:27:48,750 INFO Out dated connection ,size=0

2021-04-26 11:27:48,751 INFO Connection check task end

2021-04-26 11:27:51,752 INFO Connection check task start

2021-04-26 11:27:51,754 INFO Total count =2, sdkCount=0,clusterCount=2, currentLimit=-1, toExpelCount=0

2021-04-26 11:27:51,756 INFO Check over limit for ip limit rule, over limit ip count=0

2021-04-26 11:27:51,756 INFO Out dated connection ,size=0

2021-04-26 11:27:51,757 INFO Connection check task end

2021-04-26 11:27:54,758 INFO Connection check task start

2021-04-26 11:27:54,761 INFO Total count =2, sdkCount=0,clusterCount=2, currentLimit=-1, toExpelCount=0

2021-04-26 11:27:54,761 INFO Check over limit for ip limit rule, over limit ip count=0

2021-04-26 11:27:54,762 INFO Out dated connection ,size=0

2021-04-26 11:27:54,763 INFO Connection check task end

2021-04-26 11:27:57,764 INFO Connection check task start

2021-04-26 11:27:57,765 INFO Total count =2, sdkCount=0,clusterCount=2, currentLimit=-1, toExpelCount=0

2021-04-26 11:27:57,766 INFO Check over limit for ip limit rule, over limit ip count=0

2021-04-26 11:27:57,767 INFO Out dated connection ,size=0

2021-04-26 11:27:57,768 INFO Connection check task end

2021-04-26 11:28:00,769 INFO Connection check task start

2021-04-26 11:28:00,771 INFO Total count =2, sdkCount=0,clusterCount=2, currentLimit=-1, toExpelCount=0

2021-04-26 11:28:00,772 INFO Check over limit for ip limit rule, over limit ip count=0

2021-04-26 11:28:00,772 INFO Out dated connection ,size=0

2021-04-26 11:28:00,773 INFO Connection check task end

2021-04-26 11:28:03,774 INFO Connection check task start

2021-04-26 11:28:03,777 INFO Total count =2, sdkCount=0,clusterCount=2, currentLimit=-1, toExpelCount=0

2021-04-26 11:28:03,778 INFO Check over limit for ip limit rule, over limit ip count=0

2021-04-26 11:28:03,778 INFO Out dated connection ,size=0

2021-04-26 11:28:03,779 INFO Connection check task end

2021-04-26 11:28:06,780 INFO Connection check task start

2021-04-26 11:28:06,782 INFO Total count =2, sdkCount=0,clusterCount=2, currentLimit=-1, toExpelCount=0

2021-04-26 11:28:06,783 INFO Check over limit for ip limit rule, over limit ip count=0

2021-04-26 11:28:06,784 INFO Out dated connection ,size=0

2021-04-26 11:28:06,784 INFO Connection check task end

2021-04-26 11:28:09,764 INFO Connection check task start

2021-04-26 11:28:09,766 INFO Total count =2, sdkCount=0,clusterCount=2, currentLimit=-1, toExpelCount=0

2021-04-26 11:28:09,767 INFO Check over limit for ip limit rule, over limit ip count=0

2021-04-26 11:28:09,768 INFO Out dated connection ,size=0

2021-04-26 11:28:09,768 INFO Connection check task end

2021-04-26 11:28:12,769 INFO Connection check task start

2021-04-26 11:28:12,771 INFO Total count =2, sdkCount=0,clusterCount=2, currentLimit=-1, toExpelCount=0

2021-04-26 11:28:12,771 INFO Check over limit for ip limit rule, over limit ip count=0

2021-04-26 11:28:12,772 INFO Out dated connection ,size=0

2021-04-26 11:28:12,772 INFO Connection check task end

2021-04-26 11:28:15,774 INFO Connection check task start

2021-04-26 11:28:15,775 INFO Total count =2, sdkCount=0,clusterCount=2, currentLimit=-1, toExpelCount=0

2021-04-26 11:28:15,776 INFO Check over limit for ip limit rule, over limit ip count=0

2021-04-26 11:28:15,777 INFO Out dated connection ,size=0

2021-04-26 11:28:15,778 INFO Connection check task end

2021-04-26 11:28:18,779 INFO Connection check task start

2021-04-26 11:28:18,781 INFO Total count =2, sdkCount=0,clusterCount=2, currentLimit=-1, toExpelCount=0

2021-04-26 11:28:18,782 INFO Check over limit for ip limit rule, over limit ip count=0

2021-04-26 11:28:18,782 INFO Out dated connection ,size=0

2021-04-26 11:28:18,783 INFO Connection check task end

2021-04-26 11:28:21,784 INFO Connection check task start

2021-04-26 11:28:21,786 INFO Total count =2, sdkCount=0,clusterCount=2, currentLimit=-1, toExpelCount=0

2021-04-26 11:28:21,787 INFO Check over limit for ip limit rule, over limit ip count=0

2021-04-26 11:28:21,787 INFO Out dated connection ,size=0

2021-04-26 11:28:21,788 INFO Connection check task end

2021-04-26 11:28:24,789 INFO Connection check task start

2021-04-26 11:28:24,792 INFO Total count =2, sdkCount=0,clusterCount=2, currentLimit=-1, toExpelCount=0

2021-04-26 11:28:24,792 INFO Check over limit for ip limit rule, over limit ip count=0

2021-04-26 11:28:24,793 INFO Out dated connection ,size=0

2021-04-26 11:28:24,794 INFO Connection check task end

2021-04-26 11:28:27,795 INFO Connection check task start

2021-04-26 11:28:27,797 INFO Total count =2, sdkCount=0,clusterCount=2, currentLimit=-1, toExpelCount=0

2021-04-26 11:28:27,798 INFO Check over limit for ip limit rule, over limit ip count=0

2021-04-26 11:28:27,798 INFO Out dated connection ,size=0

2021-04-26 11:28:27,799 INFO Connection check task end

2021-04-26 11:28:30,800 INFO Connection check task start

2021-04-26 11:28:30,801 INFO Total count =2, sdkCount=0,clusterCount=2, currentLimit=-1, toExpelCount=0

2021-04-26 11:28:30,801 INFO Check over limit for ip limit rule, over limit ip count=0

2021-04-26 11:28:30,802 INFO Out dated connection ,size=0

2021-04-26 11:28:30,802 INFO Connection check task end

2021-04-26 11:28:33,803 INFO Connection check task start

2021-04-26 11:28:33,804 INFO Total count =2, sdkCount=0,clusterCount=2, currentLimit=-1, toExpelCount=0

2021-04-26 11:28:33,805 INFO Check over limit for ip limit rule, over limit ip count=0

2021-04-26 11:28:33,806 INFO Out dated connection ,size=0

2021-04-26 11:28:33,806 INFO Connection check task end

2021-04-26 11:28:36,808 INFO Connection check task start

2021-04-26 11:28:36,809 INFO Total count =2, sdkCount=0,clusterCount=2, currentLimit=-1, toExpelCount=0

2021-04-26 11:28:36,809 INFO Check over limit for ip limit rule, over limit ip count=0

2021-04-26 11:28:36,810 INFO Out dated connection ,size=0

2021-04-26 11:28:36,810 INFO Connection check task end

2021-04-26 11:28:39,790 INFO Connection check task start

2021-04-26 11:28:39,794 INFO Total count =2, sdkCount=0,clusterCount=2, currentLimit=-1, toExpelCount=0

2021-04-26 11:28:39,795 INFO Check over limit for ip limit rule, over limit ip count=0

2021-04-26 11:28:39,795 INFO Out dated connection ,size=0

2021-04-26 11:28:39,796 INFO Connection check task end

2021-04-26 11:28:42,797 INFO Connection check task start

2021-04-26 11:28:42,800 INFO Total count =2, sdkCount=0,clusterCount=2, currentLimit=-1, toExpelCount=0

2021-04-26 11:28:42,800 INFO Check over limit for ip limit rule, over limit ip count=0

2021-04-26 11:28:42,801 INFO Out dated connection ,size=0

2021-04-26 11:28:42,802 INFO Connection check task end

2021-04-26 11:28:45,803 INFO Connection check task start

2021-04-26 11:28:45,806 INFO Total count =2, sdkCount=0,clusterCount=2, currentLimit=-1, toExpelCount=0

2021-04-26 11:28:45,807 INFO Check over limit for ip limit rule, over limit ip count=0

2021-04-26 11:28:45,808 INFO Out dated connection ,size=0

2021-04-26 11:28:45,809 INFO Connection check task end

2021-04-26 11:28:48,810 INFO Connection check task start

2021-04-26 11:28:48,811 INFO Total count =2, sdkCount=0,clusterCount=2, currentLimit=-1, toExpelCount=0

2021-04-26 11:28:48,812 INFO Check over limit for ip limit rule, over limit ip count=0

2021-04-26 11:28:48,812 INFO Out dated connection ,size=0

2021-04-26 11:28:48,812 INFO Connection check task end

2021-04-26 11:28:51,813 INFO Connection check task start

2021-04-26 11:28:51,815 INFO Total count =2, sdkCount=0,clusterCount=2, currentLimit=-1, toExpelCount=0

2021-04-26 11:28:51,816 INFO Check over limit for ip limit rule, over limit ip count=0

2021-04-26 11:28:51,816 INFO Out dated connection ,size=0

2021-04-26 11:28:51,817 INFO Connection check task end

2021-04-26 11:28:54,817 INFO Connection check task start

2021-04-26 11:28:54,818 INFO Total count =2, sdkCount=0,clusterCount=2, currentLimit=-1, toExpelCount=0

2021-04-26 11:28:54,819 INFO Check over limit for ip limit rule, over limit ip count=0

2021-04-26 11:28:54,819 INFO Out dated connection ,size=0

2021-04-26 11:28:54,820 INFO Connection check task end

2021-04-26 11:28:57,820 INFO Connection check task start

2021-04-26 11:28:57,821 INFO Total count =2, sdkCount=0,clusterCount=2, currentLimit=-1, toExpelCount=0

2021-04-26 11:28:57,822 INFO Check over limit for ip limit rule, over limit ip count=0

2021-04-26 11:28:57,822 INFO Out dated connection ,size=0

2021-04-26 11:28:57,823 INFO Connection check task end

2021-04-26 11:29:00,824 INFO Connection check task start

2021-04-26 11:29:00,825 INFO Total count =2, sdkCount=0,clusterCount=2, currentLimit=-1, toExpelCount=0

2021-04-26 11:29:00,825 INFO Check over limit for ip limit rule, over limit ip count=0

2021-04-26 11:29:00,826 INFO Out dated connection ,size=0

2021-04-26 11:29:00,826 INFO Connection check task end

2021-04-26 11:29:03,827 INFO Connection check task start

2021-04-26 11:29:03,829 INFO Total count =2, sdkCount=0,clusterCount=2, currentLimit=-1, toExpelCount=0

2021-04-26 11:29:03,830 INFO Check over limit for ip limit rule, over limit ip count=0

2021-04-26 11:29:03,831 INFO Out dated connection ,size=0

2021-04-26 11:29:03,832 INFO Connection check task end

2021-04-26 11:29:06,833 INFO Connection check task start

2021-04-26 11:29:06,835 INFO Total count =2, sdkCount=0,clusterCount=2, currentLimit=-1, toExpelCount=0

2021-04-26 11:29:06,836 INFO Check over limit for ip limit rule, over limit ip count=0

2021-04-26 11:29:06,836 INFO Out dated connection ,size=0

2021-04-26 11:29:06,837 INFO Connection check task end

2021-04-26 11:29:09,816 INFO Connection check task start

2021-04-26 11:29:09,818 INFO Total count =2, sdkCount=0,clusterCount=2, currentLimit=-1, toExpelCount=0

2021-04-26 11:29:09,819 INFO Check over limit for ip limit rule, over limit ip count=0

2021-04-26 11:29:09,819 INFO Out dated connection ,size=0

2021-04-26 11:29:09,820 INFO Connection check task end

2021-04-26 11:29:12,821 INFO Connection check task start

2021-04-26 11:29:12,823 INFO Total count =2, sdkCount=0,clusterCount=2, currentLimit=-1, toExpelCount=0

2021-04-26 11:29:12,823 INFO Check over limit for ip limit rule, over limit ip count=0

2021-04-26 11:29:12,824 INFO Out dated connection ,size=0

2021-04-26 11:29:12,824 INFO Connection check task end

2021-04-26 11:29:15,826 INFO Connection check task start

2021-04-26 11:29:15,827 INFO Total count =2, sdkCount=0,clusterCount=2, currentLimit=-1, toExpelCount=0

2021-04-26 11:29:15,828 INFO Check over limit for ip limit rule, over limit ip count=0

2021-04-26 11:29:15,828 INFO Out dated connection ,size=0

2021-04-26 11:29:15,829 INFO Connection check task end

2021-04-26 11:29:18,829 INFO Connection check task start

2021-04-26 11:29:18,830 INFO Total count =2, sdkCount=0,clusterCount=2, currentLimit=-1, toExpelCount=0

2021-04-26 11:29:18,831 INFO Check over limit for ip limit rule, over limit ip count=0

2021-04-26 11:29:18,831 INFO Out dated connection ,size=0

2021-04-26 11:29:18,832 INFO Connection check task end

2021-04-26 11:29:21,832 INFO Connection check task start

2021-04-26 11:29:21,833 INFO Total count =2, sdkCount=0,clusterCount=2, currentLimit=-1, toExpelCount=0

2021-04-26 11:29:21,833 INFO Check over limit for ip limit rule, over limit ip count=0

2021-04-26 11:29:21,834 INFO Out dated connection ,size=0

2021-04-26 11:29:21,834 INFO Connection check task end

2021-04-26 11:29:24,835 INFO Connection check task start

2021-04-26 11:29:24,836 INFO Total count =2, sdkCount=0,clusterCount=2, currentLimit=-1, toExpelCount=0

2021-04-26 11:29:24,836 INFO Check over limit for ip limit rule, over limit ip count=0

2021-04-26 11:29:24,837 INFO Out dated connection ,size=0

2021-04-26 11:29:24,837 INFO Connection check task end

2021-04-26 11:29:27,838 INFO Connection check task start

2021-04-26 11:29:27,839 INFO Total count =2, sdkCount=0,clusterCount=2, currentLimit=-1, toExpelCount=0

2021-04-26 11:29:27,840 INFO Check over limit for ip limit rule, over limit ip count=0

2021-04-26 11:29:27,840 INFO Out dated connection ,size=0

2021-04-26 11:29:27,841 INFO Connection check task end

2021-04-26 11:29:30,842 INFO Connection check task start

2021-04-26 11:29:30,844 INFO Total count =2, sdkCount=0,clusterCount=2, currentLimit=-1, toExpelCount=0

2021-04-26 11:29:30,845 INFO Check over limit for ip limit rule, over limit ip count=0

2021-04-26 11:29:30,846 INFO Out dated connection ,size=0

2021-04-26 11:29:30,846 INFO Connection check task end

2021-04-26 11:29:33,847 INFO Connection check task start

2021-04-26 11:29:33,849 INFO Total count =2, sdkCount=0,clusterCount=2, currentLimit=-1, toExpelCount=0

2021-04-26 11:29:33,850 INFO Check over limit for ip limit rule, over limit ip count=0

2021-04-26 11:29:33,850 INFO Out dated connection ,size=0

2021-04-26 11:29:33,851 INFO Connection check task end

2021-04-26 11:29:36,852 INFO Connection check task start

2021-04-26 11:29:36,853 INFO Total count =2, sdkCount=0,clusterCount=2, currentLimit=-1, toExpelCount=0

2021-04-26 11:29:36,854 INFO Check over limit for ip limit rule, over limit ip count=0

2021-04-26 11:29:36,854 INFO Out dated connection ,size=0

2021-04-26 11:29:36,855 INFO Connection check task end

2021-04-26 11:29:39,834 INFO Connection check task start

2021-04-26 11:29:39,836 INFO Total count =2, sdkCount=0,clusterCount=2, currentLimit=-1, toExpelCount=0

2021-04-26 11:29:39,837 INFO Check over limit for ip limit rule, over limit ip count=0

2021-04-26 11:29:39,837 INFO Out dated connection ,size=0

2021-04-26 11:29:39,838 INFO Connection check task end

2021-04-26 11:29:42,839 INFO Connection check task start

2021-04-26 11:29:42,841 INFO Total count =2, sdkCount=0,clusterCount=2, currentLimit=-1, toExpelCount=0

2021-04-26 11:29:42,841 INFO Check over limit for ip limit rule, over limit ip count=0

2021-04-26 11:29:42,842 INFO Out dated connection ,size=0

2021-04-26 11:29:42,842 INFO Connection check task end

2021-04-26 11:29:45,843 INFO Connection check task start

2021-04-26 11:29:45,845 INFO Total count =2, sdkCount=0,clusterCount=2, currentLimit=-1, toExpelCount=0

2021-04-26 11:29:45,846 INFO Check over limit for ip limit rule, over limit ip count=0

2021-04-26 11:29:45,846 INFO Out dated connection ,size=0

2021-04-26 11:29:45,847 INFO Connection check task end

2021-04-26 11:29:48,848 INFO Connection check task start

2021-04-26 11:29:48,849 INFO Total count =2, sdkCount=0,clusterCount=2, currentLimit=-1, toExpelCount=0

2021-04-26 11:29:48,850 INFO Check over limit for ip limit rule, over limit ip count=0

2021-04-26 11:29:48,850 INFO Out dated connection ,size=0

2021-04-26 11:29:48,850 INFO Connection check task end

2021-04-26 11:29:51,851 INFO Connection check task start

2021-04-26 11:29:51,853 INFO Total count =2, sdkCount=0,clusterCount=2, currentLimit=-1, toExpelCount=0

2021-04-26 11:29:51,854 INFO Check over limit for ip limit rule, over limit ip count=0

2021-04-26 11:29:51,855 INFO Out dated connection ,size=0

2021-04-26 11:29:51,856 INFO Connection check task end

2021-04-26 11:29:54,856 INFO Connection check task start

2021-04-26 11:29:54,858 INFO Total count =2, sdkCount=0,clusterCount=2, currentLimit=-1, toExpelCount=0

2021-04-26 11:29:54,858 INFO Check over limit for ip limit rule, over limit ip count=0

2021-04-26 11:29:54,859 INFO Out dated connection ,size=0

2021-04-26 11:29:54,859 INFO Connection check task end

2021-04-26 11:29:57,860 INFO Connection check task start

2021-04-26 11:29:57,862 INFO Total count =2, sdkCount=0,clusterCount=2, currentLimit=-1, toExpelCount=0

2021-04-26 11:29:57,863 INFO Check over limit for ip limit rule, over limit ip count=0

2021-04-26 11:29:57,864 INFO Out dated connection ,size=0

2021-04-26 11:29:57,864 INFO Connection check task end

2021-04-26 11:30:00,865 INFO Connection check task start

2021-04-26 11:30:00,868 INFO Total count =2, sdkCount=0,clusterCount=2, currentLimit=-1, toExpelCount=0

2021-04-26 11:30:00,868 INFO Check over limit for ip limit rule, over limit ip count=0

2021-04-26 11:30:00,869 INFO Out dated connection ,size=0

2021-04-26 11:30:00,870 INFO Connection check task end

2021-04-26 11:30:03,871 INFO Connection check task start

2021-04-26 11:30:03,873 INFO Total count =2, sdkCount=0,clusterCount=2, currentLimit=-1, toExpelCount=0

2021-04-26 11:30:03,874 INFO Check over limit for ip limit rule, over limit ip count=0

2021-04-26 11:30:03,875 INFO Out dated connection ,size=0

2021-04-26 11:30:03,876 INFO Connection check task end

2021-04-26 11:30:06,877 INFO Connection check task start

2021-04-26 11:30:06,878 INFO Total count =2, sdkCount=0,clusterCount=2, currentLimit=-1, toExpelCount=0

2021-04-26 11:30:06,879 INFO Check over limit for ip limit rule, over limit ip count=0

2021-04-26 11:30:06,880 INFO Out dated connection ,size=0

2021-04-26 11:30:06,880 INFO Connection check task end

2021-04-26 11:30:09,860 INFO Connection check task start

2021-04-26 11:30:09,862 INFO Total count =2, sdkCount=0,clusterCount=2, currentLimit=-1, toExpelCount=0

2021-04-26 11:30:09,863 INFO Check over limit for ip limit rule, over limit ip count=0

2021-04-26 11:30:09,863 INFO Out dated connection ,size=0

2021-04-26 11:30:09,864 INFO Connection check task end

2021-04-26 11:30:12,865 INFO Connection check task start

2021-04-26 11:30:12,866 INFO Total count =2, sdkCount=0,clusterCount=2, currentLimit=-1, toExpelCount=0

2021-04-26 11:30:12,867 INFO Check over limit for ip limit rule, over limit ip count=0

2021-04-26 11:30:12,867 INFO Out dated connection ,size=0

2021-04-26 11:30:12,868 INFO Connection check task end

2021-04-26 11:30:15,869 INFO Connection check task start

2021-04-26 11:30:15,871 INFO Total count =2, sdkCount=0,clusterCount=2, currentLimit=-1, toExpelCount=0

2021-04-26 11:30:15,872 INFO Check over limit for ip limit rule, over limit ip count=0

2021-04-26 11:30:15,872 INFO Out dated connection ,size=0

2021-04-26 11:30:15,873 INFO Connection check task end

2021-04-26 11:30:18,874 INFO Connection check task start

2021-04-26 11:30:18,875 INFO Total count =2, sdkCount=0,clusterCount=2, currentLimit=-1, toExpelCount=0

2021-04-26 11:30:18,876 INFO Check over limit for ip limit rule, over limit ip count=0

2021-04-26 11:30:18,876 INFO Out dated connection ,size=0

2021-04-26 11:30:18,876 INFO Connection check task end

2021-04-26 11:30:21,877 INFO Connection check task start

2021-04-26 11:30:21,879 INFO Total count =2, sdkCount=0,clusterCount=2, currentLimit=-1, toExpelCount=0

2021-04-26 11:30:21,879 INFO Check over limit for ip limit rule, over limit ip count=0

2021-04-26 11:30:21,880 INFO Out dated connection ,size=0

2021-04-26 11:30:21,881 INFO Connection check task end

2021-04-26 11:30:24,881 INFO Connection check task start

2021-04-26 11:30:24,884 INFO Total count =2, sdkCount=0,clusterCount=2, currentLimit=-1, toExpelCount=0

2021-04-26 11:30:24,884 INFO Check over limit for ip limit rule, over limit ip count=0

2021-04-26 11:30:24,885 INFO Out dated connection ,size=0

2021-04-26 11:30:24,886 INFO Connection check task end

2021-04-26 11:30:27,887 INFO Connection check task start

2021-04-26 11:30:27,889 INFO Total count =2, sdkCount=0,clusterCount=2, currentLimit=-1, toExpelCount=0

2021-04-26 11:30:27,889 INFO Check over limit for ip limit rule, over limit ip count=0

2021-04-26 11:30:27,890 INFO Out dated connection ,size=0

2021-04-26 11:30:27,890 INFO Connection check task end

2021-04-26 11:30:30,891 INFO Connection check task start

2021-04-26 11:30:30,892 INFO Total count =2, sdkCount=0,clusterCount=2, currentLimit=-1, toExpelCount=0

2021-04-26 11:30:30,893 INFO Check over limit for ip limit rule, over limit ip count=0

2021-04-26 11:30:30,894 INFO Out dated connection ,size=0

2021-04-26 11:30:30,895 INFO Connection check task end

2021-04-26 11:30:33,895 INFO Connection check task start

2021-04-26 11:30:33,898 INFO Total count =2, sdkCount=0,clusterCount=2, currentLimit=-1, toExpelCount=0

2021-04-26 11:30:33,899 INFO Check over limit for ip limit rule, over limit ip count=0

2021-04-26 11:30:33,899 INFO Out dated connection ,size=0

2021-04-26 11:30:33,900 INFO Connection check task end

2021-04-26 11:30:36,901 INFO Connection check task start

2021-04-26 11:30:36,903 INFO Total count =2, sdkCount=0,clusterCount=2, currentLimit=-1, toExpelCount=0

2021-04-26 11:30:36,904 INFO Check over limit for ip limit rule, over limit ip count=0

2021-04-26 11:30:36,904 INFO Out dated connection ,size=0

2021-04-26 11:30:36,905 INFO Connection check task end

2021-04-26 11:30:39,885 INFO Connection check task start

2021-04-26 11:30:39,888 INFO Total count =2, sdkCount=0,clusterCount=2, currentLimit=-1, toExpelCount=0

2021-04-26 11:30:39,889 INFO Check over limit for ip limit rule, over limit ip count=0

2021-04-26 11:30:39,889 INFO Out dated connection ,size=0

2021-04-26 11:30:39,890 INFO Connection check task end

2021-04-26 11:30:42,891 INFO Connection check task start

2021-04-26 11:30:42,893 INFO Total count =2, sdkCount=0,clusterCount=2, currentLimit=-1, toExpelCount=0

2021-04-26 11:30:42,894 INFO Check over limit for ip limit rule, over limit ip count=0

2021-04-26 11:30:42,895 INFO Out dated connection ,size=0

2021-04-26 11:30:42,895 INFO Connection check task end

2021-04-26 11:30:45,896 INFO Connection check task start

2021-04-26 11:30:45,898 INFO Total count =2, sdkCount=0,clusterCount=2, currentLimit=-1, toExpelCount=0

2021-04-26 11:30:45,899 INFO Check over limit for ip limit rule, over limit ip count=0

2021-04-26 11:30:45,899 INFO Out dated connection ,size=0

2021-04-26 11:30:45,900 INFO Connection check task end

2021-04-26 11:30:48,901 INFO Connection check task start

2021-04-26 11:30:48,903 INFO Total count =2, sdkCount=0,clusterCount=2, currentLimit=-1, toExpelCount=0

2021-04-26 11:30:48,903 INFO Check over limit for ip limit rule, over limit ip count=0

2021-04-26 11:30:48,904 INFO Out dated connection ,size=0

2021-04-26 11:30:48,904 INFO Connection check task end

