
         ,--.
       ,--.'|
   ,--,:  : |                                           Nacos 2.0.0
,`--.'`|  ' :                       ,---.               Running in cluster mode, All function modules
|   :  :  | |                      '   ,'\   .--.--.    Port: 8848
:   |   \ | :  ,--.--.     ,---.  /   /   | /  /    '   Pid: 28
|   : '  '; | /       \   /     \.   ; ,. :|  :  /`./   Console: http://192.168.100.13:8848/nacos/index.html
'   ' ;.    ;.--.  .-. | /    / ''   | |: :|  :  ;_
|   | | \   | \__\/: . ..    ' / '   | .; : \  \    `.      https://nacos.io
'   : |  ; .' ," .--.; |'   ; :__|   :    |  `----.   \
|   | '`--'  /  /  ,.  |'   | '.'|\   \  /  /  /`--'  /
'   : |     ;  :   .'   \   :    : `----'  '--'.     /
;   |.'     |  ,     .-./\   \  /            `--'---'
'---'        `--`---'     `----'

2021-04-26 11:26:51,060 INFO The server IP list of Nacos is [192.168.100.11:8848, 192.168.100.12:8848, 192.168.100.13:8848]

2021-04-26 11:26:52,074 INFO Nacos is starting...

2021-04-26 11:26:53,077 INFO Nacos is starting...

2021-04-26 11:26:54,081 INFO Nacos is starting...

2021-04-26 11:26:55,093 INFO Nacos is starting...

2021-04-26 11:26:56,103 INFO Nacos is starting...

2021-04-26 11:26:57,113 INFO Nacos is starting...

2021-04-26 11:26:58,137 INFO Nacos is starting...

2021-04-26 11:26:59,174 INFO Nacos is starting...

2021-04-26 11:27:00,177 INFO Nacos is starting...

2021-04-26 11:27:01,183 INFO Nacos is starting...

2021-04-26 11:27:02,314 INFO Nacos is starting...

2021-04-26 11:27:03,320 INFO Nacos is starting...

2021-04-26 11:27:04,324 INFO Nacos is starting...

2021-04-26 11:27:05,327 INFO Nacos is starting...

2021-04-26 11:27:06,329 INFO Nacos is starting...

2021-04-26 11:27:07,331 INFO Nacos is starting...

2021-04-26 11:27:08,333 INFO Nacos is starting...

2021-04-26 11:27:09,349 INFO Nacos is starting...

2021-04-26 11:27:10,362 INFO Nacos is starting...

2021-04-26 11:27:11,407 INFO Nacos is starting...

2021-04-26 11:27:12,408 INFO Nacos is starting...

2021-04-26 11:27:13,411 INFO Nacos is starting...

2021-04-26 11:27:14,430 INFO Nacos is starting...

2021-04-26 11:27:15,441 INFO Nacos is starting...

2021-04-26 11:27:16,486 INFO Nacos is starting...

2021-04-26 11:27:17,508 INFO Nacos is starting...

2021-04-26 11:27:18,520 INFO Nacos is starting...

2021-04-26 11:27:19,523 INFO Nacos is starting...

2021-04-26 11:27:20,526 INFO Nacos is starting...

2021-04-26 11:27:21,535 INFO Nacos is starting...

2021-04-26 11:27:22,538 INFO Nacos is starting...

2021-04-26 11:27:23,559 INFO Nacos is starting...

2021-04-26 11:27:24,474 INFO Nacos started successfully in cluster mode. use embedded storage

