2021-04-26 11:27:14,653 INFO Register tps control,pointName=CONFIG_PUSH_COUNT, point=com.alibaba.nacos.core.remote.control.TpsMonitorPoint@4beeb0e 

2021-04-26 11:27:14,667 INFO Load rule from local,pointName=CONFIG_PUSH_COUNT, ruleContent= 

2021-04-26 11:27:14,667 INFO Apply tps control rule parse start,pointName=[CONFIG_PUSH_COUNT]  

2021-04-26 11:27:14,668 INFO Clear point  control rule ,pointName=[CONFIG_PUSH_COUNT]  

2021-04-26 11:27:14,670 INFO Clear point  control rule for monitorKeys, pointName=[CONFIG_PUSH_COUNT]  

2021-04-26 11:27:14,671 INFO Register tps control,pointName=CONFIG_PUSH_SUCCESS, point=com.alibaba.nacos.core.remote.control.TpsMonitorPoint@6e8a9c30 

2021-04-26 11:27:14,679 INFO Load rule from local,pointName=CONFIG_PUSH_SUCCESS, ruleContent= 

2021-04-26 11:27:14,679 INFO Apply tps control rule parse start,pointName=[CONFIG_PUSH_SUCCESS]  

2021-04-26 11:27:14,681 INFO Clear point  control rule ,pointName=[CONFIG_PUSH_SUCCESS]  

2021-04-26 11:27:14,690 INFO Clear point  control rule for monitorKeys, pointName=[CONFIG_PUSH_SUCCESS]  

2021-04-26 11:27:14,691 INFO Register tps control,pointName=CONFIG_PUSH_FAIL, point=com.alibaba.nacos.core.remote.control.TpsMonitorPoint@5d01ea21 

2021-04-26 11:27:14,695 INFO Load rule from local,pointName=CONFIG_PUSH_COUNT, ruleContent= 

2021-04-26 11:27:14,696 INFO Apply tps control rule parse start,pointName=[CONFIG_PUSH_COUNT]  

2021-04-26 11:27:14,697 INFO Clear point  control rule ,pointName=[CONFIG_PUSH_COUNT]  

2021-04-26 11:27:14,698 INFO Clear point  control rule for monitorKeys, pointName=[CONFIG_PUSH_COUNT]  

2021-04-26 11:27:14,702 INFO Load rule from local,pointName=CONFIG_PUSH_SUCCESS, ruleContent= 

2021-04-26 11:27:14,704 INFO Apply tps control rule parse start,pointName=[CONFIG_PUSH_SUCCESS]  

2021-04-26 11:27:14,704 INFO Clear point  control rule ,pointName=[CONFIG_PUSH_SUCCESS]  

2021-04-26 11:27:14,704 INFO Clear point  control rule for monitorKeys, pointName=[CONFIG_PUSH_SUCCESS]  

2021-04-26 11:27:14,710 INFO Load rule from local,pointName=CONFIG_PUSH_FAIL, ruleContent= 

2021-04-26 11:27:14,711 INFO Apply tps control rule parse start,pointName=[CONFIG_PUSH_FAIL]  

2021-04-26 11:27:14,711 INFO Clear point  control rule ,pointName=[CONFIG_PUSH_FAIL]  

2021-04-26 11:27:14,712 INFO Clear point  control rule for monitorKeys, pointName=[CONFIG_PUSH_FAIL]  

2021-04-26 11:27:23,864 INFO Register tps control,pointName=ConfigQuery, point=com.alibaba.nacos.core.remote.control.TpsMonitorPoint@10dc7d6 

2021-04-26 11:27:23,896 INFO Load rule from local,pointName=ConfigQuery, ruleContent= 

2021-04-26 11:27:23,897 INFO Apply tps control rule parse start,pointName=[ConfigQuery]  

2021-04-26 11:27:23,897 INFO Clear point  control rule ,pointName=[ConfigQuery]  

2021-04-26 11:27:23,898 INFO Clear point  control rule for monitorKeys, pointName=[ConfigQuery]  

2021-04-26 11:27:23,899 INFO Register tps control,pointName=ClusterConfigChangeNotify, point=com.alibaba.nacos.core.remote.control.TpsMonitorPoint@4f668f29 

2021-04-26 11:27:23,907 INFO Load rule from local,pointName=ClusterConfigChangeNotify, ruleContent= 

2021-04-26 11:27:23,907 INFO Apply tps control rule parse start,pointName=[ClusterConfigChangeNotify]  

2021-04-26 11:27:23,908 INFO Clear point  control rule ,pointName=[ClusterConfigChangeNotify]  

2021-04-26 11:27:23,910 INFO Clear point  control rule for monitorKeys, pointName=[ClusterConfigChangeNotify]  

2021-04-26 11:27:23,911 INFO Register tps control,pointName=ConfigListen, point=com.alibaba.nacos.core.remote.control.TpsMonitorPoint@716e431d 

2021-04-26 11:27:23,917 INFO Load rule from local,pointName=ConfigListen, ruleContent= 

2021-04-26 11:27:23,918 INFO Apply tps control rule parse start,pointName=[ConfigListen]  

2021-04-26 11:27:23,919 INFO Clear point  control rule ,pointName=[ConfigListen]  

2021-04-26 11:27:23,919 INFO Clear point  control rule for monitorKeys, pointName=[ConfigListen]  

2021-04-26 11:27:23,919 INFO Register tps control,pointName=ConfigRemove, point=com.alibaba.nacos.core.remote.control.TpsMonitorPoint@7e744f43 

2021-04-26 11:27:24,007 INFO Load rule from local,pointName=ClusterConfigChangeNotify, ruleContent= 

2021-04-26 11:27:24,008 INFO Apply tps control rule parse start,pointName=[ClusterConfigChangeNotify]  

2021-04-26 11:27:24,008 INFO Clear point  control rule ,pointName=[ClusterConfigChangeNotify]  

2021-04-26 11:27:24,009 INFO Clear point  control rule for monitorKeys, pointName=[ClusterConfigChangeNotify]  

2021-04-26 11:27:24,016 INFO Load rule from local,pointName=ConfigRemove, ruleContent= 

2021-04-26 11:27:24,017 INFO Apply tps control rule parse start,pointName=[ConfigRemove]  

2021-04-26 11:27:24,017 INFO Clear point  control rule ,pointName=[ConfigRemove]  

2021-04-26 11:27:24,018 INFO Clear point  control rule for monitorKeys, pointName=[ConfigRemove]  

2021-04-26 11:27:24,019 INFO Register tps control,pointName=ConfigPublish, point=com.alibaba.nacos.core.remote.control.TpsMonitorPoint@11a8042c 

2021-04-26 11:27:24,022 INFO Load rule from local,pointName=ConfigListen, ruleContent= 

2021-04-26 11:27:24,023 INFO Apply tps control rule parse start,pointName=[ConfigListen]  

2021-04-26 11:27:24,023 INFO Clear point  control rule ,pointName=[ConfigListen]  

2021-04-26 11:27:24,024 INFO Clear point  control rule for monitorKeys, pointName=[ConfigListen]  

2021-04-26 11:27:24,031 INFO Load rule from local,pointName=ConfigPublish, ruleContent= 

2021-04-26 11:27:24,031 INFO Apply tps control rule parse start,pointName=[ConfigPublish]  

2021-04-26 11:27:24,032 INFO Clear point  control rule ,pointName=[ConfigPublish]  

2021-04-26 11:27:24,032 INFO Clear point  control rule for monitorKeys, pointName=[ConfigPublish]  

2021-04-26 11:27:24,033 INFO Register tps control,pointName=HealthCheck, point=com.alibaba.nacos.core.remote.control.TpsMonitorPoint@6a4ccef7 

2021-04-26 11:27:24,037 INFO Load rule from local,pointName=ConfigRemove, ruleContent= 

2021-04-26 11:27:24,038 INFO Apply tps control rule parse start,pointName=[ConfigRemove]  

2021-04-26 11:27:24,039 INFO Clear point  control rule ,pointName=[ConfigRemove]  

2021-04-26 11:27:24,040 INFO Clear point  control rule for monitorKeys, pointName=[ConfigRemove]  

2021-04-26 11:27:24,046 INFO Load rule from local,pointName=HealthCheck, ruleContent= 

2021-04-26 11:27:24,046 INFO Apply tps control rule parse start,pointName=[HealthCheck]  

2021-04-26 11:27:24,047 INFO Clear point  control rule ,pointName=[HealthCheck]  

2021-04-26 11:27:24,048 INFO Clear point  control rule for monitorKeys, pointName=[HealthCheck]  

2021-04-26 11:27:24,053 INFO Load rule from local,pointName=ConfigPublish, ruleContent= 

2021-04-26 11:27:24,053 INFO Apply tps control rule parse start,pointName=[ConfigPublish]  

2021-04-26 11:27:24,054 INFO Clear point  control rule ,pointName=[ConfigPublish]  

2021-04-26 11:27:24,055 INFO Clear point  control rule for monitorKeys, pointName=[ConfigPublish]  

2021-04-26 11:27:24,061 INFO Load rule from local,pointName=HealthCheck, ruleContent= 

2021-04-26 11:27:24,061 INFO Apply tps control rule parse start,pointName=[HealthCheck]  

2021-04-26 11:27:24,062 INFO Clear point  control rule ,pointName=[HealthCheck]  

2021-04-26 11:27:24,062 INFO Clear point  control rule for monitorKeys, pointName=[HealthCheck]  

