2021-04-26 11:27:09,840 INFO [DISTRO-INIT] waiting distro data storage register...

2021-04-26 11:27:10,858 INFO [DISTRO-INIT] waiting distro data storage register...

2021-04-26 11:27:11,867 INFO [DISTRO-INIT] waiting distro data storage register...

2021-04-26 11:27:12,871 INFO [DISTRO-INIT] waiting distro data storage register...

2021-04-26 11:27:13,875 INFO [DISTRO-INIT] waiting distro data storage register...

2021-04-26 11:27:14,878 INFO [DISTRO-INIT] waiting distro data storage register...

2021-04-26 11:27:15,882 INFO [DISTRO-INIT] waiting distro data storage register...

2021-04-26 11:27:16,893 INFO [DISTRO-INIT] waiting distro data storage register...

2021-04-26 11:27:17,898 INFO [DISTRO-INIT] load snapshot com.alibaba.nacos.naming.iplist. from 192.168.100.12:8848

2021-04-26 11:27:17,902 ERROR [DISTRO-INIT] load snapshot com.alibaba.nacos.naming.iplist. from 192.168.100.12:8848 failed.

com.alibaba.nacos.core.distributed.distro.exception.DistroException: [DISTRO-EXCEPTION]Get snapshot from 192.168.100.12:8848 failed.
	at com.alibaba.nacos.naming.consistency.ephemeral.distro.component.DistroHttpAgent.getDatumSnapshot(DistroHttpAgent.java:101)
	at com.alibaba.nacos.core.distributed.distro.task.load.DistroLoadDataTask.loadAllDataSnapshotFromRemote(DistroLoadDataTask.java:103)
	at com.alibaba.nacos.core.distributed.distro.task.load.DistroLoadDataTask.load(DistroLoadDataTask.java:87)
	at com.alibaba.nacos.core.distributed.distro.task.load.DistroLoadDataTask.run(DistroLoadDataTask.java:63)
	at java.util.concurrent.Executors$RunnableAdapter.call(Executors.java:511)
	at java.util.concurrent.FutureTask.run(FutureTask.java:266)
	at java.util.concurrent.ScheduledThreadPoolExecutor$ScheduledFutureTask.access$201(ScheduledThreadPoolExecutor.java:180)
	at java.util.concurrent.ScheduledThreadPoolExecutor$ScheduledFutureTask.run(ScheduledThreadPoolExecutor.java:293)
	at java.util.concurrent.ThreadPoolExecutor.runWorker(ThreadPoolExecutor.java:1149)
	at java.util.concurrent.ThreadPoolExecutor$Worker.run(ThreadPoolExecutor.java:624)
	at java.lang.Thread.run(Thread.java:748)
Caused by: java.io.IOException: failed to req API: http://192.168.100.12:8848/nacos/v1/ns/distro/datums. code: 500 msg: org.apache.http.conn.HttpHostConnectException: Connect to 192.168.100.12:8848 [/192.168.100.12] failed: Connection refused (Connection refused)
	at com.alibaba.nacos.naming.misc.NamingProxy.getAllData(NamingProxy.java:150)
	at com.alibaba.nacos.naming.consistency.ephemeral.distro.component.DistroHttpAgent.getDatumSnapshot(DistroHttpAgent.java:98)
	... 10 common frames omitted
2021-04-26 11:27:17,904 INFO [DISTRO-INIT] load snapshot com.alibaba.nacos.naming.iplist. from 192.168.100.13:8848

2021-04-26 11:27:17,911 ERROR [DISTRO-INIT] load snapshot com.alibaba.nacos.naming.iplist. from 192.168.100.13:8848 failed.

com.alibaba.nacos.core.distributed.distro.exception.DistroException: [DISTRO-EXCEPTION]Get snapshot from 192.168.100.13:8848 failed.
	at com.alibaba.nacos.naming.consistency.ephemeral.distro.component.DistroHttpAgent.getDatumSnapshot(DistroHttpAgent.java:101)
	at com.alibaba.nacos.core.distributed.distro.task.load.DistroLoadDataTask.loadAllDataSnapshotFromRemote(DistroLoadDataTask.java:103)
	at com.alibaba.nacos.core.distributed.distro.task.load.DistroLoadDataTask.load(DistroLoadDataTask.java:87)
	at com.alibaba.nacos.core.distributed.distro.task.load.DistroLoadDataTask.run(DistroLoadDataTask.java:63)
	at java.util.concurrent.Executors$RunnableAdapter.call(Executors.java:511)
	at java.util.concurrent.FutureTask.run(FutureTask.java:266)
	at java.util.concurrent.ScheduledThreadPoolExecutor$ScheduledFutureTask.access$201(ScheduledThreadPoolExecutor.java:180)
	at java.util.concurrent.ScheduledThreadPoolExecutor$ScheduledFutureTask.run(ScheduledThreadPoolExecutor.java:293)
	at java.util.concurrent.ThreadPoolExecutor.runWorker(ThreadPoolExecutor.java:1149)
	at java.util.concurrent.ThreadPoolExecutor$Worker.run(ThreadPoolExecutor.java:624)
	at java.lang.Thread.run(Thread.java:748)
Caused by: java.io.IOException: failed to req API: http://192.168.100.13:8848/nacos/v1/ns/distro/datums. code: 500 msg: org.apache.http.conn.HttpHostConnectException: Connect to 192.168.100.13:8848 [/192.168.100.13] failed: Connection refused (Connection refused)
	at com.alibaba.nacos.naming.misc.NamingProxy.getAllData(NamingProxy.java:150)
	at com.alibaba.nacos.naming.consistency.ephemeral.distro.component.DistroHttpAgent.getDatumSnapshot(DistroHttpAgent.java:98)
	... 10 common frames omitted
2021-04-26 11:27:17,913 INFO [DISTRO-INIT] load snapshot Nacos:Naming:v2:ClientData from 192.168.100.12:8848

2021-04-26 11:27:17,914 ERROR [DISTRO-INIT] load snapshot Nacos:Naming:v2:ClientData from 192.168.100.12:8848 failed.

com.alibaba.nacos.core.distributed.distro.exception.DistroException: [DISTRO-EXCEPTION][DISTRO-FAILED] Get distro snapshot failed! 
	at com.alibaba.nacos.naming.consistency.ephemeral.distro.v2.DistroClientTransportAgent.getDatumSnapshot(DistroClientTransportAgent.java:182)
	at com.alibaba.nacos.core.distributed.distro.task.load.DistroLoadDataTask.loadAllDataSnapshotFromRemote(DistroLoadDataTask.java:103)
	at com.alibaba.nacos.core.distributed.distro.task.load.DistroLoadDataTask.load(DistroLoadDataTask.java:87)
	at com.alibaba.nacos.core.distributed.distro.task.load.DistroLoadDataTask.run(DistroLoadDataTask.java:63)
	at java.util.concurrent.Executors$RunnableAdapter.call(Executors.java:511)
	at java.util.concurrent.FutureTask.run(FutureTask.java:266)
	at java.util.concurrent.ScheduledThreadPoolExecutor$ScheduledFutureTask.access$201(ScheduledThreadPoolExecutor.java:180)
	at java.util.concurrent.ScheduledThreadPoolExecutor$ScheduledFutureTask.run(ScheduledThreadPoolExecutor.java:293)
	at java.util.concurrent.ThreadPoolExecutor.runWorker(ThreadPoolExecutor.java:1149)
	at java.util.concurrent.ThreadPoolExecutor$Worker.run(ThreadPoolExecutor.java:624)
	at java.lang.Thread.run(Thread.java:748)
Caused by: com.alibaba.nacos.api.exception.NacosException: No rpc client related to member: Member{ip='192.168.100.12', port=8848, state=UP, extendInfo={raftPort=7848}}
	at com.alibaba.nacos.core.cluster.remote.ClusterRpcClientProxy.sendRequest(ClusterRpcClientProxy.java:176)
	at com.alibaba.nacos.core.cluster.remote.ClusterRpcClientProxy.sendRequest(ClusterRpcClientProxy.java:159)
	at com.alibaba.nacos.naming.consistency.ephemeral.distro.v2.DistroClientTransportAgent.getDatumSnapshot(DistroClientTransportAgent.java:173)
	... 10 common frames omitted
2021-04-26 11:27:17,915 INFO [DISTRO-INIT] load snapshot Nacos:Naming:v2:ClientData from 192.168.100.13:8848

2021-04-26 11:27:17,915 ERROR [DISTRO-INIT] load snapshot Nacos:Naming:v2:ClientData from 192.168.100.13:8848 failed.

com.alibaba.nacos.core.distributed.distro.exception.DistroException: [DISTRO-EXCEPTION][DISTRO-FAILED] Get distro snapshot failed! 
	at com.alibaba.nacos.naming.consistency.ephemeral.distro.v2.DistroClientTransportAgent.getDatumSnapshot(DistroClientTransportAgent.java:182)
	at com.alibaba.nacos.core.distributed.distro.task.load.DistroLoadDataTask.loadAllDataSnapshotFromRemote(DistroLoadDataTask.java:103)
	at com.alibaba.nacos.core.distributed.distro.task.load.DistroLoadDataTask.load(DistroLoadDataTask.java:87)
	at com.alibaba.nacos.core.distributed.distro.task.load.DistroLoadDataTask.run(DistroLoadDataTask.java:63)
	at java.util.concurrent.Executors$RunnableAdapter.call(Executors.java:511)
	at java.util.concurrent.FutureTask.run(FutureTask.java:266)
	at java.util.concurrent.ScheduledThreadPoolExecutor$ScheduledFutureTask.access$201(ScheduledThreadPoolExecutor.java:180)
	at java.util.concurrent.ScheduledThreadPoolExecutor$ScheduledFutureTask.run(ScheduledThreadPoolExecutor.java:293)
	at java.util.concurrent.ThreadPoolExecutor.runWorker(ThreadPoolExecutor.java:1149)
	at java.util.concurrent.ThreadPoolExecutor$Worker.run(ThreadPoolExecutor.java:624)
	at java.lang.Thread.run(Thread.java:748)
Caused by: com.alibaba.nacos.api.exception.NacosException: No rpc client related to member: Member{ip='192.168.100.13', port=8848, state=UP, extendInfo={raftPort=7848}}
	at com.alibaba.nacos.core.cluster.remote.ClusterRpcClientProxy.sendRequest(ClusterRpcClientProxy.java:176)
	at com.alibaba.nacos.core.cluster.remote.ClusterRpcClientProxy.sendRequest(ClusterRpcClientProxy.java:159)
	at com.alibaba.nacos.naming.consistency.ephemeral.distro.v2.DistroClientTransportAgent.getDatumSnapshot(DistroClientTransportAgent.java:173)
	... 10 common frames omitted
2021-04-26 11:27:19,812 WARN data storage DistroDataStorageImpl has not finished initial step, do not send verify data

2021-04-26 11:27:19,814 WARN data storage DistroClientDataProcessor has not finished initial step, do not send verify data

2021-04-26 11:27:24,832 WARN data storage DistroDataStorageImpl has not finished initial step, do not send verify data

2021-04-26 11:27:24,844 WARN data storage DistroClientDataProcessor has not finished initial step, do not send verify data

2021-04-26 11:27:29,845 WARN data storage DistroDataStorageImpl has not finished initial step, do not send verify data

2021-04-26 11:27:29,846 WARN data storage DistroClientDataProcessor has not finished initial step, do not send verify data

2021-04-26 11:27:34,848 WARN data storage DistroDataStorageImpl has not finished initial step, do not send verify data

2021-04-26 11:27:34,851 WARN data storage DistroClientDataProcessor has not finished initial step, do not send verify data

2021-04-26 11:27:39,831 WARN data storage DistroDataStorageImpl has not finished initial step, do not send verify data

2021-04-26 11:27:39,835 WARN data storage DistroClientDataProcessor has not finished initial step, do not send verify data

2021-04-26 11:27:44,837 WARN data storage DistroDataStorageImpl has not finished initial step, do not send verify data

2021-04-26 11:27:44,838 WARN data storage DistroClientDataProcessor has not finished initial step, do not send verify data

2021-04-26 11:27:49,839 WARN data storage DistroDataStorageImpl has not finished initial step, do not send verify data

2021-04-26 11:27:49,842 WARN data storage DistroClientDataProcessor has not finished initial step, do not send verify data

2021-04-26 11:27:54,843 WARN data storage DistroDataStorageImpl has not finished initial step, do not send verify data

2021-04-26 11:27:54,846 WARN data storage DistroClientDataProcessor has not finished initial step, do not send verify data

2021-04-26 11:27:59,847 WARN data storage DistroDataStorageImpl has not finished initial step, do not send verify data

2021-04-26 11:27:59,849 WARN data storage DistroClientDataProcessor has not finished initial step, do not send verify data

2021-04-26 11:28:04,851 WARN data storage DistroDataStorageImpl has not finished initial step, do not send verify data

2021-04-26 11:28:04,854 WARN data storage DistroClientDataProcessor has not finished initial step, do not send verify data

2021-04-26 11:28:09,834 WARN data storage DistroDataStorageImpl has not finished initial step, do not send verify data

2021-04-26 11:28:09,837 WARN data storage DistroClientDataProcessor has not finished initial step, do not send verify data

2021-04-26 11:28:14,839 WARN data storage DistroDataStorageImpl has not finished initial step, do not send verify data

2021-04-26 11:28:14,841 WARN data storage DistroClientDataProcessor has not finished initial step, do not send verify data

2021-04-26 11:28:17,876 INFO [DISTRO-INIT] load snapshot com.alibaba.nacos.naming.iplist. from 192.168.100.12:8848

2021-04-26 11:28:17,903 INFO [DISTRO-INIT] load snapshot com.alibaba.nacos.naming.iplist. from 192.168.100.12:8848 result: true

2021-04-26 11:28:17,905 INFO [DISTRO-INIT] load snapshot Nacos:Naming:v2:ClientData from 192.168.100.12:8848

2021-04-26 11:28:17,958 INFO [DISTRO-INIT] load snapshot Nacos:Naming:v2:ClientData from 192.168.100.12:8848 result: true

2021-04-26 11:28:17,959 INFO [DISTRO-INIT] load snapshot data success

