2021-04-26 11:27:15,312 INFO Connection check task start

2021-04-26 11:27:15,331 INFO Total count =0, sdkCount=0,clusterCount=0, currentLimit=-1, toExpelCount=0

2021-04-26 11:27:15,332 INFO Check over limit for ip limit rule, over limit ip count=0

2021-04-26 11:27:15,333 INFO Out dated connection ,size=0

2021-04-26 11:27:15,334 INFO Connection check task end

2021-04-26 11:27:18,337 INFO Connection check task start

2021-04-26 11:27:18,348 INFO Total count =0, sdkCount=0,clusterCount=0, currentLimit=-1, toExpelCount=0

2021-04-26 11:27:18,349 INFO Check over limit for ip limit rule, over limit ip count=0

2021-04-26 11:27:18,349 INFO Out dated connection ,size=0

2021-04-26 11:27:18,350 INFO Connection check task end

2021-04-26 11:27:21,351 INFO Connection check task start

2021-04-26 11:27:21,353 INFO Total count =0, sdkCount=0,clusterCount=0, currentLimit=-1, toExpelCount=0

2021-04-26 11:27:21,362 INFO Check over limit for ip limit rule, over limit ip count=0

2021-04-26 11:27:21,363 INFO Out dated connection ,size=0

2021-04-26 11:27:21,365 INFO Connection check task end

2021-04-26 11:27:24,382 INFO Connection check task start

2021-04-26 11:27:24,422 INFO Total count =0, sdkCount=0,clusterCount=0, currentLimit=-1, toExpelCount=0

2021-04-26 11:27:24,431 INFO Check over limit for ip limit rule, over limit ip count=0

2021-04-26 11:27:24,441 INFO Out dated connection ,size=0

2021-04-26 11:27:24,451 INFO Connection check task end

2021-04-26 11:27:27,459 INFO Connection check task start

2021-04-26 11:27:27,461 INFO Total count =0, sdkCount=0,clusterCount=0, currentLimit=-1, toExpelCount=0

2021-04-26 11:27:27,465 INFO Check over limit for ip limit rule, over limit ip count=0

2021-04-26 11:27:27,466 INFO Out dated connection ,size=0

2021-04-26 11:27:27,467 INFO Connection check task end

2021-04-26 11:27:29,985 INFO Connection transportReady,connectionId = 1619407649985_192.168.100.13_50624 

2021-04-26 11:27:30,046 INFO new connection registered successfully, connectionId = 1619407649985_192.168.100.13_50624,connection=com.alibaba.nacos.core.remote.grpc.GrpcConnection@7a9c9858[streamObserver=io.grpc.stub.ServerCalls$ServerCallStreamObserverImpl@2b32ce3b,channel=[id: 0xf8d853a2, L:/192.168.100.11:9849 - R:/192.168.100.13:50624],traced=false,abilities=<null>,metaInfo=com.alibaba.nacos.core.remote.ConnectionMeta@2d7cba34[connectType=GRPC,clientIp=192.168.100.13,remoteIp=192.168.100.13,remotePort=50624,localPort=9849,version=Nacos-Java-Client:v2.0.0,connectionId=1619407649985_192.168.100.13_50624,createTime=Mon Apr 26 11:27:30 CST 2021,lastActiveTime=1619407650037,appName=-,tenant=<null>,labels={source=cluster}]] 

2021-04-26 11:27:30,467 INFO Connection check task start

2021-04-26 11:27:30,470 INFO Total count =1, sdkCount=0,clusterCount=1, currentLimit=-1, toExpelCount=0

2021-04-26 11:27:30,471 INFO Check over limit for ip limit rule, over limit ip count=0

2021-04-26 11:27:30,473 INFO Out dated connection ,size=0

2021-04-26 11:27:30,473 INFO Connection check task end

2021-04-26 11:27:31,946 INFO Connection transportReady,connectionId = 1619407651946_192.168.100.12_32846 

2021-04-26 11:27:31,956 INFO new connection registered successfully, connectionId = 1619407651946_192.168.100.12_32846,connection=com.alibaba.nacos.core.remote.grpc.GrpcConnection@58dc2f6a[streamObserver=io.grpc.stub.ServerCalls$ServerCallStreamObserverImpl@5ce3b0a9,channel=[id: 0x9ea48c90, L:/192.168.100.11:9849 - R:/192.168.100.12:32846],traced=false,abilities=<null>,metaInfo=com.alibaba.nacos.core.remote.ConnectionMeta@19e12551[connectType=GRPC,clientIp=192.168.100.12,remoteIp=192.168.100.12,remotePort=32846,localPort=9849,version=Nacos-Java-Client:v2.0.0,connectionId=1619407651946_192.168.100.12_32846,createTime=Mon Apr 26 11:27:31 CST 2021,lastActiveTime=1619407651956,appName=-,tenant=<null>,labels={source=cluster}]] 

2021-04-26 11:27:33,475 INFO Connection check task start

2021-04-26 11:27:33,477 INFO Total count =2, sdkCount=0,clusterCount=2, currentLimit=-1, toExpelCount=0

2021-04-26 11:27:33,479 INFO Check over limit for ip limit rule, over limit ip count=0

2021-04-26 11:27:33,480 INFO Out dated connection ,size=0

2021-04-26 11:27:33,481 INFO Connection check task end

2021-04-26 11:27:36,482 INFO Connection check task start

2021-04-26 11:27:36,485 INFO Total count =2, sdkCount=0,clusterCount=2, currentLimit=-1, toExpelCount=0

2021-04-26 11:27:36,486 INFO Check over limit for ip limit rule, over limit ip count=0

2021-04-26 11:27:36,486 INFO Out dated connection ,size=0

2021-04-26 11:27:36,487 INFO Connection check task end

2021-04-26 11:27:39,467 INFO Connection check task start

2021-04-26 11:27:39,470 INFO Total count =2, sdkCount=0,clusterCount=2, currentLimit=-1, toExpelCount=0

2021-04-26 11:27:39,471 INFO Check over limit for ip limit rule, over limit ip count=0

2021-04-26 11:27:39,471 INFO Out dated connection ,size=0

2021-04-26 11:27:39,472 INFO Connection check task end

2021-04-26 11:27:42,473 INFO Connection check task start

2021-04-26 11:27:42,476 INFO Total count =2, sdkCount=0,clusterCount=2, currentLimit=-1, toExpelCount=0

2021-04-26 11:27:42,476 INFO Check over limit for ip limit rule, over limit ip count=0

2021-04-26 11:27:42,477 INFO Out dated connection ,size=0

2021-04-26 11:27:42,478 INFO Connection check task end

2021-04-26 11:27:45,479 INFO Connection check task start

2021-04-26 11:27:45,480 INFO Total count =2, sdkCount=0,clusterCount=2, currentLimit=-1, toExpelCount=0

2021-04-26 11:27:45,480 INFO Check over limit for ip limit rule, over limit ip count=0

2021-04-26 11:27:45,481 INFO Out dated connection ,size=0

2021-04-26 11:27:45,482 INFO Connection check task end

2021-04-26 11:27:48,482 INFO Connection check task start

2021-04-26 11:27:48,484 INFO Total count =2, sdkCount=0,clusterCount=2, currentLimit=-1, toExpelCount=0

2021-04-26 11:27:48,485 INFO Check over limit for ip limit rule, over limit ip count=0

2021-04-26 11:27:48,485 INFO Out dated connection ,size=0

2021-04-26 11:27:48,486 INFO Connection check task end

2021-04-26 11:27:51,487 INFO Connection check task start

2021-04-26 11:27:51,488 INFO Total count =2, sdkCount=0,clusterCount=2, currentLimit=-1, toExpelCount=0

2021-04-26 11:27:51,489 INFO Check over limit for ip limit rule, over limit ip count=0

2021-04-26 11:27:51,489 INFO Out dated connection ,size=0

2021-04-26 11:27:51,490 INFO Connection check task end

2021-04-26 11:27:54,490 INFO Connection check task start

2021-04-26 11:27:54,492 INFO Total count =2, sdkCount=0,clusterCount=2, currentLimit=-1, toExpelCount=0

2021-04-26 11:27:54,493 INFO Check over limit for ip limit rule, over limit ip count=0

2021-04-26 11:27:54,494 INFO Out dated connection ,size=0

2021-04-26 11:27:54,494 INFO Connection check task end

2021-04-26 11:27:57,495 INFO Connection check task start

2021-04-26 11:27:57,496 INFO Total count =2, sdkCount=0,clusterCount=2, currentLimit=-1, toExpelCount=0

2021-04-26 11:27:57,496 INFO Check over limit for ip limit rule, over limit ip count=0

2021-04-26 11:27:57,497 INFO Out dated connection ,size=0

2021-04-26 11:27:57,497 INFO Connection check task end

2021-04-26 11:28:00,498 INFO Connection check task start

2021-04-26 11:28:00,500 INFO Total count =2, sdkCount=0,clusterCount=2, currentLimit=-1, toExpelCount=0

2021-04-26 11:28:00,500 INFO Check over limit for ip limit rule, over limit ip count=0

2021-04-26 11:28:00,501 INFO Out dated connection ,size=0

2021-04-26 11:28:00,501 INFO Connection check task end

2021-04-26 11:28:03,502 INFO Connection check task start

2021-04-26 11:28:03,503 INFO Total count =2, sdkCount=0,clusterCount=2, currentLimit=-1, toExpelCount=0

2021-04-26 11:28:03,504 INFO Check over limit for ip limit rule, over limit ip count=0

2021-04-26 11:28:03,504 INFO Out dated connection ,size=0

2021-04-26 11:28:03,504 INFO Connection check task end

2021-04-26 11:28:06,505 INFO Connection check task start

2021-04-26 11:28:06,507 INFO Total count =2, sdkCount=0,clusterCount=2, currentLimit=-1, toExpelCount=0

2021-04-26 11:28:06,507 INFO Check over limit for ip limit rule, over limit ip count=0

2021-04-26 11:28:06,508 INFO Out dated connection ,size=0

2021-04-26 11:28:06,509 INFO Connection check task end

2021-04-26 11:28:09,488 INFO Connection check task start

2021-04-26 11:28:09,490 INFO Total count =2, sdkCount=0,clusterCount=2, currentLimit=-1, toExpelCount=0

2021-04-26 11:28:09,491 INFO Check over limit for ip limit rule, over limit ip count=0

2021-04-26 11:28:09,491 INFO Out dated connection ,size=0

2021-04-26 11:28:09,492 INFO Connection check task end

2021-04-26 11:28:12,493 INFO Connection check task start

2021-04-26 11:28:12,495 INFO Total count =2, sdkCount=0,clusterCount=2, currentLimit=-1, toExpelCount=0

2021-04-26 11:28:12,495 INFO Check over limit for ip limit rule, over limit ip count=0

2021-04-26 11:28:12,496 INFO Out dated connection ,size=0

2021-04-26 11:28:12,496 INFO Connection check task end

2021-04-26 11:28:15,498 INFO Connection check task start

2021-04-26 11:28:15,500 INFO Total count =2, sdkCount=0,clusterCount=2, currentLimit=-1, toExpelCount=0

2021-04-26 11:28:15,501 INFO Check over limit for ip limit rule, over limit ip count=0

2021-04-26 11:28:15,501 INFO Out dated connection ,size=0

2021-04-26 11:28:15,502 INFO Connection check task end

2021-04-26 11:28:18,502 INFO Connection check task start

2021-04-26 11:28:18,504 INFO Total count =2, sdkCount=0,clusterCount=2, currentLimit=-1, toExpelCount=0

2021-04-26 11:28:18,504 INFO Check over limit for ip limit rule, over limit ip count=0

2021-04-26 11:28:18,505 INFO Out dated connection ,size=0

2021-04-26 11:28:18,506 INFO Connection check task end

2021-04-26 11:28:21,506 INFO Connection check task start

2021-04-26 11:28:21,508 INFO Total count =2, sdkCount=0,clusterCount=2, currentLimit=-1, toExpelCount=0

2021-04-26 11:28:21,509 INFO Check over limit for ip limit rule, over limit ip count=0

2021-04-26 11:28:21,510 INFO Out dated connection ,size=0

2021-04-26 11:28:21,511 INFO Connection check task end

2021-04-26 11:28:24,511 INFO Connection check task start

2021-04-26 11:28:24,513 INFO Total count =2, sdkCount=0,clusterCount=2, currentLimit=-1, toExpelCount=0

2021-04-26 11:28:24,513 INFO Check over limit for ip limit rule, over limit ip count=0

2021-04-26 11:28:24,514 INFO Out dated connection ,size=0

2021-04-26 11:28:24,515 INFO Connection check task end

2021-04-26 11:28:27,516 INFO Connection check task start

2021-04-26 11:28:27,518 INFO Total count =2, sdkCount=0,clusterCount=2, currentLimit=-1, toExpelCount=0

2021-04-26 11:28:27,519 INFO Check over limit for ip limit rule, over limit ip count=0

2021-04-26 11:28:27,519 INFO Out dated connection ,size=0

2021-04-26 11:28:27,520 INFO Connection check task end

2021-04-26 11:28:30,521 INFO Connection check task start

2021-04-26 11:28:30,522 INFO Total count =2, sdkCount=0,clusterCount=2, currentLimit=-1, toExpelCount=0

2021-04-26 11:28:30,523 INFO Check over limit for ip limit rule, over limit ip count=0

2021-04-26 11:28:30,524 INFO Out dated connection ,size=0

2021-04-26 11:28:30,524 INFO Connection check task end

2021-04-26 11:28:33,525 INFO Connection check task start

2021-04-26 11:28:33,526 INFO Total count =2, sdkCount=0,clusterCount=2, currentLimit=-1, toExpelCount=0

2021-04-26 11:28:33,527 INFO Check over limit for ip limit rule, over limit ip count=0

2021-04-26 11:28:33,527 INFO Out dated connection ,size=0

2021-04-26 11:28:33,528 INFO Connection check task end

2021-04-26 11:28:36,529 INFO Connection check task start

2021-04-26 11:28:36,531 INFO Total count =2, sdkCount=0,clusterCount=2, currentLimit=-1, toExpelCount=0

2021-04-26 11:28:36,532 INFO Check over limit for ip limit rule, over limit ip count=0

2021-04-26 11:28:36,532 INFO Out dated connection ,size=0

2021-04-26 11:28:36,533 INFO Connection check task end

2021-04-26 11:28:39,513 INFO Connection check task start

2021-04-26 11:28:39,516 INFO Total count =2, sdkCount=0,clusterCount=2, currentLimit=-1, toExpelCount=0

2021-04-26 11:28:39,516 INFO Check over limit for ip limit rule, over limit ip count=0

2021-04-26 11:28:39,517 INFO Out dated connection ,size=0

2021-04-26 11:28:39,518 INFO Connection check task end

2021-04-26 11:28:42,519 INFO Connection check task start

2021-04-26 11:28:42,521 INFO Total count =2, sdkCount=0,clusterCount=2, currentLimit=-1, toExpelCount=0

2021-04-26 11:28:42,522 INFO Check over limit for ip limit rule, over limit ip count=0

2021-04-26 11:28:42,523 INFO Out dated connection ,size=0

2021-04-26 11:28:42,523 INFO Connection check task end

2021-04-26 11:28:45,524 INFO Connection check task start

2021-04-26 11:28:45,526 INFO Total count =2, sdkCount=0,clusterCount=2, currentLimit=-1, toExpelCount=0

2021-04-26 11:28:45,527 INFO Check over limit for ip limit rule, over limit ip count=0

2021-04-26 11:28:45,527 INFO Out dated connection ,size=0

2021-04-26 11:28:45,528 INFO Connection check task end

2021-04-26 11:28:48,529 INFO Connection check task start

2021-04-26 11:28:48,530 INFO Total count =2, sdkCount=0,clusterCount=2, currentLimit=-1, toExpelCount=0

2021-04-26 11:28:48,531 INFO Check over limit for ip limit rule, over limit ip count=0

2021-04-26 11:28:48,532 INFO Out dated connection ,size=0

2021-04-26 11:28:48,532 INFO Connection check task end

2021-04-26 11:28:51,533 INFO Connection check task start

2021-04-26 11:28:51,535 INFO Total count =2, sdkCount=0,clusterCount=2, currentLimit=-1, toExpelCount=0

2021-04-26 11:28:51,535 INFO Check over limit for ip limit rule, over limit ip count=0

2021-04-26 11:28:51,535 INFO Out dated connection ,size=0

2021-04-26 11:28:51,536 INFO Connection check task end

2021-04-26 11:28:54,536 INFO Connection check task start

2021-04-26 11:28:54,539 INFO Total count =2, sdkCount=0,clusterCount=2, currentLimit=-1, toExpelCount=0

2021-04-26 11:28:54,540 INFO Check over limit for ip limit rule, over limit ip count=0

2021-04-26 11:28:54,541 INFO Out dated connection ,size=0

2021-04-26 11:28:54,542 INFO Connection check task end

2021-04-26 11:28:57,542 INFO Connection check task start

2021-04-26 11:28:57,544 INFO Total count =2, sdkCount=0,clusterCount=2, currentLimit=-1, toExpelCount=0

2021-04-26 11:28:57,545 INFO Check over limit for ip limit rule, over limit ip count=0

2021-04-26 11:28:57,546 INFO Out dated connection ,size=0

2021-04-26 11:28:57,546 INFO Connection check task end

2021-04-26 11:29:00,547 INFO Connection check task start

2021-04-26 11:29:00,549 INFO Total count =2, sdkCount=0,clusterCount=2, currentLimit=-1, toExpelCount=0

2021-04-26 11:29:00,550 INFO Check over limit for ip limit rule, over limit ip count=0

2021-04-26 11:29:00,550 INFO Out dated connection ,size=0

2021-04-26 11:29:00,551 INFO Connection check task end

2021-04-26 11:29:03,552 INFO Connection check task start

2021-04-26 11:29:03,554 INFO Total count =2, sdkCount=0,clusterCount=2, currentLimit=-1, toExpelCount=0

2021-04-26 11:29:03,556 INFO Check over limit for ip limit rule, over limit ip count=0

2021-04-26 11:29:03,557 INFO Out dated connection ,size=0

2021-04-26 11:29:03,558 INFO Connection check task end

2021-04-26 11:29:06,558 INFO Connection check task start

2021-04-26 11:29:06,560 INFO Total count =2, sdkCount=0,clusterCount=2, currentLimit=-1, toExpelCount=0

2021-04-26 11:29:06,561 INFO Check over limit for ip limit rule, over limit ip count=0

2021-04-26 11:29:06,562 INFO Out dated connection ,size=0

2021-04-26 11:29:06,562 INFO Connection check task end

2021-04-26 11:29:09,541 INFO Connection check task start

2021-04-26 11:29:09,543 INFO Total count =2, sdkCount=0,clusterCount=2, currentLimit=-1, toExpelCount=0

2021-04-26 11:29:09,544 INFO Check over limit for ip limit rule, over limit ip count=0

2021-04-26 11:29:09,544 INFO Out dated connection ,size=0

2021-04-26 11:29:09,545 INFO Connection check task end

2021-04-26 11:29:12,545 INFO Connection check task start

2021-04-26 11:29:12,548 INFO Total count =2, sdkCount=0,clusterCount=2, currentLimit=-1, toExpelCount=0

2021-04-26 11:29:12,548 INFO Check over limit for ip limit rule, over limit ip count=0

2021-04-26 11:29:12,549 INFO Out dated connection ,size=0

2021-04-26 11:29:12,549 INFO Connection check task end

2021-04-26 11:29:15,551 INFO Connection check task start

2021-04-26 11:29:15,553 INFO Total count =2, sdkCount=0,clusterCount=2, currentLimit=-1, toExpelCount=0

2021-04-26 11:29:15,555 INFO Check over limit for ip limit rule, over limit ip count=0

2021-04-26 11:29:15,555 INFO Out dated connection ,size=0

2021-04-26 11:29:15,556 INFO Connection check task end

2021-04-26 11:29:18,557 INFO Connection check task start

2021-04-26 11:29:18,559 INFO Total count =2, sdkCount=0,clusterCount=2, currentLimit=-1, toExpelCount=0

2021-04-26 11:29:18,560 INFO Check over limit for ip limit rule, over limit ip count=0

2021-04-26 11:29:18,561 INFO Out dated connection ,size=0

2021-04-26 11:29:18,561 INFO Connection check task end

2021-04-26 11:29:21,562 INFO Connection check task start

2021-04-26 11:29:21,563 INFO Total count =2, sdkCount=0,clusterCount=2, currentLimit=-1, toExpelCount=0

2021-04-26 11:29:21,565 INFO Check over limit for ip limit rule, over limit ip count=0

2021-04-26 11:29:21,565 INFO Out dated connection ,size=0

2021-04-26 11:29:21,566 INFO Connection check task end

2021-04-26 11:29:24,566 INFO Connection check task start

2021-04-26 11:29:24,568 INFO Total count =2, sdkCount=0,clusterCount=2, currentLimit=-1, toExpelCount=0

2021-04-26 11:29:24,569 INFO Check over limit for ip limit rule, over limit ip count=0

2021-04-26 11:29:24,569 INFO Out dated connection ,size=0

2021-04-26 11:29:24,570 INFO Connection check task end

2021-04-26 11:29:27,571 INFO Connection check task start

2021-04-26 11:29:27,572 INFO Total count =2, sdkCount=0,clusterCount=2, currentLimit=-1, toExpelCount=0

2021-04-26 11:29:27,573 INFO Check over limit for ip limit rule, over limit ip count=0

2021-04-26 11:29:27,573 INFO Out dated connection ,size=0

2021-04-26 11:29:27,573 INFO Connection check task end

2021-04-26 11:29:30,574 INFO Connection check task start

2021-04-26 11:29:30,576 INFO Total count =2, sdkCount=0,clusterCount=2, currentLimit=-1, toExpelCount=0

2021-04-26 11:29:30,576 INFO Check over limit for ip limit rule, over limit ip count=0

2021-04-26 11:29:30,577 INFO Out dated connection ,size=0

2021-04-26 11:29:30,577 INFO Connection check task end

2021-04-26 11:29:33,578 INFO Connection check task start

2021-04-26 11:29:33,579 INFO Total count =2, sdkCount=0,clusterCount=2, currentLimit=-1, toExpelCount=0

2021-04-26 11:29:33,580 INFO Check over limit for ip limit rule, over limit ip count=0

2021-04-26 11:29:33,580 INFO Out dated connection ,size=0

2021-04-26 11:29:33,581 INFO Connection check task end

2021-04-26 11:29:36,582 INFO Connection check task start

2021-04-26 11:29:36,583 INFO Total count =2, sdkCount=0,clusterCount=2, currentLimit=-1, toExpelCount=0

2021-04-26 11:29:36,584 INFO Check over limit for ip limit rule, over limit ip count=0

2021-04-26 11:29:36,585 INFO Out dated connection ,size=0

2021-04-26 11:29:36,585 INFO Connection check task end

2021-04-26 11:29:39,565 INFO Connection check task start

2021-04-26 11:29:39,568 INFO Total count =2, sdkCount=0,clusterCount=2, currentLimit=-1, toExpelCount=0

2021-04-26 11:29:39,569 INFO Check over limit for ip limit rule, over limit ip count=0

2021-04-26 11:29:39,569 INFO Out dated connection ,size=0

2021-04-26 11:29:39,570 INFO Connection check task end

2021-04-26 11:29:42,571 INFO Connection check task start

2021-04-26 11:29:42,573 INFO Total count =2, sdkCount=0,clusterCount=2, currentLimit=-1, toExpelCount=0

2021-04-26 11:29:42,574 INFO Check over limit for ip limit rule, over limit ip count=0

2021-04-26 11:29:42,575 INFO Out dated connection ,size=0

2021-04-26 11:29:42,575 INFO Connection check task end

2021-04-26 11:29:45,576 INFO Connection check task start

2021-04-26 11:29:45,578 INFO Total count =2, sdkCount=0,clusterCount=2, currentLimit=-1, toExpelCount=0

2021-04-26 11:29:45,579 INFO Check over limit for ip limit rule, over limit ip count=0

2021-04-26 11:29:45,581 INFO Out dated connection ,size=0

2021-04-26 11:29:45,582 INFO Connection check task end

2021-04-26 11:29:48,582 INFO Connection check task start

2021-04-26 11:29:48,584 INFO Total count =2, sdkCount=0,clusterCount=2, currentLimit=-1, toExpelCount=0

2021-04-26 11:29:48,585 INFO Check over limit for ip limit rule, over limit ip count=0

2021-04-26 11:29:48,585 INFO Out dated connection ,size=0

2021-04-26 11:29:48,586 INFO Connection check task end

2021-04-26 11:29:51,587 INFO Connection check task start

2021-04-26 11:29:51,588 INFO Total count =2, sdkCount=0,clusterCount=2, currentLimit=-1, toExpelCount=0

2021-04-26 11:29:51,590 INFO Check over limit for ip limit rule, over limit ip count=0

2021-04-26 11:29:51,590 INFO Out dated connection ,size=0

2021-04-26 11:29:51,591 INFO Connection check task end

2021-04-26 11:29:54,592 INFO Connection check task start

2021-04-26 11:29:54,594 INFO Total count =2, sdkCount=0,clusterCount=2, currentLimit=-1, toExpelCount=0

2021-04-26 11:29:54,594 INFO Check over limit for ip limit rule, over limit ip count=0

2021-04-26 11:29:54,595 INFO Out dated connection ,size=0

2021-04-26 11:29:54,596 INFO Connection check task end

2021-04-26 11:29:57,596 INFO Connection check task start

2021-04-26 11:29:57,598 INFO Total count =2, sdkCount=0,clusterCount=2, currentLimit=-1, toExpelCount=0

2021-04-26 11:29:57,599 INFO Check over limit for ip limit rule, over limit ip count=0

2021-04-26 11:29:57,600 INFO Out dated connection ,size=0

2021-04-26 11:29:57,601 INFO Connection check task end

2021-04-26 11:30:00,601 INFO Connection check task start

2021-04-26 11:30:00,604 INFO Total count =2, sdkCount=0,clusterCount=2, currentLimit=-1, toExpelCount=0

2021-04-26 11:30:00,605 INFO Check over limit for ip limit rule, over limit ip count=0

2021-04-26 11:30:00,605 INFO Out dated connection ,size=0

2021-04-26 11:30:00,606 INFO Connection check task end

2021-04-26 11:30:03,607 INFO Connection check task start

2021-04-26 11:30:03,608 INFO Total count =2, sdkCount=0,clusterCount=2, currentLimit=-1, toExpelCount=0

2021-04-26 11:30:03,609 INFO Check over limit for ip limit rule, over limit ip count=0

2021-04-26 11:30:03,610 INFO Out dated connection ,size=0

2021-04-26 11:30:03,611 INFO Connection check task end

2021-04-26 11:30:06,611 INFO Connection check task start

2021-04-26 11:30:06,613 INFO Total count =2, sdkCount=0,clusterCount=2, currentLimit=-1, toExpelCount=0

2021-04-26 11:30:06,614 INFO Check over limit for ip limit rule, over limit ip count=0

2021-04-26 11:30:06,617 INFO Out dated connection ,size=0

2021-04-26 11:30:06,618 INFO Connection check task end

2021-04-26 11:30:09,597 INFO Connection check task start

2021-04-26 11:30:09,599 INFO Total count =2, sdkCount=0,clusterCount=2, currentLimit=-1, toExpelCount=0

2021-04-26 11:30:09,600 INFO Check over limit for ip limit rule, over limit ip count=0

2021-04-26 11:30:09,601 INFO Out dated connection ,size=0

2021-04-26 11:30:09,601 INFO Connection check task end

2021-04-26 11:30:12,602 INFO Connection check task start

2021-04-26 11:30:12,603 INFO Total count =2, sdkCount=0,clusterCount=2, currentLimit=-1, toExpelCount=0

2021-04-26 11:30:12,604 INFO Check over limit for ip limit rule, over limit ip count=0

2021-04-26 11:30:12,604 INFO Out dated connection ,size=0

2021-04-26 11:30:12,605 INFO Connection check task end

2021-04-26 11:30:15,606 INFO Connection check task start

2021-04-26 11:30:15,607 INFO Total count =2, sdkCount=0,clusterCount=2, currentLimit=-1, toExpelCount=0

2021-04-26 11:30:15,609 INFO Check over limit for ip limit rule, over limit ip count=0

2021-04-26 11:30:15,610 INFO Out dated connection ,size=0

2021-04-26 11:30:15,611 INFO Connection check task end

2021-04-26 11:30:18,611 INFO Connection check task start

2021-04-26 11:30:18,613 INFO Total count =2, sdkCount=0,clusterCount=2, currentLimit=-1, toExpelCount=0

2021-04-26 11:30:18,613 INFO Check over limit for ip limit rule, over limit ip count=0

2021-04-26 11:30:18,614 INFO Out dated connection ,size=0

2021-04-26 11:30:18,615 INFO Connection check task end

2021-04-26 11:30:21,615 INFO Connection check task start

2021-04-26 11:30:21,617 INFO Total count =2, sdkCount=0,clusterCount=2, currentLimit=-1, toExpelCount=0

2021-04-26 11:30:21,618 INFO Check over limit for ip limit rule, over limit ip count=0

2021-04-26 11:30:21,619 INFO Out dated connection ,size=0

2021-04-26 11:30:21,620 INFO Connection check task end

2021-04-26 11:30:24,621 INFO Connection check task start

2021-04-26 11:30:24,623 INFO Total count =2, sdkCount=0,clusterCount=2, currentLimit=-1, toExpelCount=0

2021-04-26 11:30:24,623 INFO Check over limit for ip limit rule, over limit ip count=0

2021-04-26 11:30:24,624 INFO Out dated connection ,size=0

2021-04-26 11:30:24,625 INFO Connection check task end

2021-04-26 11:30:27,626 INFO Connection check task start

2021-04-26 11:30:27,628 INFO Total count =2, sdkCount=0,clusterCount=2, currentLimit=-1, toExpelCount=0

2021-04-26 11:30:27,629 INFO Check over limit for ip limit rule, over limit ip count=0

2021-04-26 11:30:27,629 INFO Out dated connection ,size=0

2021-04-26 11:30:27,630 INFO Connection check task end

2021-04-26 11:30:30,631 INFO Connection check task start

2021-04-26 11:30:30,633 INFO Total count =2, sdkCount=0,clusterCount=2, currentLimit=-1, toExpelCount=0

2021-04-26 11:30:30,633 INFO Check over limit for ip limit rule, over limit ip count=0

2021-04-26 11:30:30,634 INFO Out dated connection ,size=0

2021-04-26 11:30:30,635 INFO Connection check task end

2021-04-26 11:30:33,636 INFO Connection check task start

2021-04-26 11:30:33,638 INFO Total count =2, sdkCount=0,clusterCount=2, currentLimit=-1, toExpelCount=0

2021-04-26 11:30:33,639 INFO Check over limit for ip limit rule, over limit ip count=0

2021-04-26 11:30:33,639 INFO Out dated connection ,size=0

2021-04-26 11:30:33,640 INFO Connection check task end

2021-04-26 11:30:36,641 INFO Connection check task start

2021-04-26 11:30:36,643 INFO Total count =2, sdkCount=0,clusterCount=2, currentLimit=-1, toExpelCount=0

2021-04-26 11:30:36,644 INFO Check over limit for ip limit rule, over limit ip count=0

2021-04-26 11:30:36,645 INFO Out dated connection ,size=0

2021-04-26 11:30:36,646 INFO Connection check task end

2021-04-26 11:30:39,626 INFO Connection check task start

2021-04-26 11:30:39,629 INFO Total count =2, sdkCount=0,clusterCount=2, currentLimit=-1, toExpelCount=0

2021-04-26 11:30:39,630 INFO Check over limit for ip limit rule, over limit ip count=0

2021-04-26 11:30:39,630 INFO Out dated connection ,size=0

2021-04-26 11:30:39,631 INFO Connection check task end

2021-04-26 11:30:42,632 INFO Connection check task start

2021-04-26 11:30:42,634 INFO Total count =2, sdkCount=0,clusterCount=2, currentLimit=-1, toExpelCount=0

2021-04-26 11:30:42,635 INFO Check over limit for ip limit rule, over limit ip count=0

2021-04-26 11:30:42,636 INFO Out dated connection ,size=0

2021-04-26 11:30:42,636 INFO Connection check task end

2021-04-26 11:30:45,636 INFO Connection check task start

2021-04-26 11:30:45,638 INFO Total count =2, sdkCount=0,clusterCount=2, currentLimit=-1, toExpelCount=0

2021-04-26 11:30:45,639 INFO Check over limit for ip limit rule, over limit ip count=0

2021-04-26 11:30:45,639 INFO Out dated connection ,size=0

2021-04-26 11:30:45,640 INFO Connection check task end

2021-04-26 11:30:48,641 INFO Connection check task start

2021-04-26 11:30:48,643 INFO Total count =2, sdkCount=0,clusterCount=2, currentLimit=-1, toExpelCount=0

2021-04-26 11:30:48,644 INFO Check over limit for ip limit rule, over limit ip count=0

2021-04-26 11:30:48,644 INFO Out dated connection ,size=0

2021-04-26 11:30:48,645 INFO Connection check task end

