
         ,--.
       ,--.'|
   ,--,:  : |                                           Nacos 2.0.0
,`--.'`|  ' :                       ,---.               Running in cluster mode, All function modules
|   :  :  | |                      '   ,'\   .--.--.    Port: 8848
:   |   \ | :  ,--.--.     ,---.  /   /   | /  /    '   Pid: 29
|   : '  '; | /       \   /     \.   ; ,. :|  :  /`./   Console: http://192.168.100.11:8848/nacos/index.html
'   ' ;.    ;.--.  .-. | /    / ''   | |: :|  :  ;_
|   | | \   | \__\/: . ..    ' / '   | .; : \  \    `.      https://nacos.io
'   : |  ; .' ," .--.; |'   ; :__|   :    |  `----.   \
|   | '`--'  /  /  ,.  |'   | '.'|\   \  /  /  /`--'  /
'   : |     ;  :   .'   \   :    : `----'  '--'.     /
;   |.'     |  ,     .-./\   \  /            `--'---'
'---'        `--`---'     `----'

2021-04-26 11:26:51,309 INFO The server IP list of Nacos is [192.168.100.11:8848, 192.168.100.12:8848, 192.168.100.13:8848]

2021-04-26 11:26:52,315 INFO Nacos is starting...

2021-04-26 11:26:53,324 INFO Nacos is starting...

2021-04-26 11:26:54,334 INFO Nacos is starting...

2021-04-26 11:26:55,343 INFO Nacos is starting...

2021-04-26 11:26:56,385 INFO Nacos is starting...

2021-04-26 11:26:57,413 INFO Nacos is starting...

2021-04-26 11:26:58,465 INFO Nacos is starting...

2021-04-26 11:26:59,468 INFO Nacos is starting...

2021-04-26 11:27:00,486 INFO Nacos is starting...

2021-04-26 11:27:01,495 INFO Nacos is starting...

2021-04-26 11:27:02,497 INFO Nacos is starting...

2021-04-26 11:27:03,504 INFO Nacos is starting...

2021-04-26 11:27:04,505 INFO Nacos is starting...

2021-04-26 11:27:05,508 INFO Nacos is starting...

2021-04-26 11:27:06,510 INFO Nacos is starting...

2021-04-26 11:27:07,512 INFO Nacos is starting...

2021-04-26 11:27:08,514 INFO Nacos is starting...

2021-04-26 11:27:09,504 INFO Nacos is starting...

2021-04-26 11:27:10,507 INFO Nacos is starting...

2021-04-26 11:27:11,536 INFO Nacos is starting...

2021-04-26 11:27:12,540 INFO Nacos is starting...

2021-04-26 11:27:13,546 INFO Nacos is starting...

2021-04-26 11:27:14,561 INFO Nacos is starting...

2021-04-26 11:27:15,563 INFO Nacos is starting...

2021-04-26 11:27:16,564 INFO Nacos is starting...

2021-04-26 11:27:17,572 INFO Nacos is starting...

2021-04-26 11:27:18,590 INFO Nacos is starting...

2021-04-26 11:27:19,601 INFO Nacos is starting...

2021-04-26 11:27:20,613 INFO Nacos is starting...

2021-04-26 11:27:21,645 INFO Nacos is starting...

2021-04-26 11:27:22,652 INFO Nacos is starting...

2021-04-26 11:27:23,661 INFO Nacos is starting...

2021-04-26 11:27:24,697 INFO Nacos is starting...

2021-04-26 11:27:24,922 INFO Nacos started successfully in cluster mode. use embedded storage

