2021-04-26 10:23:31,049 INFO Starting Nacos v2.0.0 on a3ee2ee854d3 with PID 29 (/home/nacos/target/nacos-server.jar started by root in /home/nacos)

2021-04-26 10:23:31,057 INFO The following profiles are active: standalone

2021-04-26 10:23:35,685 INFO Bean 'org.springframework.security.access.expression.method.DefaultMethodSecurityExpressionHandler@38d5b107' of type [org.springframework.security.access.expression.method.DefaultMethodSecurityExpressionHandler] is not eligible for getting processed by all BeanPostProcessors (for example: not eligible for auto-proxying)

2021-04-26 10:23:35,692 INFO Bean 'methodSecurityMetadataSource' of type [org.springframework.security.access.method.DelegatingMethodSecurityMetadataSource] is not eligible for getting processed by all BeanPostProcessors (for example: not eligible for auto-proxying)

2021-04-26 10:23:36,024 INFO Tomcat initialized with port(s): 8848 (http)

2021-04-26 10:23:36,062 INFO Starting service [Tomcat]

2021-04-26 10:23:36,062 INFO Starting Servlet engine: [Apache Tomcat/9.0.38]

2021-04-26 10:23:36,292 INFO At least one JAR was scanned for TLDs yet contained no TLDs. Enable debug logging for this logger for a complete list of JARs that were scanned but no TLDs were found in them. Skipping unneeded JARs during scanning can improve startup time and JSP compilation time.

2021-04-26 10:23:36,333 INFO Initializing Spring embedded WebApplicationContext

2021-04-26 10:23:36,334 INFO Root WebApplicationContext: initialization completed in 5197 ms

2021-04-26 10:23:36,770 INFO HikariPool-1 - Starting...

2021-04-26 10:23:36,774 WARN Registered driver with driverClassName=org.apache.derby.jdbc.EmbeddedDriver was not found, trying direct instantiation.

2021-04-26 10:23:37,319 INFO HikariPool-1 - Driver does not support get/set network timeout for connections. (Feature not implemented: No details.)

2021-04-26 10:23:37,325 INFO HikariPool-1 - Start completed.

2021-04-26 10:23:38,134 INFO Nacos-related cluster resource initialization

2021-04-26 10:23:38,155 INFO The cluster resource is initialized

2021-04-26 10:23:38,650 INFO Reflections took 36 ms to scan 1 urls, producing 5 keys and 10 values 

2021-04-26 10:23:38,680 INFO Reflections took 4 ms to scan 1 urls, producing 4 keys and 21 values 

2021-04-26 10:23:38,693 INFO Reflections took 4 ms to scan 1 urls, producing 5 keys and 19 values 

2021-04-26 10:23:38,703 INFO Reflections took 1 ms to scan 1 urls, producing 2 keys and 12 values 

2021-04-26 10:23:39,137 WARN There are no [com.alibaba.nacos.config.server.model.event.LocalDataChangeEvent] publishers for this event, please register

2021-04-26 10:23:39,443 INFO Reflections took 25 ms to scan 2 urls, producing 3 keys and 6 values 

2021-04-26 10:23:39,471 INFO Reflections took 26 ms to scan 2 urls, producing 4 keys and 9 values 

2021-04-26 10:23:39,498 INFO Reflections took 25 ms to scan 2 urls, producing 3 keys and 10 values 

2021-04-26 10:23:39,502 INFO Reflections took 2 ms to scan 1 urls, producing 2 keys and 2 values 

2021-04-26 10:23:39,528 INFO Reflections took 24 ms to scan 2 urls, producing 1 keys and 5 values 

2021-04-26 10:23:39,554 INFO Reflections took 23 ms to scan 2 urls, producing 1 keys and 7 values 

2021-04-26 10:23:39,578 INFO Reflections took 23 ms to scan 2 urls, producing 2 keys and 8 values 

2021-04-26 10:23:39,581 INFO Reflections took 1 ms to scan 1 urls, producing 1 keys and 1 values 

2021-04-26 10:23:41,222 INFO Initializing ExecutorService 'applicationTaskExecutor'

2021-04-26 10:23:41,362 INFO Adding welcome page: class path resource [static/index.html]

2021-04-26 10:23:41,797 INFO Creating filter chain: Ant [pattern='/**'], []

2021-04-26 10:23:41,835 INFO Creating filter chain: any request, [org.springframework.security.web.context.request.async.WebAsyncManagerIntegrationFilter@45bf6f39, org.springframework.security.web.context.SecurityContextPersistenceFilter@64524dd, org.springframework.security.web.header.HeaderWriterFilter@5e2a3040, org.springframework.security.web.csrf.CsrfFilter@6c518474, org.springframework.security.web.authentication.logout.LogoutFilter@70f822e, org.springframework.security.web.savedrequest.RequestCacheAwareFilter@47a7a101, org.springframework.security.web.servletapi.SecurityContextHolderAwareRequestFilter@e8ea697, org.springframework.security.web.authentication.AnonymousAuthenticationFilter@6c42f2a1, org.springframework.security.web.session.SessionManagementFilter@74294c1a, org.springframework.security.web.access.ExceptionTranslationFilter@2a066689]

2021-04-26 10:23:41,947 INFO Initializing ExecutorService 'taskScheduler'

2021-04-26 10:23:41,973 INFO Exposing 16 endpoint(s) beneath base path '/actuator'

2021-04-26 10:23:42,160 INFO Tomcat started on port(s): 8848 (http) with context path '/nacos'

2021-04-26 10:23:42,164 INFO Started Nacos in 12.589 seconds (JVM running for 13.289)

2021-04-26 10:23:42,166 INFO Nacos started successfully in stand alone mode. use embedded storage

2021-04-26 10:23:52,348 INFO Initializing Spring DispatcherServlet 'dispatcherServlet'

2021-04-26 10:23:52,349 INFO Initializing Servlet 'dispatcherServlet'

2021-04-26 10:23:52,366 INFO Completed initialization in 16 ms

