2021-04-23 16:30:28,379 INFO raft peers changed: [Member{ip='172.30.0.2', port=8848, state=UP, extendInfo={raftPort=7848}}]

2021-04-23 16:30:28,425 INFO initializing Raft sub-system

2021-04-23 16:30:28,430 INFO finish loading all datums, size: 0 cost 5 ms.

2021-04-23 16:30:28,437 INFO cache loaded, datum count: 0, current term: 0

2021-04-23 16:30:28,437 INFO finish to load data from disk, cost: 12 ms.

2021-04-23 16:30:28,443 INFO timer started: leader timeout ms: 15000, heart-beat timeout ms: 5000

2021-04-23 16:30:28,641 INFO add listener: com.alibaba.nacos.naming.domains.meta.

2021-04-23 16:30:29,418 INFO add listener: com.alibaba.nacos.naming.domains.meta.00-00---000-NACOS_SWITCH_DOMAIN-000---00-00

2021-04-23 16:30:30,533 INFO leader timeout, start voting,leader: {"ip":"172.30.0.2:8848","term":0,"leaderDueMs":16090,"heartbeatDueMs":4500,"state":"FOLLOWER"}, term: 0

2021-04-23 16:30:32,484 INFO raft peers changed: [Member{ip='172.30.0.2', port=8848, state=UP, extendInfo={lastRefreshTime=1619166632470, raftMetaData=com.alibaba.nacos.consistency.ProtocolMetaData@31c2037c, raftPort=7848, version=2.0.0}}]

2021-04-23 16:30:33,417 WARN start to close old raft protocol!!!

2021-04-23 16:30:33,417 WARN stop old raft protocol task for notifier

2021-04-23 16:30:33,417 WARN stop old raft protocol task for master task

2021-04-23 16:30:33,417 WARN stop old raft protocol task for heartbeat task

2021-04-23 16:30:33,417 WARN clean old cache datum for old raft

2021-04-23 16:30:33,417 WARN start to close old raft protocol!!!

2021-04-23 16:30:33,417 WARN stop old raft protocol task for notifier

2021-04-23 16:30:33,417 WARN stop old raft protocol task for master task

2021-04-23 16:30:33,417 WARN stop old raft protocol task for heartbeat task

2021-04-23 16:30:33,417 WARN clean old cache datum for old raft

2021-04-23 16:30:33,417 WARN start to move old raft protocol metadata

2021-04-23 16:30:33,418 WARN start to move old raft protocol metadata

2021-04-23 16:33:58,703 INFO raft peers changed: [Member{ip='172.31.0.2', port=8848, state=UP, extendInfo={raftPort=7848}}]

2021-04-23 16:33:58,744 INFO initializing Raft sub-system

2021-04-23 16:33:58,747 INFO finish loading all datums, size: 0 cost 3 ms.

2021-04-23 16:33:58,753 INFO cache loaded, datum count: 0, current term: 0

2021-04-23 16:33:58,753 INFO finish to load data from disk, cost: 9 ms.

2021-04-23 16:33:58,758 INFO timer started: leader timeout ms: 15000, heart-beat timeout ms: 5000

2021-04-23 16:33:58,935 INFO add listener: com.alibaba.nacos.naming.domains.meta.

2021-04-23 16:33:59,592 INFO add listener: com.alibaba.nacos.naming.domains.meta.00-00---000-NACOS_SWITCH_DOMAIN-000---00-00

2021-04-23 16:34:03,737 WARN start to close old raft protocol!!!

2021-04-23 16:34:03,737 WARN stop old raft protocol task for notifier

2021-04-23 16:34:03,737 WARN stop old raft protocol task for master task

2021-04-23 16:34:03,737 WARN stop old raft protocol task for heartbeat task

2021-04-23 16:34:03,737 WARN clean old cache datum for old raft

2021-04-23 16:34:03,737 WARN start to close old raft protocol!!!

2021-04-23 16:34:03,737 WARN stop old raft protocol task for notifier

2021-04-23 16:34:03,737 WARN stop old raft protocol task for master task

2021-04-23 16:34:03,737 WARN stop old raft protocol task for heartbeat task

2021-04-23 16:34:03,737 WARN clean old cache datum for old raft

2021-04-23 16:34:03,737 WARN start to move old raft protocol metadata

2021-04-23 16:34:03,739 WARN start to move old raft protocol metadata

2021-04-23 16:34:03,743 INFO raft peers changed: [Member{ip='172.31.0.2', port=8848, state=UP, extendInfo={lastRefreshTime=1619166843740, raftPort=7848, version=2.0.0}}]

2021-04-23 16:37:01,452 INFO raft peers changed: [Member{ip='192.168.0.2', port=8848, state=UP, extendInfo={raftPort=7848}}]

2021-04-23 16:37:01,496 INFO initializing Raft sub-system

2021-04-23 16:37:01,499 INFO finish loading all datums, size: 0 cost 3 ms.

2021-04-23 16:37:01,505 INFO cache loaded, datum count: 0, current term: 0

2021-04-23 16:37:01,506 INFO finish to load data from disk, cost: 10 ms.

2021-04-23 16:37:01,510 INFO timer started: leader timeout ms: 15000, heart-beat timeout ms: 5000

2021-04-23 16:37:01,687 INFO add listener: com.alibaba.nacos.naming.domains.meta.

2021-04-23 16:37:02,369 INFO add listener: com.alibaba.nacos.naming.domains.meta.00-00---000-NACOS_SWITCH_DOMAIN-000---00-00

2021-04-23 16:37:06,488 WARN start to close old raft protocol!!!

2021-04-23 16:37:06,488 WARN stop old raft protocol task for notifier

2021-04-23 16:37:06,488 WARN stop old raft protocol task for master task

2021-04-23 16:37:06,488 WARN stop old raft protocol task for heartbeat task

2021-04-23 16:37:06,488 WARN clean old cache datum for old raft

2021-04-23 16:37:06,488 WARN start to close old raft protocol!!!

2021-04-23 16:37:06,488 WARN stop old raft protocol task for notifier

2021-04-23 16:37:06,488 WARN stop old raft protocol task for master task

2021-04-23 16:37:06,488 WARN stop old raft protocol task for heartbeat task

2021-04-23 16:37:06,488 WARN clean old cache datum for old raft

2021-04-23 16:37:06,488 WARN start to move old raft protocol metadata

2021-04-23 16:37:06,490 WARN start to move old raft protocol metadata

2021-04-23 16:37:06,494 INFO raft peers changed: [Member{ip='192.168.0.2', port=8848, state=UP, extendInfo={lastRefreshTime=1619167026491, raftPort=7848, version=2.0.0}}]

2021-04-23 16:39:27,006 INFO raft peers changed: [Member{ip='192.168.16.2', port=8848, state=UP, extendInfo={raftPort=7848}}]

2021-04-23 16:39:27,051 INFO initializing Raft sub-system

2021-04-23 16:39:27,054 INFO finish loading all datums, size: 0 cost 3 ms.

2021-04-23 16:39:27,061 INFO cache loaded, datum count: 0, current term: 0

2021-04-23 16:39:27,061 INFO finish to load data from disk, cost: 10 ms.

2021-04-23 16:39:27,066 INFO timer started: leader timeout ms: 15000, heart-beat timeout ms: 5000

2021-04-23 16:39:27,253 INFO add listener: com.alibaba.nacos.naming.domains.meta.

2021-04-23 16:39:27,925 INFO add listener: com.alibaba.nacos.naming.domains.meta.00-00---000-NACOS_SWITCH_DOMAIN-000---00-00

2021-04-23 16:39:32,082 WARN start to close old raft protocol!!!

2021-04-23 16:39:32,082 WARN stop old raft protocol task for notifier

2021-04-23 16:39:32,082 WARN stop old raft protocol task for master task

2021-04-23 16:39:32,082 WARN stop old raft protocol task for heartbeat task

2021-04-23 16:39:32,082 WARN clean old cache datum for old raft

2021-04-23 16:39:32,082 WARN start to close old raft protocol!!!

2021-04-23 16:39:32,082 WARN stop old raft protocol task for notifier

2021-04-23 16:39:32,082 WARN stop old raft protocol task for master task

2021-04-23 16:39:32,082 WARN stop old raft protocol task for heartbeat task

2021-04-23 16:39:32,082 WARN clean old cache datum for old raft

2021-04-23 16:39:32,082 WARN start to move old raft protocol metadata

2021-04-23 16:39:32,085 WARN start to move old raft protocol metadata

2021-04-23 16:39:32,089 INFO raft peers changed: [Member{ip='192.168.16.2', port=8848, state=UP, extendInfo={lastRefreshTime=1619167172086, raftPort=7848, version=2.0.0}}]

2021-04-23 16:41:08,694 INFO raft peers changed: [Member{ip='192.168.32.2', port=8848, state=UP, extendInfo={raftPort=7848}}]

2021-04-23 16:41:08,735 INFO initializing Raft sub-system

2021-04-23 16:41:08,738 INFO finish loading all datums, size: 0 cost 3 ms.

2021-04-23 16:41:08,744 INFO cache loaded, datum count: 0, current term: 0

2021-04-23 16:41:08,744 INFO finish to load data from disk, cost: 9 ms.

2021-04-23 16:41:08,750 INFO timer started: leader timeout ms: 15000, heart-beat timeout ms: 5000

2021-04-23 16:41:08,918 INFO add listener: com.alibaba.nacos.naming.domains.meta.

2021-04-23 16:41:09,613 INFO add listener: com.alibaba.nacos.naming.domains.meta.00-00---000-NACOS_SWITCH_DOMAIN-000---00-00

2021-04-23 16:41:11,349 INFO leader timeout, start voting,leader: {"ip":"192.168.32.2:8848","term":0,"leaderDueMs":17351,"heartbeatDueMs":4500,"state":"FOLLOWER"}, term: 0

2021-04-23 16:41:13,730 WARN start to close old raft protocol!!!

2021-04-23 16:41:13,730 WARN stop old raft protocol task for notifier

2021-04-23 16:41:13,730 WARN stop old raft protocol task for master task

2021-04-23 16:41:13,730 WARN stop old raft protocol task for heartbeat task

2021-04-23 16:41:13,730 WARN clean old cache datum for old raft

2021-04-23 16:41:13,730 WARN start to close old raft protocol!!!

2021-04-23 16:41:13,731 WARN stop old raft protocol task for notifier

2021-04-23 16:41:13,731 WARN stop old raft protocol task for master task

2021-04-23 16:41:13,731 WARN stop old raft protocol task for heartbeat task

2021-04-23 16:41:13,731 WARN clean old cache datum for old raft

2021-04-23 16:41:13,731 WARN start to move old raft protocol metadata

2021-04-23 16:41:13,733 WARN start to move old raft protocol metadata

2021-04-23 16:41:13,751 INFO raft peers changed: [Member{ip='192.168.32.2', port=8848, state=UP, extendInfo={lastRefreshTime=1619167273736, raftPort=7848, version=2.0.0}}]

