2021-04-23 16:30:29,994 INFO Init loader limit rule from local,rule=

2021-04-23 16:30:30,152 INFO [ClientConnectionEventListenerRegistry] registry listener - ConfigConnectionEventListener

2021-04-23 16:30:30,186 INFO [ClientConnectionEventListenerRegistry] registry listener - RpcAckCallbackInitorOrCleaner

2021-04-23 16:30:30,449 INFO Nacos GrpcSdkServer Rpc server starting at port 9848

2021-04-23 16:30:31,235 INFO Nacos GrpcSdkServer Rpc server started at port 9848

2021-04-23 16:30:31,237 INFO Nacos GrpcClusterServer Rpc server starting at port 9849

2021-04-23 16:30:31,239 INFO Nacos GrpcClusterServer Rpc server started at port 9849

2021-04-23 16:30:31,266 INFO [ClientConnectionEventListenerRegistry] registry listener - ConnectionBasedClientManager

2021-04-23 16:34:00,180 INFO Init loader limit rule from local,rule=

2021-04-23 16:34:00,278 INFO [ClientConnectionEventListenerRegistry] registry listener - ConfigConnectionEventListener

2021-04-23 16:34:00,302 INFO [ClientConnectionEventListenerRegistry] registry listener - RpcAckCallbackInitorOrCleaner

2021-04-23 16:34:00,525 INFO Nacos GrpcSdkServer Rpc server starting at port 9848

2021-04-23 16:34:01,124 INFO Nacos GrpcSdkServer Rpc server started at port 9848

2021-04-23 16:34:01,126 INFO Nacos GrpcClusterServer Rpc server starting at port 9849

2021-04-23 16:34:01,128 INFO Nacos GrpcClusterServer Rpc server started at port 9849

2021-04-23 16:34:01,154 INFO [ClientConnectionEventListenerRegistry] registry listener - ConnectionBasedClientManager

2021-04-23 16:37:02,986 INFO Init loader limit rule from local,rule=

2021-04-23 16:37:03,081 INFO [ClientConnectionEventListenerRegistry] registry listener - ConfigConnectionEventListener

2021-04-23 16:37:03,109 INFO [ClientConnectionEventListenerRegistry] registry listener - RpcAckCallbackInitorOrCleaner

2021-04-23 16:37:03,321 INFO Nacos GrpcSdkServer Rpc server starting at port 9848

2021-04-23 16:37:03,900 INFO Nacos GrpcSdkServer Rpc server started at port 9848

2021-04-23 16:37:03,902 INFO Nacos GrpcClusterServer Rpc server starting at port 9849

2021-04-23 16:37:03,905 INFO Nacos GrpcClusterServer Rpc server started at port 9849

2021-04-23 16:37:03,929 INFO [ClientConnectionEventListenerRegistry] registry listener - ConnectionBasedClientManager

2021-04-23 16:39:28,686 INFO Init loader limit rule from local,rule=

2021-04-23 16:39:28,788 INFO [ClientConnectionEventListenerRegistry] registry listener - ConfigConnectionEventListener

2021-04-23 16:39:28,813 INFO [ClientConnectionEventListenerRegistry] registry listener - RpcAckCallbackInitorOrCleaner

2021-04-23 16:39:29,037 INFO Nacos GrpcSdkServer Rpc server starting at port 9848

2021-04-23 16:39:29,636 INFO Nacos GrpcSdkServer Rpc server started at port 9848

2021-04-23 16:39:29,638 INFO Nacos GrpcClusterServer Rpc server starting at port 9849

2021-04-23 16:39:29,641 INFO Nacos GrpcClusterServer Rpc server started at port 9849

2021-04-23 16:39:29,666 INFO [ClientConnectionEventListenerRegistry] registry listener - ConnectionBasedClientManager

2021-04-23 16:41:10,293 INFO Init loader limit rule from local,rule=

2021-04-23 16:41:10,399 INFO [ClientConnectionEventListenerRegistry] registry listener - ConfigConnectionEventListener

2021-04-23 16:41:10,431 INFO [ClientConnectionEventListenerRegistry] registry listener - RpcAckCallbackInitorOrCleaner

2021-04-23 16:41:10,705 INFO Nacos GrpcSdkServer Rpc server starting at port 9848

2021-04-23 16:41:11,323 INFO Nacos GrpcSdkServer Rpc server started at port 9848

2021-04-23 16:41:11,325 INFO Nacos GrpcClusterServer Rpc server starting at port 9849

2021-04-23 16:41:11,328 INFO Nacos GrpcClusterServer Rpc server started at port 9849

2021-04-23 16:41:11,357 INFO [ClientConnectionEventListenerRegistry] registry listener - ConnectionBasedClientManager

