
         ,--.
       ,--.'|
   ,--,:  : |                                           Nacos 2.0.0
,`--.'`|  ' :                       ,---.               Running in stand alone mode, All function modules
|   :  :  | |                      '   ,'\   .--.--.    Port: 8848
:   |   \ | :  ,--.--.     ,---.  /   /   | /  /    '   Pid: 30
|   : '  '; | /       \   /     \.   ; ,. :|  :  /`./   Console: http://192.168.32.2:8848/nacos/index.html
'   ' ;.    ;.--.  .-. | /    / ''   | |: :|  :  ;_
|   | | \   | \__\/: . ..    ' / '   | .; : \  \    `.      https://nacos.io
'   : |  ; .' ," .--.; |'   ; :__|   :    |  `----.   \
|   | '`--'  /  /  ,.  |'   | '.'|\   \  /  /  /`--'  /
'   : |     ;  :   .'   \   :    : `----'  '--'.     /
;   |.'     |  ,     .-./\   \  /            `--'---'
'---'        `--`---'     `----'

2021-04-23 16:41:04,782 INFO Bean 'org.springframework.security.access.expression.method.DefaultMethodSecurityExpressionHandler@282308c3' of type [org.springframework.security.access.expression.method.DefaultMethodSecurityExpressionHandler] is not eligible for getting processed by all BeanPostProcessors (for example: not eligible for auto-proxying)

2021-04-23 16:41:04,791 INFO Bean 'methodSecurityMetadataSource' of type [org.springframework.security.access.method.DelegatingMethodSecurityMetadataSource] is not eligible for getting processed by all BeanPostProcessors (for example: not eligible for auto-proxying)

2021-04-23 16:41:05,298 INFO Tomcat initialized with port(s): 8848 (http)

2021-04-23 16:41:05,694 INFO Root WebApplicationContext: initialization completed in 10088 ms

2021-04-23 16:41:10,081 WARN There are no [com.alibaba.nacos.config.server.model.event.LocalDataChangeEvent] publishers for this event, please register

2021-04-23 16:41:13,150 INFO Initializing ExecutorService 'applicationTaskExecutor'

2021-04-23 16:41:13,365 INFO Adding welcome page: class path resource [static/index.html]

2021-04-23 16:41:14,203 INFO Creating filter chain: Ant [pattern='/**'], []

2021-04-23 16:41:14,275 INFO Creating filter chain: any request, [org.springframework.security.web.context.request.async.WebAsyncManagerIntegrationFilter@40712ee9, org.springframework.security.web.context.SecurityContextPersistenceFilter@3a01773b, org.springframework.security.web.header.HeaderWriterFilter@16872c4d, org.springframework.security.web.csrf.CsrfFilter@7be71476, org.springframework.security.web.authentication.logout.LogoutFilter@472698d, org.springframework.security.web.savedrequest.RequestCacheAwareFilter@2c58dcb1, org.springframework.security.web.servletapi.SecurityContextHolderAwareRequestFilter@680a66dd, org.springframework.security.web.authentication.AnonymousAuthenticationFilter@2e53b094, org.springframework.security.web.session.SessionManagementFilter@46a953cf, org.springframework.security.web.access.ExceptionTranslationFilter@17b6d426]

2021-04-23 16:41:14,555 INFO Initializing ExecutorService 'taskScheduler'

2021-04-23 16:41:14,589 INFO Exposing 16 endpoint(s) beneath base path '/actuator'

2021-04-23 16:41:14,760 INFO Tomcat started on port(s): 8848 (http) with context path '/nacos'

2021-04-23 16:41:14,768 INFO Nacos started successfully in stand alone mode. use embedded storage

2021-04-23 16:41:17,247 INFO Initializing Servlet 'dispatcherServlet'

2021-04-23 16:41:17,321 INFO Completed initialization in 70 ms

