2021-04-26 10:23:39,361 INFO Register tps control,pointName=CONFIG_PUSH_COUNT, point=com.alibaba.nacos.core.remote.control.TpsMonitorPoint@5c0f79f0 

2021-04-26 10:23:39,370 INFO Load rule from local,pointName=CONFIG_PUSH_COUNT, ruleContent= 

2021-04-26 10:23:39,371 INFO Apply tps control rule parse start,pointName=[CONFIG_PUSH_COUNT]  

2021-04-26 10:23:39,371 INFO Clear point  control rule ,pointName=[CONFIG_PUSH_COUNT]  

2021-04-26 10:23:39,371 INFO Clear point  control rule for monitorKeys, pointName=[CONFIG_PUSH_COUNT]  

2021-04-26 10:23:39,372 INFO Register tps control,pointName=CONFIG_PUSH_SUCCESS, point=com.alibaba.nacos.core.remote.control.TpsMonitorPoint@21fdfefc 

2021-04-26 10:23:39,375 INFO Load rule from local,pointName=CONFIG_PUSH_SUCCESS, ruleContent= 

2021-04-26 10:23:39,376 INFO Apply tps control rule parse start,pointName=[CONFIG_PUSH_SUCCESS]  

2021-04-26 10:23:39,376 INFO Clear point  control rule ,pointName=[CONFIG_PUSH_SUCCESS]  

2021-04-26 10:23:39,377 INFO Clear point  control rule for monitorKeys, pointName=[CONFIG_PUSH_SUCCESS]  

2021-04-26 10:23:39,378 INFO Register tps control,pointName=CONFIG_PUSH_FAIL, point=com.alibaba.nacos.core.remote.control.TpsMonitorPoint@3daa82be 

2021-04-26 10:23:39,381 INFO Load rule from local,pointName=CONFIG_PUSH_FAIL, ruleContent= 

2021-04-26 10:23:39,382 INFO Apply tps control rule parse start,pointName=[CONFIG_PUSH_FAIL]  

2021-04-26 10:23:39,382 INFO Clear point  control rule ,pointName=[CONFIG_PUSH_FAIL]  

2021-04-26 10:23:39,382 INFO Clear point  control rule for monitorKeys, pointName=[CONFIG_PUSH_FAIL]  

2021-04-26 10:23:42,060 INFO Register tps control,pointName=ConfigQuery, point=com.alibaba.nacos.core.remote.control.TpsMonitorPoint@44c13103 

2021-04-26 10:23:42,065 INFO Load rule from local,pointName=ConfigQuery, ruleContent= 

2021-04-26 10:23:42,066 INFO Apply tps control rule parse start,pointName=[ConfigQuery]  

2021-04-26 10:23:42,066 INFO Clear point  control rule ,pointName=[ConfigQuery]  

2021-04-26 10:23:42,066 INFO Clear point  control rule for monitorKeys, pointName=[ConfigQuery]  

2021-04-26 10:23:42,067 INFO Register tps control,pointName=ClusterConfigChangeNotify, point=com.alibaba.nacos.core.remote.control.TpsMonitorPoint@8f2098e 

2021-04-26 10:23:42,118 INFO Load rule from local,pointName=ClusterConfigChangeNotify, ruleContent= 

2021-04-26 10:23:42,118 INFO Apply tps control rule parse start,pointName=[ClusterConfigChangeNotify]  

2021-04-26 10:23:42,119 INFO Clear point  control rule ,pointName=[ClusterConfigChangeNotify]  

2021-04-26 10:23:42,119 INFO Clear point  control rule for monitorKeys, pointName=[ClusterConfigChangeNotify]  

2021-04-26 10:23:42,120 INFO Register tps control,pointName=ConfigListen, point=com.alibaba.nacos.core.remote.control.TpsMonitorPoint@6c6366cf 

2021-04-26 10:23:42,122 INFO Load rule from local,pointName=ConfigListen, ruleContent= 

2021-04-26 10:23:42,122 INFO Apply tps control rule parse start,pointName=[ConfigListen]  

2021-04-26 10:23:42,122 INFO Clear point  control rule ,pointName=[ConfigListen]  

2021-04-26 10:23:42,123 INFO Clear point  control rule for monitorKeys, pointName=[ConfigListen]  

2021-04-26 10:23:42,123 INFO Register tps control,pointName=ConfigRemove, point=com.alibaba.nacos.core.remote.control.TpsMonitorPoint@55a88417 

2021-04-26 10:23:42,125 INFO Load rule from local,pointName=ConfigRemove, ruleContent= 

2021-04-26 10:23:42,126 INFO Apply tps control rule parse start,pointName=[ConfigRemove]  

2021-04-26 10:23:42,126 INFO Clear point  control rule ,pointName=[ConfigRemove]  

2021-04-26 10:23:42,126 INFO Clear point  control rule for monitorKeys, pointName=[ConfigRemove]  

2021-04-26 10:23:42,126 INFO Register tps control,pointName=ConfigPublish, point=com.alibaba.nacos.core.remote.control.TpsMonitorPoint@18acfe88 

2021-04-26 10:23:42,128 INFO Load rule from local,pointName=ConfigPublish, ruleContent= 

2021-04-26 10:23:42,129 INFO Apply tps control rule parse start,pointName=[ConfigPublish]  

2021-04-26 10:23:42,129 INFO Clear point  control rule ,pointName=[ConfigPublish]  

2021-04-26 10:23:42,129 INFO Clear point  control rule for monitorKeys, pointName=[ConfigPublish]  

2021-04-26 10:23:42,130 INFO Register tps control,pointName=HealthCheck, point=com.alibaba.nacos.core.remote.control.TpsMonitorPoint@8a2a6a 

2021-04-26 10:23:42,132 INFO Load rule from local,pointName=HealthCheck, ruleContent= 

2021-04-26 10:23:42,132 INFO Apply tps control rule parse start,pointName=[HealthCheck]  

2021-04-26 10:23:42,132 INFO Clear point  control rule ,pointName=[HealthCheck]  

2021-04-26 10:23:42,132 INFO Clear point  control rule for monitorKeys, pointName=[HealthCheck]  

