2021-04-26 10:10:39,468 INFO notifyConnectTimeout:200

2021-04-26 10:10:39,512 INFO notifySocketTimeout:8000

2021-04-26 10:10:39,513 INFO isHealthCheck:true

2021-04-26 10:10:39,514 INFO maxHealthCheckFailCount:12

2021-04-26 10:10:39,515 INFO maxContent:10485760

2021-04-26 10:10:39,517 INFO spring.datasource.platform:""

2021-04-26 10:10:53,754 INFO use local db service for init

2021-04-26 10:10:55,526 WARN Lexical error at line 4, column 66.  Encountered: <EOF> after : "".

2021-04-26 10:10:55,547 WARN Syntax error: Encountered "*" at line 1, column 1.

2021-04-26 10:10:55,678 WARN Table/View 'CONFIG_INFO' already exists in Schema 'NACOS'.

2021-04-26 10:10:55,861 WARN Table/View 'HIS_CONFIG_INFO' already exists in Schema 'NACOS'.

2021-04-26 10:10:55,924 WARN Table/View 'CONFIG_INFO_BETA' already exists in Schema 'NACOS'.

2021-04-26 10:10:55,952 WARN Table/View 'CONFIG_INFO_TAG' already exists in Schema 'NACOS'.

2021-04-26 10:10:55,986 WARN Table/View 'CONFIG_INFO_AGGR' already exists in Schema 'NACOS'.

2021-04-26 10:10:56,018 WARN Table/View 'APP_LIST' already exists in Schema 'NACOS'.

2021-04-26 10:10:56,052 WARN Table/View 'APP_CONFIGDATA_RELATION_SUBS' already exists in Schema 'NACOS'.

2021-04-26 10:10:56,074 WARN Table/View 'APP_CONFIGDATA_RELATION_PUBS' already exists in Schema 'NACOS'.

2021-04-26 10:10:56,103 WARN Table/View 'CONFIG_TAGS_RELATION' already exists in Schema 'NACOS'.

2021-04-26 10:10:56,149 WARN Table/View 'GROUP_CAPACITY' already exists in Schema 'NACOS'.

2021-04-26 10:10:56,180 WARN Table/View 'TENANT_CAPACITY' already exists in Schema 'NACOS'.

2021-04-26 10:10:56,208 WARN Table/View 'TENANT_INFO' already exists in Schema 'NACOS'.

2021-04-26 10:10:56,232 WARN Table/View 'USERS' already exists in Schema 'NACOS'.

2021-04-26 10:10:56,263 WARN Table/View 'ROLES' already exists in Schema 'NACOS'.

2021-04-26 10:10:56,284 WARN Table/View 'PERMISSIONS' already exists in Schema 'NACOS'.

2021-04-26 10:10:56,380 WARN The statement was aborted because it would have caused a duplicate key value in a unique or primary key constraint or unique index identified by 'SQL210425162739670' defined on 'USERS'.

2021-04-26 10:10:56,413 WARN The statement was aborted because it would have caused a duplicate key value in a unique or primary key constraint or unique index identified by 'UK_USERNAME_ROLE' defined on 'ROLES'.

2021-04-26 10:10:56,414 WARN Lexical error at line 4, column 13.  Encountered: "`" (96), after : "".

2021-04-26 10:10:56,415 WARN Lexical error at line 1, column 13.  Encountered: "`" (96), after : "".

2021-04-26 10:10:56,416 WARN Lexical error at line 1, column 13.  Encountered: "`" (96), after : "".

2021-04-26 10:10:56,417 WARN Lexical error at line 1, column 13.  Encountered: "`" (96), after : "".

2021-04-26 10:10:56,417 WARN use local db service for reopenDerby

2021-04-26 10:10:57,633 WARN Lexical error at line 4, column 66.  Encountered: <EOF> after : "".

2021-04-26 10:10:57,636 WARN Syntax error: Encountered "*" at line 1, column 1.

2021-04-26 10:10:58,523 WARN Lexical error at line 4, column 13.  Encountered: "`" (96), after : "".

2021-04-26 10:10:58,527 WARN Lexical error at line 1, column 13.  Encountered: "`" (96), after : "".

2021-04-26 10:10:58,528 WARN Lexical error at line 1, column 13.  Encountered: "`" (96), after : "".

2021-04-26 10:10:58,529 WARN Lexical error at line 1, column 13.  Encountered: "`" (96), after : "".

2021-04-26 10:10:58,881 INFO use DistributedTransactionServicesImpl

2021-04-26 10:11:04,608 WARN DumpService start

2021-04-26 10:11:04,677 INFO start clear all config-info.

2021-04-26 10:11:04,682 WARN clear all config-info failed.

2021-04-26 10:11:04,683 WARN clear all config-info-tenant failed.

2021-04-26 10:11:04,916 INFO start clear all config-info-beta.

2021-04-26 10:11:04,917 WARN clear all config-info-beta failed.

2021-04-26 10:11:04,919 WARN clear all config-info-beta-tenant failed.

2021-04-26 10:11:05,003 INFO start clear all config-info-tag.

2021-04-26 10:11:05,004 WARN clear all config-info-tag failed.

2021-04-26 10:11:05,005 WARN clear all config-info-tag-tenant failed.

2021-04-26 10:11:05,128 WARN initialDelay:341

2021-04-26 10:24:49,362 INFO notifyConnectTimeout:200

2021-04-26 10:24:49,372 INFO notifySocketTimeout:8000

2021-04-26 10:24:49,374 INFO isHealthCheck:true

2021-04-26 10:24:49,375 INFO maxHealthCheckFailCount:12

2021-04-26 10:24:49,378 INFO maxContent:10485760

2021-04-26 10:24:49,380 INFO spring.datasource.platform:""

2021-04-26 10:25:16,503 WARN DumpService start

2021-04-26 10:25:16,509 INFO start clear all config-info.

2021-04-26 10:25:16,514 WARN clear all config-info failed.

2021-04-26 10:25:16,515 WARN clear all config-info-tenant failed.

2021-04-26 10:28:15,022 INFO notifyConnectTimeout:200

2021-04-26 10:28:15,034 INFO notifySocketTimeout:8000

2021-04-26 10:28:15,034 INFO isHealthCheck:true

2021-04-26 10:28:15,035 INFO maxHealthCheckFailCount:12

2021-04-26 10:28:15,038 INFO maxContent:10485760

2021-04-26 10:28:15,039 INFO spring.datasource.platform:""

2021-04-26 10:28:40,251 WARN DumpService start

2021-04-26 10:28:40,255 INFO start clear all config-info.

2021-04-26 10:28:40,257 WARN clear all config-info failed.

2021-04-26 10:28:40,258 WARN clear all config-info-tenant failed.

2021-04-26 10:59:55,939 INFO notifyConnectTimeout:200

2021-04-26 10:59:55,962 INFO notifySocketTimeout:8000

2021-04-26 10:59:55,965 INFO isHealthCheck:true

2021-04-26 10:59:55,966 INFO maxHealthCheckFailCount:12

2021-04-26 10:59:55,971 INFO maxContent:10485760

2021-04-26 10:59:55,975 INFO spring.datasource.platform:""

2021-04-26 11:00:08,527 INFO use local db service for init

2021-04-26 11:00:10,046 WARN Lexical error at line 4, column 66.  Encountered: <EOF> after : "".

2021-04-26 11:00:10,055 WARN Syntax error: Encountered "*" at line 1, column 1.

2021-04-26 11:00:10,158 WARN Table/View 'CONFIG_INFO' already exists in Schema 'NACOS'.

2021-04-26 11:00:10,275 WARN Table/View 'HIS_CONFIG_INFO' already exists in Schema 'NACOS'.

2021-04-26 11:00:10,319 WARN Table/View 'CONFIG_INFO_BETA' already exists in Schema 'NACOS'.

2021-04-26 11:00:10,345 WARN Table/View 'CONFIG_INFO_TAG' already exists in Schema 'NACOS'.

2021-04-26 11:00:10,416 WARN Table/View 'CONFIG_INFO_AGGR' already exists in Schema 'NACOS'.

2021-04-26 11:00:10,439 WARN Table/View 'APP_LIST' already exists in Schema 'NACOS'.

2021-04-26 11:00:10,476 WARN Table/View 'APP_CONFIGDATA_RELATION_SUBS' already exists in Schema 'NACOS'.

2021-04-26 11:00:10,516 WARN Table/View 'APP_CONFIGDATA_RELATION_PUBS' already exists in Schema 'NACOS'.

2021-04-26 11:00:10,546 WARN Table/View 'CONFIG_TAGS_RELATION' already exists in Schema 'NACOS'.

2021-04-26 11:00:10,589 WARN Table/View 'GROUP_CAPACITY' already exists in Schema 'NACOS'.

2021-04-26 11:00:10,613 WARN Table/View 'TENANT_CAPACITY' already exists in Schema 'NACOS'.

2021-04-26 11:00:10,642 WARN Table/View 'TENANT_INFO' already exists in Schema 'NACOS'.

2021-04-26 11:00:10,671 WARN Table/View 'USERS' already exists in Schema 'NACOS'.

2021-04-26 11:00:10,710 WARN Table/View 'ROLES' already exists in Schema 'NACOS'.

2021-04-26 11:00:10,732 WARN Table/View 'PERMISSIONS' already exists in Schema 'NACOS'.

2021-04-26 11:00:10,815 WARN The statement was aborted because it would have caused a duplicate key value in a unique or primary key constraint or unique index identified by 'SQL210426101058440' defined on 'USERS'.

2021-04-26 11:00:10,831 WARN The statement was aborted because it would have caused a duplicate key value in a unique or primary key constraint or unique index identified by 'UK_USERNAME_ROLE' defined on 'ROLES'.

2021-04-26 11:00:10,833 WARN Lexical error at line 4, column 13.  Encountered: "`" (96), after : "".

2021-04-26 11:00:10,833 WARN Lexical error at line 1, column 13.  Encountered: "`" (96), after : "".

2021-04-26 11:00:10,834 WARN Lexical error at line 1, column 13.  Encountered: "`" (96), after : "".

2021-04-26 11:00:10,835 WARN Lexical error at line 1, column 13.  Encountered: "`" (96), after : "".

2021-04-26 11:00:10,835 WARN use local db service for reopenDerby

2021-04-26 11:00:11,877 WARN Lexical error at line 4, column 66.  Encountered: <EOF> after : "".

2021-04-26 11:00:11,879 WARN Syntax error: Encountered "*" at line 1, column 1.

2021-04-26 11:00:12,833 WARN Lexical error at line 4, column 13.  Encountered: "`" (96), after : "".

2021-04-26 11:00:12,835 WARN Lexical error at line 1, column 13.  Encountered: "`" (96), after : "".

2021-04-26 11:00:12,835 WARN Lexical error at line 1, column 13.  Encountered: "`" (96), after : "".

2021-04-26 11:00:12,837 WARN Lexical error at line 1, column 13.  Encountered: "`" (96), after : "".

2021-04-26 11:00:13,502 INFO use DistributedTransactionServicesImpl

2021-04-26 11:00:17,696 WARN DumpService start

2021-04-26 11:00:17,702 INFO start clear all config-info.

2021-04-26 11:00:17,706 WARN clear all config-info failed.

2021-04-26 11:00:17,707 WARN clear all config-info-tenant failed.

2021-04-26 11:00:18,008 INFO start clear all config-info-beta.

2021-04-26 11:00:18,013 WARN clear all config-info-beta failed.

2021-04-26 11:00:18,022 WARN clear all config-info-beta-tenant failed.

2021-04-26 11:00:18,148 INFO start clear all config-info-tag.

2021-04-26 11:00:18,149 WARN clear all config-info-tag failed.

2021-04-26 11:00:18,151 WARN clear all config-info-tag-tenant failed.

2021-04-26 11:00:18,365 WARN initialDelay:129

