2021-04-26 10:10:59,213 INFO raft peers changed: [Member{ip='nacos3', port=8848, state=UP, extendInfo={raftPort=7848}}, Member{ip='nacos2', port=8848, state=UP, extendInfo={raftPort=7848}}, Member{ip='nacos1', port=8848, state=UP, extendInfo={raftPort=7848}}]

2021-04-26 10:10:59,420 INFO initializing Raft sub-system

2021-04-26 10:10:59,428 INFO finish loading all datums, size: 0 cost 8 ms.

2021-04-26 10:10:59,443 INFO cache loaded, datum count: 0, current term: 0

2021-04-26 10:10:59,449 INFO finish to load data from disk, cost: 24 ms.

2021-04-26 10:10:59,475 INFO timer started: leader timeout ms: 15000, heart-beat timeout ms: 5000

2021-04-26 10:11:00,452 INFO add listener: com.alibaba.nacos.naming.domains.meta.

2021-04-26 10:11:01,965 INFO add listener: com.alibaba.nacos.naming.domains.meta.00-00---000-NACOS_SWITCH_DOMAIN-000---00-00

2021-04-26 10:11:09,482 INFO leader timeout, start voting,leader: null, term: 0

2021-04-26 10:11:10,070 ERROR error while sending vote to server: nacos1:8848

java.net.ConnectException: Connection refused
	at sun.nio.ch.SocketChannelImpl.checkConnect(Native Method)
	at sun.nio.ch.SocketChannelImpl.finishConnect(SocketChannelImpl.java:716)
	at org.apache.http.impl.nio.reactor.DefaultConnectingIOReactor.processEvent(DefaultConnectingIOReactor.java:174)
	at org.apache.http.impl.nio.reactor.DefaultConnectingIOReactor.processEvents(DefaultConnectingIOReactor.java:148)
	at org.apache.http.impl.nio.reactor.AbstractMultiworkerIOReactor.execute(AbstractMultiworkerIOReactor.java:351)
	at org.apache.http.impl.nio.conn.PoolingNHttpClientConnectionManager.execute(PoolingNHttpClientConnectionManager.java:194)
	at org.apache.http.impl.nio.client.CloseableHttpAsyncClientBase$1.run(CloseableHttpAsyncClientBase.java:64)
	at java.lang.Thread.run(Thread.java:748)
2021-04-26 10:11:10,076 ERROR error while sending vote to server: nacos2:8848

java.net.ConnectException: Connection refused
	at sun.nio.ch.SocketChannelImpl.checkConnect(Native Method)
	at sun.nio.ch.SocketChannelImpl.finishConnect(SocketChannelImpl.java:716)
	at org.apache.http.impl.nio.reactor.DefaultConnectingIOReactor.processEvent(DefaultConnectingIOReactor.java:174)
	at org.apache.http.impl.nio.reactor.DefaultConnectingIOReactor.processEvents(DefaultConnectingIOReactor.java:148)
	at org.apache.http.impl.nio.reactor.AbstractMultiworkerIOReactor.execute(AbstractMultiworkerIOReactor.java:351)
	at org.apache.http.impl.nio.conn.PoolingNHttpClientConnectionManager.execute(PoolingNHttpClientConnectionManager.java:194)
	at org.apache.http.impl.nio.client.CloseableHttpAsyncClientBase$1.run(CloseableHttpAsyncClientBase.java:64)
	at java.lang.Thread.run(Thread.java:748)
2021-04-26 10:11:20,131 INFO raft peers changed: [Member{ip='nacos3', port=8848, state=UP, extendInfo={lastRefreshTime=1619403074085, raftMetaData=com.alibaba.nacos.consistency.ProtocolMetaData@4d39ccf1, raftPort=7848, readyToUpgrade=true, version=2.0.0}}, Member{ip='nacos2', port=8848, state=UP, extendInfo={lastRefreshTime=1619403079739, raftMetaData={metaDataMap={nacos_config={leader=nacos2:7848, raftGroupMember=[nacos3:7848, nacos1:7848, nacos2:7848], term=3}, naming_instance_metadata={leader=nacos2:7848, raftGroupMember=[nacos3:7848, nacos1:7848, nacos2:7848], term=2}, naming_persistent_service={leader=nacos2:7848, raftGroupMember=[nacos3:7848, nacos1:7848, nacos2:7848], term=3}, naming_persistent_service_v2={leader=nacos2:7848, raftGroupMember=[nacos3:7848, nacos1:7848, nacos2:7848], term=2}, naming_service_metadata={leader=nacos2:7848, raftGroupMember=[nacos3:7848, nacos1:7848, nacos2:7848], term=2}}}, raftPort=7848, readyToUpgrade=true, version=2.0.0}}, Member{ip='nacos1', port=8848, state=UP, extendInfo={raftPort=7848}}]

2021-04-26 10:11:24,359 WARN start to close old raft protocol!!!

2021-04-26 10:11:24,359 WARN stop old raft protocol task for notifier

2021-04-26 10:11:24,359 WARN stop old raft protocol task for master task

2021-04-26 10:11:24,359 WARN stop old raft protocol task for heartbeat task

2021-04-26 10:11:24,359 WARN clean old cache datum for old raft

2021-04-26 10:11:24,360 WARN start to close old raft protocol!!!

2021-04-26 10:11:24,360 WARN stop old raft protocol task for notifier

2021-04-26 10:11:24,360 WARN stop old raft protocol task for master task

2021-04-26 10:11:24,360 WARN stop old raft protocol task for heartbeat task

2021-04-26 10:11:24,360 WARN clean old cache datum for old raft

2021-04-26 10:11:24,360 WARN start to move old raft protocol metadata

2021-04-26 10:11:24,361 WARN start to move old raft protocol metadata

2021-04-26 10:11:27,064 INFO raft peers changed: [Member{ip='nacos3', port=8848, state=UP, extendInfo={lastRefreshTime=1619403084361, raftMetaData=com.alibaba.nacos.consistency.ProtocolMetaData@4d39ccf1, raftPort=7848, readyToUpgrade=true, version=2.0.0}}, Member{ip='nacos2', port=8848, state=UP, extendInfo={lastRefreshTime=1619403083206, raftMetaData={metaDataMap={nacos_config={leader=nacos2:7848, raftGroupMember=[nacos3:7848, nacos1:7848, nacos2:7848], term=3}, naming_instance_metadata={leader=nacos2:7848, raftGroupMember=[nacos3:7848, nacos1:7848, nacos2:7848], term=2}, naming_persistent_service={leader=nacos2:7848, raftGroupMember=[nacos3:7848, nacos1:7848, nacos2:7848], term=3}, naming_persistent_service_v2={leader=nacos2:7848, raftGroupMember=[nacos3:7848, nacos1:7848, nacos2:7848], term=2}, naming_service_metadata={leader=nacos2:7848, raftGroupMember=[nacos3:7848, nacos1:7848, nacos2:7848], term=2}}}, raftPort=7848, readyToUpgrade=true, version=2.0.0}}, Member{ip='nacos1', port=8848, state=UP, extendInfo={lastRefreshTime=1619403087060, raftMetaData={metaDataMap={nacos_config={leader=nacos2:7848, raftGroupMember=[nacos3:7848, nacos1:7848, nacos2:7848], term=3}, naming_instance_metadata={leader=nacos2:7848, raftGroupMember=[nacos3:7848, nacos1:7848, nacos2:7848], term=2}, naming_persistent_service={leader=nacos2:7848, raftGroupMember=[nacos3:7848, nacos1:7848, nacos2:7848], term=3}, naming_persistent_service_v2={leader=nacos2:7848, raftGroupMember=[nacos3:7848, nacos1:7848, nacos2:7848], term=2}, naming_service_metadata={leader=nacos2:7848, raftGroupMember=[nacos3:7848, nacos1:7848, nacos2:7848], term=2}}}, raftPort=7848, readyToUpgrade=true, version=2.0.0}}]

2021-04-26 10:25:12,594 INFO raft peers changed: [Member{ip='172.31.0.3', port=8848, state=UP, extendInfo={raftPort=7848, version=2.0.0}}]

2021-04-26 10:25:12,646 INFO initializing Raft sub-system

2021-04-26 10:25:12,649 INFO finish loading all datums, size: 0 cost 2 ms.

2021-04-26 10:25:12,656 INFO cache loaded, datum count: 0, current term: 0

2021-04-26 10:25:12,656 INFO finish to load data from disk, cost: 9 ms.

2021-04-26 10:25:12,671 INFO leader timeout, start voting,leader: null, term: 0

2021-04-26 10:25:12,683 INFO timer started: leader timeout ms: 15000, heart-beat timeout ms: 5000

2021-04-26 10:25:14,813 INFO add listener: com.alibaba.nacos.naming.domains.meta.

2021-04-26 10:25:16,236 INFO add listener: com.alibaba.nacos.naming.domains.meta.00-00---000-NACOS_SWITCH_DOMAIN-000---00-00

2021-04-26 10:28:37,002 INFO raft peers changed: [Member{ip='192.168.0.3', port=8848, state=UP, extendInfo={raftPort=7848}}, Member{ip='nacos3', port=8848, state=UP, extendInfo={raftPort=7848}}, Member{ip='nacos2', port=8848, state=UP, extendInfo={raftPort=7848}}, Member{ip='nacos1', port=8848, state=UP, extendInfo={raftPort=7848}}, Member{ip='集群节点列表', port=8848, state=UP, extendInfo={raftPort=7848}}]

2021-04-26 10:28:37,054 INFO initializing Raft sub-system

2021-04-26 10:28:37,057 INFO finish loading all datums, size: 0 cost 3 ms.

2021-04-26 10:28:37,062 INFO cache loaded, datum count: 0, current term: 0

2021-04-26 10:28:37,063 INFO finish to load data from disk, cost: 8 ms.

2021-04-26 10:28:37,088 INFO timer started: leader timeout ms: 15000, heart-beat timeout ms: 5000

2021-04-26 10:28:37,886 INFO raft peers changed: [Member{ip='192.168.0.3', port=8848, state=UP, extendInfo={raftPort=7848, version=2.0.0}}, Member{ip='nacos3', port=8848, state=DOWN, extendInfo={raftPort=7848}}, Member{ip='nacos2', port=8848, state=DOWN, extendInfo={raftPort=7848}}, Member{ip='nacos1', port=8848, state=DOWN, extendInfo={raftPort=7848}}, Member{ip='集群节点列表', port=8848, state=DOWN, extendInfo={raftPort=7848}}]

2021-04-26 10:28:38,885 INFO add listener: com.alibaba.nacos.naming.domains.meta.

2021-04-26 10:28:39,079 INFO leader timeout, start voting,leader: null, term: 0

2021-04-26 10:28:39,535 ERROR error while sending vote to server: nacos1:8848

java.net.ConnectException: Connection refused
	at sun.nio.ch.SocketChannelImpl.checkConnect(Native Method)
	at sun.nio.ch.SocketChannelImpl.finishConnect(SocketChannelImpl.java:716)
	at org.apache.http.impl.nio.reactor.DefaultConnectingIOReactor.processEvent(DefaultConnectingIOReactor.java:174)
	at org.apache.http.impl.nio.reactor.DefaultConnectingIOReactor.processEvents(DefaultConnectingIOReactor.java:148)
	at org.apache.http.impl.nio.reactor.AbstractMultiworkerIOReactor.execute(AbstractMultiworkerIOReactor.java:351)
	at org.apache.http.impl.nio.conn.PoolingNHttpClientConnectionManager.execute(PoolingNHttpClientConnectionManager.java:194)
	at org.apache.http.impl.nio.client.CloseableHttpAsyncClientBase$1.run(CloseableHttpAsyncClientBase.java:64)
	at java.lang.Thread.run(Thread.java:748)
2021-04-26 10:28:39,557 ERROR error while sending vote to server: nacos2:8848

java.net.ConnectException: Connection refused
	at sun.nio.ch.SocketChannelImpl.checkConnect(Native Method)
	at sun.nio.ch.SocketChannelImpl.finishConnect(SocketChannelImpl.java:716)
	at org.apache.http.impl.nio.reactor.DefaultConnectingIOReactor.processEvent(DefaultConnectingIOReactor.java:174)
	at org.apache.http.impl.nio.reactor.DefaultConnectingIOReactor.processEvents(DefaultConnectingIOReactor.java:148)
	at org.apache.http.impl.nio.reactor.AbstractMultiworkerIOReactor.execute(AbstractMultiworkerIOReactor.java:351)
	at org.apache.http.impl.nio.conn.PoolingNHttpClientConnectionManager.execute(PoolingNHttpClientConnectionManager.java:194)
	at org.apache.http.impl.nio.client.CloseableHttpAsyncClientBase$1.run(CloseableHttpAsyncClientBase.java:64)
	at java.lang.Thread.run(Thread.java:748)
2021-04-26 10:28:39,566 ERROR error while sending vote to server: nacos3:8848

java.net.ConnectException: Connection refused
	at sun.nio.ch.SocketChannelImpl.checkConnect(Native Method)
	at sun.nio.ch.SocketChannelImpl.finishConnect(SocketChannelImpl.java:716)
	at org.apache.http.impl.nio.reactor.DefaultConnectingIOReactor.processEvent(DefaultConnectingIOReactor.java:174)
	at org.apache.http.impl.nio.reactor.DefaultConnectingIOReactor.processEvents(DefaultConnectingIOReactor.java:148)
	at org.apache.http.impl.nio.reactor.AbstractMultiworkerIOReactor.execute(AbstractMultiworkerIOReactor.java:351)
	at org.apache.http.impl.nio.conn.PoolingNHttpClientConnectionManager.execute(PoolingNHttpClientConnectionManager.java:194)
	at org.apache.http.impl.nio.client.CloseableHttpAsyncClientBase$1.run(CloseableHttpAsyncClientBase.java:64)
	at java.lang.Thread.run(Thread.java:748)
2021-04-26 10:28:39,605 ERROR error while sending vote to server: 集群节点列表:8848

java.net.UnknownHostException: ??????: Name or service not known
	at java.net.Inet4AddressImpl.lookupAllHostAddr(Native Method)
	at java.net.InetAddress$2.lookupAllHostAddr(InetAddress.java:929)
	at java.net.InetAddress.getAddressesFromNameService(InetAddress.java:1324)
	at java.net.InetAddress.getAllByName0(InetAddress.java:1277)
	at java.net.InetAddress.getAllByName(InetAddress.java:1193)
	at java.net.InetAddress.getAllByName(InetAddress.java:1127)
	at org.apache.http.impl.conn.SystemDefaultDnsResolver.resolve(SystemDefaultDnsResolver.java:45)
	at org.apache.http.impl.nio.conn.PoolingNHttpClientConnectionManager$InternalAddressResolver.resolveRemoteAddress(PoolingNHttpClientConnectionManager.java:637)
	at org.apache.http.impl.nio.conn.PoolingNHttpClientConnectionManager$InternalAddressResolver.resolveRemoteAddress(PoolingNHttpClientConnectionManager.java:608)
	at org.apache.http.nio.pool.AbstractNIOConnPool.processPendingRequest(AbstractNIOConnPool.java:474)
	at org.apache.http.nio.pool.AbstractNIOConnPool.lease(AbstractNIOConnPool.java:280)
	at org.apache.http.impl.nio.conn.PoolingNHttpClientConnectionManager.requestConnection(PoolingNHttpClientConnectionManager.java:268)
	at org.apache.http.impl.nio.client.AbstractClientExchangeHandler.requestConnection(AbstractClientExchangeHandler.java:377)
	at org.apache.http.impl.nio.client.DefaultClientExchangeHandlerImpl.start(DefaultClientExchangeHandlerImpl.java:129)
	at org.apache.http.impl.nio.client.InternalHttpAsyncClient.execute(InternalHttpAsyncClient.java:141)
	at org.apache.http.impl.nio.client.CloseableHttpAsyncClient.execute(CloseableHttpAsyncClient.java:75)
	at org.apache.http.impl.nio.client.CloseableHttpAsyncClient.execute(CloseableHttpAsyncClient.java:108)
	at org.apache.http.impl.nio.client.CloseableHttpAsyncClient.execute(CloseableHttpAsyncClient.java:92)
	at com.alibaba.nacos.common.http.client.request.DefaultAsyncHttpClientRequest.execute(DefaultAsyncHttpClientRequest.java:52)
	at com.alibaba.nacos.common.http.client.NacosAsyncRestTemplate.execute(NacosAsyncRestTemplate.java:364)
	at com.alibaba.nacos.common.http.client.NacosAsyncRestTemplate.postForm(NacosAsyncRestTemplate.java:350)
	at com.alibaba.nacos.naming.misc.HttpClient.asyncHttpRequest(HttpClient.java:189)
	at com.alibaba.nacos.naming.misc.HttpClient.asyncHttpPost(HttpClient.java:146)
	at com.alibaba.nacos.naming.consistency.persistent.raft.RaftCore$MasterElection.sendVote(RaftCore.java:518)
	at com.alibaba.nacos.naming.consistency.persistent.raft.RaftCore$MasterElection.run(RaftCore.java:494)
	at java.util.concurrent.Executors$RunnableAdapter.call(Executors.java:511)
	at java.util.concurrent.FutureTask.runAndReset(FutureTask.java:308)
	at java.util.concurrent.ScheduledThreadPoolExecutor$ScheduledFutureTask.access$301(ScheduledThreadPoolExecutor.java:180)
	at java.util.concurrent.ScheduledThreadPoolExecutor$ScheduledFutureTask.run(ScheduledThreadPoolExecutor.java:294)
	at java.util.concurrent.ThreadPoolExecutor.runWorker(ThreadPoolExecutor.java:1149)
	at java.util.concurrent.ThreadPoolExecutor$Worker.run(ThreadPoolExecutor.java:624)
	at java.lang.Thread.run(Thread.java:748)
2021-04-26 10:28:40,090 INFO add listener: com.alibaba.nacos.naming.domains.meta.00-00---000-NACOS_SWITCH_DOMAIN-000---00-00

2021-04-26 11:00:13,703 INFO raft peers changed: [Member{ip='nacos3', port=8848, state=UP, extendInfo={raftPort=7848}}, Member{ip='nacos2', port=8848, state=UP, extendInfo={raftPort=7848}}, Member{ip='nacos1', port=8848, state=UP, extendInfo={raftPort=7848}}]

2021-04-26 11:00:13,793 INFO initializing Raft sub-system

2021-04-26 11:00:13,826 INFO finish loading all datums, size: 0 cost 33 ms.

2021-04-26 11:00:13,832 INFO cache loaded, datum count: 0, current term: 0

2021-04-26 11:00:13,832 INFO finish to load data from disk, cost: 39 ms.

2021-04-26 11:00:13,862 INFO timer started: leader timeout ms: 15000, heart-beat timeout ms: 5000

2021-04-26 11:00:14,405 INFO add listener: com.alibaba.nacos.naming.domains.meta.

2021-04-26 11:00:15,111 INFO add listener: com.alibaba.nacos.naming.domains.meta.00-00---000-NACOS_SWITCH_DOMAIN-000---00-00

2021-04-26 11:00:17,837 INFO leader timeout, start voting,leader: null, term: 0

2021-04-26 11:00:18,007 ERROR error while sending vote to server: nacos1:8848

java.net.ConnectException: Connection refused
	at sun.nio.ch.SocketChannelImpl.checkConnect(Native Method)
	at sun.nio.ch.SocketChannelImpl.finishConnect(SocketChannelImpl.java:716)
	at org.apache.http.impl.nio.reactor.DefaultConnectingIOReactor.processEvent(DefaultConnectingIOReactor.java:174)
	at org.apache.http.impl.nio.reactor.DefaultConnectingIOReactor.processEvents(DefaultConnectingIOReactor.java:148)
	at org.apache.http.impl.nio.reactor.AbstractMultiworkerIOReactor.execute(AbstractMultiworkerIOReactor.java:351)
	at org.apache.http.impl.nio.conn.PoolingNHttpClientConnectionManager.execute(PoolingNHttpClientConnectionManager.java:194)
	at org.apache.http.impl.nio.client.CloseableHttpAsyncClientBase$1.run(CloseableHttpAsyncClientBase.java:64)
	at java.lang.Thread.run(Thread.java:748)
2021-04-26 11:00:18,007 ERROR error while sending vote to server: nacos2:8848

java.net.ConnectException: Connection refused
	at sun.nio.ch.SocketChannelImpl.checkConnect(Native Method)
	at sun.nio.ch.SocketChannelImpl.finishConnect(SocketChannelImpl.java:716)
	at org.apache.http.impl.nio.reactor.DefaultConnectingIOReactor.processEvent(DefaultConnectingIOReactor.java:174)
	at org.apache.http.impl.nio.reactor.DefaultConnectingIOReactor.processEvents(DefaultConnectingIOReactor.java:148)
	at org.apache.http.impl.nio.reactor.AbstractMultiworkerIOReactor.execute(AbstractMultiworkerIOReactor.java:351)
	at org.apache.http.impl.nio.conn.PoolingNHttpClientConnectionManager.execute(PoolingNHttpClientConnectionManager.java:194)
	at org.apache.http.impl.nio.client.CloseableHttpAsyncClientBase$1.run(CloseableHttpAsyncClientBase.java:64)
	at java.lang.Thread.run(Thread.java:748)
2021-04-26 11:00:30,019 WARN [IS LEADER] no leader is available now!

2021-04-26 11:00:32,877 INFO vote nacos2:8848 as leader, term: 2

2021-04-26 11:00:34,923 INFO raft peers changed: [Member{ip='nacos3', port=8848, state=UP, extendInfo={lastRefreshTime=1619406027001, raftMetaData=com.alibaba.nacos.consistency.ProtocolMetaData@4d96cc1b, raftPort=7848, readyToUpgrade=true, version=2.0.0}}, Member{ip='nacos2', port=8848, state=UP, extendInfo={lastRefreshTime=1619406033927, naming={voteFor=nacos2:8848, ip=nacos2:8848, heartbeatDueMs=4500, term=2, leaderDueMs=16358, state=LEADER}, raftPort=7848, site=unknown, weight=3}}, Member{ip='nacos1', port=8848, state=UP, extendInfo={lastRefreshTime=1619406034685, raftMetaData={metaDataMap={nacos_config={leader=nacos2:7848, raftGroupMember=[nacos3:7848, nacos1:7848, nacos2:7848], term=4}, naming_instance_metadata={leader=nacos3:7848, raftGroupMember=[nacos3:7848, nacos1:7848, nacos2:7848], term=3}, naming_persistent_service={leader=nacos2:7848, raftGroupMember=[nacos3:7848, nacos1:7848, nacos2:7848], term=4}, naming_service_metadata={leader=nacos2:7848, raftGroupMember=[nacos3:7848, nacos1:7848, nacos2:7848], term=3}}}, raftPort=7848, readyToUpgrade=true, version=2.0.0}}]

2021-04-26 11:00:38,775 WARN start to close old raft protocol!!!

2021-04-26 11:00:38,775 WARN stop old raft protocol task for notifier

2021-04-26 11:00:38,775 WARN stop old raft protocol task for master task

2021-04-26 11:00:38,775 WARN stop old raft protocol task for heartbeat task

2021-04-26 11:00:38,775 WARN clean old cache datum for old raft

2021-04-26 11:00:38,775 WARN start to close old raft protocol!!!

2021-04-26 11:00:38,775 WARN stop old raft protocol task for notifier

2021-04-26 11:00:38,775 WARN stop old raft protocol task for master task

2021-04-26 11:00:38,775 WARN stop old raft protocol task for heartbeat task

2021-04-26 11:00:38,775 WARN clean old cache datum for old raft

2021-04-26 11:00:38,775 WARN start to move old raft protocol metadata

2021-04-26 11:00:38,775 WARN start to move old raft protocol metadata

2021-04-26 11:03:08,052 INFO raft peers changed: [Member{ip='nacos3', port=8848, state=UP, extendInfo={lastRefreshTime=1619406038775, raftMetaData=com.alibaba.nacos.consistency.ProtocolMetaData@4d96cc1b, raftPort=7848, readyToUpgrade=true, version=2.0.0}}, Member{ip='nacos2', port=8848, state=SUSPICIOUS, extendInfo={lastRefreshTime=1619406179481, raftMetaData={metaDataMap={nacos_config={leader=nacos2:7848, raftGroupMember=[nacos3:7848, nacos1:7848, nacos2:7848], term=4}, naming_instance_metadata={leader=nacos3:7848, raftGroupMember=[nacos3:7848, nacos1:7848, nacos2:7848], term=3}, naming_persistent_service={leader=nacos2:7848, raftGroupMember=[nacos3:7848, nacos1:7848, nacos2:7848], term=4}, naming_persistent_service_v2={leader=nacos1:7848, raftGroupMember=[nacos3:7848, nacos1:7848, nacos2:7848], term=4}, naming_service_metadata={leader=nacos2:7848, raftGroupMember=[nacos3:7848, nacos1:7848, nacos2:7848], term=3}}}, raftPort=7848, readyToUpgrade=true, version=2.0.0}}, Member{ip='nacos1', port=8848, state=UP, extendInfo={lastRefreshTime=1619406186671, raftMetaData={metaDataMap={nacos_config={leader=nacos2:7848, raftGroupMember=[nacos3:7848, nacos1:7848, nacos2:7848], term=4}, naming_instance_metadata={leader=nacos3:7848, raftGroupMember=[nacos3:7848, nacos1:7848, nacos2:7848], term=3}, naming_persistent_service={leader=nacos2:7848, raftGroupMember=[nacos3:7848, nacos1:7848, nacos2:7848], term=4}, naming_persistent_service_v2={leader=nacos1:7848, raftGroupMember=[nacos3:7848, nacos1:7848, nacos2:7848], term=4}, naming_service_metadata={leader=nacos2:7848, raftGroupMember=[nacos3:7848, nacos1:7848, nacos2:7848], term=3}}}, raftPort=7848, readyToUpgrade=true, version=2.0.0}}]

