
         ,--.
       ,--.'|
   ,--,:  : |                                           Nacos 2.0.0
,`--.'`|  ' :                       ,---.               Running in cluster mode, All function modules
|   :  :  | |                      '   ,'\   .--.--.    Port: 8848
:   |   \ | :  ,--.--.     ,---.  /   /   | /  /    '   Pid: 29
|   : '  '; | /       \   /     \.   ; ,. :|  :  /`./   Console: http://nacos3:8848/nacos/index.html
'   ' ;.    ;.--.  .-. | /    / ''   | |: :|  :  ;_
|   | | \   | \__\/: . ..    ' / '   | .; : \  \    `.      https://nacos.io
'   : |  ; .' ," .--.; |'   ; :__|   :    |  `----.   \
|   | '`--'  /  /  ,.  |'   | '.'|\   \  /  /  /`--'  /
'   : |     ;  :   .'   \   :    : `----'  '--'.     /
;   |.'     |  ,     .-./\   \  /            `--'---'
'---'        `--`---'     `----'

2021-04-26 10:59:56,003 INFO The server IP list of Nacos is [nacos1:8848, nacos2:8848, nacos3:8848]

2021-04-26 10:59:57,014 INFO Nacos is starting...

2021-04-26 10:59:58,024 INFO Nacos is starting...

2021-04-26 10:59:59,030 INFO Nacos is starting...

2021-04-26 11:00:00,039 INFO Nacos is starting...

2021-04-26 11:00:01,042 INFO Nacos is starting...

2021-04-26 11:00:02,044 INFO Nacos is starting...

2021-04-26 11:00:03,047 INFO Nacos is starting...

2021-04-26 11:00:04,052 INFO Nacos is starting...

2021-04-26 11:00:05,054 INFO Nacos is starting...

2021-04-26 11:00:06,077 INFO Nacos is starting...

2021-04-26 11:00:07,083 INFO Nacos is starting...

2021-04-26 11:00:08,085 INFO Nacos is starting...

2021-04-26 11:00:09,099 INFO Nacos is starting...

2021-04-26 11:00:10,079 INFO Nacos is starting...

2021-04-26 11:00:11,081 INFO Nacos is starting...

2021-04-26 11:00:12,083 INFO Nacos is starting...

2021-04-26 11:00:13,128 INFO Nacos is starting...

2021-04-26 11:00:14,130 INFO Nacos is starting...

2021-04-26 11:00:15,136 INFO Nacos is starting...

2021-04-26 11:00:16,138 INFO Nacos is starting...

2021-04-26 11:00:17,144 INFO Nacos is starting...

2021-04-26 11:00:18,148 INFO Nacos is starting...

2021-04-26 11:00:19,153 INFO Nacos is starting...

2021-04-26 11:00:20,155 INFO Nacos is starting...

2021-04-26 11:00:21,156 INFO Nacos is starting...

2021-04-26 11:00:22,162 INFO Nacos is starting...

2021-04-26 11:00:23,166 INFO Nacos is starting...

2021-04-26 11:00:24,168 INFO Nacos is starting...

2021-04-26 11:00:25,184 INFO Nacos is starting...

2021-04-26 11:00:26,191 INFO Nacos is starting...

2021-04-26 11:00:27,205 INFO Nacos is starting...

2021-04-26 11:00:28,217 INFO Nacos is starting...

2021-04-26 11:00:29,239 INFO Nacos is starting...

2021-04-26 11:00:29,999 INFO Nacos started successfully in cluster mode. use embedded storage

