2021-04-26 10:10:52,603 INFO SPI service [com.alipay.sofa.jraft.JRaftServiceFactory - com.alipay.sofa.jraft.core.DefaultJRaftServiceFactory] loading.

2021-04-26 10:10:52,899 INFO SPI service [com.alipay.sofa.jraft.rpc.RaftRpcFactory - com.alipay.sofa.jraft.rpc.impl.GrpcRaftRpcFactory] loading.

2021-04-26 10:10:58,550 INFO SPI service [com.alipay.sofa.jraft.util.JRaftSignalHandler - com.alipay.sofa.jraft.NodeDescribeSignalHandler] loading.

2021-04-26 10:10:58,553 INFO SPI service [com.alipay.sofa.jraft.util.JRaftSignalHandler - com.alipay.sofa.jraft.NodeMetricsSignalHandler] loading.

2021-04-26 10:10:58,555 INFO SPI service [com.alipay.sofa.jraft.util.JRaftSignalHandler - com.alipay.sofa.jraft.ThreadPoolMetricsSignalHandler] loading.

2021-04-26 10:10:58,568 INFO SPI service [com.alipay.sofa.jraft.util.timer.RaftTimerFactory - com.alipay.sofa.jraft.util.timer.DefaultRaftTimerFactory] loading.

2021-04-26 10:10:58,576 INFO The number of active nodes increment to 1.

2021-04-26 10:10:58,827 INFO Starts FSMCaller successfully.

2021-04-26 10:10:58,839 WARN No data for snapshot reader /home/nacos/data/protocol/raft/nacos_config/snapshot.

2021-04-26 10:10:58,841 INFO Node <nacos_config/nacos1:7848> target priority value has changed from: 0, to: -1.

2021-04-26 10:10:58,871 INFO Node <nacos_config/nacos1:7848> init, term=2, lastLogId=LogId [index=2, term=2], conf=nacos3:7848,nacos1:7848,nacos2:7848, oldConf=.

2021-04-26 10:10:58,875 WARN RPC server is not started in RaftGroupService.

2021-04-26 10:10:58,876 INFO Start the RaftGroupService successfully.

2021-04-26 10:10:59,175 WARN Channel in TRANSIENT_FAILURE state: nacos3:7848.

2021-04-26 10:10:59,185 WARN Channel in SHUTDOWN state: nacos3:7848.

2021-04-26 10:10:59,824 INFO The number of active nodes increment to 2.

2021-04-26 10:11:00,113 INFO Starts FSMCaller successfully.

2021-04-26 10:11:00,119 WARN No data for snapshot reader /home/nacos/data/protocol/raft/naming_persistent_service/snapshot.

2021-04-26 10:11:00,120 INFO Node <naming_persistent_service/nacos1:7848> target priority value has changed from: 0, to: -1.

2021-04-26 10:11:00,125 INFO Node <naming_persistent_service/nacos1:7848> init, term=2, lastLogId=LogId [index=2, term=2], conf=nacos3:7848,nacos1:7848,nacos2:7848, oldConf=.

2021-04-26 10:11:00,128 WARN RPC server is not started in RaftGroupService.

2021-04-26 10:11:00,130 INFO Start the RaftGroupService successfully.

2021-04-26 10:11:00,218 ERROR Fail to connect nacos3:7848, remoting exception: java.util.concurrent.ExecutionException: io.grpc.StatusRuntimeException: DEADLINE_EXCEEDED: deadline exceeded after 845039464ns. [buffered_nanos=848258388, waiting_for_connection].

2021-04-26 10:11:00,222 ERROR Fail to connect peer nacos3:7848 to get leader for group nacos_config.

2021-04-26 10:11:00,228 WARN Channel in TRANSIENT_FAILURE state: nacos1:7848.

2021-04-26 10:11:00,232 WARN Channel in SHUTDOWN state: nacos1:7848.

2021-04-26 10:11:00,953 WARN Channel in TRANSIENT_FAILURE state: nacos2:7848.

2021-04-26 10:11:00,954 WARN Channel in SHUTDOWN state: nacos2:7848.

2021-04-26 10:11:04,511 INFO Node <nacos_config/nacos1:7848> received PreVoteRequest from nacos2:7848, term=3, currTerm=2, granted=true, requestLastLogId=LogId [index=2, term=2], lastLogId=LogId [index=2, term=2].

2021-04-26 10:11:04,524 INFO Node <nacos_config/nacos1:7848> received RequestVoteRequest from nacos2:7848, term=3, currTerm=2.

2021-04-26 10:11:04,549 INFO Save raft meta, path=/home/nacos/data/protocol/raft/nacos_config/meta-data, term=3, votedFor=0.0.0.0:0, cost time=25 ms

2021-04-26 10:11:04,557 INFO Save raft meta, path=/home/nacos/data/protocol/raft/nacos_config/meta-data, term=3, votedFor=nacos2:7848, cost time=5 ms

2021-04-26 10:11:04,630 INFO -Djraft.recyclers.maxCapacityPerThread: 4096.

2021-04-26 10:11:04,713 INFO Peer nacos2:7848 is connected.

2021-04-26 10:11:04,713 WARN Channel in TRANSIENT_FAILURE state: nacos2:7848.

2021-04-26 10:11:04,715 WARN Channel in SHUTDOWN state: nacos2:7848.

2021-04-26 10:11:05,455 INFO Node <naming_persistent_service/nacos1:7848> received PreVoteRequest from nacos3:7848, term=2, currTerm=2, granted=false, requestLastLogId=LogId [index=1, term=1], lastLogId=LogId [index=2, term=2].

2021-04-26 10:11:05,482 INFO Node <naming_persistent_service/nacos1:7848> received PreVoteRequest from nacos2:7848, term=3, currTerm=2, granted=true, requestLastLogId=LogId [index=2, term=2], lastLogId=LogId [index=2, term=2].

2021-04-26 10:11:05,620 INFO Node <naming_persistent_service/nacos1:7848> received RequestVoteRequest from nacos2:7848, term=3, currTerm=2.

2021-04-26 10:11:05,635 INFO Save raft meta, path=/home/nacos/data/protocol/raft/naming_persistent_service/meta-data, term=3, votedFor=0.0.0.0:0, cost time=10 ms

2021-04-26 10:11:05,645 INFO Save raft meta, path=/home/nacos/data/protocol/raft/naming_persistent_service/meta-data, term=3, votedFor=nacos2:7848, cost time=8 ms

2021-04-26 10:11:06,837 INFO The number of active nodes increment to 3.

2021-04-26 10:11:07,489 INFO Starts FSMCaller successfully.

2021-04-26 10:11:07,519 WARN No data for snapshot reader /home/nacos/data/protocol/raft/naming_persistent_service_v2/snapshot.

2021-04-26 10:11:07,524 INFO Node <naming_persistent_service_v2/nacos1:7848> target priority value has changed from: 0, to: -1.

2021-04-26 10:11:07,548 INFO Node <naming_persistent_service_v2/nacos1:7848> init, term=1, lastLogId=LogId [index=1, term=1], conf=nacos3:7848,nacos1:7848,nacos2:7848, oldConf=.

2021-04-26 10:11:07,549 WARN RPC server is not started in RaftGroupService.

2021-04-26 10:11:07,550 INFO Start the RaftGroupService successfully.

2021-04-26 10:11:07,657 INFO The number of active nodes increment to 4.

2021-04-26 10:11:07,987 INFO Starts FSMCaller successfully.

2021-04-26 10:11:08,002 WARN No data for snapshot reader /home/nacos/data/protocol/raft/naming_instance_metadata/snapshot.

2021-04-26 10:11:08,012 INFO Node <naming_instance_metadata/nacos1:7848> target priority value has changed from: 0, to: -1.

2021-04-26 10:11:08,017 INFO Node <naming_instance_metadata/nacos1:7848> init, term=1, lastLogId=LogId [index=1, term=1], conf=nacos3:7848,nacos1:7848,nacos2:7848, oldConf=.

2021-04-26 10:11:08,020 WARN RPC server is not started in RaftGroupService.

2021-04-26 10:11:08,021 INFO Start the RaftGroupService successfully.

2021-04-26 10:11:08,056 INFO The number of active nodes increment to 5.

2021-04-26 10:11:08,349 INFO Starts FSMCaller successfully.

2021-04-26 10:11:08,355 WARN No data for snapshot reader /home/nacos/data/protocol/raft/naming_service_metadata/snapshot.

2021-04-26 10:11:08,356 INFO Node <naming_service_metadata/nacos1:7848> target priority value has changed from: 0, to: -1.

2021-04-26 10:11:08,359 INFO Node <naming_service_metadata/nacos1:7848> init, term=1, lastLogId=LogId [index=1, term=1], conf=nacos3:7848,nacos1:7848,nacos2:7848, oldConf=.

2021-04-26 10:11:08,360 WARN RPC server is not started in RaftGroupService.

2021-04-26 10:11:08,361 INFO Start the RaftGroupService successfully.

2021-04-26 10:11:12,491 INFO Node <naming_persistent_service_v2/nacos1:7848> received PreVoteRequest from nacos2:7848, term=2, currTerm=1, granted=true, requestLastLogId=LogId [index=1, term=1], lastLogId=LogId [index=1, term=1].

2021-04-26 10:11:12,509 INFO Node <naming_persistent_service_v2/nacos1:7848> received RequestVoteRequest from nacos2:7848, term=2, currTerm=1.

2021-04-26 10:11:12,530 INFO Save raft meta, path=/home/nacos/data/protocol/raft/naming_persistent_service_v2/meta-data, term=2, votedFor=0.0.0.0:0, cost time=18 ms

2021-04-26 10:11:12,552 INFO Save raft meta, path=/home/nacos/data/protocol/raft/naming_persistent_service_v2/meta-data, term=2, votedFor=nacos2:7848, cost time=17 ms

2021-04-26 10:11:13,663 INFO Node <naming_service_metadata/nacos1:7848> received PreVoteRequest from nacos2:7848, term=2, currTerm=1, granted=true, requestLastLogId=LogId [index=1, term=1], lastLogId=LogId [index=1, term=1].

2021-04-26 10:11:13,672 INFO Node <naming_service_metadata/nacos1:7848> received RequestVoteRequest from nacos2:7848, term=2, currTerm=1.

2021-04-26 10:11:13,690 INFO Node <naming_instance_metadata/nacos1:7848> received PreVoteRequest from nacos2:7848, term=2, currTerm=1, granted=true, requestLastLogId=LogId [index=1, term=1], lastLogId=LogId [index=1, term=1].

2021-04-26 10:11:13,714 INFO Save raft meta, path=/home/nacos/data/protocol/raft/naming_service_metadata/meta-data, term=2, votedFor=0.0.0.0:0, cost time=18 ms

2021-04-26 10:11:13,749 INFO Save raft meta, path=/home/nacos/data/protocol/raft/naming_service_metadata/meta-data, term=2, votedFor=nacos2:7848, cost time=13 ms

2021-04-26 10:11:13,750 INFO Node <naming_instance_metadata/nacos1:7848> received RequestVoteRequest from nacos2:7848, term=2, currTerm=1.

2021-04-26 10:11:13,852 INFO Save raft meta, path=/home/nacos/data/protocol/raft/naming_instance_metadata/meta-data, term=2, votedFor=0.0.0.0:0, cost time=97 ms

2021-04-26 10:11:13,916 INFO Save raft meta, path=/home/nacos/data/protocol/raft/naming_instance_metadata/meta-data, term=2, votedFor=nacos2:7848, cost time=55 ms

2021-04-26 10:11:13,917 INFO Node <naming_instance_metadata/nacos1:7848> ignore PreVoteRequest from nacos3:7848, term=1, currTerm=2.

2021-04-26 10:25:14,452 INFO SPI service [com.alipay.sofa.jraft.JRaftServiceFactory - com.alipay.sofa.jraft.core.DefaultJRaftServiceFactory] loading.

2021-04-26 10:25:14,616 INFO SPI service [com.alipay.sofa.jraft.rpc.RaftRpcFactory - com.alipay.sofa.jraft.rpc.impl.GrpcRaftRpcFactory] loading.

2021-04-26 10:25:15,776 INFO SPI service [com.alipay.sofa.jraft.util.JRaftSignalHandler - com.alipay.sofa.jraft.NodeDescribeSignalHandler] loading.

2021-04-26 10:25:15,780 INFO SPI service [com.alipay.sofa.jraft.util.JRaftSignalHandler - com.alipay.sofa.jraft.NodeMetricsSignalHandler] loading.

2021-04-26 10:25:15,783 INFO SPI service [com.alipay.sofa.jraft.util.JRaftSignalHandler - com.alipay.sofa.jraft.ThreadPoolMetricsSignalHandler] loading.

2021-04-26 10:25:15,791 INFO SPI service [com.alipay.sofa.jraft.util.timer.RaftTimerFactory - com.alipay.sofa.jraft.util.timer.DefaultRaftTimerFactory] loading.

2021-04-26 10:25:15,806 INFO The number of active nodes increment to 1.

2021-04-26 10:25:16,377 INFO Starts FSMCaller successfully.

2021-04-26 10:25:16,399 WARN No data for snapshot reader /home/nacos/data/protocol/raft/naming_persistent_service/snapshot.

2021-04-26 10:25:16,400 INFO Node <naming_persistent_service/172.31.0.2:7848> target priority value has changed from: 0, to: -1.

2021-04-26 10:25:16,430 INFO Node <naming_persistent_service/172.31.0.2:7848> init, term=3, lastLogId=LogId [index=3, term=3], conf=nacos3:7848,nacos1:7848,nacos2:7848, oldConf=.

2021-04-26 10:25:16,438 WARN RPC server is not started in RaftGroupService.

2021-04-26 10:25:16,440 INFO Start the RaftGroupService successfully.

2021-04-26 10:25:16,646 WARN Channel in TRANSIENT_FAILURE state: 172.31.0.2:7848.

2021-04-26 10:25:16,657 WARN Channel in SHUTDOWN state: 172.31.0.2:7848.

2021-04-26 10:25:17,677 INFO Node <naming_persistent_service/172.31.0.2:7848> shutdown, currTerm=3 state=STATE_FOLLOWER.

2021-04-26 10:25:17,696 INFO Save raft meta, path=/home/nacos/data/protocol/raft/naming_persistent_service/meta-data, term=3, votedFor=nacos2:7848, cost time=10 ms

2021-04-26 10:25:17,697 INFO Shutting down FSMCaller...

2021-04-26 10:25:17,698 INFO onShutdown.

2021-04-26 10:25:17,702 INFO ThreadPool is terminated: JRaft-RPC-Processor, com.alipay.sofa.jraft.util.MetricThreadPoolExecutor@6f7e336b[Shutting down, pool size = 0, active threads = 0, queued tasks = 0, completed tasks = 0].

2021-04-26 10:25:17,703 INFO ThreadPool is terminated: JRaft-Node-ScheduleThreadPool, com.alipay.sofa.jraft.util.MetricScheduledThreadPoolExecutor@12958360[Shutting down, pool size = 0, active threads = 0, queued tasks = 0, completed tasks = 0].

2021-04-26 10:25:17,704 INFO The number of active nodes decrement to 0.

2021-04-26 10:25:17,705 INFO ThreadPool is terminated: JRaft-Global-ElectionTimer, com.alipay.sofa.jraft.util.MetricScheduledThreadPoolExecutor@67f6d656[Shutting down, pool size = 0, active threads = 0, queued tasks = 0, completed tasks = 0].

2021-04-26 10:25:17,707 INFO Destroy timer: RepeatedTimer{timeout=null, stopped=true, running=false, destroyed=true, invoking=false, timeoutMs=5000, name='JRaft-ElectionTimer-<naming_persistent_service/172.31.0.2:7848>'}.

2021-04-26 10:25:17,708 INFO ThreadPool is terminated: JRaft-Global-VoteTimer, com.alipay.sofa.jraft.util.MetricScheduledThreadPoolExecutor@c6e0f32[Shutting down, pool size = 0, active threads = 0, queued tasks = 0, completed tasks = 0].

2021-04-26 10:25:17,708 INFO Destroy timer: RepeatedTimer{timeout=null, stopped=true, running=false, destroyed=true, invoking=false, timeoutMs=5000, name='JRaft-VoteTimer-<naming_persistent_service/172.31.0.2:7848>'}.

2021-04-26 10:25:17,708 INFO ThreadPool is terminated: JRaft-Global-StepDownTimer, com.alipay.sofa.jraft.util.MetricScheduledThreadPoolExecutor@6f3f0fae[Shutting down, pool size = 0, active threads = 0, queued tasks = 0, completed tasks = 0].

2021-04-26 10:25:17,708 INFO Destroy timer: RepeatedTimer{timeout=null, stopped=true, running=false, destroyed=true, invoking=false, timeoutMs=2500, name='JRaft-StepDownTimer-<naming_persistent_service/172.31.0.2:7848>'}.

2021-04-26 10:25:17,709 INFO ThreadPool is terminated: JRaft-Global-SnapshotTimer, com.alipay.sofa.jraft.util.MetricScheduledThreadPoolExecutor@7979fd74[Shutting down, pool size = 0, active threads = 0, queued tasks = 0, completed tasks = 0].

2021-04-26 10:25:17,709 INFO Destroy timer: RepeatedTimer{timeout=null, stopped=true, running=false, destroyed=true, invoking=false, timeoutMs=1800000, name='JRaft-SnapshotTimer-<naming_persistent_service/172.31.0.2:7848>'}.

2021-04-26 10:25:17,715 INFO Node <naming_persistent_service/172.31.0.2:7848> shutdown, currTerm=3 state=STATE_SHUTTING.

2021-04-26 10:25:17,716 INFO Stop the RaftGroupService successfully.

2021-04-26 10:25:17,717 INFO Shutdown managed channel: 172.31.0.2:7848, ManagedChannelOrphanWrapper{delegate=ManagedChannelImpl{logId=4, target=172.31.0.2:7848}}.

2021-04-26 10:25:17,724 INFO Connection disconnected: /172.31.0.2:51150

2021-04-26 10:25:17,725 INFO ThreadPool is terminated: JRaft-RPC-Processor, com.alipay.sofa.jraft.util.MetricThreadPoolExecutor@2e765b1e[Shutting down, pool size = 0, active threads = 0, queued tasks = 0, completed tasks = 1].

2021-04-26 10:28:37,562 INFO SPI service [com.alipay.sofa.jraft.JRaftServiceFactory - com.alipay.sofa.jraft.core.DefaultJRaftServiceFactory] loading.

2021-04-26 10:28:37,656 INFO SPI service [com.alipay.sofa.jraft.rpc.RaftRpcFactory - com.alipay.sofa.jraft.rpc.impl.GrpcRaftRpcFactory] loading.

2021-04-26 10:28:38,418 INFO SPI service [com.alipay.sofa.jraft.util.JRaftSignalHandler - com.alipay.sofa.jraft.NodeDescribeSignalHandler] loading.

2021-04-26 10:28:38,423 INFO SPI service [com.alipay.sofa.jraft.util.JRaftSignalHandler - com.alipay.sofa.jraft.NodeMetricsSignalHandler] loading.

2021-04-26 10:28:38,425 INFO SPI service [com.alipay.sofa.jraft.util.JRaftSignalHandler - com.alipay.sofa.jraft.ThreadPoolMetricsSignalHandler] loading.

2021-04-26 10:28:38,431 INFO SPI service [com.alipay.sofa.jraft.util.timer.RaftTimerFactory - com.alipay.sofa.jraft.util.timer.DefaultRaftTimerFactory] loading.

2021-04-26 10:28:38,472 INFO The number of active nodes increment to 1.

2021-04-26 10:28:38,952 INFO Starts FSMCaller successfully.

2021-04-26 10:28:38,991 WARN No data for snapshot reader /home/nacos/data/protocol/raft/naming_persistent_service/snapshot.

2021-04-26 10:28:38,992 INFO Node <naming_persistent_service/192.168.0.2:7848> target priority value has changed from: 0, to: -1.

2021-04-26 10:28:39,026 INFO Node <naming_persistent_service/192.168.0.2:7848> init, term=3, lastLogId=LogId [index=3, term=3], conf=nacos3:7848,nacos1:7848,nacos2:7848, oldConf=.

2021-04-26 10:28:39,031 WARN RPC server is not started in RaftGroupService.

2021-04-26 10:28:39,037 INFO Start the RaftGroupService successfully.

2021-04-26 10:28:39,160 WARN Channel in TRANSIENT_FAILURE state: nacos3:7848.

2021-04-26 10:28:39,163 WARN Channel in SHUTDOWN state: nacos3:7848.

2021-04-26 10:28:39,864 WARN Channel in TRANSIENT_FAILURE state: nacos1:7848.

2021-04-26 10:28:39,865 WARN Channel in SHUTDOWN state: nacos1:7848.

2021-04-26 10:28:39,946 WARN Channel in TRANSIENT_FAILURE state: 192.168.0.2:7848.

2021-04-26 10:28:39,947 WARN Channel in SHUTDOWN state: 192.168.0.2:7848.

2021-04-26 10:28:40,326 INFO Connection disconnected: /192.168.0.3:56382

2021-04-26 10:28:40,474 INFO Node <naming_persistent_service/192.168.0.2:7848> shutdown, currTerm=3 state=STATE_FOLLOWER.

2021-04-26 10:28:40,508 INFO Save raft meta, path=/home/nacos/data/protocol/raft/naming_persistent_service/meta-data, term=3, votedFor=nacos2:7848, cost time=29 ms

2021-04-26 10:28:40,509 INFO Shutting down FSMCaller...

2021-04-26 10:28:40,513 INFO onShutdown.

2021-04-26 10:28:40,517 INFO ThreadPool is terminated: JRaft-RPC-Processor, com.alipay.sofa.jraft.util.MetricThreadPoolExecutor@36dfbdaf[Shutting down, pool size = 0, active threads = 0, queued tasks = 0, completed tasks = 0].

2021-04-26 10:28:40,519 INFO ThreadPool is terminated: JRaft-Node-ScheduleThreadPool, com.alipay.sofa.jraft.util.MetricScheduledThreadPoolExecutor@51d143a1[Shutting down, pool size = 0, active threads = 0, queued tasks = 0, completed tasks = 0].

2021-04-26 10:28:40,520 INFO The number of active nodes decrement to 0.

2021-04-26 10:28:40,533 INFO ThreadPool is terminated: JRaft-Global-ElectionTimer, com.alipay.sofa.jraft.util.MetricScheduledThreadPoolExecutor@6a3af1b2[Shutting down, pool size = 0, active threads = 0, queued tasks = 0, completed tasks = 0].

2021-04-26 10:28:40,534 INFO Destroy timer: RepeatedTimer{timeout=null, stopped=true, running=false, destroyed=true, invoking=false, timeoutMs=5000, name='JRaft-ElectionTimer-<naming_persistent_service/192.168.0.2:7848>'}.

2021-04-26 10:28:40,535 INFO ThreadPool is terminated: JRaft-Global-VoteTimer, com.alipay.sofa.jraft.util.MetricScheduledThreadPoolExecutor@1a28aef1[Shutting down, pool size = 0, active threads = 0, queued tasks = 0, completed tasks = 0].

2021-04-26 10:28:40,535 INFO Destroy timer: RepeatedTimer{timeout=null, stopped=true, running=false, destroyed=true, invoking=false, timeoutMs=5000, name='JRaft-VoteTimer-<naming_persistent_service/192.168.0.2:7848>'}.

2021-04-26 10:28:40,536 INFO ThreadPool is terminated: JRaft-Global-StepDownTimer, com.alipay.sofa.jraft.util.MetricScheduledThreadPoolExecutor@4647881c[Shutting down, pool size = 0, active threads = 0, queued tasks = 0, completed tasks = 0].

2021-04-26 10:28:40,538 INFO Destroy timer: RepeatedTimer{timeout=null, stopped=true, running=false, destroyed=true, invoking=false, timeoutMs=2500, name='JRaft-StepDownTimer-<naming_persistent_service/192.168.0.2:7848>'}.

2021-04-26 10:28:40,538 INFO ThreadPool is terminated: JRaft-Global-SnapshotTimer, com.alipay.sofa.jraft.util.MetricScheduledThreadPoolExecutor@6da27358[Shutting down, pool size = 0, active threads = 0, queued tasks = 0, completed tasks = 0].

2021-04-26 10:28:40,539 INFO Destroy timer: RepeatedTimer{timeout=null, stopped=true, running=false, destroyed=true, invoking=false, timeoutMs=1800000, name='JRaft-SnapshotTimer-<naming_persistent_service/192.168.0.2:7848>'}.

2021-04-26 10:28:40,539 INFO Node <naming_persistent_service/192.168.0.2:7848> shutdown, currTerm=3 state=STATE_SHUTTING.

2021-04-26 10:28:40,540 INFO Stop the RaftGroupService successfully.

2021-04-26 10:28:40,540 INFO Shutdown managed channel: nacos3:7848, ManagedChannelOrphanWrapper{delegate=ManagedChannelImpl{logId=4, target=nacos3:7848}}.

2021-04-26 10:28:40,550 INFO Shutdown managed channel: nacos1:7848, ManagedChannelOrphanWrapper{delegate=ManagedChannelImpl{logId=9, target=nacos1:7848}}.

2021-04-26 10:28:40,552 INFO Connection disconnected: /192.168.0.2:38220

2021-04-26 10:28:40,552 INFO Shutdown managed channel: 192.168.0.2:7848, ManagedChannelOrphanWrapper{delegate=ManagedChannelImpl{logId=14, target=192.168.0.2:7848}}.

2021-04-26 10:28:40,558 INFO Connection disconnected: /192.168.0.2:38222

2021-04-26 10:28:40,559 INFO ThreadPool is terminated: JRaft-RPC-Processor, com.alipay.sofa.jraft.util.MetricThreadPoolExecutor@57939d6c[Shutting down, pool size = 0, active threads = 0, queued tasks = 0, completed tasks = 3].

2021-04-26 11:00:08,079 INFO SPI service [com.alipay.sofa.jraft.JRaftServiceFactory - com.alipay.sofa.jraft.core.DefaultJRaftServiceFactory] loading.

2021-04-26 11:00:08,179 INFO SPI service [com.alipay.sofa.jraft.rpc.RaftRpcFactory - com.alipay.sofa.jraft.rpc.impl.GrpcRaftRpcFactory] loading.

2021-04-26 11:00:13,170 INFO SPI service [com.alipay.sofa.jraft.util.JRaftSignalHandler - com.alipay.sofa.jraft.NodeDescribeSignalHandler] loading.

2021-04-26 11:00:13,173 INFO SPI service [com.alipay.sofa.jraft.util.JRaftSignalHandler - com.alipay.sofa.jraft.NodeMetricsSignalHandler] loading.

2021-04-26 11:00:13,174 INFO SPI service [com.alipay.sofa.jraft.util.JRaftSignalHandler - com.alipay.sofa.jraft.ThreadPoolMetricsSignalHandler] loading.

2021-04-26 11:00:13,180 INFO SPI service [com.alipay.sofa.jraft.util.timer.RaftTimerFactory - com.alipay.sofa.jraft.util.timer.DefaultRaftTimerFactory] loading.

2021-04-26 11:00:13,191 INFO The number of active nodes increment to 1.

2021-04-26 11:00:13,668 INFO Starts FSMCaller successfully.

2021-04-26 11:00:13,690 WARN No data for snapshot reader /home/nacos/data/protocol/raft/nacos_config/snapshot.

2021-04-26 11:00:13,691 INFO Node <nacos_config/nacos1:7848> target priority value has changed from: 0, to: -1.

2021-04-26 11:00:13,721 INFO Node <nacos_config/nacos1:7848> init, term=3, lastLogId=LogId [index=3, term=3], conf=nacos3:7848,nacos1:7848,nacos2:7848, oldConf=.

2021-04-26 11:00:13,732 WARN RPC server is not started in RaftGroupService.

2021-04-26 11:00:13,733 INFO Start the RaftGroupService successfully.

2021-04-26 11:00:13,882 WARN Channel in TRANSIENT_FAILURE state: nacos3:7848.

2021-04-26 11:00:13,891 WARN Channel in SHUTDOWN state: nacos3:7848.

2021-04-26 11:00:14,173 WARN Channel in TRANSIENT_FAILURE state: nacos1:7848.

2021-04-26 11:00:14,177 WARN Channel in SHUTDOWN state: nacos1:7848.

2021-04-26 11:00:14,310 INFO The number of active nodes increment to 2.

2021-04-26 11:00:14,313 WARN Channel in TRANSIENT_FAILURE state: nacos2:7848.

2021-04-26 11:00:14,313 WARN Channel in SHUTDOWN state: nacos2:7848.

2021-04-26 11:00:14,480 INFO Starts FSMCaller successfully.

2021-04-26 11:00:14,483 WARN No data for snapshot reader /home/nacos/data/protocol/raft/naming_persistent_service/snapshot.

2021-04-26 11:00:14,484 INFO Node <naming_persistent_service/nacos1:7848> target priority value has changed from: 0, to: -1.

2021-04-26 11:00:14,487 INFO Node <naming_persistent_service/nacos1:7848> init, term=3, lastLogId=LogId [index=3, term=3], conf=nacos3:7848,nacos1:7848,nacos2:7848, oldConf=.

2021-04-26 11:00:14,489 WARN RPC server is not started in RaftGroupService.

2021-04-26 11:00:14,489 INFO Start the RaftGroupService successfully.

2021-04-26 11:00:17,618 INFO Node <nacos_config/nacos1:7848> received PreVoteRequest from nacos2:7848, term=4, currTerm=3, granted=true, requestLastLogId=LogId [index=3, term=3], lastLogId=LogId [index=3, term=3].

2021-04-26 11:00:17,627 INFO Node <nacos_config/nacos1:7848> received RequestVoteRequest from nacos2:7848, term=4, currTerm=3.

2021-04-26 11:00:17,641 INFO Save raft meta, path=/home/nacos/data/protocol/raft/nacos_config/meta-data, term=4, votedFor=0.0.0.0:0, cost time=12 ms

2021-04-26 11:00:17,647 INFO Save raft meta, path=/home/nacos/data/protocol/raft/nacos_config/meta-data, term=4, votedFor=nacos2:7848, cost time=5 ms

2021-04-26 11:00:17,703 INFO -Djraft.recyclers.maxCapacityPerThread: 4096.

2021-04-26 11:00:17,768 WARN Channel in TRANSIENT_FAILURE state: nacos2:7848.

2021-04-26 11:00:17,772 WARN Channel in SHUTDOWN state: nacos2:7848.

2021-04-26 11:00:17,769 INFO Peer nacos2:7848 is connected.

2021-04-26 11:00:18,198 INFO Node <naming_persistent_service/nacos1:7848> received PreVoteRequest from nacos2:7848, term=4, currTerm=3, granted=true, requestLastLogId=LogId [index=3, term=3], lastLogId=LogId [index=3, term=3].

2021-04-26 11:00:18,241 INFO Node <naming_persistent_service/nacos1:7848> received RequestVoteRequest from nacos2:7848, term=4, currTerm=3.

2021-04-26 11:00:18,259 INFO Save raft meta, path=/home/nacos/data/protocol/raft/naming_persistent_service/meta-data, term=4, votedFor=0.0.0.0:0, cost time=8 ms

2021-04-26 11:00:18,283 INFO Save raft meta, path=/home/nacos/data/protocol/raft/naming_persistent_service/meta-data, term=4, votedFor=nacos2:7848, cost time=12 ms

2021-04-26 11:00:19,979 INFO The number of active nodes increment to 3.

2021-04-26 11:00:20,220 INFO Starts FSMCaller successfully.

2021-04-26 11:00:20,226 WARN No data for snapshot reader /home/nacos/data/protocol/raft/naming_persistent_service_v2/snapshot.

2021-04-26 11:00:20,227 INFO Node <naming_persistent_service_v2/nacos1:7848> target priority value has changed from: 0, to: -1.

2021-04-26 11:00:20,231 INFO Node <naming_persistent_service_v2/nacos1:7848> init, term=2, lastLogId=LogId [index=2, term=2], conf=nacos3:7848,nacos1:7848,nacos2:7848, oldConf=.

2021-04-26 11:00:20,233 WARN RPC server is not started in RaftGroupService.

2021-04-26 11:00:20,235 INFO Start the RaftGroupService successfully.

2021-04-26 11:00:20,304 INFO The number of active nodes increment to 4.

2021-04-26 11:00:20,649 INFO Starts FSMCaller successfully.

2021-04-26 11:00:20,657 WARN No data for snapshot reader /home/nacos/data/protocol/raft/naming_instance_metadata/snapshot.

2021-04-26 11:00:20,660 INFO Node <naming_instance_metadata/nacos1:7848> target priority value has changed from: 0, to: -1.

2021-04-26 11:00:20,671 INFO Node <naming_instance_metadata/nacos1:7848> init, term=2, lastLogId=LogId [index=2, term=2], conf=nacos3:7848,nacos1:7848,nacos2:7848, oldConf=.

2021-04-26 11:00:20,673 WARN RPC server is not started in RaftGroupService.

2021-04-26 11:00:20,673 INFO Start the RaftGroupService successfully.

2021-04-26 11:00:20,714 INFO The number of active nodes increment to 5.

2021-04-26 11:00:21,363 INFO Starts FSMCaller successfully.

2021-04-26 11:00:21,368 WARN No data for snapshot reader /home/nacos/data/protocol/raft/naming_service_metadata/snapshot.

2021-04-26 11:00:21,369 INFO Node <naming_service_metadata/nacos1:7848> target priority value has changed from: 0, to: -1.

2021-04-26 11:00:21,373 INFO Node <naming_service_metadata/nacos1:7848> init, term=2, lastLogId=LogId [index=2, term=2], conf=nacos3:7848,nacos1:7848,nacos2:7848, oldConf=.

2021-04-26 11:00:21,373 WARN RPC server is not started in RaftGroupService.

2021-04-26 11:00:21,374 INFO Start the RaftGroupService successfully.

2021-04-26 11:00:26,069 INFO Node <naming_instance_metadata/nacos1:7848> term 2 start preVote.

2021-04-26 11:00:26,069 INFO Node <naming_persistent_service_v2/nacos1:7848> term 2 start preVote.

2021-04-26 11:00:26,099 WARN Channel in TRANSIENT_FAILURE state: nacos2:7848.

2021-04-26 11:00:26,101 INFO Peer nacos2:7848 is connected.

2021-04-26 11:00:26,101 WARN Channel in TRANSIENT_FAILURE state: nacos2:7848.

2021-04-26 11:00:26,111 WARN Channel in SHUTDOWN state: nacos2:7848.

2021-04-26 11:00:26,101 INFO Peer nacos2:7848 is connected.

2021-04-26 11:00:26,102 WARN Channel in SHUTDOWN state: nacos2:7848.

2021-04-26 11:00:26,311 WARN Channel in TRANSIENT_FAILURE state: nacos3:7848.

2021-04-26 11:00:26,312 WARN Channel in SHUTDOWN state: nacos3:7848.

2021-04-26 11:00:26,312 INFO Peer nacos3:7848 is connected.

2021-04-26 11:00:26,331 WARN Channel in TRANSIENT_FAILURE state: nacos3:7848.

2021-04-26 11:00:26,331 WARN Channel in SHUTDOWN state: nacos3:7848.

2021-04-26 11:00:26,340 INFO Peer nacos3:7848 is connected.

2021-04-26 11:00:26,488 INFO Node <naming_persistent_service_v2/nacos1:7848> received PreVoteResponse from nacos2:7848, term=2, granted=true.

2021-04-26 11:00:26,491 INFO Node <naming_persistent_service_v2/nacos1:7848> start vote and grant vote self, term=2.

2021-04-26 11:00:26,544 INFO Node <naming_instance_metadata/nacos1:7848> received RequestVoteRequest from nacos3:7848, term=3, currTerm=2.

2021-04-26 11:00:26,568 INFO Save raft meta, path=/home/nacos/data/protocol/raft/naming_instance_metadata/meta-data, term=3, votedFor=0.0.0.0:0, cost time=22 ms

2021-04-26 11:00:26,569 WARN Node <naming_instance_metadata/nacos1:7848> received invalid PreVoteResponse from nacos2:7848, term=2, currTerm=3.

2021-04-26 11:00:26,581 INFO Node <naming_instance_metadata/nacos1:7848> received RequestVoteRequest from nacos2:7848, term=3, currTerm=3.

2021-04-26 11:00:26,583 INFO Node <naming_instance_metadata/nacos1:7848> received PreVoteRequest from nacos3:7848, term=3, currTerm=3, granted=true, requestLastLogId=LogId [index=2, term=2], lastLogId=LogId [index=2, term=2].

2021-04-26 11:00:26,587 INFO Node <naming_instance_metadata/nacos1:7848> received PreVoteRequest from nacos2:7848, term=3, currTerm=3, granted=true, requestLastLogId=LogId [index=2, term=2], lastLogId=LogId [index=2, term=2].

2021-04-26 11:00:26,606 INFO Save raft meta, path=/home/nacos/data/protocol/raft/naming_instance_metadata/meta-data, term=3, votedFor=nacos3:7848, cost time=15 ms

2021-04-26 11:00:26,615 WARN Node <naming_instance_metadata/nacos1:7848> received invalid PreVoteResponse from nacos3:7848, term=2, currTerm=3.

2021-04-26 11:00:26,626 INFO Save raft meta, path=/home/nacos/data/protocol/raft/naming_persistent_service_v2/meta-data, term=3, votedFor=nacos1:7848, cost time=86 ms

2021-04-26 11:00:26,629 INFO Node <naming_persistent_service_v2/nacos1:7848> received PreVoteRequest from nacos2:7848, term=3, currTerm=3, granted=true, requestLastLogId=LogId [index=2, term=2], lastLogId=LogId [index=2, term=2].

2021-04-26 11:00:26,630 INFO Node <naming_persistent_service_v2/nacos1:7848> received RequestVoteRequest from nacos2:7848, term=3, currTerm=3.

2021-04-26 11:00:26,632 INFO Node <naming_persistent_service_v2/nacos1:7848> received RequestVoteRequest from nacos3:7848, term=3, currTerm=3.

2021-04-26 11:00:26,634 INFO Node <naming_persistent_service_v2/nacos1:7848> received PreVoteRequest from nacos3:7848, term=3, currTerm=3, granted=true, requestLastLogId=LogId [index=2, term=2], lastLogId=LogId [index=2, term=2].

2021-04-26 11:00:26,649 WARN Node <naming_persistent_service_v2/nacos1:7848> received invalid PreVoteResponse from nacos3:7848, state not in STATE_FOLLOWER but STATE_CANDIDATE.

2021-04-26 11:00:26,675 INFO Node <naming_service_metadata/nacos1:7848> received PreVoteRequest from nacos3:7848, term=3, currTerm=2, granted=true, requestLastLogId=LogId [index=2, term=2], lastLogId=LogId [index=2, term=2].

2021-04-26 11:00:26,679 INFO Node <naming_service_metadata/nacos1:7848> received PreVoteRequest from nacos2:7848, term=3, currTerm=2, granted=true, requestLastLogId=LogId [index=2, term=2], lastLogId=LogId [index=2, term=2].

2021-04-26 11:00:26,708 INFO Node <naming_service_metadata/nacos1:7848> received RequestVoteRequest from nacos2:7848, term=3, currTerm=2.

2021-04-26 11:00:26,723 INFO Save raft meta, path=/home/nacos/data/protocol/raft/naming_service_metadata/meta-data, term=3, votedFor=0.0.0.0:0, cost time=14 ms

2021-04-26 11:00:26,746 INFO Save raft meta, path=/home/nacos/data/protocol/raft/naming_service_metadata/meta-data, term=3, votedFor=nacos2:7848, cost time=11 ms

2021-04-26 11:00:31,606 WARN Candidate node <naming_persistent_service_v2/nacos1:7848> term 3 steps down when election reaching vote timeout: fail to get quorum vote-granted.

2021-04-26 11:00:31,608 INFO Node <naming_persistent_service_v2/nacos1:7848> term 3 start preVote.

2021-04-26 11:00:31,610 ERROR Run timer failed.

java.lang.IllegalStateException: java.lang.InterruptedException
	at com.alipay.sofa.jraft.storage.impl.LogManagerImpl.getLastLogId(LogManagerImpl.java:884)
	at com.alipay.sofa.jraft.core.NodeImpl.preVote(NodeImpl.java:2639)
	at com.alipay.sofa.jraft.core.NodeImpl.handleVoteTimeout(NodeImpl.java:2696)
	at com.alipay.sofa.jraft.core.NodeImpl.access$1100(NodeImpl.java:138)
	at com.alipay.sofa.jraft.core.NodeImpl$1.onTrigger(NodeImpl.java:914)
	at com.alipay.sofa.jraft.util.RepeatedTimer.run(RepeatedTimer.java:86)
	at com.alipay.sofa.jraft.util.RepeatedTimer.lambda$schedule$0(RepeatedTimer.java:182)
	at com.alipay.sofa.jraft.util.timer.DefaultTimer$TimeoutTask.run(DefaultTimer.java:117)
	at java.util.concurrent.Executors$RunnableAdapter.call(Executors.java:511)
	at java.util.concurrent.FutureTask.run(FutureTask.java:266)
	at java.util.concurrent.ScheduledThreadPoolExecutor$ScheduledFutureTask.access$201(ScheduledThreadPoolExecutor.java:180)
	at java.util.concurrent.ScheduledThreadPoolExecutor$ScheduledFutureTask.run(ScheduledThreadPoolExecutor.java:293)
	at java.util.concurrent.ThreadPoolExecutor.runWorker(ThreadPoolExecutor.java:1149)
	at java.util.concurrent.ThreadPoolExecutor$Worker.run(ThreadPoolExecutor.java:624)
	at java.lang.Thread.run(Thread.java:748)
Caused by: java.lang.InterruptedException: null
	at java.util.concurrent.locks.AbstractQueuedSynchronizer.acquireSharedInterruptibly(AbstractQueuedSynchronizer.java:1302)
	at java.util.concurrent.CountDownLatch.await(CountDownLatch.java:231)
	at com.alipay.sofa.jraft.storage.impl.LogManagerImpl$LastLogIdClosure.await(LogManagerImpl.java:283)
	at com.alipay.sofa.jraft.storage.impl.LogManagerImpl.getLastLogId(LogManagerImpl.java:881)
	... 14 common frames omitted
2021-04-26 11:00:36,651 INFO Node <naming_persistent_service_v2/nacos1:7848> term 3 start preVote.

2021-04-26 11:00:36,671 INFO Node <naming_persistent_service_v2/nacos1:7848> received PreVoteResponse from nacos2:7848, term=3, granted=true.

2021-04-26 11:00:36,672 INFO Node <naming_persistent_service_v2/nacos1:7848> start vote and grant vote self, term=3.

2021-04-26 11:00:36,674 WARN Node <naming_persistent_service_v2/nacos1:7848> received invalid PreVoteResponse from nacos3:7848, state not in STATE_FOLLOWER but STATE_CANDIDATE.

2021-04-26 11:00:36,689 INFO Save raft meta, path=/home/nacos/data/protocol/raft/naming_persistent_service_v2/meta-data, term=4, votedFor=nacos1:7848, cost time=12 ms

2021-04-26 11:00:36,707 INFO Node <naming_persistent_service_v2/nacos1:7848> become leader of group, term=4, conf=nacos3:7848,nacos1:7848,nacos2:7848, oldConf=.

2021-04-26 11:00:36,736 INFO Replicator=Replicator [state=null, statInfo=<running=null, firstLogIndex=0, lastLogIncluded=0, lastLogIndex=0, lastTermIncluded=0>, peerId=nacos2:7848, type=Follower]@nacos2:7848 is started

2021-04-26 11:00:36,754 INFO Replicator=Replicator [state=null, statInfo=<running=null, firstLogIndex=0, lastLogIncluded=0, lastLogIndex=0, lastTermIncluded=0>, peerId=nacos3:7848, type=Follower]@nacos3:7848 is started

2021-04-26 11:00:36,759 WARN Node <naming_persistent_service_v2/nacos1:7848> received invalid RequestVoteResponse from nacos2:7848, state not in STATE_CANDIDATE but STATE_LEADER.

2021-04-26 11:00:36,779 INFO onLeaderStart: term=4.

2021-04-26 11:03:02,816 INFO Connection disconnected: /192.168.16.3:60754

2021-04-26 11:03:02,823 INFO Destroyed peer request context for naming_service_metadata/PeerPair[nacos1:7848 -> nacos2:7848]

2021-04-26 11:03:02,817 INFO Connection disconnected: /192.168.16.3:60900

2021-04-26 11:03:02,832 INFO Destroyed peer request context for nacos_config/PeerPair[nacos1:7848 -> nacos2:7848]

2021-04-26 11:03:02,834 INFO Destroyed peer request context for naming_persistent_service/PeerPair[nacos1:7848 -> nacos2:7848]

2021-04-26 11:03:02,863 INFO Connection disconnected: /192.168.16.3:60914

2021-04-26 11:03:09,150 INFO Node <naming_persistent_service/nacos1:7848> term 4 start preVote.

2021-04-26 11:03:09,150 INFO onStopFollowing: LeaderChangeContext [leaderId=nacos2:7848, term=4, status=Status[ERAFTTIMEDOUT<10001>: Lost connection from leader nacos2:7848.]].

2021-04-26 11:03:09,156 INFO Peer nacos2:7848 is connected.

2021-04-26 11:03:09,156 WARN Channel in TRANSIENT_FAILURE state: nacos2:7848.

2021-04-26 11:03:09,158 WARN Channel in SHUTDOWN state: nacos2:7848.

2021-04-26 11:03:09,419 INFO Node <nacos_config/nacos1:7848> term 4 start preVote.

2021-04-26 11:03:09,419 INFO onStopFollowing: LeaderChangeContext [leaderId=nacos2:7848, term=4, status=Status[ERAFTTIMEDOUT<10001>: Lost connection from leader nacos2:7848.]].

2021-04-26 11:03:09,426 WARN Channel in TRANSIENT_FAILURE state: nacos3:7848.

2021-04-26 11:03:09,427 WARN Channel in SHUTDOWN state: nacos3:7848.

2021-04-26 11:03:09,427 INFO Peer nacos3:7848 is connected.

2021-04-26 11:03:09,443 INFO Node <nacos_config/nacos1:7848> received PreVoteResponse from nacos3:7848, term=4, granted=true.

2021-04-26 11:03:09,444 INFO Node <nacos_config/nacos1:7848> start vote and grant vote self, term=4.

2021-04-26 11:03:09,456 INFO Save raft meta, path=/home/nacos/data/protocol/raft/nacos_config/meta-data, term=5, votedFor=nacos1:7848, cost time=9 ms

2021-04-26 11:03:09,464 INFO Node <nacos_config/nacos1:7848> become leader of group, term=5, conf=nacos3:7848,nacos1:7848,nacos2:7848, oldConf=.

2021-04-26 11:03:09,465 INFO Replicator=Replicator [state=null, statInfo=<running=null, firstLogIndex=0, lastLogIncluded=0, lastLogIndex=0, lastTermIncluded=0>, peerId=nacos2:7848, type=Follower]@nacos2:7848 is started

2021-04-26 11:03:09,467 INFO Replicator=Replicator [state=null, statInfo=<running=null, firstLogIndex=0, lastLogIncluded=0, lastLogIndex=0, lastTermIncluded=0>, peerId=nacos3:7848, type=Follower]@nacos3:7848 is started

2021-04-26 11:03:09,487 INFO onLeaderStart: term=5.

2021-04-26 11:03:10,138 ERROR Fail to connect nacos2:7848, remoting exception: java.util.concurrent.ExecutionException: io.grpc.StatusRuntimeException: DEADLINE_EXCEEDED: deadline exceeded after 999845830ns. [buffered_nanos=1000125226, waiting_for_connection].

2021-04-26 11:03:10,139 WARN Node <naming_persistent_service/nacos1:7848> channel init failed, address=nacos2:7848.

2021-04-26 11:03:10,146 WARN Channel in TRANSIENT_FAILURE state: nacos3:7848.

2021-04-26 11:03:10,146 WARN Channel in SHUTDOWN state: nacos3:7848.

2021-04-26 11:03:10,146 INFO Peer nacos3:7848 is connected.

2021-04-26 11:03:10,160 INFO Node <naming_persistent_service/nacos1:7848> received PreVoteResponse from nacos3:7848, term=4, granted=true.

2021-04-26 11:03:10,161 INFO Node <naming_persistent_service/nacos1:7848> start vote and grant vote self, term=4.

2021-04-26 11:03:10,170 INFO Save raft meta, path=/home/nacos/data/protocol/raft/naming_persistent_service/meta-data, term=5, votedFor=nacos1:7848, cost time=7 ms

2021-04-26 11:03:10,179 INFO Node <naming_persistent_service/nacos1:7848> become leader of group, term=5, conf=nacos3:7848,nacos1:7848,nacos2:7848, oldConf=.

2021-04-26 11:03:10,180 INFO Replicator=Replicator [state=null, statInfo=<running=null, firstLogIndex=0, lastLogIncluded=0, lastLogIndex=0, lastTermIncluded=0>, peerId=nacos2:7848, type=Follower]@nacos2:7848 is started

2021-04-26 11:03:10,181 INFO Replicator=Replicator [state=null, statInfo=<running=null, firstLogIndex=0, lastLogIncluded=0, lastLogIndex=0, lastTermIncluded=0>, peerId=nacos3:7848, type=Follower]@nacos3:7848 is started

2021-04-26 11:03:10,192 INFO onLeaderStart: term=5.

2021-04-26 11:03:11,954 INFO Node <naming_service_metadata/nacos1:7848> received PreVoteRequest from nacos3:7848, term=4, currTerm=3, granted=true, requestLastLogId=LogId [index=3, term=3], lastLogId=LogId [index=3, term=3].

2021-04-26 11:03:11,962 INFO Node <naming_service_metadata/nacos1:7848> received RequestVoteRequest from nacos3:7848, term=4, currTerm=3.

2021-04-26 11:03:11,963 INFO onStopFollowing: LeaderChangeContext [leaderId=nacos2:7848, term=3, status=Status[EHIGHERTERMRESPONSE<10008>: Raft node receives higher term RequestVoteRequest.]].

2021-04-26 11:03:11,969 INFO Save raft meta, path=/home/nacos/data/protocol/raft/naming_service_metadata/meta-data, term=4, votedFor=0.0.0.0:0, cost time=6 ms

2021-04-26 11:03:11,975 INFO Save raft meta, path=/home/nacos/data/protocol/raft/naming_service_metadata/meta-data, term=4, votedFor=nacos3:7848, cost time=5 ms

2021-04-26 11:03:14,401 WARN Node <nacos_config/nacos1:7848> PreVote to nacos2:7848 error: Status[EINTERNAL<1004>: RPC exception:DEADLINE_EXCEEDED: deadline exceeded after 4999934442ns. [buffered_nanos=5000468449, waiting_for_connection]].

2021-04-26 11:03:14,425 WARN Node <nacos_config/nacos1:7848> RequestVote to nacos2:7848 error: Status[EINTERNAL<1004>: RPC exception:DEADLINE_EXCEEDED: deadline exceeded after 4999949602ns. [buffered_nanos=5000118664, waiting_for_connection]].

2021-04-26 11:03:15,163 WARN Node <naming_persistent_service/nacos1:7848> RequestVote to nacos2:7848 error: Status[EINTERNAL<1004>: RPC exception:DEADLINE_EXCEEDED: deadline exceeded after 4999930858ns. [buffered_nanos=5000239336, waiting_for_connection]].

2021-04-26 11:03:29,897 WARN Fail to issue RPC to nacos2:7848, consecutiveErrorTimes=10, error=Status[EINTERNAL<1004>: RPC exception:DEADLINE_EXCEEDED: deadline exceeded after 2499729301ns. [buffered_nanos=2500101235, waiting_for_connection]]

2021-04-26 11:03:30,455 WARN Fail to issue RPC to nacos2:7848, consecutiveErrorTimes=10, error=Status[EINTERNAL<1004>: RPC exception:DEADLINE_EXCEEDED: deadline exceeded after 2499912238ns. [buffered_nanos=2500265555, waiting_for_connection]]

2021-04-26 11:03:31,194 WARN Fail to issue RPC to nacos2:7848, consecutiveErrorTimes=10, error=Status[EINTERNAL<1004>: RPC exception:DEADLINE_EXCEEDED: deadline exceeded after 2499854795ns. [buffered_nanos=2500049789, waiting_for_connection]]

2021-04-26 11:03:35,828 WARN Fail to issue RPC to nacos2:7848, consecutiveErrorTimes=20, error=Status[EINTERNAL<1004>: Check connection[nacos2:7848] fail and try to create new one]

2021-04-26 11:03:37,437 WARN Fail to issue RPC to nacos2:7848, consecutiveErrorTimes=20, error=Status[EINTERNAL<1004>: Check connection[nacos2:7848] fail and try to create new one]

2021-04-26 11:03:38,335 WARN Channel[nacos2:7848] in TRANSIENT_FAILURE state 21 times, will be reset connect backoff.

2021-04-26 11:03:38,343 WARN Fail to issue RPC to nacos2:7848, consecutiveErrorTimes=30, error=Status[EINTERNAL<1004>: Check connection[nacos2:7848] fail and try to create new one]

2021-04-26 11:03:40,125 WARN Fail to issue RPC to nacos2:7848, consecutiveErrorTimes=20, error=Status[EINTERNAL<1004>: Check connection[nacos2:7848] fail and try to create new one]

2021-04-26 11:03:40,828 WARN Fail to issue RPC to nacos2:7848, consecutiveErrorTimes=40, error=Status[EINTERNAL<1004>: Check connection[nacos2:7848] fail and try to create new one]

2021-04-26 11:03:41,831 WARN Channel[nacos2:7848] in TRANSIENT_FAILURE state 21 times, will be reset connect backoff.

2021-04-26 11:03:42,425 WARN Fail to issue RPC to nacos2:7848, consecutiveErrorTimes=30, error=Status[EINTERNAL<1004>: Check connection[nacos2:7848] fail and try to create new one]

2021-04-26 11:03:42,628 WARN Fail to issue RPC to nacos2:7848, consecutiveErrorTimes=30, error=Status[EINTERNAL<1004>: Check connection[nacos2:7848] fail and try to create new one]

2021-04-26 11:03:43,337 WARN Fail to issue RPC to nacos2:7848, consecutiveErrorTimes=50, error=Status[EINTERNAL<1004>: Check connection[nacos2:7848] fail and try to create new one]

2021-04-26 11:03:43,928 WARN Channel[nacos2:7848] in TRANSIENT_FAILURE state 21 times, will be reset connect backoff.

2021-04-26 11:03:44,630 WARN Channel[nacos2:7848] in TRANSIENT_FAILURE state 21 times, will be reset connect backoff.

2021-04-26 11:03:45,133 WARN Fail to issue RPC to nacos2:7848, consecutiveErrorTimes=40, error=Status[EINTERNAL<1004>: Check connection[nacos2:7848] fail and try to create new one]

2021-04-26 11:03:45,843 WARN Fail to issue RPC to nacos2:7848, consecutiveErrorTimes=60, error=Status[EINTERNAL<1004>: Check connection[nacos2:7848] fail and try to create new one]

2021-04-26 11:03:46,988 WARN Channel[nacos2:7848] in TRANSIENT_FAILURE state 21 times, will be reset connect backoff.

2021-04-26 11:03:47,437 WARN Fail to issue RPC to nacos2:7848, consecutiveErrorTimes=40, error=Status[EINTERNAL<1004>: Check connection[nacos2:7848] fail and try to create new one]

2021-04-26 11:03:47,638 WARN Fail to issue RPC to nacos2:7848, consecutiveErrorTimes=50, error=Status[EINTERNAL<1004>: Check connection[nacos2:7848] fail and try to create new one]

2021-04-26 11:03:48,349 WARN Fail to issue RPC to nacos2:7848, consecutiveErrorTimes=70, error=Status[EINTERNAL<1004>: Check connection[nacos2:7848] fail and try to create new one]

2021-04-26 11:03:49,641 WARN Channel[nacos2:7848] in TRANSIENT_FAILURE state 21 times, will be reset connect backoff.

2021-04-26 11:03:50,145 WARN Fail to issue RPC to nacos2:7848, consecutiveErrorTimes=60, error=Status[EINTERNAL<1004>: Check connection[nacos2:7848] fail and try to create new one]

2021-04-26 11:03:50,855 WARN Fail to issue RPC to nacos2:7848, consecutiveErrorTimes=80, error=Status[EINTERNAL<1004>: Check connection[nacos2:7848] fail and try to create new one]

2021-04-26 11:03:51,356 WARN Channel[nacos2:7848] in TRANSIENT_FAILURE state 21 times, will be reset connect backoff.

2021-04-26 11:03:52,447 WARN Fail to issue RPC to nacos2:7848, consecutiveErrorTimes=50, error=Status[EINTERNAL<1004>: Check connection[nacos2:7848] fail and try to create new one]

2021-04-26 11:03:52,649 WARN Fail to issue RPC to nacos2:7848, consecutiveErrorTimes=70, error=Status[EINTERNAL<1004>: Check connection[nacos2:7848] fail and try to create new one]

2021-04-26 11:03:53,363 WARN Fail to issue RPC to nacos2:7848, consecutiveErrorTimes=90, error=Status[EINTERNAL<1004>: Check connection[nacos2:7848] fail and try to create new one]

2021-04-26 11:03:54,451 WARN Channel[nacos2:7848] in TRANSIENT_FAILURE state 21 times, will be reset connect backoff.

2021-04-26 11:03:54,860 WARN Channel[nacos2:7848] in TRANSIENT_FAILURE state 21 times, will be reset connect backoff.

2021-04-26 11:03:55,150 WARN Channel[nacos2:7848] in TRANSIENT_FAILURE state 21 times, will be reset connect backoff.

2021-04-26 11:03:55,153 WARN Fail to issue RPC to nacos2:7848, consecutiveErrorTimes=80, error=Status[EINTERNAL<1004>: Check connection[nacos2:7848] fail and try to create new one]

2021-04-26 11:03:55,866 WARN Fail to issue RPC to nacos2:7848, consecutiveErrorTimes=100, error=Status[EINTERNAL<1004>: Check connection[nacos2:7848] fail and try to create new one]

2021-04-26 11:03:57,458 WARN Fail to issue RPC to nacos2:7848, consecutiveErrorTimes=60, error=Status[EINTERNAL<1004>: Check connection[nacos2:7848] fail and try to create new one]

2021-04-26 11:03:57,657 WARN Fail to issue RPC to nacos2:7848, consecutiveErrorTimes=90, error=Status[EINTERNAL<1004>: Check connection[nacos2:7848] fail and try to create new one]

2021-04-26 11:03:58,370 WARN Fail to issue RPC to nacos2:7848, consecutiveErrorTimes=110, error=Status[EINTERNAL<1004>: Check connection[nacos2:7848] fail and try to create new one]

2021-04-26 11:03:59,370 WARN Channel[nacos2:7848] in TRANSIENT_FAILURE state 21 times, will be reset connect backoff.

2021-04-26 11:04:00,160 WARN Channel[nacos2:7848] in TRANSIENT_FAILURE state 21 times, will be reset connect backoff.

2021-04-26 11:04:00,162 WARN Fail to issue RPC to nacos2:7848, consecutiveErrorTimes=100, error=Status[EINTERNAL<1004>: Check connection[nacos2:7848] fail and try to create new one]

2021-04-26 11:04:00,875 WARN Fail to issue RPC to nacos2:7848, consecutiveErrorTimes=120, error=Status[EINTERNAL<1004>: Check connection[nacos2:7848] fail and try to create new one]

2021-04-26 11:04:02,467 WARN Fail to issue RPC to nacos2:7848, consecutiveErrorTimes=70, error=Status[EINTERNAL<1004>: Check connection[nacos2:7848] fail and try to create new one]

2021-04-26 11:04:02,666 WARN Fail to issue RPC to nacos2:7848, consecutiveErrorTimes=110, error=Status[EINTERNAL<1004>: Check connection[nacos2:7848] fail and try to create new one]

2021-04-26 11:04:03,379 WARN Fail to issue RPC to nacos2:7848, consecutiveErrorTimes=130, error=Status[EINTERNAL<1004>: Check connection[nacos2:7848] fail and try to create new one]

2021-04-26 11:04:03,879 WARN Channel[nacos2:7848] in TRANSIENT_FAILURE state 21 times, will be reset connect backoff.

2021-04-26 11:04:04,971 WARN Channel[nacos2:7848] in TRANSIENT_FAILURE state 21 times, will be reset connect backoff.

2021-04-26 11:04:05,169 WARN Fail to issue RPC to nacos2:7848, consecutiveErrorTimes=120, error=Status[EINTERNAL<1004>: Check connection[nacos2:7848] fail and try to create new one]

2021-04-26 11:04:05,669 WARN Channel[nacos2:7848] in TRANSIENT_FAILURE state 21 times, will be reset connect backoff.

2021-04-26 11:04:05,884 WARN Fail to issue RPC to nacos2:7848, consecutiveErrorTimes=140, error=Status[EINTERNAL<1004>: Check connection[nacos2:7848] fail and try to create new one]

2021-04-26 11:04:07,478 WARN Fail to issue RPC to nacos2:7848, consecutiveErrorTimes=80, error=Status[EINTERNAL<1004>: Check connection[nacos2:7848] fail and try to create new one]

2021-04-26 11:04:07,675 WARN Fail to issue RPC to nacos2:7848, consecutiveErrorTimes=130, error=Status[EINTERNAL<1004>: Check connection[nacos2:7848] fail and try to create new one]

2021-04-26 11:04:08,357 WARN Channel[nacos2:7848] in TRANSIENT_FAILURE state 21 times, will be reset connect backoff.

2021-04-26 11:04:08,389 WARN Fail to issue RPC to nacos2:7848, consecutiveErrorTimes=150, error=Status[EINTERNAL<1004>: Check connection[nacos2:7848] fail and try to create new one]

2021-04-26 11:04:10,159 WARN Fail to issue RPC to nacos2:7848, consecutiveErrorTimes=140, error=Status[EINTERNAL<1004>: Check connection[nacos2:7848] fail and try to create new one]

2021-04-26 11:04:10,661 WARN Channel[nacos2:7848] in TRANSIENT_FAILURE state 21 times, will be reset connect backoff.

2021-04-26 11:04:10,871 WARN Fail to issue RPC to nacos2:7848, consecutiveErrorTimes=160, error=Status[EINTERNAL<1004>: Check connection[nacos2:7848] fail and try to create new one]

2021-04-26 11:04:11,371 WARN Channel[nacos2:7848] in TRANSIENT_FAILURE state 21 times, will be reset connect backoff.

2021-04-26 11:04:12,465 WARN Fail to issue RPC to nacos2:7848, consecutiveErrorTimes=90, error=Status[EINTERNAL<1004>: Check connection[nacos2:7848] fail and try to create new one]

2021-04-26 11:04:12,667 WARN Fail to issue RPC to nacos2:7848, consecutiveErrorTimes=150, error=Status[EINTERNAL<1004>: Check connection[nacos2:7848] fail and try to create new one]

2021-04-26 11:04:13,375 WARN Fail to issue RPC to nacos2:7848, consecutiveErrorTimes=170, error=Status[EINTERNAL<1004>: Check connection[nacos2:7848] fail and try to create new one]

2021-04-26 11:04:15,170 WARN Fail to issue RPC to nacos2:7848, consecutiveErrorTimes=160, error=Status[EINTERNAL<1004>: Check connection[nacos2:7848] fail and try to create new one]

2021-04-26 11:04:15,469 WARN Channel[nacos2:7848] in TRANSIENT_FAILURE state 21 times, will be reset connect backoff.

2021-04-26 11:04:15,879 WARN Fail to issue RPC to nacos2:7848, consecutiveErrorTimes=180, error=Status[EINTERNAL<1004>: Check connection[nacos2:7848] fail and try to create new one]

2021-04-26 11:04:16,168 WARN Channel[nacos2:7848] in TRANSIENT_FAILURE state 21 times, will be reset connect backoff.

2021-04-26 11:04:16,879 WARN Channel[nacos2:7848] in TRANSIENT_FAILURE state 21 times, will be reset connect backoff.

2021-04-26 11:04:17,475 WARN Fail to issue RPC to nacos2:7848, consecutiveErrorTimes=100, error=Status[EINTERNAL<1004>: Check connection[nacos2:7848] fail and try to create new one]

2021-04-26 11:04:17,675 WARN Fail to issue RPC to nacos2:7848, consecutiveErrorTimes=170, error=Status[EINTERNAL<1004>: Check connection[nacos2:7848] fail and try to create new one]

2021-04-26 11:04:18,384 WARN Fail to issue RPC to nacos2:7848, consecutiveErrorTimes=190, error=Status[EINTERNAL<1004>: Check connection[nacos2:7848] fail and try to create new one]

2021-04-26 11:04:20,180 WARN Fail to issue RPC to nacos2:7848, consecutiveErrorTimes=180, error=Status[EINTERNAL<1004>: Check connection[nacos2:7848] fail and try to create new one]

2021-04-26 11:04:20,889 WARN Fail to issue RPC to nacos2:7848, consecutiveErrorTimes=200, error=Status[EINTERNAL<1004>: Check connection[nacos2:7848] fail and try to create new one]

2021-04-26 11:04:21,182 WARN Channel[nacos2:7848] in TRANSIENT_FAILURE state 21 times, will be reset connect backoff.

2021-04-26 11:04:21,390 WARN Channel[nacos2:7848] in TRANSIENT_FAILURE state 21 times, will be reset connect backoff.

2021-04-26 11:04:22,481 WARN Fail to issue RPC to nacos2:7848, consecutiveErrorTimes=110, error=Status[EINTERNAL<1004>: Check connection[nacos2:7848] fail and try to create new one]

2021-04-26 11:04:22,687 WARN Fail to issue RPC to nacos2:7848, consecutiveErrorTimes=190, error=Status[EINTERNAL<1004>: Check connection[nacos2:7848] fail and try to create new one]

2021-04-26 11:04:23,399 WARN Fail to issue RPC to nacos2:7848, consecutiveErrorTimes=210, error=Status[EINTERNAL<1004>: Check connection[nacos2:7848] fail and try to create new one]

2021-04-26 11:04:24,898 WARN Channel[nacos2:7848] in TRANSIENT_FAILURE state 21 times, will be reset connect backoff.

2021-04-26 11:04:25,190 WARN Fail to issue RPC to nacos2:7848, consecutiveErrorTimes=200, error=Status[EINTERNAL<1004>: Check connection[nacos2:7848] fail and try to create new one]

2021-04-26 11:04:25,903 WARN Fail to issue RPC to nacos2:7848, consecutiveErrorTimes=220, error=Status[EINTERNAL<1004>: Check connection[nacos2:7848] fail and try to create new one]

2021-04-26 11:04:25,986 WARN Channel[nacos2:7848] in TRANSIENT_FAILURE state 21 times, will be reset connect backoff.

2021-04-26 11:04:26,688 WARN Channel[nacos2:7848] in TRANSIENT_FAILURE state 21 times, will be reset connect backoff.

2021-04-26 11:04:27,492 WARN Fail to issue RPC to nacos2:7848, consecutiveErrorTimes=120, error=Status[EINTERNAL<1004>: Check connection[nacos2:7848] fail and try to create new one]

2021-04-26 11:04:27,696 WARN Fail to issue RPC to nacos2:7848, consecutiveErrorTimes=210, error=Status[EINTERNAL<1004>: Check connection[nacos2:7848] fail and try to create new one]

2021-04-26 11:04:28,406 WARN Fail to issue RPC to nacos2:7848, consecutiveErrorTimes=230, error=Status[EINTERNAL<1004>: Check connection[nacos2:7848] fail and try to create new one]

2021-04-26 11:04:29,908 WARN Channel[nacos2:7848] in TRANSIENT_FAILURE state 21 times, will be reset connect backoff.

2021-04-26 11:04:30,199 WARN Fail to issue RPC to nacos2:7848, consecutiveErrorTimes=220, error=Status[EINTERNAL<1004>: Check connection[nacos2:7848] fail and try to create new one]

2021-04-26 11:04:30,914 WARN Fail to issue RPC to nacos2:7848, consecutiveErrorTimes=240, error=Status[EINTERNAL<1004>: Check connection[nacos2:7848] fail and try to create new one]

2021-04-26 11:04:32,198 WARN Channel[nacos2:7848] in TRANSIENT_FAILURE state 21 times, will be reset connect backoff.

2021-04-26 11:04:32,503 WARN Fail to issue RPC to nacos2:7848, consecutiveErrorTimes=130, error=Status[EINTERNAL<1004>: Check connection[nacos2:7848] fail and try to create new one]

2021-04-26 11:04:32,703 WARN Fail to issue RPC to nacos2:7848, consecutiveErrorTimes=230, error=Status[EINTERNAL<1004>: Check connection[nacos2:7848] fail and try to create new one]

2021-04-26 11:04:33,416 WARN Fail to issue RPC to nacos2:7848, consecutiveErrorTimes=250, error=Status[EINTERNAL<1004>: Check connection[nacos2:7848] fail and try to create new one]

2021-04-26 11:04:35,326 WARN Fail to issue RPC to nacos2:7848, consecutiveErrorTimes=240, error=Status[ENOENT<1012>: Peer id not found: nacos2:7848, group: naming_persistent_service]

2021-04-26 11:04:35,923 WARN Fail to issue RPC to nacos2:7848, consecutiveErrorTimes=260, error=Status[ENOENT<1012>: Peer id not found: nacos2:7848, group: nacos_config]

2021-04-26 11:04:37,519 WARN Fail to issue RPC to nacos2:7848, consecutiveErrorTimes=140, error=Status[ENOENT<1012>: Peer id not found: nacos2:7848, group: naming_persistent_service_v2]

