2021-04-26 10:10:51,728 INFO Current addressing mode selection : FileConfigMemberLookup

2021-04-26 10:10:51,749 WARN [serverlist] updated to : [Member{ip='nacos3', port=8848, state=DOWN, extendInfo={raftPort=7848}}, Member{ip='nacos2', port=8848, state=DOWN, extendInfo={raftPort=7848}}, Member{ip='nacos1', port=8848, state=UP, extendInfo={raftPort=7848}}]

2021-04-26 10:10:51,765 WARN [serverlist] updated to : [Member{ip='nacos3', port=8848, state=UP, extendInfo={raftPort=7848}}, Member{ip='nacos2', port=8848, state=UP, extendInfo={raftPort=7848}}, Member{ip='nacos1', port=8848, state=UP, extendInfo={raftPort=7848}}]

2021-04-26 10:11:05,201 WARN [ClusterRpcClientProxy] success to refresh cluster rpc client on start up,members =[Member{ip='nacos2', port=8848, state=UP, extendInfo={raftPort=7848}}, Member{ip='nacos3', port=8848, state=UP, extendInfo={raftPort=7848}}] 

2021-04-26 10:11:18,031 INFO This node is ready to provide external services

2021-04-26 10:11:21,249 INFO start a new rpc client to member - > : Member{ip='nacos2', port=8848, state=UP, extendInfo={lastRefreshTime=1619403081231, raftMetaData={metaDataMap={nacos_config={leader=nacos2:7848, raftGroupMember=[nacos3:7848, nacos1:7848, nacos2:7848], term=3}, naming_instance_metadata={leader=nacos2:7848, raftGroupMember=[nacos3:7848, nacos1:7848, nacos2:7848], term=2}, naming_persistent_service={leader=nacos2:7848, raftGroupMember=[nacos3:7848, nacos1:7848, nacos2:7848], term=3}, naming_persistent_service_v2={leader=nacos2:7848, raftGroupMember=[nacos3:7848, nacos1:7848, nacos2:7848], term=2}, naming_service_metadata={leader=nacos2:7848, raftGroupMember=[nacos3:7848, nacos1:7848, nacos2:7848], term=2}}}, raftPort=7848, readyToUpgrade=true, version=2.0.0}}

2021-04-26 10:11:26,090 INFO start a new rpc client to member - > : Member{ip='nacos3', port=8848, state=UP, extendInfo={lastRefreshTime=1619403086084, raftMetaData={metaDataMap={nacos_config={leader=nacos2:7848, raftGroupMember=[nacos3:7848, nacos1:7848, nacos2:7848], term=3}, naming_instance_metadata={leader=nacos2:7848, raftGroupMember=[nacos3:7848, nacos1:7848, nacos2:7848], term=2}, naming_persistent_service={leader=nacos2:7848, raftGroupMember=[nacos3:7848, nacos1:7848, nacos2:7848], term=3}, naming_persistent_service_v2={leader=nacos2:7848, raftGroupMember=[nacos3:7848, nacos1:7848, nacos2:7848], term=2}, naming_service_metadata={leader=nacos2:7848, raftGroupMember=[nacos3:7848, nacos1:7848, nacos2:7848], term=2}}}, raftPort=7848, readyToUpgrade=true, version=2.0.0}}

2021-04-26 10:25:13,741 INFO Current addressing mode selection : FileConfigMemberLookup

2021-04-26 10:28:37,126 INFO Current addressing mode selection : FileConfigMemberLookup

2021-04-26 10:28:37,140 WARN [serverlist] self ip Member{ip='192.168.0.2', port=8848, state=UP, extendInfo={raftPort=7848, version=2.0.0}} not in serverlist [Member{ip='192.168.0.2', port=8848, state=UP, extendInfo={raftPort=7848, version=2.0.0}}, Member{ip='nacos3', port=8848, state=UP, extendInfo={raftPort=7848}}, Member{ip='nacos2', port=8848, state=UP, extendInfo={raftPort=7848}}, Member{ip='nacos1', port=8848, state=UP, extendInfo={raftPort=7848}}, Member{ip='集群节点列表', port=8848, state=UP, extendInfo={raftPort=7848}}]

2021-04-26 10:28:37,141 WARN [serverlist] updated to : [Member{ip='192.168.0.2', port=8848, state=UP, extendInfo={raftPort=7848, version=2.0.0}}, Member{ip='nacos3', port=8848, state=DOWN, extendInfo={raftPort=7848}}, Member{ip='nacos2', port=8848, state=DOWN, extendInfo={raftPort=7848}}, Member{ip='nacos1', port=8848, state=DOWN, extendInfo={raftPort=7848}}, Member{ip='集群节点列表', port=8848, state=DOWN, extendInfo={raftPort=7848}}]

2021-04-26 10:28:37,199 WARN [serverlist] updated to : [Member{ip='192.168.0.2', port=8848, state=UP, extendInfo={raftPort=7848}}, Member{ip='nacos3', port=8848, state=UP, extendInfo={raftPort=7848}}, Member{ip='nacos2', port=8848, state=UP, extendInfo={raftPort=7848}}, Member{ip='nacos1', port=8848, state=UP, extendInfo={raftPort=7848}}, Member{ip='集群节点列表', port=8848, state=UP, extendInfo={raftPort=7848}}]

2021-04-26 11:00:07,328 INFO Current addressing mode selection : FileConfigMemberLookup

2021-04-26 11:00:07,368 WARN [serverlist] updated to : [Member{ip='nacos3', port=8848, state=DOWN, extendInfo={raftPort=7848}}, Member{ip='nacos2', port=8848, state=DOWN, extendInfo={raftPort=7848}}, Member{ip='nacos1', port=8848, state=UP, extendInfo={raftPort=7848}}]

2021-04-26 11:00:07,389 WARN [serverlist] updated to : [Member{ip='nacos3', port=8848, state=UP, extendInfo={raftPort=7848}}, Member{ip='nacos2', port=8848, state=UP, extendInfo={raftPort=7848}}, Member{ip='nacos1', port=8848, state=UP, extendInfo={raftPort=7848}}]

2021-04-26 11:00:07,394 WARN [serverlist] updated to : [Member{ip='nacos3', port=8848, state=UP, extendInfo={raftPort=7848}}, Member{ip='nacos2', port=8848, state=UP, extendInfo={raftPort=7848}}, Member{ip='nacos1', port=8848, state=UP, extendInfo={raftPort=7848}}]

2021-04-26 11:00:18,346 WARN [ClusterRpcClientProxy] success to refresh cluster rpc client on start up,members =[Member{ip='nacos2', port=8848, state=UP, extendInfo={raftPort=7848}}, Member{ip='nacos3', port=8848, state=UP, extendInfo={raftPort=7848}}] 

2021-04-26 11:00:29,625 INFO This node is ready to provide external services

2021-04-26 11:00:37,067 INFO start a new rpc client to member - > : Member{ip='nacos3', port=8848, state=UP, extendInfo={lastRefreshTime=1619406037018, raftMetaData={metaDataMap={nacos_config={leader=nacos2:7848, raftGroupMember=[nacos3:7848, nacos1:7848, nacos2:7848], term=4}, naming_instance_metadata={leader=nacos3:7848, raftGroupMember=[nacos3:7848, nacos1:7848, nacos2:7848], term=3}, naming_persistent_service={leader=nacos2:7848, raftGroupMember=[nacos3:7848, nacos1:7848, nacos2:7848], term=4}, naming_persistent_service_v2={leader=nacos1:7848, raftGroupMember=[nacos3:7848, nacos1:7848, nacos2:7848], term=4}, naming_service_metadata={leader=nacos2:7848, raftGroupMember=[nacos3:7848, nacos1:7848, nacos2:7848], term=3}}}, raftPort=7848, readyToUpgrade=true, version=2.0.0}}

2021-04-26 11:00:37,466 INFO start a new rpc client to member - > : Member{ip='nacos2', port=8848, state=UP, extendInfo={lastRefreshTime=1619406037462, raftMetaData={metaDataMap={nacos_config={leader=nacos2:7848, raftGroupMember=[nacos3:7848, nacos1:7848, nacos2:7848], term=4}, naming_instance_metadata={leader=nacos3:7848, raftGroupMember=[nacos3:7848, nacos1:7848, nacos2:7848], term=3}, naming_persistent_service={leader=nacos2:7848, raftGroupMember=[nacos3:7848, nacos1:7848, nacos2:7848], term=4}, naming_persistent_service_v2={leader=nacos1:7848, raftGroupMember=[nacos3:7848, nacos1:7848, nacos2:7848], term=4}, naming_service_metadata={leader=nacos2:7848, raftGroupMember=[nacos3:7848, nacos1:7848, nacos2:7848], term=3}}}, raftPort=7848, readyToUpgrade=true, version=2.0.0}}

2021-04-26 11:03:09,671 ERROR failed to report new info to target node : nacos2:8848, error : caused: Timeout connecting to [nacos2/192.168.16.3:8848];

2021-04-26 11:03:14,654 ERROR failed to report new info to target node : nacos2:8848, error : caused: Timeout connecting to [nacos2/192.168.16.3:8848];

2021-04-26 11:03:17,655 ERROR failed to report new info to target node : nacos2:8848, error : caused: Timeout connecting to [nacos2/192.168.16.3:8848];

2021-04-26 11:03:21,657 ERROR failed to report new info to target node : nacos2:8848, error : caused: Timeout connecting to [nacos2/192.168.16.3:8848];

2021-04-26 11:03:25,661 ERROR failed to report new info to target node : nacos2:8848, error : caused: Timeout connecting to [nacos2/192.168.16.3:8848];

2021-04-26 11:03:29,663 ERROR failed to report new info to target node : nacos2:8848, error : caused: Timeout connecting to [nacos2/192.168.16.3:8848];

2021-04-26 11:03:33,666 ERROR failed to report new info to target node : nacos2:8848, error : caused: Timeout connecting to [nacos2/192.168.16.3:8848];

2021-04-26 11:03:36,667 ERROR failed to report new info to target node : nacos2:8848, error : caused: nacos2;

2021-04-26 11:03:37,673 ERROR failed to report new info to target node : nacos2:8848, error : caused: Timeout connecting to [nacos2/192.168.16.3:8848];

2021-04-26 11:03:40,651 ERROR failed to report new info to target node : nacos2:8848, error : caused: nacos2;

2021-04-26 11:03:44,656 ERROR failed to report new info to target node : nacos2:8848, error : caused: nacos2;

2021-04-26 11:03:48,660 ERROR failed to report new info to target node : nacos2:8848, error : caused: nacos2;

2021-04-26 11:03:52,667 ERROR failed to report new info to target node : nacos2:8848, error : caused: nacos2;

2021-04-26 11:03:56,672 ERROR failed to report new info to target node : nacos2:8848, error : caused: nacos2;

2021-04-26 11:04:00,678 ERROR failed to report new info to target node : nacos2:8848, error : caused: nacos2;

2021-04-26 11:04:04,682 ERROR failed to report new info to target node : nacos2:8848, error : caused: nacos2;

2021-04-26 11:04:08,685 ERROR failed to report new info to target node : nacos2:8848, error : caused: nacos2;

2021-04-26 11:04:12,668 ERROR failed to report new info to target node : nacos2:8848, error : caused: nacos2;

2021-04-26 11:04:16,673 ERROR failed to report new info to target node : nacos2:8848, error : caused: nacos2;

2021-04-26 11:04:20,679 ERROR failed to report new info to target node : nacos2:8848, error : caused: nacos2;

2021-04-26 11:04:24,684 ERROR failed to report new info to target node : nacos2:8848, error : caused: Connection refused;

2021-04-26 11:04:28,687 ERROR failed to report new info to target node : nacos2:8848, error : caused: Connection refused;

2021-04-26 11:04:32,689 ERROR failed to report new info to target node : nacos2:8848, error : caused: Connection refused;

2021-04-26 11:04:36,691 ERROR failed to report new info to target node : nacos2:8848, error : caused: Connection refused;

2021-04-26 11:04:40,672 ERROR failed to report new info to target node : nacos2:8848, error : caused: Connection refused;

