2021-04-26 10:11:00,402 INFO [DISTRO-INIT] waiting distro data storage register...

2021-04-26 10:11:01,415 INFO [DISTRO-INIT] waiting distro data storage register...

2021-04-26 10:11:02,420 INFO [DISTRO-INIT] waiting distro data storage register...

2021-04-26 10:11:03,422 INFO [DISTRO-INIT] waiting distro data storage register...

2021-04-26 10:11:04,425 INFO [DISTRO-INIT] waiting distro data storage register...

2021-04-26 10:11:05,429 INFO [DISTRO-INIT] waiting distro data storage register...

2021-04-26 10:11:06,436 INFO [DISTRO-INIT] waiting distro data storage register...

2021-04-26 10:11:07,445 INFO [DISTRO-INIT] waiting distro data storage register...

2021-04-26 10:11:08,452 INFO [DISTRO-INIT] waiting distro data storage register...

2021-04-26 10:11:09,454 INFO [DISTRO-INIT] load snapshot com.alibaba.nacos.naming.iplist. from nacos2:8848

2021-04-26 10:11:09,470 ERROR [DISTRO-INIT] load snapshot com.alibaba.nacos.naming.iplist. from nacos2:8848 failed.

com.alibaba.nacos.core.distributed.distro.exception.DistroException: [DISTRO-EXCEPTION]Get snapshot from nacos2:8848 failed.
	at com.alibaba.nacos.naming.consistency.ephemeral.distro.component.DistroHttpAgent.getDatumSnapshot(DistroHttpAgent.java:101)
	at com.alibaba.nacos.core.distributed.distro.task.load.DistroLoadDataTask.loadAllDataSnapshotFromRemote(DistroLoadDataTask.java:103)
	at com.alibaba.nacos.core.distributed.distro.task.load.DistroLoadDataTask.load(DistroLoadDataTask.java:87)
	at com.alibaba.nacos.core.distributed.distro.task.load.DistroLoadDataTask.run(DistroLoadDataTask.java:63)
	at java.util.concurrent.Executors$RunnableAdapter.call(Executors.java:511)
	at java.util.concurrent.FutureTask.run(FutureTask.java:266)
	at java.util.concurrent.ScheduledThreadPoolExecutor$ScheduledFutureTask.access$201(ScheduledThreadPoolExecutor.java:180)
	at java.util.concurrent.ScheduledThreadPoolExecutor$ScheduledFutureTask.run(ScheduledThreadPoolExecutor.java:293)
	at java.util.concurrent.ThreadPoolExecutor.runWorker(ThreadPoolExecutor.java:1149)
	at java.util.concurrent.ThreadPoolExecutor$Worker.run(ThreadPoolExecutor.java:624)
	at java.lang.Thread.run(Thread.java:748)
Caused by: java.io.IOException: failed to req API: http://nacos2:8848/nacos/v1/ns/distro/datums. code: 500 msg: org.apache.http.conn.HttpHostConnectException: Connect to nacos2:8848 [nacos2/172.29.0.4] failed: Connection refused (Connection refused)
	at com.alibaba.nacos.naming.misc.NamingProxy.getAllData(NamingProxy.java:150)
	at com.alibaba.nacos.naming.consistency.ephemeral.distro.component.DistroHttpAgent.getDatumSnapshot(DistroHttpAgent.java:98)
	... 10 common frames omitted
2021-04-26 10:11:09,472 INFO [DISTRO-INIT] load snapshot com.alibaba.nacos.naming.iplist. from nacos3:8848

2021-04-26 10:11:09,488 ERROR [DISTRO-INIT] load snapshot com.alibaba.nacos.naming.iplist. from nacos3:8848 failed.

com.alibaba.nacos.core.distributed.distro.exception.DistroException: [DISTRO-EXCEPTION]Get snapshot from nacos3:8848 failed.
	at com.alibaba.nacos.naming.consistency.ephemeral.distro.component.DistroHttpAgent.getDatumSnapshot(DistroHttpAgent.java:101)
	at com.alibaba.nacos.core.distributed.distro.task.load.DistroLoadDataTask.loadAllDataSnapshotFromRemote(DistroLoadDataTask.java:103)
	at com.alibaba.nacos.core.distributed.distro.task.load.DistroLoadDataTask.load(DistroLoadDataTask.java:87)
	at com.alibaba.nacos.core.distributed.distro.task.load.DistroLoadDataTask.run(DistroLoadDataTask.java:63)
	at java.util.concurrent.Executors$RunnableAdapter.call(Executors.java:511)
	at java.util.concurrent.FutureTask.run(FutureTask.java:266)
	at java.util.concurrent.ScheduledThreadPoolExecutor$ScheduledFutureTask.access$201(ScheduledThreadPoolExecutor.java:180)
	at java.util.concurrent.ScheduledThreadPoolExecutor$ScheduledFutureTask.run(ScheduledThreadPoolExecutor.java:293)
	at java.util.concurrent.ThreadPoolExecutor.runWorker(ThreadPoolExecutor.java:1149)
	at java.util.concurrent.ThreadPoolExecutor$Worker.run(ThreadPoolExecutor.java:624)
	at java.lang.Thread.run(Thread.java:748)
Caused by: java.io.IOException: failed to req API: http://nacos3:8848/nacos/v1/ns/distro/datums. code: 500 msg: org.apache.http.conn.HttpHostConnectException: Connect to nacos3:8848 [nacos3/172.29.0.2] failed: Connection refused (Connection refused)
	at com.alibaba.nacos.naming.misc.NamingProxy.getAllData(NamingProxy.java:150)
	at com.alibaba.nacos.naming.consistency.ephemeral.distro.component.DistroHttpAgent.getDatumSnapshot(DistroHttpAgent.java:98)
	... 10 common frames omitted
2021-04-26 10:11:09,497 INFO [DISTRO-INIT] load snapshot Nacos:Naming:v2:ClientData from nacos2:8848

2021-04-26 10:11:09,500 ERROR [DISTRO-INIT] load snapshot Nacos:Naming:v2:ClientData from nacos2:8848 failed.

com.alibaba.nacos.core.distributed.distro.exception.DistroException: [DISTRO-EXCEPTION][DISTRO-FAILED] Get distro snapshot failed! 
	at com.alibaba.nacos.naming.consistency.ephemeral.distro.v2.DistroClientTransportAgent.getDatumSnapshot(DistroClientTransportAgent.java:182)
	at com.alibaba.nacos.core.distributed.distro.task.load.DistroLoadDataTask.loadAllDataSnapshotFromRemote(DistroLoadDataTask.java:103)
	at com.alibaba.nacos.core.distributed.distro.task.load.DistroLoadDataTask.load(DistroLoadDataTask.java:87)
	at com.alibaba.nacos.core.distributed.distro.task.load.DistroLoadDataTask.run(DistroLoadDataTask.java:63)
	at java.util.concurrent.Executors$RunnableAdapter.call(Executors.java:511)
	at java.util.concurrent.FutureTask.run(FutureTask.java:266)
	at java.util.concurrent.ScheduledThreadPoolExecutor$ScheduledFutureTask.access$201(ScheduledThreadPoolExecutor.java:180)
	at java.util.concurrent.ScheduledThreadPoolExecutor$ScheduledFutureTask.run(ScheduledThreadPoolExecutor.java:293)
	at java.util.concurrent.ThreadPoolExecutor.runWorker(ThreadPoolExecutor.java:1149)
	at java.util.concurrent.ThreadPoolExecutor$Worker.run(ThreadPoolExecutor.java:624)
	at java.lang.Thread.run(Thread.java:748)
Caused by: com.alibaba.nacos.api.exception.NacosException: No rpc client related to member: Member{ip='nacos2', port=8848, state=UP, extendInfo={raftPort=7848}}
	at com.alibaba.nacos.core.cluster.remote.ClusterRpcClientProxy.sendRequest(ClusterRpcClientProxy.java:176)
	at com.alibaba.nacos.core.cluster.remote.ClusterRpcClientProxy.sendRequest(ClusterRpcClientProxy.java:159)
	at com.alibaba.nacos.naming.consistency.ephemeral.distro.v2.DistroClientTransportAgent.getDatumSnapshot(DistroClientTransportAgent.java:173)
	... 10 common frames omitted
2021-04-26 10:11:09,519 INFO [DISTRO-INIT] load snapshot Nacos:Naming:v2:ClientData from nacos3:8848

2021-04-26 10:11:09,520 ERROR [DISTRO-INIT] load snapshot Nacos:Naming:v2:ClientData from nacos3:8848 failed.

com.alibaba.nacos.core.distributed.distro.exception.DistroException: [DISTRO-EXCEPTION][DISTRO-FAILED] Get distro snapshot failed! 
	at com.alibaba.nacos.naming.consistency.ephemeral.distro.v2.DistroClientTransportAgent.getDatumSnapshot(DistroClientTransportAgent.java:182)
	at com.alibaba.nacos.core.distributed.distro.task.load.DistroLoadDataTask.loadAllDataSnapshotFromRemote(DistroLoadDataTask.java:103)
	at com.alibaba.nacos.core.distributed.distro.task.load.DistroLoadDataTask.load(DistroLoadDataTask.java:87)
	at com.alibaba.nacos.core.distributed.distro.task.load.DistroLoadDataTask.run(DistroLoadDataTask.java:63)
	at java.util.concurrent.Executors$RunnableAdapter.call(Executors.java:511)
	at java.util.concurrent.FutureTask.run(FutureTask.java:266)
	at java.util.concurrent.ScheduledThreadPoolExecutor$ScheduledFutureTask.access$201(ScheduledThreadPoolExecutor.java:180)
	at java.util.concurrent.ScheduledThreadPoolExecutor$ScheduledFutureTask.run(ScheduledThreadPoolExecutor.java:293)
	at java.util.concurrent.ThreadPoolExecutor.runWorker(ThreadPoolExecutor.java:1149)
	at java.util.concurrent.ThreadPoolExecutor$Worker.run(ThreadPoolExecutor.java:624)
	at java.lang.Thread.run(Thread.java:748)
Caused by: com.alibaba.nacos.api.exception.NacosException: No rpc client related to member: Member{ip='nacos3', port=8848, state=UP, extendInfo={raftPort=7848}}
	at com.alibaba.nacos.core.cluster.remote.ClusterRpcClientProxy.sendRequest(ClusterRpcClientProxy.java:176)
	at com.alibaba.nacos.core.cluster.remote.ClusterRpcClientProxy.sendRequest(ClusterRpcClientProxy.java:159)
	at com.alibaba.nacos.naming.consistency.ephemeral.distro.v2.DistroClientTransportAgent.getDatumSnapshot(DistroClientTransportAgent.java:173)
	... 10 common frames omitted
2021-04-26 10:11:10,331 WARN data storage DistroDataStorageImpl has not finished initial step, do not send verify data

2021-04-26 10:11:10,347 WARN data storage DistroClientDataProcessor has not finished initial step, do not send verify data

2021-04-26 10:11:15,332 WARN data storage DistroDataStorageImpl has not finished initial step, do not send verify data

2021-04-26 10:11:15,334 WARN data storage DistroClientDataProcessor has not finished initial step, do not send verify data

2021-04-26 10:11:20,336 WARN data storage DistroDataStorageImpl has not finished initial step, do not send verify data

2021-04-26 10:11:20,339 WARN data storage DistroClientDataProcessor has not finished initial step, do not send verify data

2021-04-26 10:11:25,343 WARN data storage DistroDataStorageImpl has not finished initial step, do not send verify data

2021-04-26 10:11:25,345 WARN data storage DistroClientDataProcessor has not finished initial step, do not send verify data

2021-04-26 10:11:30,346 WARN data storage DistroDataStorageImpl has not finished initial step, do not send verify data

2021-04-26 10:11:30,347 WARN data storage DistroClientDataProcessor has not finished initial step, do not send verify data

2021-04-26 10:11:35,348 WARN data storage DistroDataStorageImpl has not finished initial step, do not send verify data

2021-04-26 10:11:35,351 WARN data storage DistroClientDataProcessor has not finished initial step, do not send verify data

2021-04-26 10:11:40,353 WARN data storage DistroDataStorageImpl has not finished initial step, do not send verify data

2021-04-26 10:11:40,355 WARN data storage DistroClientDataProcessor has not finished initial step, do not send verify data

2021-04-26 10:11:45,336 WARN data storage DistroDataStorageImpl has not finished initial step, do not send verify data

2021-04-26 10:11:45,338 WARN data storage DistroClientDataProcessor has not finished initial step, do not send verify data

2021-04-26 10:11:50,340 WARN data storage DistroDataStorageImpl has not finished initial step, do not send verify data

2021-04-26 10:11:50,342 WARN data storage DistroClientDataProcessor has not finished initial step, do not send verify data

2021-04-26 10:11:55,343 WARN data storage DistroDataStorageImpl has not finished initial step, do not send verify data

2021-04-26 10:11:55,346 WARN data storage DistroClientDataProcessor has not finished initial step, do not send verify data

2021-04-26 10:12:00,347 WARN data storage DistroDataStorageImpl has not finished initial step, do not send verify data

2021-04-26 10:12:00,349 WARN data storage DistroClientDataProcessor has not finished initial step, do not send verify data

2021-04-26 10:12:05,351 WARN data storage DistroDataStorageImpl has not finished initial step, do not send verify data

2021-04-26 10:12:05,353 WARN data storage DistroClientDataProcessor has not finished initial step, do not send verify data

2021-04-26 10:12:09,486 INFO [DISTRO-INIT] load snapshot com.alibaba.nacos.naming.iplist. from nacos2:8848

2021-04-26 10:12:09,512 INFO [DISTRO-INIT] load snapshot com.alibaba.nacos.naming.iplist. from nacos2:8848 result: true

2021-04-26 10:12:09,514 INFO [DISTRO-INIT] load snapshot Nacos:Naming:v2:ClientData from nacos2:8848

2021-04-26 10:12:09,536 INFO [DISTRO-INIT] load snapshot Nacos:Naming:v2:ClientData from nacos2:8848 result: true

2021-04-26 10:12:09,537 INFO [DISTRO-INIT] load snapshot data success

2021-04-26 10:25:16,568 INFO [DISTRO-INIT] waiting server list init...

2021-04-26 10:25:17,591 INFO [DISTRO-INIT] waiting server list init...

2021-04-26 10:25:18,593 INFO [DISTRO-INIT] waiting server list init...

2021-04-26 10:25:19,597 INFO [DISTRO-INIT] waiting server list init...

2021-04-26 10:25:19,650 ERROR [DISTRO-INIT] load snapshot data failed. 

java.lang.InterruptedException: sleep interrupted
	at java.lang.Thread.sleep(Native Method)
	at java.lang.Thread.sleep(Thread.java:340)
	at java.util.concurrent.TimeUnit.sleep(TimeUnit.java:386)
	at com.alibaba.nacos.core.distributed.distro.task.load.DistroLoadDataTask.load(DistroLoadDataTask.java:79)
	at com.alibaba.nacos.core.distributed.distro.task.load.DistroLoadDataTask.run(DistroLoadDataTask.java:63)
	at java.util.concurrent.Executors$RunnableAdapter.call(Executors.java:511)
	at java.util.concurrent.FutureTask.run(FutureTask.java:266)
	at java.util.concurrent.ScheduledThreadPoolExecutor$ScheduledFutureTask.access$201(ScheduledThreadPoolExecutor.java:180)
	at java.util.concurrent.ScheduledThreadPoolExecutor$ScheduledFutureTask.run(ScheduledThreadPoolExecutor.java:293)
	at java.util.concurrent.ThreadPoolExecutor.runWorker(ThreadPoolExecutor.java:1149)
	at java.util.concurrent.ThreadPoolExecutor$Worker.run(ThreadPoolExecutor.java:624)
	at java.lang.Thread.run(Thread.java:748)
2021-04-26 10:28:39,171 INFO [DISTRO-INIT] waiting distro data storage register...

2021-04-26 10:28:40,181 INFO [DISTRO-INIT] waiting distro data storage register...

2021-04-26 10:28:41,199 INFO [DISTRO-INIT] waiting distro data storage register...

2021-04-26 10:28:42,181 INFO [DISTRO-INIT] waiting distro data storage register...

2021-04-26 10:28:42,499 ERROR [DISTRO-INIT] load snapshot data failed. 

java.lang.InterruptedException: sleep interrupted
	at java.lang.Thread.sleep(Native Method)
	at java.lang.Thread.sleep(Thread.java:340)
	at java.util.concurrent.TimeUnit.sleep(TimeUnit.java:386)
	at com.alibaba.nacos.core.distributed.distro.task.load.DistroLoadDataTask.load(DistroLoadDataTask.java:83)
	at com.alibaba.nacos.core.distributed.distro.task.load.DistroLoadDataTask.run(DistroLoadDataTask.java:63)
	at java.util.concurrent.Executors$RunnableAdapter.call(Executors.java:511)
	at java.util.concurrent.FutureTask.run(FutureTask.java:266)
	at java.util.concurrent.ScheduledThreadPoolExecutor$ScheduledFutureTask.access$201(ScheduledThreadPoolExecutor.java:180)
	at java.util.concurrent.ScheduledThreadPoolExecutor$ScheduledFutureTask.run(ScheduledThreadPoolExecutor.java:293)
	at java.util.concurrent.ThreadPoolExecutor.runWorker(ThreadPoolExecutor.java:1149)
	at java.util.concurrent.ThreadPoolExecutor$Worker.run(ThreadPoolExecutor.java:624)
	at java.lang.Thread.run(Thread.java:748)
2021-04-26 11:00:14,563 INFO [DISTRO-INIT] waiting distro data storage register...

2021-04-26 11:00:15,567 INFO [DISTRO-INIT] waiting distro data storage register...

2021-04-26 11:00:16,570 INFO [DISTRO-INIT] waiting distro data storage register...

2021-04-26 11:00:17,574 INFO [DISTRO-INIT] waiting distro data storage register...

2021-04-26 11:00:18,601 INFO [DISTRO-INIT] waiting distro data storage register...

2021-04-26 11:00:19,625 INFO [DISTRO-INIT] waiting distro data storage register...

2021-04-26 11:00:20,636 INFO [DISTRO-INIT] waiting distro data storage register...

2021-04-26 11:00:21,638 INFO [DISTRO-INIT] waiting distro data storage register...

2021-04-26 11:00:22,641 INFO [DISTRO-INIT] load snapshot com.alibaba.nacos.naming.iplist. from nacos2:8848

2021-04-26 11:00:22,645 ERROR [DISTRO-INIT] load snapshot com.alibaba.nacos.naming.iplist. from nacos2:8848 failed.

com.alibaba.nacos.core.distributed.distro.exception.DistroException: [DISTRO-EXCEPTION]Get snapshot from nacos2:8848 failed.
	at com.alibaba.nacos.naming.consistency.ephemeral.distro.component.DistroHttpAgent.getDatumSnapshot(DistroHttpAgent.java:101)
	at com.alibaba.nacos.core.distributed.distro.task.load.DistroLoadDataTask.loadAllDataSnapshotFromRemote(DistroLoadDataTask.java:103)
	at com.alibaba.nacos.core.distributed.distro.task.load.DistroLoadDataTask.load(DistroLoadDataTask.java:87)
	at com.alibaba.nacos.core.distributed.distro.task.load.DistroLoadDataTask.run(DistroLoadDataTask.java:63)
	at java.util.concurrent.Executors$RunnableAdapter.call(Executors.java:511)
	at java.util.concurrent.FutureTask.run(FutureTask.java:266)
	at java.util.concurrent.ScheduledThreadPoolExecutor$ScheduledFutureTask.access$201(ScheduledThreadPoolExecutor.java:180)
	at java.util.concurrent.ScheduledThreadPoolExecutor$ScheduledFutureTask.run(ScheduledThreadPoolExecutor.java:293)
	at java.util.concurrent.ThreadPoolExecutor.runWorker(ThreadPoolExecutor.java:1149)
	at java.util.concurrent.ThreadPoolExecutor$Worker.run(ThreadPoolExecutor.java:624)
	at java.lang.Thread.run(Thread.java:748)
Caused by: java.io.IOException: failed to req API: http://nacos2:8848/nacos/v1/ns/distro/datums. code: 500 msg: org.apache.http.conn.HttpHostConnectException: Connect to nacos2:8848 [nacos2/192.168.16.3] failed: Connection refused (Connection refused)
	at com.alibaba.nacos.naming.misc.NamingProxy.getAllData(NamingProxy.java:150)
	at com.alibaba.nacos.naming.consistency.ephemeral.distro.component.DistroHttpAgent.getDatumSnapshot(DistroHttpAgent.java:98)
	... 10 common frames omitted
2021-04-26 11:00:22,646 INFO [DISTRO-INIT] load snapshot com.alibaba.nacos.naming.iplist. from nacos3:8848

2021-04-26 11:00:22,648 ERROR [DISTRO-INIT] load snapshot com.alibaba.nacos.naming.iplist. from nacos3:8848 failed.

com.alibaba.nacos.core.distributed.distro.exception.DistroException: [DISTRO-EXCEPTION]Get snapshot from nacos3:8848 failed.
	at com.alibaba.nacos.naming.consistency.ephemeral.distro.component.DistroHttpAgent.getDatumSnapshot(DistroHttpAgent.java:101)
	at com.alibaba.nacos.core.distributed.distro.task.load.DistroLoadDataTask.loadAllDataSnapshotFromRemote(DistroLoadDataTask.java:103)
	at com.alibaba.nacos.core.distributed.distro.task.load.DistroLoadDataTask.load(DistroLoadDataTask.java:87)
	at com.alibaba.nacos.core.distributed.distro.task.load.DistroLoadDataTask.run(DistroLoadDataTask.java:63)
	at java.util.concurrent.Executors$RunnableAdapter.call(Executors.java:511)
	at java.util.concurrent.FutureTask.run(FutureTask.java:266)
	at java.util.concurrent.ScheduledThreadPoolExecutor$ScheduledFutureTask.access$201(ScheduledThreadPoolExecutor.java:180)
	at java.util.concurrent.ScheduledThreadPoolExecutor$ScheduledFutureTask.run(ScheduledThreadPoolExecutor.java:293)
	at java.util.concurrent.ThreadPoolExecutor.runWorker(ThreadPoolExecutor.java:1149)
	at java.util.concurrent.ThreadPoolExecutor$Worker.run(ThreadPoolExecutor.java:624)
	at java.lang.Thread.run(Thread.java:748)
Caused by: java.io.IOException: failed to req API: http://nacos3:8848/nacos/v1/ns/distro/datums. code: 500 msg: org.apache.http.conn.HttpHostConnectException: Connect to nacos3:8848 [nacos3/192.168.16.2] failed: Connection refused (Connection refused)
	at com.alibaba.nacos.naming.misc.NamingProxy.getAllData(NamingProxy.java:150)
	at com.alibaba.nacos.naming.consistency.ephemeral.distro.component.DistroHttpAgent.getDatumSnapshot(DistroHttpAgent.java:98)
	... 10 common frames omitted
2021-04-26 11:00:22,652 INFO [DISTRO-INIT] load snapshot Nacos:Naming:v2:ClientData from nacos2:8848

2021-04-26 11:00:22,662 ERROR [DISTRO-INIT] load snapshot Nacos:Naming:v2:ClientData from nacos2:8848 failed.

com.alibaba.nacos.core.distributed.distro.exception.DistroException: [DISTRO-EXCEPTION][DISTRO-FAILED] Get distro snapshot failed! 
	at com.alibaba.nacos.naming.consistency.ephemeral.distro.v2.DistroClientTransportAgent.getDatumSnapshot(DistroClientTransportAgent.java:182)
	at com.alibaba.nacos.core.distributed.distro.task.load.DistroLoadDataTask.loadAllDataSnapshotFromRemote(DistroLoadDataTask.java:103)
	at com.alibaba.nacos.core.distributed.distro.task.load.DistroLoadDataTask.load(DistroLoadDataTask.java:87)
	at com.alibaba.nacos.core.distributed.distro.task.load.DistroLoadDataTask.run(DistroLoadDataTask.java:63)
	at java.util.concurrent.Executors$RunnableAdapter.call(Executors.java:511)
	at java.util.concurrent.FutureTask.run(FutureTask.java:266)
	at java.util.concurrent.ScheduledThreadPoolExecutor$ScheduledFutureTask.access$201(ScheduledThreadPoolExecutor.java:180)
	at java.util.concurrent.ScheduledThreadPoolExecutor$ScheduledFutureTask.run(ScheduledThreadPoolExecutor.java:293)
	at java.util.concurrent.ThreadPoolExecutor.runWorker(ThreadPoolExecutor.java:1149)
	at java.util.concurrent.ThreadPoolExecutor$Worker.run(ThreadPoolExecutor.java:624)
	at java.lang.Thread.run(Thread.java:748)
Caused by: com.alibaba.nacos.api.exception.NacosException: No rpc client related to member: Member{ip='nacos2', port=8848, state=UP, extendInfo={raftPort=7848}}
	at com.alibaba.nacos.core.cluster.remote.ClusterRpcClientProxy.sendRequest(ClusterRpcClientProxy.java:176)
	at com.alibaba.nacos.core.cluster.remote.ClusterRpcClientProxy.sendRequest(ClusterRpcClientProxy.java:159)
	at com.alibaba.nacos.naming.consistency.ephemeral.distro.v2.DistroClientTransportAgent.getDatumSnapshot(DistroClientTransportAgent.java:173)
	... 10 common frames omitted
2021-04-26 11:00:22,663 INFO [DISTRO-INIT] load snapshot Nacos:Naming:v2:ClientData from nacos3:8848

2021-04-26 11:00:22,663 ERROR [DISTRO-INIT] load snapshot Nacos:Naming:v2:ClientData from nacos3:8848 failed.

com.alibaba.nacos.core.distributed.distro.exception.DistroException: [DISTRO-EXCEPTION][DISTRO-FAILED] Get distro snapshot failed! 
	at com.alibaba.nacos.naming.consistency.ephemeral.distro.v2.DistroClientTransportAgent.getDatumSnapshot(DistroClientTransportAgent.java:182)
	at com.alibaba.nacos.core.distributed.distro.task.load.DistroLoadDataTask.loadAllDataSnapshotFromRemote(DistroLoadDataTask.java:103)
	at com.alibaba.nacos.core.distributed.distro.task.load.DistroLoadDataTask.load(DistroLoadDataTask.java:87)
	at com.alibaba.nacos.core.distributed.distro.task.load.DistroLoadDataTask.run(DistroLoadDataTask.java:63)
	at java.util.concurrent.Executors$RunnableAdapter.call(Executors.java:511)
	at java.util.concurrent.FutureTask.run(FutureTask.java:266)
	at java.util.concurrent.ScheduledThreadPoolExecutor$ScheduledFutureTask.access$201(ScheduledThreadPoolExecutor.java:180)
	at java.util.concurrent.ScheduledThreadPoolExecutor$ScheduledFutureTask.run(ScheduledThreadPoolExecutor.java:293)
	at java.util.concurrent.ThreadPoolExecutor.runWorker(ThreadPoolExecutor.java:1149)
	at java.util.concurrent.ThreadPoolExecutor$Worker.run(ThreadPoolExecutor.java:624)
	at java.lang.Thread.run(Thread.java:748)
Caused by: com.alibaba.nacos.api.exception.NacosException: No rpc client related to member: Member{ip='nacos3', port=8848, state=UP, extendInfo={raftPort=7848}}
	at com.alibaba.nacos.core.cluster.remote.ClusterRpcClientProxy.sendRequest(ClusterRpcClientProxy.java:176)
	at com.alibaba.nacos.core.cluster.remote.ClusterRpcClientProxy.sendRequest(ClusterRpcClientProxy.java:159)
	at com.alibaba.nacos.naming.consistency.ephemeral.distro.v2.DistroClientTransportAgent.getDatumSnapshot(DistroClientTransportAgent.java:173)
	... 10 common frames omitted
2021-04-26 11:00:24,565 WARN data storage DistroDataStorageImpl has not finished initial step, do not send verify data

2021-04-26 11:00:24,567 WARN data storage DistroClientDataProcessor has not finished initial step, do not send verify data

2021-04-26 11:00:29,568 WARN data storage DistroDataStorageImpl has not finished initial step, do not send verify data

2021-04-26 11:00:29,581 WARN data storage DistroClientDataProcessor has not finished initial step, do not send verify data

2021-04-26 11:00:34,591 WARN data storage DistroDataStorageImpl has not finished initial step, do not send verify data

2021-04-26 11:00:34,594 WARN data storage DistroClientDataProcessor has not finished initial step, do not send verify data

2021-04-26 11:00:39,596 WARN data storage DistroDataStorageImpl has not finished initial step, do not send verify data

2021-04-26 11:00:39,598 WARN data storage DistroClientDataProcessor has not finished initial step, do not send verify data

2021-04-26 11:00:44,579 WARN data storage DistroDataStorageImpl has not finished initial step, do not send verify data

2021-04-26 11:00:44,581 WARN data storage DistroClientDataProcessor has not finished initial step, do not send verify data

2021-04-26 11:00:49,583 WARN data storage DistroDataStorageImpl has not finished initial step, do not send verify data

2021-04-26 11:00:49,585 WARN data storage DistroClientDataProcessor has not finished initial step, do not send verify data

2021-04-26 11:00:54,587 WARN data storage DistroDataStorageImpl has not finished initial step, do not send verify data

2021-04-26 11:00:54,589 WARN data storage DistroClientDataProcessor has not finished initial step, do not send verify data

2021-04-26 11:00:59,591 WARN data storage DistroDataStorageImpl has not finished initial step, do not send verify data

2021-04-26 11:00:59,594 WARN data storage DistroClientDataProcessor has not finished initial step, do not send verify data

2021-04-26 11:01:04,595 WARN data storage DistroDataStorageImpl has not finished initial step, do not send verify data

2021-04-26 11:01:04,596 WARN data storage DistroClientDataProcessor has not finished initial step, do not send verify data

2021-04-26 11:01:09,598 WARN data storage DistroDataStorageImpl has not finished initial step, do not send verify data

2021-04-26 11:01:09,600 WARN data storage DistroClientDataProcessor has not finished initial step, do not send verify data

2021-04-26 11:01:14,581 WARN data storage DistroDataStorageImpl has not finished initial step, do not send verify data

2021-04-26 11:01:14,583 WARN data storage DistroClientDataProcessor has not finished initial step, do not send verify data

2021-04-26 11:01:19,584 WARN data storage DistroDataStorageImpl has not finished initial step, do not send verify data

2021-04-26 11:01:19,586 WARN data storage DistroClientDataProcessor has not finished initial step, do not send verify data

2021-04-26 11:01:22,623 INFO [DISTRO-INIT] load snapshot com.alibaba.nacos.naming.iplist. from nacos2:8848

2021-04-26 11:01:22,654 INFO [DISTRO-INIT] load snapshot com.alibaba.nacos.naming.iplist. from nacos2:8848 result: true

2021-04-26 11:01:22,655 INFO [DISTRO-INIT] load snapshot Nacos:Naming:v2:ClientData from nacos2:8848

2021-04-26 11:01:22,675 INFO [DISTRO-INIT] load snapshot Nacos:Naming:v2:ClientData from nacos2:8848 result: true

2021-04-26 11:01:22,681 INFO [DISTRO-INIT] load snapshot data success

