2021-04-26 10:11:05,697 INFO Register tps control,pointName=CONFIG_PUSH_COUNT, point=com.alibaba.nacos.core.remote.control.TpsMonitorPoint@de77232 

2021-04-26 10:11:05,768 INFO Load rule from local,pointName=CONFIG_PUSH_COUNT, ruleContent= 

2021-04-26 10:11:05,786 INFO Apply tps control rule parse start,pointName=[CONFIG_PUSH_COUNT]  

2021-04-26 10:11:05,789 INFO Clear point  control rule ,pointName=[CONFIG_PUSH_COUNT]  

2021-04-26 10:11:05,789 INFO Clear point  control rule for monitorKeys, pointName=[CONFIG_PUSH_COUNT]  

2021-04-26 10:11:05,791 INFO Register tps control,pointName=CONFIG_PUSH_SUCCESS, point=com.alibaba.nacos.core.remote.control.TpsMonitorPoint@62628e78 

2021-04-26 10:11:05,796 INFO Load rule from local,pointName=CONFIG_PUSH_SUCCESS, ruleContent= 

2021-04-26 10:11:05,797 INFO Apply tps control rule parse start,pointName=[CONFIG_PUSH_SUCCESS]  

2021-04-26 10:11:05,798 INFO Clear point  control rule ,pointName=[CONFIG_PUSH_SUCCESS]  

2021-04-26 10:11:05,799 INFO Clear point  control rule for monitorKeys, pointName=[CONFIG_PUSH_SUCCESS]  

2021-04-26 10:11:05,800 INFO Register tps control,pointName=CONFIG_PUSH_FAIL, point=com.alibaba.nacos.core.remote.control.TpsMonitorPoint@44841b43 

2021-04-26 10:11:05,803 INFO Load rule from local,pointName=CONFIG_PUSH_FAIL, ruleContent= 

2021-04-26 10:11:05,804 INFO Apply tps control rule parse start,pointName=[CONFIG_PUSH_FAIL]  

2021-04-26 10:11:05,805 INFO Clear point  control rule ,pointName=[CONFIG_PUSH_FAIL]  

2021-04-26 10:11:05,805 INFO Clear point  control rule for monitorKeys, pointName=[CONFIG_PUSH_FAIL]  

2021-04-26 10:11:17,869 INFO Register tps control,pointName=ConfigQuery, point=com.alibaba.nacos.core.remote.control.TpsMonitorPoint@15b82644 

2021-04-26 10:11:17,875 INFO Load rule from local,pointName=ConfigQuery, ruleContent= 

2021-04-26 10:11:17,876 INFO Apply tps control rule parse start,pointName=[ConfigQuery]  

2021-04-26 10:11:17,876 INFO Clear point  control rule ,pointName=[ConfigQuery]  

2021-04-26 10:11:17,877 INFO Clear point  control rule for monitorKeys, pointName=[ConfigQuery]  

2021-04-26 10:11:17,878 INFO Register tps control,pointName=ClusterConfigChangeNotify, point=com.alibaba.nacos.core.remote.control.TpsMonitorPoint@20576557 

2021-04-26 10:11:17,882 INFO Load rule from local,pointName=ClusterConfigChangeNotify, ruleContent= 

2021-04-26 10:11:17,883 INFO Apply tps control rule parse start,pointName=[ClusterConfigChangeNotify]  

2021-04-26 10:11:17,883 INFO Clear point  control rule ,pointName=[ClusterConfigChangeNotify]  

2021-04-26 10:11:17,884 INFO Clear point  control rule for monitorKeys, pointName=[ClusterConfigChangeNotify]  

2021-04-26 10:11:17,885 INFO Register tps control,pointName=ConfigListen, point=com.alibaba.nacos.core.remote.control.TpsMonitorPoint@574cd322 

2021-04-26 10:11:17,889 INFO Load rule from local,pointName=ConfigListen, ruleContent= 

2021-04-26 10:11:17,890 INFO Apply tps control rule parse start,pointName=[ConfigListen]  

2021-04-26 10:11:17,890 INFO Clear point  control rule ,pointName=[ConfigListen]  

2021-04-26 10:11:17,891 INFO Clear point  control rule for monitorKeys, pointName=[ConfigListen]  

2021-04-26 10:11:17,891 INFO Register tps control,pointName=ConfigRemove, point=com.alibaba.nacos.core.remote.control.TpsMonitorPoint@45c2e0a6 

2021-04-26 10:11:17,895 INFO Load rule from local,pointName=ConfigRemove, ruleContent= 

2021-04-26 10:11:17,895 INFO Apply tps control rule parse start,pointName=[ConfigRemove]  

2021-04-26 10:11:17,896 INFO Clear point  control rule ,pointName=[ConfigRemove]  

2021-04-26 10:11:17,897 INFO Clear point  control rule for monitorKeys, pointName=[ConfigRemove]  

2021-04-26 10:11:17,897 INFO Register tps control,pointName=ConfigPublish, point=com.alibaba.nacos.core.remote.control.TpsMonitorPoint@119c745c 

2021-04-26 10:11:17,901 INFO Load rule from local,pointName=ConfigPublish, ruleContent= 

2021-04-26 10:11:17,902 INFO Apply tps control rule parse start,pointName=[ConfigPublish]  

2021-04-26 10:11:17,902 INFO Clear point  control rule ,pointName=[ConfigPublish]  

2021-04-26 10:11:17,903 INFO Clear point  control rule for monitorKeys, pointName=[ConfigPublish]  

2021-04-26 10:11:17,903 INFO Register tps control,pointName=HealthCheck, point=com.alibaba.nacos.core.remote.control.TpsMonitorPoint@a7ad6e5 

2021-04-26 10:11:17,907 INFO Load rule from local,pointName=HealthCheck, ruleContent= 

2021-04-26 10:11:17,907 INFO Apply tps control rule parse start,pointName=[HealthCheck]  

2021-04-26 10:11:17,908 INFO Clear point  control rule ,pointName=[HealthCheck]  

2021-04-26 10:11:17,908 INFO Clear point  control rule for monitorKeys, pointName=[HealthCheck]  

2021-04-26 10:25:17,644 INFO Register tps control,pointName=CONFIG_PUSH_COUNT, point=com.alibaba.nacos.core.remote.control.TpsMonitorPoint@234a8f27 

2021-04-26 10:25:17,648 INFO Load rule from local,pointName=CONFIG_PUSH_COUNT, ruleContent= 

2021-04-26 10:25:17,648 INFO Apply tps control rule parse start,pointName=[CONFIG_PUSH_COUNT]  

2021-04-26 10:25:17,649 INFO Clear point  control rule ,pointName=[CONFIG_PUSH_COUNT]  

2021-04-26 10:25:17,649 INFO Clear point  control rule for monitorKeys, pointName=[CONFIG_PUSH_COUNT]  

2021-04-26 10:25:17,650 INFO Register tps control,pointName=CONFIG_PUSH_SUCCESS, point=com.alibaba.nacos.core.remote.control.TpsMonitorPoint@5b4d25e7 

2021-04-26 10:25:17,652 INFO Load rule from local,pointName=CONFIG_PUSH_SUCCESS, ruleContent= 

2021-04-26 10:25:17,652 INFO Apply tps control rule parse start,pointName=[CONFIG_PUSH_SUCCESS]  

2021-04-26 10:25:17,653 INFO Clear point  control rule ,pointName=[CONFIG_PUSH_SUCCESS]  

2021-04-26 10:25:17,653 INFO Clear point  control rule for monitorKeys, pointName=[CONFIG_PUSH_SUCCESS]  

2021-04-26 10:25:17,653 INFO Register tps control,pointName=CONFIG_PUSH_FAIL, point=com.alibaba.nacos.core.remote.control.TpsMonitorPoint@31c2affc 

2021-04-26 10:25:17,655 INFO Load rule from local,pointName=CONFIG_PUSH_FAIL, ruleContent= 

2021-04-26 10:25:17,656 INFO Apply tps control rule parse start,pointName=[CONFIG_PUSH_FAIL]  

2021-04-26 10:25:17,656 INFO Clear point  control rule ,pointName=[CONFIG_PUSH_FAIL]  

2021-04-26 10:25:17,656 INFO Clear point  control rule for monitorKeys, pointName=[CONFIG_PUSH_FAIL]  

2021-04-26 10:28:40,429 INFO Register tps control,pointName=CONFIG_PUSH_COUNT, point=com.alibaba.nacos.core.remote.control.TpsMonitorPoint@6f7e336b 

2021-04-26 10:28:40,433 INFO Load rule from local,pointName=CONFIG_PUSH_COUNT, ruleContent= 

2021-04-26 10:28:40,434 INFO Apply tps control rule parse start,pointName=[CONFIG_PUSH_COUNT]  

2021-04-26 10:28:40,434 INFO Clear point  control rule ,pointName=[CONFIG_PUSH_COUNT]  

2021-04-26 10:28:40,435 INFO Clear point  control rule for monitorKeys, pointName=[CONFIG_PUSH_COUNT]  

2021-04-26 10:28:40,435 INFO Register tps control,pointName=CONFIG_PUSH_SUCCESS, point=com.alibaba.nacos.core.remote.control.TpsMonitorPoint@3a2b2322 

2021-04-26 10:28:40,438 INFO Load rule from local,pointName=CONFIG_PUSH_SUCCESS, ruleContent= 

2021-04-26 10:28:40,438 INFO Apply tps control rule parse start,pointName=[CONFIG_PUSH_SUCCESS]  

2021-04-26 10:28:40,439 INFO Clear point  control rule ,pointName=[CONFIG_PUSH_SUCCESS]  

2021-04-26 10:28:40,439 INFO Clear point  control rule for monitorKeys, pointName=[CONFIG_PUSH_SUCCESS]  

2021-04-26 10:28:40,439 INFO Register tps control,pointName=CONFIG_PUSH_FAIL, point=com.alibaba.nacos.core.remote.control.TpsMonitorPoint@5e1218b4 

2021-04-26 10:28:40,442 INFO Load rule from local,pointName=CONFIG_PUSH_FAIL, ruleContent= 

2021-04-26 10:28:40,443 INFO Apply tps control rule parse start,pointName=[CONFIG_PUSH_FAIL]  

2021-04-26 10:28:40,443 INFO Clear point  control rule ,pointName=[CONFIG_PUSH_FAIL]  

2021-04-26 10:28:40,444 INFO Clear point  control rule for monitorKeys, pointName=[CONFIG_PUSH_FAIL]  

2021-04-26 11:00:18,927 INFO Register tps control,pointName=CONFIG_PUSH_COUNT, point=com.alibaba.nacos.core.remote.control.TpsMonitorPoint@167279d1 

2021-04-26 11:00:19,011 INFO Load rule from local,pointName=CONFIG_PUSH_COUNT, ruleContent= 

2021-04-26 11:00:19,021 INFO Apply tps control rule parse start,pointName=[CONFIG_PUSH_COUNT]  

2021-04-26 11:00:19,021 INFO Clear point  control rule ,pointName=[CONFIG_PUSH_COUNT]  

2021-04-26 11:00:19,023 INFO Clear point  control rule for monitorKeys, pointName=[CONFIG_PUSH_COUNT]  

2021-04-26 11:00:19,023 INFO Register tps control,pointName=CONFIG_PUSH_SUCCESS, point=com.alibaba.nacos.core.remote.control.TpsMonitorPoint@138caeca 

2021-04-26 11:00:19,027 INFO Load rule from local,pointName=CONFIG_PUSH_SUCCESS, ruleContent= 

2021-04-26 11:00:19,028 INFO Apply tps control rule parse start,pointName=[CONFIG_PUSH_SUCCESS]  

2021-04-26 11:00:19,028 INFO Clear point  control rule ,pointName=[CONFIG_PUSH_SUCCESS]  

2021-04-26 11:00:19,029 INFO Clear point  control rule for monitorKeys, pointName=[CONFIG_PUSH_SUCCESS]  

2021-04-26 11:00:19,029 INFO Register tps control,pointName=CONFIG_PUSH_FAIL, point=com.alibaba.nacos.core.remote.control.TpsMonitorPoint@4d96250 

2021-04-26 11:00:19,033 INFO Load rule from local,pointName=CONFIG_PUSH_FAIL, ruleContent= 

2021-04-26 11:00:19,033 INFO Apply tps control rule parse start,pointName=[CONFIG_PUSH_FAIL]  

2021-04-26 11:00:19,033 INFO Clear point  control rule ,pointName=[CONFIG_PUSH_FAIL]  

2021-04-26 11:00:19,034 INFO Clear point  control rule for monitorKeys, pointName=[CONFIG_PUSH_FAIL]  

2021-04-26 11:00:29,265 INFO Register tps control,pointName=ConfigQuery, point=com.alibaba.nacos.core.remote.control.TpsMonitorPoint@468dda3e 

2021-04-26 11:00:29,280 INFO Load rule from local,pointName=ConfigQuery, ruleContent= 

2021-04-26 11:00:29,283 INFO Apply tps control rule parse start,pointName=[ConfigQuery]  

2021-04-26 11:00:29,285 INFO Clear point  control rule ,pointName=[ConfigQuery]  

2021-04-26 11:00:29,288 INFO Clear point  control rule for monitorKeys, pointName=[ConfigQuery]  

2021-04-26 11:00:29,290 INFO Register tps control,pointName=ClusterConfigChangeNotify, point=com.alibaba.nacos.core.remote.control.TpsMonitorPoint@5527b211 

2021-04-26 11:00:29,298 INFO Load rule from local,pointName=ClusterConfigChangeNotify, ruleContent= 

2021-04-26 11:00:29,299 INFO Apply tps control rule parse start,pointName=[ClusterConfigChangeNotify]  

2021-04-26 11:00:29,300 INFO Clear point  control rule ,pointName=[ClusterConfigChangeNotify]  

2021-04-26 11:00:29,301 INFO Clear point  control rule for monitorKeys, pointName=[ClusterConfigChangeNotify]  

2021-04-26 11:00:29,302 INFO Register tps control,pointName=ConfigListen, point=com.alibaba.nacos.core.remote.control.TpsMonitorPoint@54cf7c6a 

2021-04-26 11:00:29,311 INFO Load rule from local,pointName=ConfigListen, ruleContent= 

2021-04-26 11:00:29,313 INFO Apply tps control rule parse start,pointName=[ConfigListen]  

2021-04-26 11:00:29,314 INFO Clear point  control rule ,pointName=[ConfigListen]  

2021-04-26 11:00:29,315 INFO Clear point  control rule for monitorKeys, pointName=[ConfigListen]  

2021-04-26 11:00:29,316 INFO Register tps control,pointName=ConfigRemove, point=com.alibaba.nacos.core.remote.control.TpsMonitorPoint@78010562 

2021-04-26 11:00:29,324 INFO Load rule from local,pointName=ConfigRemove, ruleContent= 

2021-04-26 11:00:29,327 INFO Apply tps control rule parse start,pointName=[ConfigRemove]  

2021-04-26 11:00:29,328 INFO Clear point  control rule ,pointName=[ConfigRemove]  

2021-04-26 11:00:29,328 INFO Clear point  control rule for monitorKeys, pointName=[ConfigRemove]  

2021-04-26 11:00:29,330 INFO Register tps control,pointName=ConfigPublish, point=com.alibaba.nacos.core.remote.control.TpsMonitorPoint@50756c76 

2021-04-26 11:00:29,338 INFO Load rule from local,pointName=ConfigPublish, ruleContent= 

2021-04-26 11:00:29,338 INFO Apply tps control rule parse start,pointName=[ConfigPublish]  

2021-04-26 11:00:29,339 INFO Clear point  control rule ,pointName=[ConfigPublish]  

2021-04-26 11:00:29,340 INFO Clear point  control rule for monitorKeys, pointName=[ConfigPublish]  

2021-04-26 11:00:29,341 INFO Register tps control,pointName=HealthCheck, point=com.alibaba.nacos.core.remote.control.TpsMonitorPoint@38aafb53 

2021-04-26 11:00:29,355 INFO Load rule from local,pointName=HealthCheck, ruleContent= 

2021-04-26 11:00:29,357 INFO Apply tps control rule parse start,pointName=[HealthCheck]  

2021-04-26 11:00:29,358 INFO Clear point  control rule ,pointName=[HealthCheck]  

2021-04-26 11:00:29,359 INFO Clear point  control rule for monitorKeys, pointName=[HealthCheck]  

