2021-04-26 10:10:39,437 INFO notifyConnectTimeout:200

2021-04-26 10:10:39,473 INFO notifySocketTimeout:8000

2021-04-26 10:10:39,476 INFO isHealthCheck:true

2021-04-26 10:10:39,477 INFO maxHealthCheckFailCount:12

2021-04-26 10:10:39,487 INFO maxContent:10485760

2021-04-26 10:10:39,491 INFO spring.datasource.platform:""

2021-04-26 10:10:53,854 INFO use local db service for init

2021-04-26 10:10:55,558 WARN Lexical error at line 4, column 66.  Encountered: <EOF> after : "".

2021-04-26 10:10:55,565 WARN Syntax error: Encountered "*" at line 1, column 1.

2021-04-26 10:10:55,668 WARN Table/View 'CONFIG_INFO' already exists in Schema 'NACOS'.

2021-04-26 10:10:55,764 WARN Table/View 'HIS_CONFIG_INFO' already exists in Schema 'NACOS'.

2021-04-26 10:10:55,845 WARN Table/View 'CONFIG_INFO_BETA' already exists in Schema 'NACOS'.

2021-04-26 10:10:55,876 WARN Table/View 'CONFIG_INFO_TAG' already exists in Schema 'NACOS'.

2021-04-26 10:10:55,920 WARN Table/View 'CONFIG_INFO_AGGR' already exists in Schema 'NACOS'.

2021-04-26 10:10:55,960 WARN Table/View 'APP_LIST' already exists in Schema 'NACOS'.

2021-04-26 10:10:55,989 WARN Table/View 'APP_CONFIGDATA_RELATION_SUBS' already exists in Schema 'NACOS'.

2021-04-26 10:10:56,015 WARN Table/View 'APP_CONFIGDATA_RELATION_PUBS' already exists in Schema 'NACOS'.

2021-04-26 10:10:56,044 WARN Table/View 'CONFIG_TAGS_RELATION' already exists in Schema 'NACOS'.

2021-04-26 10:10:56,078 WARN Table/View 'GROUP_CAPACITY' already exists in Schema 'NACOS'.

2021-04-26 10:10:56,127 WARN Table/View 'TENANT_CAPACITY' already exists in Schema 'NACOS'.

2021-04-26 10:10:56,150 WARN Table/View 'TENANT_INFO' already exists in Schema 'NACOS'.

2021-04-26 10:10:56,195 WARN Table/View 'USERS' already exists in Schema 'NACOS'.

2021-04-26 10:10:56,228 WARN Table/View 'ROLES' already exists in Schema 'NACOS'.

2021-04-26 10:10:56,255 WARN Table/View 'PERMISSIONS' already exists in Schema 'NACOS'.

2021-04-26 10:10:56,356 WARN The statement was aborted because it would have caused a duplicate key value in a unique or primary key constraint or unique index identified by 'SQL210425162734780' defined on 'USERS'.

2021-04-26 10:10:56,385 WARN The statement was aborted because it would have caused a duplicate key value in a unique or primary key constraint or unique index identified by 'UK_USERNAME_ROLE' defined on 'ROLES'.

2021-04-26 10:10:56,386 WARN Lexical error at line 4, column 13.  Encountered: "`" (96), after : "".

2021-04-26 10:10:56,387 WARN Lexical error at line 1, column 13.  Encountered: "`" (96), after : "".

2021-04-26 10:10:56,388 WARN Lexical error at line 1, column 13.  Encountered: "`" (96), after : "".

2021-04-26 10:10:56,389 WARN Lexical error at line 1, column 13.  Encountered: "`" (96), after : "".

2021-04-26 10:10:56,389 WARN use local db service for reopenDerby

2021-04-26 10:10:57,676 WARN Lexical error at line 4, column 66.  Encountered: <EOF> after : "".

2021-04-26 10:10:57,679 WARN Syntax error: Encountered "*" at line 1, column 1.

2021-04-26 10:10:58,458 WARN Lexical error at line 4, column 13.  Encountered: "`" (96), after : "".

2021-04-26 10:10:58,459 WARN Lexical error at line 1, column 13.  Encountered: "`" (96), after : "".

2021-04-26 10:10:58,459 WARN Lexical error at line 1, column 13.  Encountered: "`" (96), after : "".

2021-04-26 10:10:58,460 WARN Lexical error at line 1, column 13.  Encountered: "`" (96), after : "".

2021-04-26 10:10:58,896 INFO use DistributedTransactionServicesImpl

2021-04-26 10:11:04,687 WARN DumpService start

2021-04-26 10:11:04,697 INFO start clear all config-info.

2021-04-26 10:11:04,700 WARN clear all config-info failed.

2021-04-26 10:11:04,702 WARN clear all config-info-tenant failed.

2021-04-26 10:11:04,915 INFO start clear all config-info-beta.

2021-04-26 10:11:04,919 WARN clear all config-info-beta failed.

2021-04-26 10:11:04,921 WARN clear all config-info-beta-tenant failed.

2021-04-26 10:11:04,974 INFO start clear all config-info-tag.

2021-04-26 10:11:04,978 WARN clear all config-info-tag failed.

2021-04-26 10:11:04,979 WARN clear all config-info-tag-tenant failed.

2021-04-26 10:11:05,062 WARN initialDelay:222

2021-04-26 10:24:50,215 INFO notifyConnectTimeout:200

2021-04-26 10:24:50,241 INFO notifySocketTimeout:8000

2021-04-26 10:24:50,251 INFO isHealthCheck:true

2021-04-26 10:24:50,254 INFO maxHealthCheckFailCount:12

2021-04-26 10:24:50,273 INFO maxContent:10485760

2021-04-26 10:24:50,278 INFO spring.datasource.platform:""

2021-04-26 10:25:17,215 WARN DumpService start

2021-04-26 10:25:17,220 INFO start clear all config-info.

2021-04-26 10:25:17,222 WARN clear all config-info failed.

2021-04-26 10:25:17,224 WARN clear all config-info-tenant failed.

2021-04-26 10:28:14,178 INFO notifyConnectTimeout:200

2021-04-26 10:28:14,190 INFO notifySocketTimeout:8000

2021-04-26 10:28:14,191 INFO isHealthCheck:true

2021-04-26 10:28:14,192 INFO maxHealthCheckFailCount:12

2021-04-26 10:28:14,202 INFO maxContent:10485760

2021-04-26 10:28:14,207 INFO spring.datasource.platform:""

2021-04-26 10:28:38,948 WARN DumpService start

2021-04-26 10:28:38,966 INFO start clear all config-info.

2021-04-26 10:28:38,970 WARN clear all config-info failed.

2021-04-26 10:28:38,971 WARN clear all config-info-tenant failed.

2021-04-26 10:59:55,074 INFO notifyConnectTimeout:200

2021-04-26 10:59:55,083 INFO notifySocketTimeout:8000

2021-04-26 10:59:55,084 INFO isHealthCheck:true

2021-04-26 10:59:55,086 INFO maxHealthCheckFailCount:12

2021-04-26 10:59:55,088 INFO maxContent:10485760

2021-04-26 10:59:55,090 INFO spring.datasource.platform:""

2021-04-26 11:00:07,611 INFO use local db service for init

2021-04-26 11:00:09,243 WARN Lexical error at line 4, column 66.  Encountered: <EOF> after : "".

2021-04-26 11:00:09,247 WARN Syntax error: Encountered "*" at line 1, column 1.

2021-04-26 11:00:09,338 WARN Table/View 'CONFIG_INFO' already exists in Schema 'NACOS'.

2021-04-26 11:00:09,422 WARN Table/View 'HIS_CONFIG_INFO' already exists in Schema 'NACOS'.

2021-04-26 11:00:09,462 WARN Table/View 'CONFIG_INFO_BETA' already exists in Schema 'NACOS'.

2021-04-26 11:00:09,489 WARN Table/View 'CONFIG_INFO_TAG' already exists in Schema 'NACOS'.

2021-04-26 11:00:09,511 WARN Table/View 'CONFIG_INFO_AGGR' already exists in Schema 'NACOS'.

2021-04-26 11:00:09,531 WARN Table/View 'APP_LIST' already exists in Schema 'NACOS'.

2021-04-26 11:00:09,548 WARN Table/View 'APP_CONFIGDATA_RELATION_SUBS' already exists in Schema 'NACOS'.

2021-04-26 11:00:09,564 WARN Table/View 'APP_CONFIGDATA_RELATION_PUBS' already exists in Schema 'NACOS'.

2021-04-26 11:00:09,585 WARN Table/View 'CONFIG_TAGS_RELATION' already exists in Schema 'NACOS'.

2021-04-26 11:00:09,611 WARN Table/View 'GROUP_CAPACITY' already exists in Schema 'NACOS'.

2021-04-26 11:00:09,631 WARN Table/View 'TENANT_CAPACITY' already exists in Schema 'NACOS'.

2021-04-26 11:00:09,648 WARN Table/View 'TENANT_INFO' already exists in Schema 'NACOS'.

2021-04-26 11:00:09,668 WARN Table/View 'USERS' already exists in Schema 'NACOS'.

2021-04-26 11:00:09,687 WARN Table/View 'ROLES' already exists in Schema 'NACOS'.

2021-04-26 11:00:09,707 WARN Table/View 'PERMISSIONS' already exists in Schema 'NACOS'.

2021-04-26 11:00:09,783 WARN The statement was aborted because it would have caused a duplicate key value in a unique or primary key constraint or unique index identified by 'SQL210426101058360' defined on 'USERS'.

2021-04-26 11:00:09,803 WARN The statement was aborted because it would have caused a duplicate key value in a unique or primary key constraint or unique index identified by 'UK_USERNAME_ROLE' defined on 'ROLES'.

2021-04-26 11:00:09,804 WARN Lexical error at line 4, column 13.  Encountered: "`" (96), after : "".

2021-04-26 11:00:09,805 WARN Lexical error at line 1, column 13.  Encountered: "`" (96), after : "".

2021-04-26 11:00:09,805 WARN Lexical error at line 1, column 13.  Encountered: "`" (96), after : "".

2021-04-26 11:00:09,806 WARN Lexical error at line 1, column 13.  Encountered: "`" (96), after : "".

2021-04-26 11:00:09,806 WARN use local db service for reopenDerby

2021-04-26 11:00:10,717 WARN Lexical error at line 4, column 66.  Encountered: <EOF> after : "".

2021-04-26 11:00:10,720 WARN Syntax error: Encountered "*" at line 1, column 1.

2021-04-26 11:00:11,315 WARN Lexical error at line 4, column 13.  Encountered: "`" (96), after : "".

2021-04-26 11:00:11,316 WARN Lexical error at line 1, column 13.  Encountered: "`" (96), after : "".

2021-04-26 11:00:11,317 WARN Lexical error at line 1, column 13.  Encountered: "`" (96), after : "".

2021-04-26 11:00:11,318 WARN Lexical error at line 1, column 13.  Encountered: "`" (96), after : "".

2021-04-26 11:00:11,806 INFO use DistributedTransactionServicesImpl

2021-04-26 11:00:17,770 WARN DumpService start

2021-04-26 11:00:17,779 INFO start clear all config-info.

2021-04-26 11:00:17,787 WARN clear all config-info failed.

2021-04-26 11:00:17,788 WARN clear all config-info-tenant failed.

2021-04-26 11:00:17,989 INFO start clear all config-info-beta.

2021-04-26 11:00:17,995 WARN clear all config-info-beta failed.

2021-04-26 11:00:17,999 WARN clear all config-info-beta-tenant failed.

2021-04-26 11:00:18,069 INFO start clear all config-info-tag.

2021-04-26 11:00:18,103 WARN clear all config-info-tag failed.

2021-04-26 11:00:18,104 WARN clear all config-info-tag-tenant failed.

2021-04-26 11:00:18,264 WARN initialDelay:309

2021-04-26 11:04:26,675 INFO notifyConnectTimeout:200

2021-04-26 11:04:26,681 INFO notifySocketTimeout:8000

2021-04-26 11:04:26,682 INFO isHealthCheck:true

2021-04-26 11:04:26,682 INFO maxHealthCheckFailCount:12

2021-04-26 11:04:26,683 INFO maxContent:10485760

2021-04-26 11:04:26,684 INFO spring.datasource.platform:""

2021-04-26 11:04:33,616 INFO use local db service for init

2021-04-26 11:04:34,564 WARN Lexical error at line 4, column 66.  Encountered: <EOF> after : "".

2021-04-26 11:04:34,572 WARN Syntax error: Encountered "*" at line 1, column 1.

2021-04-26 11:04:34,640 WARN Table/View 'CONFIG_INFO' already exists in Schema 'NACOS'.

2021-04-26 11:04:34,702 WARN Table/View 'HIS_CONFIG_INFO' already exists in Schema 'NACOS'.

2021-04-26 11:04:34,730 WARN Table/View 'CONFIG_INFO_BETA' already exists in Schema 'NACOS'.

2021-04-26 11:04:34,746 WARN Table/View 'CONFIG_INFO_TAG' already exists in Schema 'NACOS'.

2021-04-26 11:04:34,760 WARN Table/View 'CONFIG_INFO_AGGR' already exists in Schema 'NACOS'.

2021-04-26 11:04:34,776 WARN Table/View 'APP_LIST' already exists in Schema 'NACOS'.

2021-04-26 11:04:34,791 WARN Table/View 'APP_CONFIGDATA_RELATION_SUBS' already exists in Schema 'NACOS'.

2021-04-26 11:04:34,806 WARN Table/View 'APP_CONFIGDATA_RELATION_PUBS' already exists in Schema 'NACOS'.

2021-04-26 11:04:34,821 WARN Table/View 'CONFIG_TAGS_RELATION' already exists in Schema 'NACOS'.

2021-04-26 11:04:34,839 WARN Table/View 'GROUP_CAPACITY' already exists in Schema 'NACOS'.

2021-04-26 11:04:34,854 WARN Table/View 'TENANT_CAPACITY' already exists in Schema 'NACOS'.

2021-04-26 11:04:34,867 WARN Table/View 'TENANT_INFO' already exists in Schema 'NACOS'.

2021-04-26 11:04:34,891 WARN Table/View 'USERS' already exists in Schema 'NACOS'.

2021-04-26 11:04:34,904 WARN Table/View 'ROLES' already exists in Schema 'NACOS'.

2021-04-26 11:04:34,916 WARN Table/View 'PERMISSIONS' already exists in Schema 'NACOS'.

2021-04-26 11:04:34,991 WARN The statement was aborted because it would have caused a duplicate key value in a unique or primary key constraint or unique index identified by 'SQL210426110011240' defined on 'USERS'.

2021-04-26 11:04:35,002 WARN The statement was aborted because it would have caused a duplicate key value in a unique or primary key constraint or unique index identified by 'UK_USERNAME_ROLE' defined on 'ROLES'.

2021-04-26 11:04:35,003 WARN Lexical error at line 4, column 13.  Encountered: "`" (96), after : "".

2021-04-26 11:04:35,004 WARN Lexical error at line 1, column 13.  Encountered: "`" (96), after : "".

2021-04-26 11:04:35,004 WARN Lexical error at line 1, column 13.  Encountered: "`" (96), after : "".

2021-04-26 11:04:35,005 WARN Lexical error at line 1, column 13.  Encountered: "`" (96), after : "".

2021-04-26 11:04:35,006 WARN use local db service for reopenDerby

2021-04-26 11:04:35,740 WARN Lexical error at line 4, column 66.  Encountered: <EOF> after : "".

2021-04-26 11:04:35,741 WARN Syntax error: Encountered "*" at line 1, column 1.

2021-04-26 11:04:36,167 WARN Lexical error at line 4, column 13.  Encountered: "`" (96), after : "".

2021-04-26 11:04:36,168 WARN Lexical error at line 1, column 13.  Encountered: "`" (96), after : "".

2021-04-26 11:04:36,168 WARN Lexical error at line 1, column 13.  Encountered: "`" (96), after : "".

2021-04-26 11:04:36,169 WARN Lexical error at line 1, column 13.  Encountered: "`" (96), after : "".

2021-04-26 11:04:36,505 INFO use DistributedTransactionServicesImpl

2021-04-26 11:04:38,097 WARN DumpService start

2021-04-26 11:04:38,102 INFO start clear all config-info.

2021-04-26 11:04:38,154 INFO clear all config-info success.

2021-04-26 11:04:38,154 WARN clear all config-info-tenant failed.

2021-04-26 11:04:38,370 INFO [all-dump] 360613669224062976 / 360613669224062976

2021-04-26 11:04:38,370 INFO start clear all config-info-beta.

2021-04-26 11:04:38,372 WARN clear all config-info-beta failed.

2021-04-26 11:04:38,373 WARN clear all config-info-beta-tenant failed.

2021-04-26 11:04:38,403 INFO start clear all config-info-tag.

2021-04-26 11:04:38,405 WARN clear all config-info-tag failed.

2021-04-26 11:04:38,406 WARN clear all config-info-tag-tenant failed.

2021-04-26 11:04:38,451 WARN initialDelay:231

