2021-04-26 10:10:52,481 INFO Initializes the Raft protocol, raft-config info : {}

2021-04-26 10:10:53,142 INFO ========= The raft protocol is starting... =========

2021-04-26 10:10:53,851 INFO ========= The raft protocol start finished... =========

2021-04-26 10:10:58,482 INFO create raft group : nacos_config

2021-04-26 10:10:59,710 INFO create raft group : naming_persistent_service

2021-04-26 10:11:03,921 ERROR Fail to refresh leader for group : nacos_config, status is : Status[UNKNOWN<-1>: Unknown leader, Unknown leader, Unknown leader]

2021-04-26 10:11:03,957 ERROR Fail to refresh route configuration for group : nacos_config, status is : Status[UNKNOWN<-1>: Fail to get leader of group nacos_config]

2021-04-26 10:11:04,676 INFO This Raft event changes : RaftEvent{groupId='nacos_config', leader='nacos2:7848', term=3, raftClusterInfo=[nacos3:7848, nacos1:7848, nacos2:7848]}

2021-04-26 10:11:05,213 ERROR Fail to refresh leader for group : naming_persistent_service, status is : Status[UNKNOWN<-1>: Unknown leader, Unknown leader, Unknown leader]

2021-04-26 10:11:05,700 ERROR Fail to refresh route configuration for group : naming_persistent_service, status is : Status[UNKNOWN<-1>: Fail to get leader of group naming_persistent_service]

2021-04-26 10:11:05,786 INFO This Raft event changes : RaftEvent{groupId='naming_persistent_service', leader='nacos2:7848', term=3, raftClusterInfo=[nacos3:7848, nacos1:7848, nacos2:7848]}

2021-04-26 10:11:06,555 INFO create raft group : naming_persistent_service_v2

2021-04-26 10:11:07,003 INFO create raft group : naming_instance_metadata

2021-04-26 10:11:07,543 INFO create raft group : naming_service_metadata

2021-04-26 10:11:12,179 ERROR Fail to refresh leader for group : naming_persistent_service_v2, status is : Status[UNKNOWN<-1>: Unknown leader, Unknown leader, Unknown leader]

2021-04-26 10:11:12,216 ERROR Fail to refresh route configuration for group : naming_persistent_service_v2, status is : Status[UNKNOWN<-1>: Fail to get leader of group naming_persistent_service_v2]

2021-04-26 10:11:12,627 ERROR Fail to refresh leader for group : naming_instance_metadata, status is : Status[UNKNOWN<-1>: Unknown leader, Unknown leader, Unknown leader]

2021-04-26 10:11:12,674 ERROR Fail to refresh route configuration for group : naming_instance_metadata, status is : Status[UNKNOWN<-1>: Fail to get leader of group naming_instance_metadata]

2021-04-26 10:11:12,695 INFO This Raft event changes : RaftEvent{groupId='naming_persistent_service_v2', leader='nacos2:7848', term=2, raftClusterInfo=[nacos3:7848, nacos1:7848, nacos2:7848]}

2021-04-26 10:11:12,876 ERROR Fail to refresh leader for group : naming_service_metadata, status is : Status[UNKNOWN<-1>: Unknown leader, Unknown leader, Unknown leader]

2021-04-26 10:11:12,917 ERROR Fail to refresh route configuration for group : naming_service_metadata, status is : Status[UNKNOWN<-1>: Fail to get leader of group naming_service_metadata]

2021-04-26 10:11:13,838 INFO This Raft event changes : RaftEvent{groupId='naming_service_metadata', leader='nacos2:7848', term=2, raftClusterInfo=[nacos3:7848, nacos1:7848, nacos2:7848]}

2021-04-26 10:11:14,048 INFO This Raft event changes : RaftEvent{groupId='naming_instance_metadata', leader='nacos2:7848', term=2, raftClusterInfo=[nacos3:7848, nacos1:7848, nacos2:7848]}

2021-04-26 10:25:13,812 INFO Initializes the Raft protocol, raft-config info : {}

2021-04-26 10:25:14,313 INFO ========= The raft protocol is starting... =========

2021-04-26 10:25:14,977 INFO ========= The raft protocol start finished... =========

2021-04-26 10:25:15,013 INFO create raft group : naming_persistent_service

2021-04-26 10:25:17,243 INFO shutdown jraft server

2021-04-26 10:25:17,245 INFO ========= The raft protocol is starting to close =========

2021-04-26 10:25:17,359 INFO ========= The raft protocol has been closed =========

2021-04-26 10:28:36,351 INFO Initializes the Raft protocol, raft-config info : {}

2021-04-26 10:28:36,520 INFO ========= The raft protocol is starting... =========

2021-04-26 10:28:37,097 INFO ========= The raft protocol start finished... =========

2021-04-26 10:28:37,120 INFO create raft group : naming_persistent_service

2021-04-26 10:28:38,977 INFO shutdown jraft server

2021-04-26 10:28:38,978 INFO ========= The raft protocol is starting to close =========

2021-04-26 10:28:39,128 INFO ========= The raft protocol has been closed =========

2021-04-26 11:00:06,662 INFO Initializes the Raft protocol, raft-config info : {}

2021-04-26 11:00:06,964 INFO ========= The raft protocol is starting... =========

2021-04-26 11:00:07,609 INFO ========= The raft protocol start finished... =========

2021-04-26 11:00:11,332 INFO create raft group : nacos_config

2021-04-26 11:00:12,472 INFO create raft group : naming_persistent_service

2021-04-26 11:00:16,828 ERROR Fail to refresh leader for group : nacos_config, status is : Status[UNKNOWN<-1>: Unknown leader, Unknown leader, Unknown leader]

2021-04-26 11:00:16,847 ERROR Fail to refresh route configuration for group : nacos_config, status is : Status[UNKNOWN<-1>: Fail to get leader of group nacos_config]

2021-04-26 11:00:17,734 INFO This Raft event changes : RaftEvent{groupId='nacos_config', leader='nacos2:7848', term=4, raftClusterInfo=[nacos3:7848, nacos1:7848, nacos2:7848]}

2021-04-26 11:00:17,787 ERROR Fail to refresh leader for group : naming_persistent_service, status is : Status[UNKNOWN<-1>: Unknown leader, Unknown leader, Unknown leader]

2021-04-26 11:00:17,830 ERROR Fail to refresh route configuration for group : naming_persistent_service, status is : Status[UNKNOWN<-1>: Fail to get leader of group naming_persistent_service]

2021-04-26 11:00:18,388 INFO This Raft event changes : RaftEvent{groupId='naming_persistent_service', leader='nacos2:7848', term=4, raftClusterInfo=[nacos3:7848, nacos1:7848, nacos2:7848]}

2021-04-26 11:00:19,757 INFO create raft group : naming_persistent_service_v2

2021-04-26 11:00:20,218 INFO create raft group : naming_instance_metadata

2021-04-26 11:00:20,656 INFO create raft group : naming_service_metadata

2021-04-26 11:00:25,344 ERROR Fail to refresh leader for group : naming_persistent_service_v2, status is : Status[UNKNOWN<-1>: Unknown leader, Unknown leader, Unknown leader]

2021-04-26 11:00:25,431 ERROR Fail to refresh route configuration for group : naming_persistent_service_v2, status is : Status[UNKNOWN<-1>: Fail to get leader of group naming_persistent_service_v2]

2021-04-26 11:00:25,634 ERROR Fail to refresh leader for group : naming_instance_metadata, status is : Status[UNKNOWN<-1>: Unknown leader, Unknown leader, Unknown leader]

2021-04-26 11:00:25,676 ERROR Fail to refresh route configuration for group : naming_instance_metadata, status is : Status[UNKNOWN<-1>: Fail to get leader of group naming_instance_metadata]

2021-04-26 11:00:26,737 ERROR Fail to refresh leader for group : naming_service_metadata, status is : Status[UNKNOWN<-1>: Unknown leader, Unknown leader, Unknown leader]

2021-04-26 11:00:26,862 INFO This Raft event changes : RaftEvent{groupId='naming_service_metadata', leader='nacos2:7848', term=3, raftClusterInfo=[nacos3:7848, nacos1:7848, nacos2:7848]}

2021-04-26 11:00:26,884 INFO This Raft event changes : RaftEvent{groupId='naming_instance_metadata', leader='nacos3:7848', term=3, raftClusterInfo=[nacos3:7848, nacos1:7848, nacos2:7848]}

2021-04-26 11:00:32,604 ERROR Fail to refresh leader for group : naming_persistent_service_v2, status is : Status[UNKNOWN<-1>: Unknown leader, Unknown leader, Unknown leader]

2021-04-26 11:00:32,616 ERROR Fail to refresh route configuration for group : naming_persistent_service_v2, status is : Status[UNKNOWN<-1>: Fail to get leader of group naming_persistent_service_v2]

2021-04-26 11:00:36,756 INFO This Raft event changes : RaftEvent{groupId='naming_persistent_service_v2', leader='nacos1:7848', term=4, raftClusterInfo=[nacos3:7848, nacos1:7848, nacos2:7848]}

2021-04-26 11:04:32,973 INFO Initializes the Raft protocol, raft-config info : {}

2021-04-26 11:04:33,208 INFO ========= The raft protocol is starting... =========

2021-04-26 11:04:33,615 INFO ========= The raft protocol start finished... =========

2021-04-26 11:04:36,179 INFO create raft group : nacos_config

2021-04-26 11:04:36,565 INFO This Raft event changes : RaftEvent{groupId='nacos_config', leader='nacos1:7848', term=5, raftClusterInfo=[nacos3:7848, nacos1:7848, nacos2:7848]}

2021-04-26 11:04:36,927 INFO create raft group : naming_persistent_service

2021-04-26 11:04:37,357 INFO This Raft event changes : RaftEvent{groupId='naming_persistent_service', leader='nacos1:7848', term=5, raftClusterInfo=[nacos3:7848, nacos1:7848, nacos2:7848]}

2021-04-26 11:04:39,113 INFO create raft group : naming_persistent_service_v2

2021-04-26 11:04:39,288 INFO create raft group : naming_instance_metadata

2021-04-26 11:04:39,421 INFO create raft group : naming_service_metadata

2021-04-26 11:04:39,537 INFO This Raft event changes : RaftEvent{groupId='naming_persistent_service_v2', leader='nacos1:7848', term=4, raftClusterInfo=[nacos3:7848, nacos1:7848, nacos2:7848]}

2021-04-26 11:04:39,543 INFO This Raft event changes : RaftEvent{groupId='naming_instance_metadata', leader='nacos3:7848', term=3, raftClusterInfo=[nacos3:7848, nacos1:7848, nacos2:7848]}

2021-04-26 11:04:39,650 INFO This Raft event changes : RaftEvent{groupId='naming_service_metadata', leader='nacos3:7848', term=4, raftClusterInfo=[nacos3:7848, nacos1:7848, nacos2:7848]}

