2021-04-26 10:11:00,290 INFO [DISTRO-INIT] waiting distro data storage register...

2021-04-26 10:11:01,312 INFO [DISTRO-INIT] waiting distro data storage register...

2021-04-26 10:11:02,315 INFO [DISTRO-INIT] waiting distro data storage register...

2021-04-26 10:11:03,317 INFO [DISTRO-INIT] waiting distro data storage register...

2021-04-26 10:11:04,321 INFO [DISTRO-INIT] waiting distro data storage register...

2021-04-26 10:11:05,323 INFO [DISTRO-INIT] waiting distro data storage register...

2021-04-26 10:11:06,326 INFO [DISTRO-INIT] waiting distro data storage register...

2021-04-26 10:11:07,336 INFO [DISTRO-INIT] waiting distro data storage register...

2021-04-26 10:11:08,381 INFO [DISTRO-INIT] load snapshot com.alibaba.nacos.naming.iplist. from nacos1:8848

2021-04-26 10:11:08,387 ERROR [DISTRO-INIT] load snapshot com.alibaba.nacos.naming.iplist. from nacos1:8848 failed.

com.alibaba.nacos.core.distributed.distro.exception.DistroException: [DISTRO-EXCEPTION]Get snapshot from nacos1:8848 failed.
	at com.alibaba.nacos.naming.consistency.ephemeral.distro.component.DistroHttpAgent.getDatumSnapshot(DistroHttpAgent.java:101)
	at com.alibaba.nacos.core.distributed.distro.task.load.DistroLoadDataTask.loadAllDataSnapshotFromRemote(DistroLoadDataTask.java:103)
	at com.alibaba.nacos.core.distributed.distro.task.load.DistroLoadDataTask.load(DistroLoadDataTask.java:87)
	at com.alibaba.nacos.core.distributed.distro.task.load.DistroLoadDataTask.run(DistroLoadDataTask.java:63)
	at java.util.concurrent.Executors$RunnableAdapter.call(Executors.java:511)
	at java.util.concurrent.FutureTask.run(FutureTask.java:266)
	at java.util.concurrent.ScheduledThreadPoolExecutor$ScheduledFutureTask.access$201(ScheduledThreadPoolExecutor.java:180)
	at java.util.concurrent.ScheduledThreadPoolExecutor$ScheduledFutureTask.run(ScheduledThreadPoolExecutor.java:293)
	at java.util.concurrent.ThreadPoolExecutor.runWorker(ThreadPoolExecutor.java:1149)
	at java.util.concurrent.ThreadPoolExecutor$Worker.run(ThreadPoolExecutor.java:624)
	at java.lang.Thread.run(Thread.java:748)
Caused by: java.io.IOException: failed to req API: http://nacos1:8848/nacos/v1/ns/distro/datums. code: 500 msg: org.apache.http.conn.HttpHostConnectException: Connect to nacos1:8848 [nacos1/172.29.0.3] failed: Connection refused (Connection refused)
	at com.alibaba.nacos.naming.misc.NamingProxy.getAllData(NamingProxy.java:150)
	at com.alibaba.nacos.naming.consistency.ephemeral.distro.component.DistroHttpAgent.getDatumSnapshot(DistroHttpAgent.java:98)
	... 10 common frames omitted
2021-04-26 10:11:08,392 INFO [DISTRO-INIT] load snapshot com.alibaba.nacos.naming.iplist. from nacos3:8848

2021-04-26 10:11:08,394 ERROR [DISTRO-INIT] load snapshot com.alibaba.nacos.naming.iplist. from nacos3:8848 failed.

com.alibaba.nacos.core.distributed.distro.exception.DistroException: [DISTRO-EXCEPTION]Get snapshot from nacos3:8848 failed.
	at com.alibaba.nacos.naming.consistency.ephemeral.distro.component.DistroHttpAgent.getDatumSnapshot(DistroHttpAgent.java:101)
	at com.alibaba.nacos.core.distributed.distro.task.load.DistroLoadDataTask.loadAllDataSnapshotFromRemote(DistroLoadDataTask.java:103)
	at com.alibaba.nacos.core.distributed.distro.task.load.DistroLoadDataTask.load(DistroLoadDataTask.java:87)
	at com.alibaba.nacos.core.distributed.distro.task.load.DistroLoadDataTask.run(DistroLoadDataTask.java:63)
	at java.util.concurrent.Executors$RunnableAdapter.call(Executors.java:511)
	at java.util.concurrent.FutureTask.run(FutureTask.java:266)
	at java.util.concurrent.ScheduledThreadPoolExecutor$ScheduledFutureTask.access$201(ScheduledThreadPoolExecutor.java:180)
	at java.util.concurrent.ScheduledThreadPoolExecutor$ScheduledFutureTask.run(ScheduledThreadPoolExecutor.java:293)
	at java.util.concurrent.ThreadPoolExecutor.runWorker(ThreadPoolExecutor.java:1149)
	at java.util.concurrent.ThreadPoolExecutor$Worker.run(ThreadPoolExecutor.java:624)
	at java.lang.Thread.run(Thread.java:748)
Caused by: java.io.IOException: failed to req API: http://nacos3:8848/nacos/v1/ns/distro/datums. code: 500 msg: org.apache.http.conn.HttpHostConnectException: Connect to nacos3:8848 [nacos3/172.29.0.2] failed: Connection refused (Connection refused)
	at com.alibaba.nacos.naming.misc.NamingProxy.getAllData(NamingProxy.java:150)
	at com.alibaba.nacos.naming.consistency.ephemeral.distro.component.DistroHttpAgent.getDatumSnapshot(DistroHttpAgent.java:98)
	... 10 common frames omitted
2021-04-26 10:11:10,302 WARN data storage DistroDataStorageImpl has not finished initial step, do not send verify data

2021-04-26 10:11:10,332 WARN data storage DistroClientDataProcessor has not finished initial step, do not send verify data

2021-04-26 10:11:15,312 WARN data storage DistroDataStorageImpl has not finished initial step, do not send verify data

2021-04-26 10:11:15,315 WARN data storage DistroClientDataProcessor has not finished initial step, do not send verify data

2021-04-26 10:11:20,317 WARN data storage DistroDataStorageImpl has not finished initial step, do not send verify data

2021-04-26 10:11:20,319 WARN data storage DistroClientDataProcessor has not finished initial step, do not send verify data

2021-04-26 10:11:25,320 WARN data storage DistroDataStorageImpl has not finished initial step, do not send verify data

2021-04-26 10:11:25,323 WARN data storage DistroClientDataProcessor has not finished initial step, do not send verify data

2021-04-26 10:11:30,324 WARN data storage DistroDataStorageImpl has not finished initial step, do not send verify data

2021-04-26 10:11:30,326 WARN data storage DistroClientDataProcessor has not finished initial step, do not send verify data

2021-04-26 10:11:35,327 WARN data storage DistroDataStorageImpl has not finished initial step, do not send verify data

2021-04-26 10:11:35,329 WARN data storage DistroClientDataProcessor has not finished initial step, do not send verify data

2021-04-26 10:11:40,330 WARN data storage DistroDataStorageImpl has not finished initial step, do not send verify data

2021-04-26 10:11:40,331 WARN data storage DistroClientDataProcessor has not finished initial step, do not send verify data

2021-04-26 10:11:45,311 WARN data storage DistroDataStorageImpl has not finished initial step, do not send verify data

2021-04-26 10:11:45,314 WARN data storage DistroClientDataProcessor has not finished initial step, do not send verify data

2021-04-26 10:11:50,315 WARN data storage DistroDataStorageImpl has not finished initial step, do not send verify data

2021-04-26 10:11:50,318 WARN data storage DistroClientDataProcessor has not finished initial step, do not send verify data

2021-04-26 10:11:55,319 WARN data storage DistroDataStorageImpl has not finished initial step, do not send verify data

2021-04-26 10:11:55,321 WARN data storage DistroClientDataProcessor has not finished initial step, do not send verify data

2021-04-26 10:12:00,322 WARN data storage DistroDataStorageImpl has not finished initial step, do not send verify data

2021-04-26 10:12:00,324 WARN data storage DistroClientDataProcessor has not finished initial step, do not send verify data

2021-04-26 10:12:05,325 WARN data storage DistroDataStorageImpl has not finished initial step, do not send verify data

2021-04-26 10:12:05,327 WARN data storage DistroClientDataProcessor has not finished initial step, do not send verify data

2021-04-26 10:12:08,354 INFO [DISTRO-INIT] load snapshot com.alibaba.nacos.naming.iplist. from nacos1:8848

2021-04-26 10:12:08,411 INFO [DISTRO-INIT] load snapshot com.alibaba.nacos.naming.iplist. from nacos1:8848 result: true

2021-04-26 10:12:08,411 INFO [DISTRO-INIT] load snapshot Nacos:Naming:v2:ClientData from nacos1:8848

2021-04-26 10:12:08,455 INFO [DISTRO-INIT] load snapshot Nacos:Naming:v2:ClientData from nacos1:8848 result: true

2021-04-26 10:12:08,455 INFO [DISTRO-INIT] load snapshot data success

2021-04-26 10:25:15,805 INFO [DISTRO-INIT] waiting server list init...

2021-04-26 10:25:16,824 INFO [DISTRO-INIT] waiting server list init...

2021-04-26 10:25:17,826 INFO [DISTRO-INIT] waiting server list init...

2021-04-26 10:25:18,827 INFO [DISTRO-INIT] waiting server list init...

2021-04-26 10:25:19,334 ERROR [DISTRO-INIT] load snapshot data failed. 

java.lang.InterruptedException: sleep interrupted
	at java.lang.Thread.sleep(Native Method)
	at java.lang.Thread.sleep(Thread.java:340)
	at java.util.concurrent.TimeUnit.sleep(TimeUnit.java:386)
	at com.alibaba.nacos.core.distributed.distro.task.load.DistroLoadDataTask.load(DistroLoadDataTask.java:79)
	at com.alibaba.nacos.core.distributed.distro.task.load.DistroLoadDataTask.run(DistroLoadDataTask.java:63)
	at java.util.concurrent.Executors$RunnableAdapter.call(Executors.java:511)
	at java.util.concurrent.FutureTask.run(FutureTask.java:266)
	at java.util.concurrent.ScheduledThreadPoolExecutor$ScheduledFutureTask.access$201(ScheduledThreadPoolExecutor.java:180)
	at java.util.concurrent.ScheduledThreadPoolExecutor$ScheduledFutureTask.run(ScheduledThreadPoolExecutor.java:293)
	at java.util.concurrent.ThreadPoolExecutor.runWorker(ThreadPoolExecutor.java:1149)
	at java.util.concurrent.ThreadPoolExecutor$Worker.run(ThreadPoolExecutor.java:624)
	at java.lang.Thread.run(Thread.java:748)
2021-04-26 10:28:37,624 INFO [DISTRO-INIT] waiting distro data storage register...

2021-04-26 10:28:38,632 INFO [DISTRO-INIT] waiting distro data storage register...

2021-04-26 10:28:39,634 INFO [DISTRO-INIT] waiting distro data storage register...

2021-04-26 10:28:39,741 ERROR [DISTRO-INIT] load snapshot data failed. 

java.lang.InterruptedException: sleep interrupted
	at java.lang.Thread.sleep(Native Method)
	at java.lang.Thread.sleep(Thread.java:340)
	at java.util.concurrent.TimeUnit.sleep(TimeUnit.java:386)
	at com.alibaba.nacos.core.distributed.distro.task.load.DistroLoadDataTask.load(DistroLoadDataTask.java:83)
	at com.alibaba.nacos.core.distributed.distro.task.load.DistroLoadDataTask.run(DistroLoadDataTask.java:63)
	at java.util.concurrent.Executors$RunnableAdapter.call(Executors.java:511)
	at java.util.concurrent.FutureTask.run(FutureTask.java:266)
	at java.util.concurrent.ScheduledThreadPoolExecutor$ScheduledFutureTask.access$201(ScheduledThreadPoolExecutor.java:180)
	at java.util.concurrent.ScheduledThreadPoolExecutor$ScheduledFutureTask.run(ScheduledThreadPoolExecutor.java:293)
	at java.util.concurrent.ThreadPoolExecutor.runWorker(ThreadPoolExecutor.java:1149)
	at java.util.concurrent.ThreadPoolExecutor$Worker.run(ThreadPoolExecutor.java:624)
	at java.lang.Thread.run(Thread.java:748)
2021-04-26 11:00:12,843 INFO [DISTRO-INIT] waiting distro data storage register...

2021-04-26 11:00:13,846 INFO [DISTRO-INIT] waiting distro data storage register...

2021-04-26 11:00:14,847 INFO [DISTRO-INIT] waiting distro data storage register...

2021-04-26 11:00:15,849 INFO [DISTRO-INIT] waiting distro data storage register...

2021-04-26 11:00:16,855 INFO [DISTRO-INIT] waiting distro data storage register...

2021-04-26 11:00:17,869 INFO [DISTRO-INIT] waiting distro data storage register...

2021-04-26 11:00:18,872 INFO [DISTRO-INIT] waiting distro data storage register...

2021-04-26 11:00:19,874 INFO [DISTRO-INIT] waiting distro data storage register...

2021-04-26 11:00:20,878 INFO [DISTRO-INIT] waiting distro data storage register...

2021-04-26 11:00:21,883 INFO [DISTRO-INIT] load snapshot com.alibaba.nacos.naming.iplist. from nacos1:8848

2021-04-26 11:00:21,887 ERROR [DISTRO-INIT] load snapshot com.alibaba.nacos.naming.iplist. from nacos1:8848 failed.

com.alibaba.nacos.core.distributed.distro.exception.DistroException: [DISTRO-EXCEPTION]Get snapshot from nacos1:8848 failed.
	at com.alibaba.nacos.naming.consistency.ephemeral.distro.component.DistroHttpAgent.getDatumSnapshot(DistroHttpAgent.java:101)
	at com.alibaba.nacos.core.distributed.distro.task.load.DistroLoadDataTask.loadAllDataSnapshotFromRemote(DistroLoadDataTask.java:103)
	at com.alibaba.nacos.core.distributed.distro.task.load.DistroLoadDataTask.load(DistroLoadDataTask.java:87)
	at com.alibaba.nacos.core.distributed.distro.task.load.DistroLoadDataTask.run(DistroLoadDataTask.java:63)
	at java.util.concurrent.Executors$RunnableAdapter.call(Executors.java:511)
	at java.util.concurrent.FutureTask.run(FutureTask.java:266)
	at java.util.concurrent.ScheduledThreadPoolExecutor$ScheduledFutureTask.access$201(ScheduledThreadPoolExecutor.java:180)
	at java.util.concurrent.ScheduledThreadPoolExecutor$ScheduledFutureTask.run(ScheduledThreadPoolExecutor.java:293)
	at java.util.concurrent.ThreadPoolExecutor.runWorker(ThreadPoolExecutor.java:1149)
	at java.util.concurrent.ThreadPoolExecutor$Worker.run(ThreadPoolExecutor.java:624)
	at java.lang.Thread.run(Thread.java:748)
Caused by: java.io.IOException: failed to req API: http://nacos1:8848/nacos/v1/ns/distro/datums. code: 500 msg: org.apache.http.conn.HttpHostConnectException: Connect to nacos1:8848 [nacos1/192.168.16.4] failed: Connection refused (Connection refused)
	at com.alibaba.nacos.naming.misc.NamingProxy.getAllData(NamingProxy.java:150)
	at com.alibaba.nacos.naming.consistency.ephemeral.distro.component.DistroHttpAgent.getDatumSnapshot(DistroHttpAgent.java:98)
	... 10 common frames omitted
2021-04-26 11:00:21,888 INFO [DISTRO-INIT] load snapshot com.alibaba.nacos.naming.iplist. from nacos3:8848

2021-04-26 11:00:21,890 ERROR [DISTRO-INIT] load snapshot com.alibaba.nacos.naming.iplist. from nacos3:8848 failed.

com.alibaba.nacos.core.distributed.distro.exception.DistroException: [DISTRO-EXCEPTION]Get snapshot from nacos3:8848 failed.
	at com.alibaba.nacos.naming.consistency.ephemeral.distro.component.DistroHttpAgent.getDatumSnapshot(DistroHttpAgent.java:101)
	at com.alibaba.nacos.core.distributed.distro.task.load.DistroLoadDataTask.loadAllDataSnapshotFromRemote(DistroLoadDataTask.java:103)
	at com.alibaba.nacos.core.distributed.distro.task.load.DistroLoadDataTask.load(DistroLoadDataTask.java:87)
	at com.alibaba.nacos.core.distributed.distro.task.load.DistroLoadDataTask.run(DistroLoadDataTask.java:63)
	at java.util.concurrent.Executors$RunnableAdapter.call(Executors.java:511)
	at java.util.concurrent.FutureTask.run(FutureTask.java:266)
	at java.util.concurrent.ScheduledThreadPoolExecutor$ScheduledFutureTask.access$201(ScheduledThreadPoolExecutor.java:180)
	at java.util.concurrent.ScheduledThreadPoolExecutor$ScheduledFutureTask.run(ScheduledThreadPoolExecutor.java:293)
	at java.util.concurrent.ThreadPoolExecutor.runWorker(ThreadPoolExecutor.java:1149)
	at java.util.concurrent.ThreadPoolExecutor$Worker.run(ThreadPoolExecutor.java:624)
	at java.lang.Thread.run(Thread.java:748)
Caused by: java.io.IOException: failed to req API: http://nacos3:8848/nacos/v1/ns/distro/datums. code: 500 msg: org.apache.http.conn.HttpHostConnectException: Connect to nacos3:8848 [nacos3/192.168.16.2] failed: Connection refused (Connection refused)
	at com.alibaba.nacos.naming.misc.NamingProxy.getAllData(NamingProxy.java:150)
	at com.alibaba.nacos.naming.consistency.ephemeral.distro.component.DistroHttpAgent.getDatumSnapshot(DistroHttpAgent.java:98)
	... 10 common frames omitted
2021-04-26 11:00:22,832 WARN data storage DistroDataStorageImpl has not finished initial step, do not send verify data

2021-04-26 11:00:22,834 WARN data storage DistroClientDataProcessor has not finished initial step, do not send verify data

2021-04-26 11:00:27,836 WARN data storage DistroDataStorageImpl has not finished initial step, do not send verify data

2021-04-26 11:00:27,839 WARN data storage DistroClientDataProcessor has not finished initial step, do not send verify data

2021-04-26 11:00:32,840 WARN data storage DistroDataStorageImpl has not finished initial step, do not send verify data

2021-04-26 11:00:32,842 WARN data storage DistroClientDataProcessor has not finished initial step, do not send verify data

2021-04-26 11:00:37,843 WARN data storage DistroDataStorageImpl has not finished initial step, do not send verify data

2021-04-26 11:00:37,846 WARN data storage DistroClientDataProcessor has not finished initial step, do not send verify data

2021-04-26 11:00:42,826 WARN data storage DistroDataStorageImpl has not finished initial step, do not send verify data

2021-04-26 11:00:42,829 WARN data storage DistroClientDataProcessor has not finished initial step, do not send verify data

2021-04-26 11:00:47,831 WARN data storage DistroDataStorageImpl has not finished initial step, do not send verify data

2021-04-26 11:00:47,833 WARN data storage DistroClientDataProcessor has not finished initial step, do not send verify data

2021-04-26 11:00:52,833 WARN data storage DistroDataStorageImpl has not finished initial step, do not send verify data

2021-04-26 11:00:52,836 WARN data storage DistroClientDataProcessor has not finished initial step, do not send verify data

2021-04-26 11:00:57,837 WARN data storage DistroDataStorageImpl has not finished initial step, do not send verify data

2021-04-26 11:00:57,839 WARN data storage DistroClientDataProcessor has not finished initial step, do not send verify data

2021-04-26 11:01:02,840 WARN data storage DistroDataStorageImpl has not finished initial step, do not send verify data

2021-04-26 11:01:02,842 WARN data storage DistroClientDataProcessor has not finished initial step, do not send verify data

2021-04-26 11:01:07,843 WARN data storage DistroDataStorageImpl has not finished initial step, do not send verify data

2021-04-26 11:01:07,845 WARN data storage DistroClientDataProcessor has not finished initial step, do not send verify data

2021-04-26 11:01:12,825 WARN data storage DistroDataStorageImpl has not finished initial step, do not send verify data

2021-04-26 11:01:12,827 WARN data storage DistroClientDataProcessor has not finished initial step, do not send verify data

2021-04-26 11:01:17,828 WARN data storage DistroDataStorageImpl has not finished initial step, do not send verify data

2021-04-26 11:01:17,831 WARN data storage DistroClientDataProcessor has not finished initial step, do not send verify data

2021-04-26 11:01:21,850 INFO [DISTRO-INIT] load snapshot com.alibaba.nacos.naming.iplist. from nacos1:8848

2021-04-26 11:01:21,865 INFO [DISTRO-INIT] load snapshot com.alibaba.nacos.naming.iplist. from nacos1:8848 result: true

2021-04-26 11:01:21,866 INFO [DISTRO-INIT] load snapshot Nacos:Naming:v2:ClientData from nacos1:8848

2021-04-26 11:01:21,907 INFO [DISTRO-INIT] load snapshot Nacos:Naming:v2:ClientData from nacos1:8848 result: true

2021-04-26 11:01:21,907 INFO [DISTRO-INIT] load snapshot data success

2021-04-26 11:04:37,402 INFO [DISTRO-INIT] waiting distro data storage register...

2021-04-26 11:04:38,422 INFO [DISTRO-INIT] waiting distro data storage register...

2021-04-26 11:04:39,424 INFO [DISTRO-INIT] waiting distro data storage register...

2021-04-26 11:04:40,404 INFO [DISTRO-INIT] load snapshot com.alibaba.nacos.naming.iplist. from nacos1:8848

2021-04-26 11:04:40,419 INFO [DISTRO-INIT] load snapshot com.alibaba.nacos.naming.iplist. from nacos1:8848 result: true

2021-04-26 11:04:40,420 INFO [DISTRO-INIT] load snapshot Nacos:Naming:v2:ClientData from nacos1:8848

2021-04-26 11:04:40,442 ERROR [DISTRO-INIT] load snapshot Nacos:Naming:v2:ClientData from nacos1:8848 failed.

com.alibaba.nacos.core.distributed.distro.exception.DistroException: [DISTRO-EXCEPTION][DISTRO-FAILED] Get distro snapshot failed! 
	at com.alibaba.nacos.naming.consistency.ephemeral.distro.v2.DistroClientTransportAgent.getDatumSnapshot(DistroClientTransportAgent.java:182)
	at com.alibaba.nacos.core.distributed.distro.task.load.DistroLoadDataTask.loadAllDataSnapshotFromRemote(DistroLoadDataTask.java:103)
	at com.alibaba.nacos.core.distributed.distro.task.load.DistroLoadDataTask.load(DistroLoadDataTask.java:87)
	at com.alibaba.nacos.core.distributed.distro.task.load.DistroLoadDataTask.run(DistroLoadDataTask.java:63)
	at java.util.concurrent.Executors$RunnableAdapter.call(Executors.java:511)
	at java.util.concurrent.FutureTask.run(FutureTask.java:266)
	at java.util.concurrent.ScheduledThreadPoolExecutor$ScheduledFutureTask.access$201(ScheduledThreadPoolExecutor.java:180)
	at java.util.concurrent.ScheduledThreadPoolExecutor$ScheduledFutureTask.run(ScheduledThreadPoolExecutor.java:293)
	at java.util.concurrent.ThreadPoolExecutor.runWorker(ThreadPoolExecutor.java:1149)
	at java.util.concurrent.ThreadPoolExecutor$Worker.run(ThreadPoolExecutor.java:624)
	at java.lang.Thread.run(Thread.java:748)
Caused by: com.alibaba.nacos.api.exception.NacosException: No rpc client related to member: Member{ip='nacos1', port=8848, state=UP, extendInfo={lastRefreshTime=1619406280224, naming={ip=nacos1:8848, heartbeatDueMs=1817, term=-1, leaderDueMs=14959, state=FOLLOWER}, raftPort=7848}}
	at com.alibaba.nacos.core.cluster.remote.ClusterRpcClientProxy.sendRequest(ClusterRpcClientProxy.java:176)
	at com.alibaba.nacos.core.cluster.remote.ClusterRpcClientProxy.sendRequest(ClusterRpcClientProxy.java:159)
	at com.alibaba.nacos.naming.consistency.ephemeral.distro.v2.DistroClientTransportAgent.getDatumSnapshot(DistroClientTransportAgent.java:173)
	... 10 common frames omitted
2021-04-26 11:04:40,443 INFO [DISTRO-INIT] load snapshot Nacos:Naming:v2:ClientData from nacos3:8848

2021-04-26 11:04:40,445 ERROR [DISTRO-INIT] load snapshot Nacos:Naming:v2:ClientData from nacos3:8848 failed.

com.alibaba.nacos.core.distributed.distro.exception.DistroException: [DISTRO-EXCEPTION][DISTRO-FAILED] Get distro snapshot failed! 
	at com.alibaba.nacos.naming.consistency.ephemeral.distro.v2.DistroClientTransportAgent.getDatumSnapshot(DistroClientTransportAgent.java:182)
	at com.alibaba.nacos.core.distributed.distro.task.load.DistroLoadDataTask.loadAllDataSnapshotFromRemote(DistroLoadDataTask.java:103)
	at com.alibaba.nacos.core.distributed.distro.task.load.DistroLoadDataTask.load(DistroLoadDataTask.java:87)
	at com.alibaba.nacos.core.distributed.distro.task.load.DistroLoadDataTask.run(DistroLoadDataTask.java:63)
	at java.util.concurrent.Executors$RunnableAdapter.call(Executors.java:511)
	at java.util.concurrent.FutureTask.run(FutureTask.java:266)
	at java.util.concurrent.ScheduledThreadPoolExecutor$ScheduledFutureTask.access$201(ScheduledThreadPoolExecutor.java:180)
	at java.util.concurrent.ScheduledThreadPoolExecutor$ScheduledFutureTask.run(ScheduledThreadPoolExecutor.java:293)
	at java.util.concurrent.ThreadPoolExecutor.runWorker(ThreadPoolExecutor.java:1149)
	at java.util.concurrent.ThreadPoolExecutor$Worker.run(ThreadPoolExecutor.java:624)
	at java.lang.Thread.run(Thread.java:748)
Caused by: com.alibaba.nacos.api.exception.NacosException: No rpc client related to member: Member{ip='nacos3', port=8848, state=UP, extendInfo={raftPort=7848}}
	at com.alibaba.nacos.core.cluster.remote.ClusterRpcClientProxy.sendRequest(ClusterRpcClientProxy.java:176)
	at com.alibaba.nacos.core.cluster.remote.ClusterRpcClientProxy.sendRequest(ClusterRpcClientProxy.java:159)
	at com.alibaba.nacos.naming.consistency.ephemeral.distro.v2.DistroClientTransportAgent.getDatumSnapshot(DistroClientTransportAgent.java:173)
	... 10 common frames omitted
2021-04-26 11:04:42,362 WARN data storage DistroClientDataProcessor has not finished initial step, do not send verify data

2021-04-26 11:04:47,365 WARN data storage DistroClientDataProcessor has not finished initial step, do not send verify data

2021-04-26 11:04:52,368 WARN data storage DistroClientDataProcessor has not finished initial step, do not send verify data

2021-04-26 11:04:57,371 WARN data storage DistroClientDataProcessor has not finished initial step, do not send verify data

2021-04-26 11:05:02,373 WARN data storage DistroClientDataProcessor has not finished initial step, do not send verify data

2021-04-26 11:05:07,375 WARN data storage DistroClientDataProcessor has not finished initial step, do not send verify data

2021-04-26 11:05:12,356 WARN data storage DistroClientDataProcessor has not finished initial step, do not send verify data

2021-04-26 11:05:17,359 WARN data storage DistroClientDataProcessor has not finished initial step, do not send verify data

2021-04-26 11:05:22,362 WARN data storage DistroClientDataProcessor has not finished initial step, do not send verify data

2021-04-26 11:05:27,364 WARN data storage DistroClientDataProcessor has not finished initial step, do not send verify data

2021-04-26 11:05:32,367 WARN data storage DistroClientDataProcessor has not finished initial step, do not send verify data

2021-04-26 11:05:37,369 WARN data storage DistroClientDataProcessor has not finished initial step, do not send verify data

2021-04-26 11:05:40,404 INFO [DISTRO-INIT] load snapshot Nacos:Naming:v2:ClientData from nacos1:8848

2021-04-26 11:05:40,430 INFO [DISTRO-INIT] load snapshot Nacos:Naming:v2:ClientData from nacos1:8848 result: true

2021-04-26 11:05:40,431 INFO [DISTRO-INIT] load snapshot data success

