2021-04-26 10:11:05,641 INFO Init loader limit rule from local,rule=

2021-04-26 10:11:05,880 INFO [ClientConnectionEventListenerRegistry] registry listener - ConfigConnectionEventListener

2021-04-26 10:11:05,928 INFO [ClientConnectionEventListenerRegistry] registry listener - RpcAckCallbackInitorOrCleaner

2021-04-26 10:11:06,353 INFO Nacos GrpcSdkServer Rpc server starting at port 9848

2021-04-26 10:11:06,367 INFO Nacos GrpcSdkServer Rpc server started at port 9848

2021-04-26 10:11:06,370 INFO Nacos GrpcClusterServer Rpc server starting at port 9849

2021-04-26 10:11:06,372 INFO Nacos GrpcClusterServer Rpc server started at port 9849

2021-04-26 10:11:06,438 INFO [ClientConnectionEventListenerRegistry] registry listener - ConnectionBasedClientManager

2021-04-26 10:25:17,173 INFO Init loader limit rule from local,rule=

2021-04-26 10:28:38,858 INFO Init loader limit rule from local,rule=

2021-04-26 11:00:18,588 INFO Init loader limit rule from local,rule=

2021-04-26 11:00:18,909 INFO [ClientConnectionEventListenerRegistry] registry listener - ConfigConnectionEventListener

2021-04-26 11:00:18,983 INFO [ClientConnectionEventListenerRegistry] registry listener - RpcAckCallbackInitorOrCleaner

2021-04-26 11:00:19,358 INFO Nacos GrpcSdkServer Rpc server starting at port 9848

2021-04-26 11:00:19,413 INFO Nacos GrpcSdkServer Rpc server started at port 9848

2021-04-26 11:00:19,419 INFO Nacos GrpcClusterServer Rpc server starting at port 9849

2021-04-26 11:00:19,446 INFO Nacos GrpcClusterServer Rpc server started at port 9849

2021-04-26 11:00:19,545 INFO [ClientConnectionEventListenerRegistry] registry listener - ConnectionBasedClientManager

2021-04-26 11:04:38,592 INFO Init loader limit rule from local,rule=

2021-04-26 11:04:38,781 INFO [ClientConnectionEventListenerRegistry] registry listener - ConfigConnectionEventListener

2021-04-26 11:04:38,813 INFO [ClientConnectionEventListenerRegistry] registry listener - RpcAckCallbackInitorOrCleaner

2021-04-26 11:04:39,003 INFO Nacos GrpcSdkServer Rpc server starting at port 9848

2021-04-26 11:04:39,013 INFO Nacos GrpcSdkServer Rpc server started at port 9848

2021-04-26 11:04:39,015 INFO Nacos GrpcClusterServer Rpc server starting at port 9849

2021-04-26 11:04:39,018 INFO Nacos GrpcClusterServer Rpc server started at port 9849

2021-04-26 11:04:39,041 INFO [ClientConnectionEventListenerRegistry] registry listener - ConnectionBasedClientManager

