2021-04-26 10:10:39,496 INFO notifyConnectTimeout:200

2021-04-26 10:10:39,525 INFO notifySocketTimeout:8000

2021-04-26 10:10:39,527 INFO isHealthCheck:true

2021-04-26 10:10:39,527 INFO maxHealthCheckFailCount:12

2021-04-26 10:10:39,528 INFO maxContent:10485760

2021-04-26 10:10:39,533 INFO spring.datasource.platform:""

2021-04-26 10:10:53,837 INFO use local db service for init

2021-04-26 10:10:55,531 WARN Lexical error at line 4, column 66.  Encountered: <EOF> after : "".

2021-04-26 10:10:55,537 WARN Syntax error: Encountered "*" at line 1, column 1.

2021-04-26 10:10:55,630 WARN Table/View 'CONFIG_INFO' already exists in Schema 'NACOS'.

2021-04-26 10:10:55,744 WARN Table/View 'HIS_CONFIG_INFO' already exists in Schema 'NACOS'.

2021-04-26 10:10:55,794 WARN Table/View 'CONFIG_INFO_BETA' already exists in Schema 'NACOS'.

2021-04-26 10:10:55,824 WARN Table/View 'CONFIG_INFO_TAG' already exists in Schema 'NACOS'.

2021-04-26 10:10:55,856 WARN Table/View 'CONFIG_INFO_AGGR' already exists in Schema 'NACOS'.

2021-04-26 10:10:55,932 WARN Table/View 'APP_LIST' already exists in Schema 'NACOS'.

2021-04-26 10:10:55,980 WARN Table/View 'APP_CONFIGDATA_RELATION_SUBS' already exists in Schema 'NACOS'.

2021-04-26 10:10:56,001 WARN Table/View 'APP_CONFIGDATA_RELATION_PUBS' already exists in Schema 'NACOS'.

2021-04-26 10:10:56,024 WARN Table/View 'CONFIG_TAGS_RELATION' already exists in Schema 'NACOS'.

2021-04-26 10:10:56,056 WARN Table/View 'GROUP_CAPACITY' already exists in Schema 'NACOS'.

2021-04-26 10:10:56,091 WARN Table/View 'TENANT_CAPACITY' already exists in Schema 'NACOS'.

2021-04-26 10:10:56,125 WARN Table/View 'TENANT_INFO' already exists in Schema 'NACOS'.

2021-04-26 10:10:56,169 WARN Table/View 'USERS' already exists in Schema 'NACOS'.

2021-04-26 10:10:56,204 WARN Table/View 'ROLES' already exists in Schema 'NACOS'.

2021-04-26 10:10:56,239 WARN Table/View 'PERMISSIONS' already exists in Schema 'NACOS'.

2021-04-26 10:10:56,357 WARN The statement was aborted because it would have caused a duplicate key value in a unique or primary key constraint or unique index identified by 'SQL210425162746610' defined on 'USERS'.

2021-04-26 10:10:56,387 WARN The statement was aborted because it would have caused a duplicate key value in a unique or primary key constraint or unique index identified by 'UK_USERNAME_ROLE' defined on 'ROLES'.

2021-04-26 10:10:56,389 WARN Lexical error at line 4, column 13.  Encountered: "`" (96), after : "".

2021-04-26 10:10:56,390 WARN Lexical error at line 1, column 13.  Encountered: "`" (96), after : "".

2021-04-26 10:10:56,390 WARN Lexical error at line 1, column 13.  Encountered: "`" (96), after : "".

2021-04-26 10:10:56,392 WARN Lexical error at line 1, column 13.  Encountered: "`" (96), after : "".

2021-04-26 10:10:56,392 WARN use local db service for reopenDerby

2021-04-26 10:10:57,655 WARN Lexical error at line 4, column 66.  Encountered: <EOF> after : "".

2021-04-26 10:10:57,657 WARN Syntax error: Encountered "*" at line 1, column 1.

2021-04-26 10:10:58,513 WARN Lexical error at line 4, column 13.  Encountered: "`" (96), after : "".

2021-04-26 10:10:58,516 WARN Lexical error at line 1, column 13.  Encountered: "`" (96), after : "".

2021-04-26 10:10:58,518 WARN Lexical error at line 1, column 13.  Encountered: "`" (96), after : "".

2021-04-26 10:10:58,520 WARN Lexical error at line 1, column 13.  Encountered: "`" (96), after : "".

2021-04-26 10:10:58,883 INFO use DistributedTransactionServicesImpl

2021-04-26 10:11:04,604 WARN DumpService start

2021-04-26 10:11:04,615 INFO start clear all config-info.

2021-04-26 10:11:04,618 WARN clear all config-info failed.

2021-04-26 10:11:04,619 WARN clear all config-info-tenant failed.

2021-04-26 10:11:04,911 INFO start clear all config-info-beta.

2021-04-26 10:11:04,913 WARN clear all config-info-beta failed.

2021-04-26 10:11:04,914 WARN clear all config-info-beta-tenant failed.

2021-04-26 10:11:05,013 INFO start clear all config-info-tag.

2021-04-26 10:11:05,015 WARN clear all config-info-tag failed.

2021-04-26 10:11:05,016 WARN clear all config-info-tag-tenant failed.

2021-04-26 10:11:05,164 WARN initialDelay:200

2021-04-26 10:24:49,460 INFO notifyConnectTimeout:200

2021-04-26 10:24:49,478 INFO notifySocketTimeout:8000

2021-04-26 10:24:49,479 INFO isHealthCheck:true

2021-04-26 10:24:49,480 INFO maxHealthCheckFailCount:12

2021-04-26 10:24:49,486 INFO maxContent:10485760

2021-04-26 10:24:49,490 INFO spring.datasource.platform:""

2021-04-26 10:25:17,663 WARN DumpService start

2021-04-26 10:25:17,666 INFO start clear all config-info.

2021-04-26 10:25:17,668 WARN clear all config-info failed.

2021-04-26 10:25:17,669 WARN clear all config-info-tenant failed.

2021-04-26 10:28:15,046 INFO notifyConnectTimeout:200

2021-04-26 10:28:15,063 INFO notifySocketTimeout:8000

2021-04-26 10:28:15,065 INFO isHealthCheck:true

2021-04-26 10:28:15,066 INFO maxHealthCheckFailCount:12

2021-04-26 10:28:15,071 INFO maxContent:10485760

2021-04-26 10:28:15,082 INFO spring.datasource.platform:""

2021-04-26 10:28:40,452 WARN DumpService start

2021-04-26 10:28:40,460 INFO start clear all config-info.

2021-04-26 10:28:40,462 WARN clear all config-info failed.

2021-04-26 10:28:40,463 WARN clear all config-info-tenant failed.

2021-04-26 10:59:55,979 INFO notifyConnectTimeout:200

2021-04-26 10:59:55,990 INFO notifySocketTimeout:8000

2021-04-26 10:59:55,993 INFO isHealthCheck:true

2021-04-26 10:59:55,995 INFO maxHealthCheckFailCount:12

2021-04-26 10:59:55,999 INFO maxContent:10485760

2021-04-26 10:59:56,000 INFO spring.datasource.platform:""

2021-04-26 11:00:08,841 INFO use local db service for init

2021-04-26 11:00:10,354 WARN Lexical error at line 4, column 66.  Encountered: <EOF> after : "".

2021-04-26 11:00:10,361 WARN Syntax error: Encountered "*" at line 1, column 1.

2021-04-26 11:00:10,485 WARN Table/View 'CONFIG_INFO' already exists in Schema 'NACOS'.

2021-04-26 11:00:10,620 WARN Table/View 'HIS_CONFIG_INFO' already exists in Schema 'NACOS'.

2021-04-26 11:00:10,706 WARN Table/View 'CONFIG_INFO_BETA' already exists in Schema 'NACOS'.

2021-04-26 11:00:10,765 WARN Table/View 'CONFIG_INFO_TAG' already exists in Schema 'NACOS'.

2021-04-26 11:00:10,806 WARN Table/View 'CONFIG_INFO_AGGR' already exists in Schema 'NACOS'.

2021-04-26 11:00:10,841 WARN Table/View 'APP_LIST' already exists in Schema 'NACOS'.

2021-04-26 11:00:10,876 WARN Table/View 'APP_CONFIGDATA_RELATION_SUBS' already exists in Schema 'NACOS'.

2021-04-26 11:00:10,898 WARN Table/View 'APP_CONFIGDATA_RELATION_PUBS' already exists in Schema 'NACOS'.

2021-04-26 11:00:10,934 WARN Table/View 'CONFIG_TAGS_RELATION' already exists in Schema 'NACOS'.

2021-04-26 11:00:10,973 WARN Table/View 'GROUP_CAPACITY' already exists in Schema 'NACOS'.

2021-04-26 11:00:11,005 WARN Table/View 'TENANT_CAPACITY' already exists in Schema 'NACOS'.

2021-04-26 11:00:11,028 WARN Table/View 'TENANT_INFO' already exists in Schema 'NACOS'.

2021-04-26 11:00:11,052 WARN Table/View 'USERS' already exists in Schema 'NACOS'.

2021-04-26 11:00:11,072 WARN Table/View 'ROLES' already exists in Schema 'NACOS'.

2021-04-26 11:00:11,093 WARN Table/View 'PERMISSIONS' already exists in Schema 'NACOS'.

2021-04-26 11:00:11,182 WARN The statement was aborted because it would have caused a duplicate key value in a unique or primary key constraint or unique index identified by 'SQL210426101058440' defined on 'USERS'.

2021-04-26 11:00:11,192 WARN The statement was aborted because it would have caused a duplicate key value in a unique or primary key constraint or unique index identified by 'UK_USERNAME_ROLE' defined on 'ROLES'.

2021-04-26 11:00:11,193 WARN Lexical error at line 4, column 13.  Encountered: "`" (96), after : "".

2021-04-26 11:00:11,194 WARN Lexical error at line 1, column 13.  Encountered: "`" (96), after : "".

2021-04-26 11:00:11,195 WARN Lexical error at line 1, column 13.  Encountered: "`" (96), after : "".

2021-04-26 11:00:11,196 WARN Lexical error at line 1, column 13.  Encountered: "`" (96), after : "".

2021-04-26 11:00:11,196 WARN use local db service for reopenDerby

2021-04-26 11:00:12,304 WARN Lexical error at line 4, column 66.  Encountered: <EOF> after : "".

2021-04-26 11:00:12,310 WARN Syntax error: Encountered "*" at line 1, column 1.

2021-04-26 11:00:13,102 WARN Lexical error at line 4, column 13.  Encountered: "`" (96), after : "".

2021-04-26 11:00:13,112 WARN Lexical error at line 1, column 13.  Encountered: "`" (96), after : "".

2021-04-26 11:00:13,114 WARN Lexical error at line 1, column 13.  Encountered: "`" (96), after : "".

2021-04-26 11:00:13,115 WARN Lexical error at line 1, column 13.  Encountered: "`" (96), after : "".

2021-04-26 11:00:13,742 INFO use DistributedTransactionServicesImpl

2021-04-26 11:00:17,701 WARN DumpService start

2021-04-26 11:00:17,706 INFO start clear all config-info.

2021-04-26 11:00:17,709 WARN clear all config-info failed.

2021-04-26 11:00:17,710 WARN clear all config-info-tenant failed.

2021-04-26 11:00:17,886 INFO start clear all config-info-beta.

2021-04-26 11:00:17,887 WARN clear all config-info-beta failed.

2021-04-26 11:00:17,889 WARN clear all config-info-beta-tenant failed.

2021-04-26 11:00:18,071 INFO start clear all config-info-tag.

2021-04-26 11:00:18,072 WARN clear all config-info-tag failed.

2021-04-26 11:00:18,073 WARN clear all config-info-tag-tenant failed.

2021-04-26 11:00:18,315 WARN initialDelay:231

