
         ,--.
       ,--.'|
   ,--,:  : |                                           Nacos 2.0.0
,`--.'`|  ' :                       ,---.               Running in cluster mode, All function modules
|   :  :  | |                      '   ,'\   .--.--.    Port: 8848
:   |   \ | :  ,--.--.     ,---.  /   /   | /  /    '   Pid: 29
|   : '  '; | /       \   /     \.   ; ,. :|  :  /`./   Console: http://nacos1:8848/nacos/index.html
'   ' ;.    ;.--.  .-. | /    / ''   | |: :|  :  ;_
|   | | \   | \__\/: . ..    ' / '   | .; : \  \    `.      https://nacos.io
'   : |  ; .' ," .--.; |'   ; :__|   :    |  `----.   \
|   | '`--'  /  /  ,.  |'   | '.'|\   \  /  /  /`--'  /
'   : |     ;  :   .'   \   :    : `----'  '--'.     /
;   |.'     |  ,     .-./\   \  /            `--'---'
'---'        `--`---'     `----'

2021-04-26 10:59:56,008 INFO The server IP list of Nacos is [nacos1:8848, nacos2:8848, nacos3:8848]

2021-04-26 10:59:57,016 INFO Nacos is starting...

2021-04-26 10:59:58,027 INFO Nacos is starting...

2021-04-26 10:59:59,032 INFO Nacos is starting...

2021-04-26 11:00:00,063 INFO Nacos is starting...

2021-04-26 11:00:01,069 INFO Nacos is starting...

2021-04-26 11:00:02,082 INFO Nacos is starting...

2021-04-26 11:00:03,092 INFO Nacos is starting...

2021-04-26 11:00:04,122 INFO Nacos is starting...

2021-04-26 11:00:05,135 INFO Nacos is starting...

2021-04-26 11:00:06,151 INFO Nacos is starting...

2021-04-26 11:00:07,162 INFO Nacos is starting...

2021-04-26 11:00:08,173 INFO Nacos is starting...

2021-04-26 11:00:09,178 INFO Nacos is starting...

2021-04-26 11:00:10,159 INFO Nacos is starting...

2021-04-26 11:00:11,162 INFO Nacos is starting...

2021-04-26 11:00:12,165 INFO Nacos is starting...

2021-04-26 11:00:13,167 INFO Nacos is starting...

2021-04-26 11:00:14,169 INFO Nacos is starting...

2021-04-26 11:00:15,172 INFO Nacos is starting...

2021-04-26 11:00:16,176 INFO Nacos is starting...

2021-04-26 11:00:17,181 INFO Nacos is starting...

2021-04-26 11:00:18,186 INFO Nacos is starting...

2021-04-26 11:00:19,189 INFO Nacos is starting...

2021-04-26 11:00:20,191 INFO Nacos is starting...

2021-04-26 11:00:21,192 INFO Nacos is starting...

2021-04-26 11:00:22,201 INFO Nacos is starting...

2021-04-26 11:00:23,220 INFO Nacos is starting...

2021-04-26 11:00:24,228 INFO Nacos is starting...

2021-04-26 11:00:25,245 INFO Nacos is starting...

2021-04-26 11:00:26,248 INFO Nacos is starting...

2021-04-26 11:00:27,254 INFO Nacos is starting...

2021-04-26 11:00:28,258 INFO Nacos is starting...

2021-04-26 11:00:29,262 INFO Nacos is starting...

2021-04-26 11:00:29,648 INFO Nacos started successfully in cluster mode. use embedded storage

